+ [ -n  ]
+ mkdir -p build
+ cd build
+ cmake ..
Re-run cmake no build system arguments
-- The C compiler identification is GNU 12.3.0
-- The CXX compiler identification is GNU 12.3.0
-- The ASM compiler identification is GNU
-- Found assembler: /usr/bin/gcc-12
-- The ASM_MASM compiler identification is unknown
-- Found assembler: ml
-- Detecting C compiler ABI info
-- Detecting C compiler ABI info - done
-- Check for working C compiler: /usr/bin/gcc-12 - skipped
-- Detecting C compile features
-- Detecting C compile features - done
-- Detecting CXX compiler ABI info
-- Detecting CXX compiler ABI info - done
-- Check for working CXX compiler: /usr/bin/g++-12 - skipped
-- Detecting CXX compile features
-- Detecting CXX compile features - done
-- Ccache version: 5d0c570c
-- Ccache dev mode: OFF
-- Setting CMAKE_BUILD_TYPE to Release as none was specified
-- Performing Test std_atomic_without_libatomic
-- Performing Test std_atomic_without_libatomic - Success
-- Performing Test std_filesystem_without_libfs
-- Performing Test std_filesystem_without_libfs - Success
-- Looking for cpuid.h
-- Looking for cpuid.h - found
-- Looking for dirent.h
-- Looking for dirent.h - found
-- Looking for linux/fs.h
-- Looking for linux/fs.h - found
-- Looking for pwd.h
-- Looking for pwd.h - found
-- Looking for spawn.h
-- Looking for spawn.h - found
-- Looking for sys/clonefile.h
-- Looking for sys/clonefile.h - not found
-- Looking for sys/file.h
-- Looking for sys/file.h - found
-- Looking for sys/ioctl.h
-- Looking for sys/ioctl.h - found
-- Looking for sys/mman.h
-- Looking for sys/mman.h - found
-- Looking for sys/sendfile.h
-- Looking for sys/sendfile.h - found
-- Looking for sys/utime.h
-- Looking for sys/utime.h - not found
-- Looking for sys/wait.h
-- Looking for sys/wait.h - found
-- Looking for syslog.h
-- Looking for syslog.h - found
-- Looking for unistd.h
-- Looking for unistd.h - found
-- Looking for utime.h
-- Looking for utime.h - found
-- Looking for getopt_long
-- Looking for getopt_long - found
-- Looking for getpwuid
-- Looking for getpwuid - found
-- Looking for localtime_r
-- Looking for localtime_r - found
-- Looking for posix_fallocate
-- Looking for posix_fallocate - found
-- Looking for setenv
-- Looking for setenv - found
-- Looking for syslog
-- Looking for syslog - found
-- Looking for unsetenv
-- Looking for unsetenv - found
-- Looking for utimensat
-- Looking for utimensat - found
-- Looking for utimes
-- Looking for utimes - found
-- Performing Test HAVE_STRUCT_STAT_ST_ATIM
-- Performing Test HAVE_STRUCT_STAT_ST_ATIM - Success
-- Performing Test HAVE_STRUCT_STAT_ST_ATIMENSEC
-- Performing Test HAVE_STRUCT_STAT_ST_ATIMENSEC - Failed
-- Performing Test HAVE_STRUCT_STAT_ST_ATIMESPEC
-- Performing Test HAVE_STRUCT_STAT_ST_ATIMESPEC - Failed
-- Performing Test HAVE_STRUCT_STAT_ST_CTIM
-- Performing Test HAVE_STRUCT_STAT_ST_CTIM - Success
-- Performing Test HAVE_STRUCT_STAT_ST_CTIMENSEC
-- Performing Test HAVE_STRUCT_STAT_ST_CTIMENSEC - Failed
-- Performing Test HAVE_STRUCT_STAT_ST_CTIMESPEC
-- Performing Test HAVE_STRUCT_STAT_ST_CTIMESPEC - Failed
-- Performing Test HAVE_STRUCT_STAT_ST_MTIM
-- Performing Test HAVE_STRUCT_STAT_ST_MTIM - Success
-- Performing Test HAVE_STRUCT_STAT_ST_MTIMENSEC
-- Performing Test HAVE_STRUCT_STAT_ST_MTIMENSEC - Failed
-- Performing Test HAVE_STRUCT_STAT_ST_MTIMESPEC
-- Performing Test HAVE_STRUCT_STAT_ST_MTIMESPEC - Failed
-- Performing Test HAVE_STRUCT_STATFS_F_FSTYPENAME
-- Performing Test HAVE_STRUCT_STATFS_F_FSTYPENAME - Failed
-- Performing Test HAVE_AVX2
-- Performing Test HAVE_AVX2 - Success
-- Using bundled Blake3 since Blake3>=1.4.0 was not found locally
-- Using bundled CppHttplib since CppHttplib>=0.10.6 was not found locally
-- Using system Fmt (/usr/lib/x86_64-linux-gnu/libfmt.so)
-- Using bundled NonstdSpan since NonstdSpan>=0.10.3 was not found locally
-- Using bundled TlExpected since TlExpected>=1.1.0 was not found locally
-- Using system Xxhash (/usr/lib/x86_64-linux-gnu/libxxhash.so)
-- Using system Zstd (/usr/lib/x86_64-linux-gnu/libzstd.so)
-- Using system doctest (/usr/include/doctest/doctest.h)
-- Using system Hiredis (/usr/lib/x86_64-linux-gnu/libhiredis.so)
-- Performing Test HAVE_ASM_SSE2
-- Performing Test HAVE_ASM_SSE2 - Success
-- Performing Test HAVE_ASM_SSE41
-- Performing Test HAVE_ASM_SSE41 - Success
-- Performing Test HAVE_ASM_AVX2
-- Performing Test HAVE_ASM_AVX2 - Success
-- Performing Test HAVE_ASM_AVX512
-- Performing Test HAVE_ASM_AVX512 - Success
-- Performing Test HAVE_NEON
-- Performing Test HAVE_NEON - Failed
-- Looking for pthread.h
-- Looking for pthread.h - found
-- Performing Test CMAKE_HAVE_LIBC_PTHREAD
-- Performing Test CMAKE_HAVE_LIBC_PTHREAD - Success
-- Found Threads: TRUE
CMake Warning at doc/CMakeLists.txt:5 (message):
  Could not find asciidoctor; documentation will not be generated


--
-- Configuration summary:
--   Storage backends:
--     file  ON
--     http  ON
--     redis ON
--   Dependencies:
--     Blake3     1.8.2  BUNDLED
--     CppHttplib 0.20.0 BUNDLED
--     Doctest    2.4.8  SYSTEM (/usr/include/doctest/doctest.h)
--     Fmt        8.1.1  SYSTEM (/usr/lib/x86_64-linux-gnu/libfmt.so)
--     Hiredis    0.14.1 SYSTEM (/usr/lib/x86_64-linux-gnu/libhiredis.so)
--     NonstdSpan 0.11.0 BUNDLED
--     TlExpected 1.1.0  BUNDLED
--     Xxhash     0.8.1  SYSTEM (/usr/lib/x86_64-linux-gnu/libxxhash.so)
--     Zstd       1.4.8  SYSTEM (/usr/lib/x86_64-linux-gnu/libzstd.so)
--
-- Configuring done
-- Generating done
-- Build files have been written to: /app/build
+ cmake --build . -- -j 64
[1/119] /usr/bin/g++-12 -DHAVE_HTTP_STORAGE_BACKEND -DHAVE_REDIS_STORAGE_BACKEND -I/app/build -I/app/src -I/app/src/third_party/blake3/blake3 -isystem /app/src/third_party/cxxurl -isystem /app/src/third_party/nonstd-span -isystem /app/src/third_party/tl-expected -O3 -DNDEBUG -include /app/build/config.h -Wall -std=c++17 -MD -MT CMakeFiles/ccache.dir/src/ccache/main.cpp.o -MF CMakeFiles/ccache.dir/src/ccache/main.cpp.o.d -o CMakeFiles/ccache.dir/src/ccache/main.cpp.o -c /app/src/ccache/main.cpp
[2/119] /usr/bin/gcc-12   -O3 -DNDEBUG -include /app/build/config.h -msse2 -MD -MT src/third_party/blake3/CMakeFiles/dep_blake3.dir/blake3/blake3_sse2_x86-64_unix.S.o -MF src/third_party/blake3/CMakeFiles/dep_blake3.dir/blake3/blake3_sse2_x86-64_unix.S.o.d -o src/third_party/blake3/CMakeFiles/dep_blake3.dir/blake3/blake3_sse2_x86-64_unix.S.o -c /app/src/third_party/blake3/blake3/blake3_sse2_x86-64_unix.S
[3/119] /usr/bin/gcc-12   -O3 -DNDEBUG -include /app/build/config.h -msse4.1 -MD -MT src/third_party/blake3/CMakeFiles/dep_blake3.dir/blake3/blake3_sse41_x86-64_unix.S.o -MF src/third_party/blake3/CMakeFiles/dep_blake3.dir/blake3/blake3_sse41_x86-64_unix.S.o.d -o src/third_party/blake3/CMakeFiles/dep_blake3.dir/blake3/blake3_sse41_x86-64_unix.S.o -c /app/src/third_party/blake3/blake3/blake3_sse41_x86-64_unix.S
[4/119] /usr/bin/gcc-12   -O3 -DNDEBUG -include /app/build/config.h -mavx2 -MD -MT src/third_party/blake3/CMakeFiles/dep_blake3.dir/blake3/blake3_avx2_x86-64_unix.S.o -MF src/third_party/blake3/CMakeFiles/dep_blake3.dir/blake3/blake3_avx2_x86-64_unix.S.o.d -o src/third_party/blake3/CMakeFiles/dep_blake3.dir/blake3/blake3_avx2_x86-64_unix.S.o -c /app/src/third_party/blake3/blake3/blake3_avx2_x86-64_unix.S
[5/119] /usr/bin/gcc-12   -O3 -DNDEBUG -include /app/build/config.h -mavx512f -mavx512vl -MD -MT src/third_party/blake3/CMakeFiles/dep_blake3.dir/blake3/blake3_avx512_x86-64_unix.S.o -MF src/third_party/blake3/CMakeFiles/dep_blake3.dir/blake3/blake3_avx512_x86-64_unix.S.o.d -o src/third_party/blake3/CMakeFiles/dep_blake3.dir/blake3/blake3_avx512_x86-64_unix.S.o -c /app/src/third_party/blake3/blake3/blake3_avx512_x86-64_unix.S
[6/119] /usr/bin/g++-12 -DHAVE_HTTP_STORAGE_BACKEND -DHAVE_REDIS_STORAGE_BACKEND -I/app/build -I/app/src -I/app/src/third_party/blake3/blake3 -isystem /app/src/third_party/cxxurl -isystem /app/src/third_party/nonstd-span -isystem /app/src/third_party/tl-expected -isystem /app/src/third_party/cpp-httplib -O3 -DNDEBUG -include /app/build/config.h -Wall -std=c++17 -MD -MT src/ccache/CMakeFiles/ccache_framework.dir/version.cpp.o -MF src/ccache/CMakeFiles/ccache_framework.dir/version.cpp.o.d -o src/ccache/CMakeFiles/ccache_framework.dir/version.cpp.o -c /app/build/src/ccache/version.cpp
[7/119] /usr/bin/g++-12 -DHAVE_HTTP_STORAGE_BACKEND -DHAVE_REDIS_STORAGE_BACKEND -I/app/build -I/app/src -I/app/src/third_party/blake3/blake3 -isystem /app/src/third_party/cxxurl -isystem /app/src/third_party/nonstd-span -isystem /app/src/third_party/tl-expected -isystem /app/src/third_party/cpp-httplib -O3 -DNDEBUG -include /app/build/config.h -Wall -std=c++17 -MD -MT src/ccache/CMakeFiles/ccache_framework.dir/util/cpu.cpp.o -MF src/ccache/CMakeFiles/ccache_framework.dir/util/cpu.cpp.o.d -o src/ccache/CMakeFiles/ccache_framework.dir/util/cpu.cpp.o -c /app/src/ccache/util/cpu.cpp
[8/119] /usr/bin/g++-12 -DHAVE_HTTP_STORAGE_BACKEND -DHAVE_REDIS_STORAGE_BACKEND -I/app/build -I/app/src -I/app/src/third_party/blake3/blake3 -isystem /app/src/third_party/cxxurl -isystem /app/src/third_party/nonstd-span -isystem /app/src/third_party/tl-expected -isystem /app/src/third_party/cpp-httplib -O3 -DNDEBUG -include /app/build/config.h -Wall -std=c++17 -MD -MT src/ccache/CMakeFiles/ccache_framework.dir/util/error.cpp.o -MF src/ccache/CMakeFiles/ccache_framework.dir/util/error.cpp.o.d -o src/ccache/CMakeFiles/ccache_framework.dir/util/error.cpp.o -c /app/src/ccache/util/error.cpp
[9/119] /usr/bin/g++-12 -DHAVE_HTTP_STORAGE_BACKEND -DHAVE_REDIS_STORAGE_BACKEND -I/app/build -I/app/src -I/app/src/third_party/blake3/blake3 -isystem /app/src/third_party/cxxurl -isystem /app/src/third_party/nonstd-span -isystem /app/src/third_party/tl-expected -isystem /app/src/third_party/cpp-httplib -O3 -DNDEBUG -include /app/build/config.h -Wall -std=c++17 -MD -MT src/ccache/CMakeFiles/ccache_framework.dir/util/filelock.cpp.o -MF src/ccache/CMakeFiles/ccache_framework.dir/util/filelock.cpp.o.d -o src/ccache/CMakeFiles/ccache_framework.dir/util/filelock.cpp.o -c /app/src/ccache/util/filelock.cpp
[10/119] /usr/bin/g++-12 -DHAVE_HTTP_STORAGE_BACKEND -DHAVE_REDIS_STORAGE_BACKEND -I/app/build -I/app/src -I/app/src/third_party/blake3/blake3 -isystem /app/src/third_party/cxxurl -isystem /app/src/third_party/nonstd-span -isystem /app/src/third_party/tl-expected -isystem /app/src/third_party/cpp-httplib -O3 -DNDEBUG -include /app/build/config.h -Wall -std=c++17 -MD -MT src/ccache/CMakeFiles/ccache_framework.dir/util/process.cpp.o -MF src/ccache/CMakeFiles/ccache_framework.dir/util/process.cpp.o.d -o src/ccache/CMakeFiles/ccache_framework.dir/util/process.cpp.o -c /app/src/ccache/util/process.cpp
[11/119] /usr/bin/g++-12 -DHAVE_HTTP_STORAGE_BACKEND -DHAVE_REDIS_STORAGE_BACKEND -I/app/build -I/app/src -I/app/src/third_party/blake3/blake3 -isystem /app/src/third_party/cxxurl -isystem /app/src/third_party/nonstd-span -isystem /app/src/third_party/tl-expected -isystem /app/src/third_party/cpp-httplib -O3 -DNDEBUG -include /app/build/config.h -Wall -std=c++17 -MD -MT src/ccache/CMakeFiles/ccache_framework.dir/util/time.cpp.o -MF src/ccache/CMakeFiles/ccache_framework.dir/util/time.cpp.o.d -o src/ccache/CMakeFiles/ccache_framework.dir/util/time.cpp.o -c /app/src/ccache/util/time.cpp
[12/119] /usr/bin/g++-12 -DHAVE_HTTP_STORAGE_BACKEND -DHAVE_REDIS_STORAGE_BACKEND -I/app/build -I/app/src -I/app/src/third_party/blake3/blake3 -isystem /app/src/third_party/cxxurl -isystem /app/src/third_party/nonstd-span -isystem /app/src/third_party/tl-expected -isystem /app/src/third_party/cpp-httplib -O3 -DNDEBUG -include /app/build/config.h -Wall -std=c++17 -MD -MT src/ccache/CMakeFiles/ccache_framework.dir/util/umaskscope.cpp.o -MF src/ccache/CMakeFiles/ccache_framework.dir/util/umaskscope.cpp.o.d -o src/ccache/CMakeFiles/ccache_framework.dir/util/umaskscope.cpp.o -c /app/src/ccache/util/umaskscope.cpp
[13/119] /usr/bin/g++-12 -DHAVE_HTTP_STORAGE_BACKEND -DHAVE_REDIS_STORAGE_BACKEND -I/app/build -I/app/src -I/app/src/third_party/blake3/blake3 -isystem /app/src/third_party/cxxurl -isystem /app/src/third_party/nonstd-span -isystem /app/src/third_party/tl-expected -isystem /app/src/third_party/cpp-httplib -O3 -DNDEBUG -include /app/build/config.h -Wall -std=c++17 -MD -MT src/ccache/CMakeFiles/ccache_framework.dir/util/timepoint.cpp.o -MF src/ccache/CMakeFiles/ccache_framework.dir/util/timepoint.cpp.o.d -o src/ccache/CMakeFiles/ccache_framework.dir/util/timepoint.cpp.o -c /app/src/ccache/util/timepoint.cpp
[14/119] /usr/bin/gcc-12   -O3 -DNDEBUG -include /app/build/config.h -std=c99 -MD -MT src/third_party/blake3/CMakeFiles/dep_blake3.dir/blake3/blake3_portable.c.o -MF src/third_party/blake3/CMakeFiles/dep_blake3.dir/blake3/blake3_portable.c.o.d -o src/third_party/blake3/CMakeFiles/dep_blake3.dir/blake3/blake3_portable.c.o -c /app/src/third_party/blake3/blake3/blake3_portable.c
[15/119] /usr/bin/gcc-12   -O3 -DNDEBUG -include /app/build/config.h -std=c99 -MD -MT src/third_party/blake3/CMakeFiles/dep_blake3.dir/blake3/blake3.c.o -MF src/third_party/blake3/CMakeFiles/dep_blake3.dir/blake3/blake3.c.o.d -o src/third_party/blake3/CMakeFiles/dep_blake3.dir/blake3/blake3.c.o -c /app/src/third_party/blake3/blake3/blake3.c
[16/119] /usr/bin/gcc-12   -O3 -DNDEBUG -include /app/build/config.h -std=c99 -MD -MT src/third_party/blake3/CMakeFiles/dep_blake3.dir/blake3/blake3_dispatch.c.o -MF src/third_party/blake3/CMakeFiles/dep_blake3.dir/blake3/blake3_dispatch.c.o.d -o src/third_party/blake3/CMakeFiles/dep_blake3.dir/blake3/blake3_dispatch.c.o -c /app/src/third_party/blake3/blake3/blake3_dispatch.c
[17/119] : && /usr/bin/cmake -E rm -f src/third_party/blake3/libdep_blake3.a && /usr/bin/ar qc src/third_party/blake3/libdep_blake3.a  src/third_party/blake3/CMakeFiles/dep_blake3.dir/blake3/blake3.c.o src/third_party/blake3/CMakeFiles/dep_blake3.dir/blake3/blake3_dispatch.c.o src/third_party/blake3/CMakeFiles/dep_blake3.dir/blake3/blake3_portable.c.o src/third_party/blake3/CMakeFiles/dep_blake3.dir/blake3/blake3_sse2_x86-64_unix.S.o src/third_party/blake3/CMakeFiles/dep_blake3.dir/blake3/blake3_sse41_x86-64_unix.S.o src/third_party/blake3/CMakeFiles/dep_blake3.dir/blake3/blake3_avx2_x86-64_unix.S.o src/third_party/blake3/CMakeFiles/dep_blake3.dir/blake3/blake3_avx512_x86-64_unix.S.o && /usr/bin/ranlib src/third_party/blake3/libdep_blake3.a && :
[18/119] /usr/bin/g++-12 -DHAVE_HTTP_STORAGE_BACKEND -DHAVE_REDIS_STORAGE_BACKEND -I/app/build -I/app/src -I/app/src/third_party/blake3/blake3 -isystem /app/src/third_party/cxxurl -isystem /app/src/third_party/nonstd-span -isystem /app/src/third_party/tl-expected -isystem /app/src/third_party/cpp-httplib -O3 -DNDEBUG -include /app/build/config.h -Wall -std=c++17 -MD -MT src/ccache/CMakeFiles/ccache_framework.dir/util/tokenizer.cpp.o -MF src/ccache/CMakeFiles/ccache_framework.dir/util/tokenizer.cpp.o.d -o src/ccache/CMakeFiles/ccache_framework.dir/util/tokenizer.cpp.o -c /app/src/ccache/util/tokenizer.cpp
[19/119] /usr/bin/g++-12 -DHAVE_HTTP_STORAGE_BACKEND -DHAVE_REDIS_STORAGE_BACKEND -I/app/build -I/app/src -I/app/src/third_party/blake3/blake3 -isystem /app/src/third_party/cxxurl -isystem /app/src/third_party/nonstd-span -isystem /app/src/third_party/tl-expected -isystem /app/src/third_party/cpp-httplib -O3 -DNDEBUG -include /app/build/config.h -Wall -std=c++17 -MD -MT src/ccache/CMakeFiles/ccache_framework.dir/util/zstd.cpp.o -MF src/ccache/CMakeFiles/ccache_framework.dir/util/zstd.cpp.o.d -o src/ccache/CMakeFiles/ccache_framework.dir/util/zstd.cpp.o -c /app/src/ccache/util/zstd.cpp
[20/119] /usr/bin/g++-12 -DHAVE_HTTP_STORAGE_BACKEND -DHAVE_REDIS_STORAGE_BACKEND -I/app/build -I/app/src -I/app/src/third_party/blake3/blake3 -isystem /app/src/third_party/cxxurl -isystem /app/src/third_party/nonstd-span -isystem /app/src/third_party/tl-expected -isystem /app/src/third_party/cpp-httplib -O3 -DNDEBUG -include /app/build/config.h -Wall -std=c++17 -MD -MT src/ccache/CMakeFiles/ccache_framework.dir/util/bytes.cpp.o -MF src/ccache/CMakeFiles/ccache_framework.dir/util/bytes.cpp.o.d -o src/ccache/CMakeFiles/ccache_framework.dir/util/bytes.cpp.o -c /app/src/ccache/util/bytes.cpp
[21/119] /usr/bin/g++-12 -DHAVE_HTTP_STORAGE_BACKEND -DHAVE_REDIS_STORAGE_BACKEND -I/app/build -I/app/src -I/app/src/third_party/blake3/blake3 -isystem /app/src/third_party/cxxurl -isystem /app/src/third_party/nonstd-span -isystem /app/src/third_party/tl-expected -isystem /app/src/third_party/cpp-httplib -O3 -DNDEBUG -include /app/build/config.h -Wall -std=c++17 -MD -MT src/ccache/CMakeFiles/ccache_framework.dir/util/filesystem.cpp.o -MF src/ccache/CMakeFiles/ccache_framework.dir/util/filesystem.cpp.o.d -o src/ccache/CMakeFiles/ccache_framework.dir/util/filesystem.cpp.o -c /app/src/ccache/util/filesystem.cpp
[22/119] /usr/bin/g++-12 -DHAVE_HTTP_STORAGE_BACKEND -DHAVE_REDIS_STORAGE_BACKEND -I/app/build -I/app/src -I/app/src/third_party/blake3/blake3 -isystem /app/src/third_party/cxxurl -isystem /app/src/third_party/nonstd-span -isystem /app/src/third_party/tl-expected -isystem /app/src/third_party/cpp-httplib -O3 -DNDEBUG -include /app/build/config.h -Wall -std=c++17 -MD -MT src/ccache/CMakeFiles/ccache_framework.dir/core/statisticscounters.cpp.o -MF src/ccache/CMakeFiles/ccache_framework.dir/core/statisticscounters.cpp.o.d -o src/ccache/CMakeFiles/ccache_framework.dir/core/statisticscounters.cpp.o -c /app/src/ccache/core/statisticscounters.cpp
[23/119] /usr/bin/g++-12 -DHAVE_HTTP_STORAGE_BACKEND -DHAVE_REDIS_STORAGE_BACKEND -I/app/build -I/app/src -I/app/src/third_party/blake3/blake3 -isystem /app/src/third_party/cxxurl -isystem /app/src/third_party/nonstd-span -isystem /app/src/third_party/tl-expected -isystem /app/src/third_party/cpp-httplib -O3 -DNDEBUG -include /app/build/config.h -Wall -std=c++17 -MD -MT src/ccache/CMakeFiles/ccache_framework.dir/util/threadpool.cpp.o -MF src/ccache/CMakeFiles/ccache_framework.dir/util/threadpool.cpp.o.d -o src/ccache/CMakeFiles/ccache_framework.dir/util/threadpool.cpp.o -c /app/src/ccache/util/threadpool.cpp
[24/119] /usr/bin/g++-12 -DHAVE_HTTP_STORAGE_BACKEND -DHAVE_REDIS_STORAGE_BACKEND -I/app/build -I/app/src -I/app/src/third_party/blake3/blake3 -isystem /app/src/third_party/cxxurl -isystem /app/src/third_party/nonstd-span -isystem /app/src/third_party/tl-expected -isystem /app/src/third_party/cpp-httplib -O3 -DNDEBUG -include /app/build/config.h -Wall -std=c++17 -MD -MT src/ccache/CMakeFiles/ccache_framework.dir/progressbar.cpp.o -MF src/ccache/CMakeFiles/ccache_framework.dir/progressbar.cpp.o.d -o src/ccache/CMakeFiles/ccache_framework.dir/progressbar.cpp.o -c /app/src/ccache/progressbar.cpp
[25/119] /usr/bin/g++-12 -DHAVE_HTTP_STORAGE_BACKEND -DHAVE_REDIS_STORAGE_BACKEND -I/app/build -I/app/unittest -I/app/src -I/app/src/third_party/blake3/blake3 -isystem /app/src/third_party/cxxurl -isystem /app/src/third_party/nonstd-span -isystem /app/src/third_party/tl-expected -O3 -DNDEBUG -include /app/build/config.h -Wall -std=c++17 -MD -MT unittest/CMakeFiles/unittest.dir/test_compopt.cpp.o -MF unittest/CMakeFiles/unittest.dir/test_compopt.cpp.o.d -o unittest/CMakeFiles/unittest.dir/test_compopt.cpp.o -c /app/unittest/test_compopt.cpp
[26/119] /usr/bin/g++-12 -DHAVE_HTTP_STORAGE_BACKEND -DHAVE_REDIS_STORAGE_BACKEND -I/app/build -I/app/src -I/app/src/third_party/blake3/blake3 -isystem /app/src/third_party/cxxurl -isystem /app/src/third_party/nonstd-span -isystem /app/src/third_party/tl-expected -isystem /app/src/third_party/cpp-httplib -O3 -DNDEBUG -include /app/build/config.h -Wall -std=c++17 -MD -MT src/ccache/CMakeFiles/ccache_framework.dir/util/memorymap.cpp.o -MF src/ccache/CMakeFiles/ccache_framework.dir/util/memorymap.cpp.o.d -o src/ccache/CMakeFiles/ccache_framework.dir/util/memorymap.cpp.o -c /app/src/ccache/util/memorymap.cpp
[27/119] /usr/bin/g++-12 -DHAVE_HTTP_STORAGE_BACKEND -DHAVE_REDIS_STORAGE_BACKEND -I/app/build -I/app/src -I/app/src/third_party/blake3/blake3 -isystem /app/src/third_party/cxxurl -isystem /app/src/third_party/nonstd-span -isystem /app/src/third_party/tl-expected -isystem /app/src/third_party/cpp-httplib -O3 -DNDEBUG -include /app/build/config.h -Wall -std=c++17 -MD -MT src/ccache/CMakeFiles/ccache_framework.dir/language.cpp.o -MF src/ccache/CMakeFiles/ccache_framework.dir/language.cpp.o.d -o src/ccache/CMakeFiles/ccache_framework.dir/language.cpp.o -c /app/src/ccache/language.cpp
[28/119] /usr/bin/g++-12 -DHAVE_HTTP_STORAGE_BACKEND -DHAVE_REDIS_STORAGE_BACKEND -I/app/build -I/app/src -I/app/src/third_party/blake3/blake3 -isystem /app/src/third_party/cxxurl -isystem /app/src/third_party/nonstd-span -isystem /app/src/third_party/tl-expected -isystem /app/src/third_party/cpp-httplib -O3 -DNDEBUG -include /app/build/config.h -Wall -std=c++17 -MD -MT src/ccache/CMakeFiles/ccache_framework.dir/storage/remote/remotestorage.cpp.o -MF src/ccache/CMakeFiles/ccache_framework.dir/storage/remote/remotestorage.cpp.o.d -o src/ccache/CMakeFiles/ccache_framework.dir/storage/remote/remotestorage.cpp.o -c /app/src/ccache/storage/remote/remotestorage.cpp
[29/119] /usr/bin/g++-12 -DHAVE_HTTP_STORAGE_BACKEND -DHAVE_REDIS_STORAGE_BACKEND -I/app/build -I/app/src -I/app/src/third_party/blake3/blake3 -isystem /app/src/third_party/cxxurl -isystem /app/src/third_party/nonstd-span -isystem /app/src/third_party/tl-expected -isystem /app/src/third_party/cpp-httplib -O3 -DNDEBUG -include /app/build/config.h -Wall -std=c++17 -MD -MT src/ccache/CMakeFiles/ccache_framework.dir/signalhandler.cpp.o -MF src/ccache/CMakeFiles/ccache_framework.dir/signalhandler.cpp.o.d -o src/ccache/CMakeFiles/ccache_framework.dir/signalhandler.cpp.o -c /app/src/ccache/signalhandler.cpp
[30/119] /usr/bin/g++-12 -DHAVE_HTTP_STORAGE_BACKEND -DHAVE_REDIS_STORAGE_BACKEND -I/app/build -I/app/src -I/app/src/third_party/blake3/blake3 -isystem /app/src/third_party/cxxurl -isystem /app/src/third_party/nonstd-span -isystem /app/src/third_party/tl-expected -isystem /app/src/third_party/cpp-httplib -O3 -DNDEBUG -include /app/build/config.h -Wall -std=c++17 -MD -MT src/ccache/CMakeFiles/ccache_framework.dir/core/msvcshowincludesoutput.cpp.o -MF src/ccache/CMakeFiles/ccache_framework.dir/core/msvcshowincludesoutput.cpp.o.d -o src/ccache/CMakeFiles/ccache_framework.dir/core/msvcshowincludesoutput.cpp.o -c /app/src/ccache/core/msvcshowincludesoutput.cpp
[31/119] /usr/bin/g++-12 -DHAVE_HTTP_STORAGE_BACKEND -DHAVE_REDIS_STORAGE_BACKEND -I/app/build -I/app/src -I/app/src/third_party/blake3/blake3 -isystem /app/src/third_party/cxxurl -isystem /app/src/third_party/nonstd-span -isystem /app/src/third_party/tl-expected -isystem /app/src/third_party/cpp-httplib -O3 -DNDEBUG -include /app/build/config.h -Wall -std=c++17 -MD -MT src/ccache/CMakeFiles/ccache_framework.dir/core/types.cpp.o -MF src/ccache/CMakeFiles/ccache_framework.dir/core/types.cpp.o.d -o src/ccache/CMakeFiles/ccache_framework.dir/core/types.cpp.o -c /app/src/ccache/core/types.cpp
[32/119] /usr/bin/g++-12 -DHAVE_HTTP_STORAGE_BACKEND -DHAVE_REDIS_STORAGE_BACKEND -I/app/build -I/app/src -I/app/src/third_party/blake3/blake3 -isystem /app/src/third_party/cxxurl -isystem /app/src/third_party/nonstd-span -isystem /app/src/third_party/tl-expected -isystem /app/src/third_party/cpp-httplib -O3 -DNDEBUG -include /app/build/config.h -Wall -std=c++17 -MD -MT src/ccache/CMakeFiles/ccache_framework.dir/compopt.cpp.o -MF src/ccache/CMakeFiles/ccache_framework.dir/compopt.cpp.o.d -o src/ccache/CMakeFiles/ccache_framework.dir/compopt.cpp.o -c /app/src/ccache/compopt.cpp
[33/119] /usr/bin/g++-12 -DHAVE_HTTP_STORAGE_BACKEND -DHAVE_REDIS_STORAGE_BACKEND -I/app/build -I/app/src -I/app/src/third_party/blake3/blake3 -isystem /app/src/third_party/cxxurl -isystem /app/src/third_party/nonstd-span -isystem /app/src/third_party/tl-expected -isystem /app/src/third_party/cpp-httplib -O3 -DNDEBUG -include /app/build/config.h -Wall -std=c++17 -MD -MT src/ccache/CMakeFiles/ccache_framework.dir/util/texttable.cpp.o -MF src/ccache/CMakeFiles/ccache_framework.dir/util/texttable.cpp.o.d -o src/ccache/CMakeFiles/ccache_framework.dir/util/texttable.cpp.o -c /app/src/ccache/util/texttable.cpp
[34/119] /usr/bin/g++-12 -DHAVE_HTTP_STORAGE_BACKEND -DHAVE_REDIS_STORAGE_BACKEND -I/app/build -I/app/src -I/app/src/third_party/blake3/blake3 -isystem /app/src/third_party/cxxurl -isystem /app/src/third_party/nonstd-span -isystem /app/src/third_party/tl-expected -isystem /app/src/third_party/cpp-httplib -O3 -DNDEBUG -include /app/build/config.h -Wall -std=c++17 -MD -MT src/ccache/CMakeFiles/ccache_framework.dir/core/resultinspector.cpp.o -MF src/ccache/CMakeFiles/ccache_framework.dir/core/resultinspector.cpp.o.d -o src/ccache/CMakeFiles/ccache_framework.dir/core/resultinspector.cpp.o -c /app/src/ccache/core/resultinspector.cpp
[35/119] /usr/bin/g++-12 -DHAVE_HTTP_STORAGE_BACKEND -DHAVE_REDIS_STORAGE_BACKEND -I/app/build -I/app/src -I/app/src/third_party/blake3/blake3 -isystem /app/src/third_party/cxxurl -isystem /app/src/third_party/nonstd-span -isystem /app/src/third_party/tl-expected -isystem /app/src/third_party/cpp-httplib -O3 -DNDEBUG -include /app/build/config.h -Wall -std=c++17 -MD -MT src/ccache/CMakeFiles/ccache_framework.dir/util/longlivedlockfilemanager.cpp.o -MF src/ccache/CMakeFiles/ccache_framework.dir/util/longlivedlockfilemanager.cpp.o.d -o src/ccache/CMakeFiles/ccache_framework.dir/util/longlivedlockfilemanager.cpp.o -c /app/src/ccache/util/longlivedlockfilemanager.cpp
[36/119] /usr/bin/g++-12 -DHAVE_HTTP_STORAGE_BACKEND -DHAVE_REDIS_STORAGE_BACKEND -I/app/build -I/app/src -I/app/src/third_party/blake3/blake3 -isystem /app/src/third_party/cxxurl -isystem /app/src/third_party/nonstd-span -isystem /app/src/third_party/tl-expected -isystem /app/src/third_party/cpp-httplib -O3 -DNDEBUG -include /app/build/config.h -Wall -std=c++17 -MD -MT src/ccache/CMakeFiles/ccache_framework.dir/util/environment.cpp.o -MF src/ccache/CMakeFiles/ccache_framework.dir/util/environment.cpp.o.d -o src/ccache/CMakeFiles/ccache_framework.dir/util/environment.cpp.o -c /app/src/ccache/util/environment.cpp
[37/119] /usr/bin/g++-12 -DHAVE_HTTP_STORAGE_BACKEND -DHAVE_REDIS_STORAGE_BACKEND -I/app/build -I/app/src -I/app/src/third_party/blake3/blake3 -isystem /app/src/third_party/cxxurl -isystem /app/src/third_party/nonstd-span -isystem /app/src/third_party/tl-expected -isystem /app/src/third_party/cpp-httplib -O3 -DNDEBUG -include /app/build/config.h -Wall -std=c++17 -MD -MT src/ccache/CMakeFiles/ccache_framework.dir/util/exec.cpp.o -MF src/ccache/CMakeFiles/ccache_framework.dir/util/exec.cpp.o.d -o src/ccache/CMakeFiles/ccache_framework.dir/util/exec.cpp.o -c /app/src/ccache/util/exec.cpp
[38/119] /usr/bin/g++-12 -DHAVE_HTTP_STORAGE_BACKEND -DHAVE_REDIS_STORAGE_BACKEND -I/app/build -I/app/src -I/app/src/third_party/blake3/blake3 -isystem /app/src/third_party/cxxurl -isystem /app/src/third_party/nonstd-span -isystem /app/src/third_party/tl-expected -O3 -DNDEBUG -include /app/build/config.h -Wall -std=c++17 -MD -MT src/ccache/CMakeFiles/test-lockfile.dir/test_lockfile.cpp.o -MF src/ccache/CMakeFiles/test-lockfile.dir/test_lockfile.cpp.o.d -o src/ccache/CMakeFiles/test-lockfile.dir/test_lockfile.cpp.o -c /app/src/ccache/test_lockfile.cpp
[39/119] /usr/bin/g++-12 -DHAVE_HTTP_STORAGE_BACKEND -DHAVE_REDIS_STORAGE_BACKEND -I/app/build -I/app/src -I/app/src/third_party/blake3/blake3 -isystem /app/src/third_party/cxxurl -isystem /app/src/third_party/nonstd-span -isystem /app/src/third_party/tl-expected -isystem /app/src/third_party/cpp-httplib -O3 -DNDEBUG -include /app/build/config.h -Wall -std=c++17 -MD -MT src/ccache/CMakeFiles/ccache_framework.dir/util/assertions.cpp.o -MF src/ccache/CMakeFiles/ccache_framework.dir/util/assertions.cpp.o.d -o src/ccache/CMakeFiles/ccache_framework.dir/util/assertions.cpp.o -c /app/src/ccache/util/assertions.cpp
[40/119] /usr/bin/g++-12 -DHAVE_HTTP_STORAGE_BACKEND -DHAVE_REDIS_STORAGE_BACKEND -I/app/build -I/app/src -I/app/src/third_party/blake3/blake3 -isystem /app/src/third_party/cxxurl -isystem /app/src/third_party/nonstd-span -isystem /app/src/third_party/tl-expected -isystem /app/src/third_party/cpp-httplib -O3 -DNDEBUG -include /app/build/config.h -Wall -std=c++17 -MD -MT src/ccache/CMakeFiles/ccache_framework.dir/util/direntry.cpp.o -MF src/ccache/CMakeFiles/ccache_framework.dir/util/direntry.cpp.o.d -o src/ccache/CMakeFiles/ccache_framework.dir/util/direntry.cpp.o -c /app/src/ccache/util/direntry.cpp
[41/119] /usr/bin/g++-12 -DHAVE_HTTP_STORAGE_BACKEND -DHAVE_REDIS_STORAGE_BACKEND -I/app/build -I/app/unittest -I/app/src -I/app/src/third_party/blake3/blake3 -isystem /app/src/third_party/cxxurl -isystem /app/src/third_party/nonstd-span -isystem /app/src/third_party/tl-expected -O3 -DNDEBUG -include /app/build/config.h -Wall -std=c++17 -MD -MT unittest/CMakeFiles/unittest.dir/test_compression_types.cpp.o -MF unittest/CMakeFiles/unittest.dir/test_compression_types.cpp.o.d -o unittest/CMakeFiles/unittest.dir/test_compression_types.cpp.o -c /app/unittest/test_compression_types.cpp
[42/119] /usr/bin/g++-12 -DHAVE_HTTP_STORAGE_BACKEND -DHAVE_REDIS_STORAGE_BACKEND -I/app/build -I/app/unittest -I/app/src -I/app/src/third_party/blake3/blake3 -isystem /app/src/third_party/cxxurl -isystem /app/src/third_party/nonstd-span -isystem /app/src/third_party/tl-expected -O3 -DNDEBUG -include /app/build/config.h -Wall -std=c++17 -MD -MT unittest/CMakeFiles/unittest.dir/test_core_atomicfile.cpp.o -MF unittest/CMakeFiles/unittest.dir/test_core_atomicfile.cpp.o.d -o unittest/CMakeFiles/unittest.dir/test_core_atomicfile.cpp.o -c /app/unittest/test_core_atomicfile.cpp
[43/119] /usr/bin/g++-12 -DHAVE_HTTP_STORAGE_BACKEND -DHAVE_REDIS_STORAGE_BACKEND -I/app/build -I/app/unittest -I/app/src -I/app/src/third_party/blake3/blake3 -isystem /app/src/third_party/cxxurl -isystem /app/src/third_party/nonstd-span -isystem /app/src/third_party/tl-expected -O3 -DNDEBUG -include /app/build/config.h -Wall -std=c++17 -MD -MT unittest/CMakeFiles/unittest.dir/test_core_statistics.cpp.o -MF unittest/CMakeFiles/unittest.dir/test_core_statistics.cpp.o.d -o unittest/CMakeFiles/unittest.dir/test_core_statistics.cpp.o -c /app/unittest/test_core_statistics.cpp
[44/119] /usr/bin/g++-12 -DHAVE_HTTP_STORAGE_BACKEND -DHAVE_REDIS_STORAGE_BACKEND -I/app/build -I/app/unittest -I/app/src -I/app/src/third_party/blake3/blake3 -isystem /app/src/third_party/cxxurl -isystem /app/src/third_party/nonstd-span -isystem /app/src/third_party/tl-expected -O3 -DNDEBUG -include /app/build/config.h -Wall -std=c++17 -MD -MT unittest/CMakeFiles/unittest.dir/test_core_statisticscounters.cpp.o -MF unittest/CMakeFiles/unittest.dir/test_core_statisticscounters.cpp.o.d -o unittest/CMakeFiles/unittest.dir/test_core_statisticscounters.cpp.o -c /app/unittest/test_core_statisticscounters.cpp
[45/119] /usr/bin/g++-12 -DHAVE_HTTP_STORAGE_BACKEND -DHAVE_REDIS_STORAGE_BACKEND -I/app/build -I/app/src -I/app/src/third_party/blake3/blake3 -isystem /app/src/third_party/cxxurl -isystem /app/src/third_party/nonstd-span -isystem /app/src/third_party/tl-expected -isystem /app/src/third_party/cpp-httplib -O3 -DNDEBUG -include /app/build/config.h -Wall -std=c++17 -MD -MT src/ccache/CMakeFiles/ccache_framework.dir/util/clang.cpp.o -MF src/ccache/CMakeFiles/ccache_framework.dir/util/clang.cpp.o.d -o src/ccache/CMakeFiles/ccache_framework.dir/util/clang.cpp.o -c /app/src/ccache/util/clang.cpp
[46/119] /usr/bin/g++-12 -DHAVE_HTTP_STORAGE_BACKEND -DHAVE_REDIS_STORAGE_BACKEND -I/app/build -I/app/src -I/app/src/third_party/blake3/blake3 -isystem /app/src/third_party/cxxurl -isystem /app/src/third_party/nonstd-span -isystem /app/src/third_party/tl-expected -isystem /app/src/third_party/cpp-httplib -O3 -DNDEBUG -include /app/build/config.h -Wall -std=c++17 -MD -MT src/ccache/CMakeFiles/ccache_framework.dir/core/statslog.cpp.o -MF src/ccache/CMakeFiles/ccache_framework.dir/core/statslog.cpp.o.d -o src/ccache/CMakeFiles/ccache_framework.dir/core/statslog.cpp.o -c /app/src/ccache/core/statslog.cpp
[47/119] /usr/bin/g++-12 -DHAVE_HTTP_STORAGE_BACKEND -DHAVE_REDIS_STORAGE_BACKEND -I/app/build -I/app/src -I/app/src/third_party/blake3/blake3 -isystem /app/src/third_party/cxxurl -isystem /app/src/third_party/nonstd-span -isystem /app/src/third_party/tl-expected -isystem /app/src/third_party/cpp-httplib -O3 -DNDEBUG -include /app/build/config.h -Wall -std=c++17 -MD -MT src/ccache/CMakeFiles/ccache_framework.dir/core/atomicfile.cpp.o -MF src/ccache/CMakeFiles/ccache_framework.dir/core/atomicfile.cpp.o.d -o src/ccache/CMakeFiles/ccache_framework.dir/core/atomicfile.cpp.o -c /app/src/ccache/core/atomicfile.cpp
[48/119] /usr/bin/g++-12 -DHAVE_HTTP_STORAGE_BACKEND -DHAVE_REDIS_STORAGE_BACKEND -I/app/build -I/app/src -I/app/src/third_party/blake3/blake3 -isystem /app/src/third_party/cxxurl -isystem /app/src/third_party/nonstd-span -isystem /app/src/third_party/tl-expected -isystem /app/src/third_party/cpp-httplib -O3 -DNDEBUG -include /app/build/config.h -Wall -std=c++17 -MD -MT src/ccache/CMakeFiles/ccache_framework.dir/hash.cpp.o -MF src/ccache/CMakeFiles/ccache_framework.dir/hash.cpp.o.d -o src/ccache/CMakeFiles/ccache_framework.dir/hash.cpp.o -c /app/src/ccache/hash.cpp
[49/119] /usr/bin/g++-12 -DHAVE_HTTP_STORAGE_BACKEND -DHAVE_REDIS_STORAGE_BACKEND -I/app/build -I/app/src -I/app/src/third_party/blake3/blake3 -isystem /app/src/third_party/cxxurl -isystem /app/src/third_party/nonstd-span -isystem /app/src/third_party/tl-expected -isystem /app/src/third_party/cpp-httplib -O3 -DNDEBUG -include /app/build/config.h -Wall -std=c++17 -MD -MT src/ccache/CMakeFiles/ccache_framework.dir/execute.cpp.o -MF src/ccache/CMakeFiles/ccache_framework.dir/execute.cpp.o.d -o src/ccache/CMakeFiles/ccache_framework.dir/execute.cpp.o -c /app/src/ccache/execute.cpp
[50/119] /usr/bin/g++-12 -DHAVE_HTTP_STORAGE_BACKEND -DHAVE_REDIS_STORAGE_BACKEND -I/app/build -I/app/src -I/app/src/third_party/blake3/blake3 -isystem /app/src/third_party/cxxurl -isystem /app/src/third_party/nonstd-span -isystem /app/src/third_party/tl-expected -isystem /app/src/third_party/cpp-httplib -O3 -DNDEBUG -include /app/build/config.h -Wall -std=c++17 -MD -MT src/ccache/CMakeFiles/ccache_framework.dir/util/temporaryfile.cpp.o -MF src/ccache/CMakeFiles/ccache_framework.dir/util/temporaryfile.cpp.o.d -o src/ccache/CMakeFiles/ccache_framework.dir/util/temporaryfile.cpp.o -c /app/src/ccache/util/temporaryfile.cpp
[51/119] /usr/bin/g++-12 -DHAVE_HTTP_STORAGE_BACKEND -DHAVE_REDIS_STORAGE_BACKEND -I/app/build -I/app/src -I/app/src/third_party/blake3/blake3 -isystem /app/src/third_party/cxxurl -isystem /app/src/third_party/nonstd-span -isystem /app/src/third_party/tl-expected -isystem /app/src/third_party/cpp-httplib -O3 -DNDEBUG -include /app/build/config.h -Wall -std=c++17 -MD -MT src/ccache/CMakeFiles/ccache_framework.dir/core/cacheentry.cpp.o -MF src/ccache/CMakeFiles/ccache_framework.dir/core/cacheentry.cpp.o.d -o src/ccache/CMakeFiles/ccache_framework.dir/core/cacheentry.cpp.o -c /app/src/ccache/core/cacheentry.cpp
[52/119] /usr/bin/g++-12 -DHAVE_HTTP_STORAGE_BACKEND -DHAVE_REDIS_STORAGE_BACKEND -I/app/build -I/app/src -I/app/src/third_party/blake3/blake3 -isystem /app/src/third_party/cxxurl -isystem /app/src/third_party/nonstd-span -isystem /app/src/third_party/tl-expected -isystem /app/src/third_party/cpp-httplib -O3 -DNDEBUG -include /app/build/config.h -Wall -std=c++17 -MD -MT src/ccache/CMakeFiles/ccache_framework.dir/storage/local/statsfile.cpp.o -MF src/ccache/CMakeFiles/ccache_framework.dir/storage/local/statsfile.cpp.o.d -o src/ccache/CMakeFiles/ccache_framework.dir/storage/local/statsfile.cpp.o -c /app/src/ccache/storage/local/statsfile.cpp
[53/119] /usr/bin/g++-12 -DHAVE_HTTP_STORAGE_BACKEND -DHAVE_REDIS_STORAGE_BACKEND -I/app/build -I/app/src -I/app/src/third_party/blake3/blake3 -isystem /app/src/third_party/cxxurl -isystem /app/src/third_party/nonstd-span -isystem /app/src/third_party/tl-expected -isystem /app/src/third_party/cpp-httplib -O3 -DNDEBUG -include /app/build/config.h -Wall -std=c++17 -MD -MT src/ccache/CMakeFiles/ccache_framework.dir/util/logging.cpp.o -MF src/ccache/CMakeFiles/ccache_framework.dir/util/logging.cpp.o.d -o src/ccache/CMakeFiles/ccache_framework.dir/util/logging.cpp.o -c /app/src/ccache/util/logging.cpp
[54/119] /usr/bin/g++-12 -DHAVE_HTTP_STORAGE_BACKEND -DHAVE_REDIS_STORAGE_BACKEND -I/app/build -I/app/src -I/app/src/third_party/blake3/blake3 -isystem /app/src/third_party/cxxurl -isystem /app/src/third_party/nonstd-span -isystem /app/src/third_party/tl-expected -isystem /app/src/third_party/cpp-httplib -O3 -DNDEBUG -include /app/build/config.h -Wall -std=c++17 -MD -MT src/ccache/CMakeFiles/ccache_framework.dir/core/resultextractor.cpp.o -MF src/ccache/CMakeFiles/ccache_framework.dir/core/resultextractor.cpp.o.d -o src/ccache/CMakeFiles/ccache_framework.dir/core/resultextractor.cpp.o -c /app/src/ccache/core/resultextractor.cpp
[55/119] /usr/bin/g++-12 -DHAVE_HTTP_STORAGE_BACKEND -DHAVE_REDIS_STORAGE_BACKEND -I/app/build -I/app/unittest -I/app/src -I/app/src/third_party/blake3/blake3 -isystem /app/src/third_party/cxxurl -isystem /app/src/third_party/nonstd-span -isystem /app/src/third_party/tl-expected -O3 -DNDEBUG -include /app/build/config.h -Wall -std=c++17 -MD -MT unittest/CMakeFiles/unittest.dir/test_util_xxh3_64.cpp.o -MF unittest/CMakeFiles/unittest.dir/test_util_xxh3_64.cpp.o.d -o unittest/CMakeFiles/unittest.dir/test_util_xxh3_64.cpp.o -c /app/unittest/test_util_xxh3_64.cpp
[56/119] /usr/bin/g++-12 -DHAVE_HTTP_STORAGE_BACKEND -DHAVE_REDIS_STORAGE_BACKEND -I/app/build -I/app/src -I/app/src/third_party/blake3/blake3 -isystem /app/src/third_party/cxxurl -isystem /app/src/third_party/nonstd-span -isystem /app/src/third_party/tl-expected -isystem /app/src/third_party/cpp-httplib -O3 -DNDEBUG -include /app/build/config.h -Wall -std=c++17 -MD -MT src/ccache/CMakeFiles/ccache_framework.dir/storage/local/util.cpp.o -MF src/ccache/CMakeFiles/ccache_framework.dir/storage/local/util.cpp.o.d -o src/ccache/CMakeFiles/ccache_framework.dir/storage/local/util.cpp.o -c /app/src/ccache/storage/local/util.cpp
[57/119] /usr/bin/g++-12 -DHAVE_HTTP_STORAGE_BACKEND -DHAVE_REDIS_STORAGE_BACKEND -I/app/build -I/app/src -I/app/src/third_party/blake3/blake3 -isystem /app/src/third_party/cxxurl -isystem /app/src/third_party/nonstd-span -isystem /app/src/third_party/tl-expected -isystem /app/src/third_party/cpp-httplib -O3 -DNDEBUG -include /app/build/config.h -Wall -std=c++17 -MD -MT src/ccache/CMakeFiles/ccache_framework.dir/core/filerecompressor.cpp.o -MF src/ccache/CMakeFiles/ccache_framework.dir/core/filerecompressor.cpp.o.d -o src/ccache/CMakeFiles/ccache_framework.dir/core/filerecompressor.cpp.o -c /app/src/ccache/core/filerecompressor.cpp
[58/119] /usr/bin/g++-12 -DHAVE_HTTP_STORAGE_BACKEND -DHAVE_REDIS_STORAGE_BACKEND -I/app/build -I/app/unittest -I/app/src -I/app/src/third_party/blake3/blake3 -isystem /app/src/third_party/cxxurl -isystem /app/src/third_party/nonstd-span -isystem /app/src/third_party/tl-expected -O3 -DNDEBUG -include /app/build/config.h -Wall -std=c++17 -MD -MT unittest/CMakeFiles/unittest.dir/test_util_duration.cpp.o -MF unittest/CMakeFiles/unittest.dir/test_util_duration.cpp.o.d -o unittest/CMakeFiles/unittest.dir/test_util_duration.cpp.o -c /app/unittest/test_util_duration.cpp
[59/119] /usr/bin/g++-12 -DHAVE_HTTP_STORAGE_BACKEND -DHAVE_REDIS_STORAGE_BACKEND -I/app/build -I/app/unittest -I/app/src -I/app/src/third_party/blake3/blake3 -isystem /app/src/third_party/cxxurl -isystem /app/src/third_party/nonstd-span -isystem /app/src/third_party/tl-expected -O3 -DNDEBUG -include /app/build/config.h -Wall -std=c++17 -MD -MT unittest/CMakeFiles/unittest.dir/test_hash.cpp.o -MF unittest/CMakeFiles/unittest.dir/test_hash.cpp.o.d -o unittest/CMakeFiles/unittest.dir/test_hash.cpp.o -c /app/unittest/test_hash.cpp
[60/119] /usr/bin/g++-12 -DHAVE_HTTP_STORAGE_BACKEND -DHAVE_REDIS_STORAGE_BACKEND -I/app/build -I/app/src -I/app/src/third_party/blake3/blake3 -isystem /app/src/third_party/cxxurl -isystem /app/src/third_party/nonstd-span -isystem /app/src/third_party/tl-expected -isystem /app/src/third_party/cpp-httplib -O3 -DNDEBUG -include /app/build/config.h -Wall -std=c++17 -MD -MT src/ccache/CMakeFiles/ccache_framework.dir/storage/remote/filestorage.cpp.o -MF src/ccache/CMakeFiles/ccache_framework.dir/storage/remote/filestorage.cpp.o.d -o src/ccache/CMakeFiles/ccache_framework.dir/storage/remote/filestorage.cpp.o -c /app/src/ccache/storage/remote/filestorage.cpp
[61/119] /usr/bin/g++-12 -DHAVE_HTTP_STORAGE_BACKEND -DHAVE_REDIS_STORAGE_BACKEND -I/app/build -I/app/src -I/app/src/third_party/blake3/blake3 -isystem /app/src/third_party/cxxurl -isystem /app/src/third_party/nonstd-span -isystem /app/src/third_party/tl-expected -isystem /app/src/third_party/cpp-httplib -O3 -DNDEBUG -include /app/build/config.h -Wall -std=c++17 -MD -MT src/ccache/CMakeFiles/ccache_framework.dir/util/path.cpp.o -MF src/ccache/CMakeFiles/ccache_framework.dir/util/path.cpp.o.d -o src/ccache/CMakeFiles/ccache_framework.dir/util/path.cpp.o -c /app/src/ccache/util/path.cpp
[62/119] /usr/bin/g++-12 -DHAVE_HTTP_STORAGE_BACKEND -DHAVE_REDIS_STORAGE_BACKEND -I/app/build -I/app/unittest -I/app/src -I/app/src/third_party/blake3/blake3 -isystem /app/src/third_party/cxxurl -isystem /app/src/third_party/nonstd-span -isystem /app/src/third_party/tl-expected -O3 -DNDEBUG -include /app/build/config.h -Wall -std=c++17 -MD -MT unittest/CMakeFiles/unittest.dir/test_core_statslog.cpp.o -MF unittest/CMakeFiles/unittest.dir/test_core_statslog.cpp.o.d -o unittest/CMakeFiles/unittest.dir/test_core_statslog.cpp.o -c /app/unittest/test_core_statslog.cpp
[63/119] /usr/bin/g++-12 -DHAVE_HTTP_STORAGE_BACKEND -DHAVE_REDIS_STORAGE_BACKEND -I/app/build -I/app/unittest -I/app/src -I/app/src/third_party/blake3/blake3 -isystem /app/src/third_party/cxxurl -isystem /app/src/third_party/nonstd-span -isystem /app/src/third_party/tl-expected -O3 -DNDEBUG -include /app/build/config.h -Wall -std=c++17 -MD -MT unittest/CMakeFiles/unittest.dir/test_util_bitset.cpp.o -MF unittest/CMakeFiles/unittest.dir/test_util_bitset.cpp.o.d -o unittest/CMakeFiles/unittest.dir/test_util_bitset.cpp.o -c /app/unittest/test_util_bitset.cpp
[64/119] /usr/bin/g++-12 -DHAVE_HTTP_STORAGE_BACKEND -DHAVE_REDIS_STORAGE_BACKEND -I/app/build -I/app/src -I/app/src/third_party/blake3/blake3 -isystem /app/src/third_party/cxxurl -isystem /app/src/third_party/nonstd-span -isystem /app/src/third_party/tl-expected -isystem /app/src/third_party/cpp-httplib -O3 -DNDEBUG -include /app/build/config.h -Wall -std=c++17 -MD -MT src/ccache/CMakeFiles/ccache_framework.dir/storage/remote/redisstorage.cpp.o -MF src/ccache/CMakeFiles/ccache_framework.dir/storage/remote/redisstorage.cpp.o.d -o src/ccache/CMakeFiles/ccache_framework.dir/storage/remote/redisstorage.cpp.o -c /app/src/ccache/storage/remote/redisstorage.cpp
[65/119] /usr/bin/g++-12 -DHAVE_HTTP_STORAGE_BACKEND -DHAVE_REDIS_STORAGE_BACKEND -I/app/build -I/app/src -I/app/src/third_party/blake3/blake3 -isystem /app/src/third_party/cxxurl -isystem /app/src/third_party/nonstd-span -isystem /app/src/third_party/tl-expected -isystem /app/src/third_party/cpp-httplib -O3 -DNDEBUG -include /app/build/config.h -Wall -std=c++17 -MD -MT src/ccache/CMakeFiles/ccache_framework.dir/context.cpp.o -MF src/ccache/CMakeFiles/ccache_framework.dir/context.cpp.o.d -o src/ccache/CMakeFiles/ccache_framework.dir/context.cpp.o -c /app/src/ccache/context.cpp
[66/119] /usr/bin/g++-12 -DHAVE_HTTP_STORAGE_BACKEND -DHAVE_REDIS_STORAGE_BACKEND -I/app/build -I/app/src -I/app/src/third_party/blake3/blake3 -isystem /app/src/third_party/cxxurl -isystem /app/src/third_party/nonstd-span -isystem /app/src/third_party/tl-expected -isystem /app/src/third_party/cpp-httplib -O3 -DNDEBUG -include /app/build/config.h -Wall -std=c++17 -MD -MT src/ccache/CMakeFiles/ccache_framework.dir/core/result.cpp.o -MF src/ccache/CMakeFiles/ccache_framework.dir/core/result.cpp.o.d -o src/ccache/CMakeFiles/ccache_framework.dir/core/result.cpp.o -c /app/src/ccache/core/result.cpp
[67/119] /usr/bin/g++-12 -DHAVE_HTTP_STORAGE_BACKEND -DHAVE_REDIS_STORAGE_BACKEND -I/app/build -I/app/src -I/app/src/third_party/blake3/blake3 -isystem /app/src/third_party/cxxurl -isystem /app/src/third_party/nonstd-span -isystem /app/src/third_party/tl-expected -isystem /app/src/third_party/cpp-httplib -O3 -DNDEBUG -include /app/build/config.h -Wall -std=c++17 -MD -MT src/ccache/CMakeFiles/ccache_framework.dir/core/common.cpp.o -MF src/ccache/CMakeFiles/ccache_framework.dir/core/common.cpp.o.d -o src/ccache/CMakeFiles/ccache_framework.dir/core/common.cpp.o -c /app/src/ccache/core/common.cpp
[68/119] /usr/bin/g++-12 -DHAVE_HTTP_STORAGE_BACKEND -DHAVE_REDIS_STORAGE_BACKEND -I/app/build -I/app/src -I/app/src/third_party/blake3/blake3 -isystem /app/src/third_party/cxxurl -isystem /app/src/third_party/nonstd-span -isystem /app/src/third_party/tl-expected -isystem /app/src/third_party/cpp-httplib -O3 -DNDEBUG -include /app/build/config.h -Wall -std=c++17 -MD -MT src/ccache/CMakeFiles/ccache_framework.dir/core/resultretriever.cpp.o -MF src/ccache/CMakeFiles/ccache_framework.dir/core/resultretriever.cpp.o.d -o src/ccache/CMakeFiles/ccache_framework.dir/core/resultretriever.cpp.o -c /app/src/ccache/core/resultretriever.cpp
[69/119] /usr/bin/g++-12 -DHAVE_HTTP_STORAGE_BACKEND -DHAVE_REDIS_STORAGE_BACKEND -I/app/build -I/app/src -I/app/src/third_party/blake3/blake3 -isystem /app/src/third_party/cxxurl -isystem /app/src/third_party/nonstd-span -isystem /app/src/third_party/tl-expected -isystem /app/src/third_party/cpp-httplib -O3 -DNDEBUG -include /app/build/config.h -Wall -std=c++17 -MD -MT src/ccache/CMakeFiles/ccache_framework.dir/depfile.cpp.o -MF src/ccache/CMakeFiles/ccache_framework.dir/depfile.cpp.o.d -o src/ccache/CMakeFiles/ccache_framework.dir/depfile.cpp.o -c /app/src/ccache/depfile.cpp
[70/119] /usr/bin/g++-12 -DHAVE_HTTP_STORAGE_BACKEND -DHAVE_REDIS_STORAGE_BACKEND -I/app/build -I/app/src -I/app/src/third_party/blake3/blake3 -isystem /app/src/third_party/cxxurl -isystem /app/src/third_party/nonstd-span -isystem /app/src/third_party/tl-expected -isystem /app/src/third_party/cpp-httplib -O3 -DNDEBUG -include /app/build/config.h -Wall -std=c++17 -MD -MT src/ccache/CMakeFiles/ccache_framework.dir/util/string.cpp.o -MF src/ccache/CMakeFiles/ccache_framework.dir/util/string.cpp.o.d -o src/ccache/CMakeFiles/ccache_framework.dir/util/string.cpp.o -c /app/src/ccache/util/string.cpp
[71/119] /usr/bin/g++-12 -DHAVE_HTTP_STORAGE_BACKEND -DHAVE_REDIS_STORAGE_BACKEND -I/app/build -I/app/unittest -I/app/src -I/app/src/third_party/blake3/blake3 -isystem /app/src/third_party/cxxurl -isystem /app/src/third_party/nonstd-span -isystem /app/src/third_party/tl-expected -O3 -DNDEBUG -include /app/build/config.h -Wall -std=c++17 -MD -MT unittest/CMakeFiles/unittest.dir/test_core_msvcshowincludesoutput.cpp.o -MF unittest/CMakeFiles/unittest.dir/test_core_msvcshowincludesoutput.cpp.o.d -o unittest/CMakeFiles/unittest.dir/test_core_msvcshowincludesoutput.cpp.o -c /app/unittest/test_core_msvcshowincludesoutput.cpp
[72/119] /usr/bin/g++-12   -O3 -DNDEBUG -std=c++17 -MD -MT src/third_party/cxxurl/CMakeFiles/dep_cxxurl.dir/cxxurl/url.cpp.o -MF src/third_party/cxxurl/CMakeFiles/dep_cxxurl.dir/cxxurl/url.cpp.o.d -o src/third_party/cxxurl/CMakeFiles/dep_cxxurl.dir/cxxurl/url.cpp.o -c /app/src/third_party/cxxurl/cxxurl/url.cpp
[73/119] : && /usr/bin/cmake -E rm -f src/third_party/cxxurl/libdep_cxxurl.a && /usr/bin/ar qc src/third_party/cxxurl/libdep_cxxurl.a  src/third_party/cxxurl/CMakeFiles/dep_cxxurl.dir/cxxurl/url.cpp.o && /usr/bin/ranlib src/third_party/cxxurl/libdep_cxxurl.a && :
[74/119] /usr/bin/g++-12 -DHAVE_HTTP_STORAGE_BACKEND -DHAVE_REDIS_STORAGE_BACKEND -I/app/build -I/app/unittest -I/app/src -I/app/src/third_party/blake3/blake3 -isystem /app/src/third_party/cxxurl -isystem /app/src/third_party/nonstd-span -isystem /app/src/third_party/tl-expected -O3 -DNDEBUG -include /app/build/config.h -Wall -std=c++17 -MD -MT unittest/CMakeFiles/unittest.dir/test_util_timepoint.cpp.o -MF unittest/CMakeFiles/unittest.dir/test_util_timepoint.cpp.o.d -o unittest/CMakeFiles/unittest.dir/test_util_timepoint.cpp.o -c /app/unittest/test_util_timepoint.cpp
[75/119] /usr/bin/g++-12 -DHAVE_HTTP_STORAGE_BACKEND -DHAVE_REDIS_STORAGE_BACKEND -I/app/build -I/app/src -I/app/src/third_party/blake3/blake3 -isystem /app/src/third_party/cxxurl -isystem /app/src/third_party/nonstd-span -isystem /app/src/third_party/tl-expected -isystem /app/src/third_party/cpp-httplib -O3 -DNDEBUG -include /app/build/config.h -Wall -std=c++17 -MD -MT src/ccache/CMakeFiles/ccache_framework.dir/inodecache.cpp.o -MF src/ccache/CMakeFiles/ccache_framework.dir/inodecache.cpp.o.d -o src/ccache/CMakeFiles/ccache_framework.dir/inodecache.cpp.o -c /app/src/ccache/inodecache.cpp
[76/119] /usr/bin/g++-12 -DHAVE_HTTP_STORAGE_BACKEND -DHAVE_REDIS_STORAGE_BACKEND -I/app/build -I/app/unittest -I/app/src -I/app/src/third_party/blake3/blake3 -isystem /app/src/third_party/cxxurl -isystem /app/src/third_party/nonstd-span -isystem /app/src/third_party/tl-expected -O3 -DNDEBUG -include /app/build/config.h -Wall -std=c++17 -MD -MT unittest/CMakeFiles/unittest.dir/test_util_clang.cpp.o -MF unittest/CMakeFiles/unittest.dir/test_util_clang.cpp.o.d -o unittest/CMakeFiles/unittest.dir/test_util_clang.cpp.o -c /app/unittest/test_util_clang.cpp
[77/119] /usr/bin/g++-12 -DHAVE_HTTP_STORAGE_BACKEND -DHAVE_REDIS_STORAGE_BACKEND -I/app/build -I/app/src -I/app/src/third_party/blake3/blake3 -isystem /app/src/third_party/cxxurl -isystem /app/src/third_party/nonstd-span -isystem /app/src/third_party/tl-expected -isystem /app/src/third_party/cpp-httplib -O3 -DNDEBUG -include /app/build/config.h -Wall -std=c++17 -MD -MT src/ccache/CMakeFiles/ccache_framework.dir/util/lockfile.cpp.o -MF src/ccache/CMakeFiles/ccache_framework.dir/util/lockfile.cpp.o.d -o src/ccache/CMakeFiles/ccache_framework.dir/util/lockfile.cpp.o -c /app/src/ccache/util/lockfile.cpp
[78/119] /usr/bin/g++-12 -DHAVE_HTTP_STORAGE_BACKEND -DHAVE_REDIS_STORAGE_BACKEND -I/app/build -I/app/unittest -I/app/src -I/app/src/third_party/blake3/blake3 -isystem /app/src/third_party/cxxurl -isystem /app/src/third_party/nonstd-span -isystem /app/src/third_party/tl-expected -O3 -DNDEBUG -include /app/build/config.h -Wall -std=c++17 -MD -MT unittest/CMakeFiles/unittest.dir/test_util_exec.cpp.o -MF unittest/CMakeFiles/unittest.dir/test_util_exec.cpp.o.d -o unittest/CMakeFiles/unittest.dir/test_util_exec.cpp.o -c /app/unittest/test_util_exec.cpp
[79/119] /usr/bin/g++-12 -DHAVE_HTTP_STORAGE_BACKEND -DHAVE_REDIS_STORAGE_BACKEND -I/app/build -I/app/unittest -I/app/src -I/app/src/third_party/blake3/blake3 -isystem /app/src/third_party/cxxurl -isystem /app/src/third_party/nonstd-span -isystem /app/src/third_party/tl-expected -O3 -DNDEBUG -include /app/build/config.h -Wall -std=c++17 -MD -MT unittest/CMakeFiles/unittest.dir/test_storage_local_statsfile.cpp.o -MF unittest/CMakeFiles/unittest.dir/test_storage_local_statsfile.cpp.o.d -o unittest/CMakeFiles/unittest.dir/test_storage_local_statsfile.cpp.o -c /app/unittest/test_storage_local_statsfile.cpp
[80/119] /usr/bin/g++-12 -DHAVE_HTTP_STORAGE_BACKEND -DHAVE_REDIS_STORAGE_BACKEND -I/app/build -I/app/unittest -I/app/src -I/app/src/third_party/blake3/blake3 -isystem /app/src/third_party/cxxurl -isystem /app/src/third_party/nonstd-span -isystem /app/src/third_party/tl-expected -O3 -DNDEBUG -include /app/build/config.h -Wall -std=c++17 -MD -MT unittest/CMakeFiles/unittest.dir/test_core_common.cpp.o -MF unittest/CMakeFiles/unittest.dir/test_core_common.cpp.o.d -o unittest/CMakeFiles/unittest.dir/test_core_common.cpp.o -c /app/unittest/test_core_common.cpp
[81/119] /usr/bin/g++-12 -DHAVE_HTTP_STORAGE_BACKEND -DHAVE_REDIS_STORAGE_BACKEND -I/app/build -I/app/unittest -I/app/src -I/app/src/third_party/blake3/blake3 -isystem /app/src/third_party/cxxurl -isystem /app/src/third_party/nonstd-span -isystem /app/src/third_party/tl-expected -O3 -DNDEBUG -include /app/build/config.h -Wall -std=c++17 -MD -MT unittest/CMakeFiles/unittest.dir/test_util_expected.cpp.o -MF unittest/CMakeFiles/unittest.dir/test_util_expected.cpp.o.d -o unittest/CMakeFiles/unittest.dir/test_util_expected.cpp.o -c /app/unittest/test_util_expected.cpp
[82/119] /usr/bin/g++-12 -DHAVE_HTTP_STORAGE_BACKEND -DHAVE_REDIS_STORAGE_BACKEND -I/app/build -I/app/unittest -I/app/src -I/app/src/third_party/blake3/blake3 -isystem /app/src/third_party/cxxurl -isystem /app/src/third_party/nonstd-span -isystem /app/src/third_party/tl-expected -O3 -DNDEBUG -include /app/build/config.h -Wall -std=c++17 -MD -MT unittest/CMakeFiles/unittest.dir/test_util_conversion.cpp.o -MF unittest/CMakeFiles/unittest.dir/test_util_conversion.cpp.o.d -o unittest/CMakeFiles/unittest.dir/test_util_conversion.cpp.o -c /app/unittest/test_util_conversion.cpp
[83/119] /usr/bin/g++-12 -DHAVE_HTTP_STORAGE_BACKEND -DHAVE_REDIS_STORAGE_BACKEND -I/app/build -I/app/unittest -I/app/src -I/app/src/third_party/blake3/blake3 -isystem /app/src/third_party/cxxurl -isystem /app/src/third_party/nonstd-span -isystem /app/src/third_party/tl-expected -O3 -DNDEBUG -include /app/build/config.h -Wall -std=c++17 -MD -MT unittest/CMakeFiles/unittest.dir/test_util_zstd.cpp.o -MF unittest/CMakeFiles/unittest.dir/test_util_zstd.cpp.o.d -o unittest/CMakeFiles/unittest.dir/test_util_zstd.cpp.o -c /app/unittest/test_util_zstd.cpp
[84/119] /usr/bin/g++-12 -DHAVE_HTTP_STORAGE_BACKEND -DHAVE_REDIS_STORAGE_BACKEND -I/app/build -I/app/src -I/app/src/third_party/blake3/blake3 -isystem /app/src/third_party/cxxurl -isystem /app/src/third_party/nonstd-span -isystem /app/src/third_party/tl-expected -isystem /app/src/third_party/cpp-httplib -O3 -DNDEBUG -include /app/build/config.h -Wall -std=c++17 -MD -MT src/ccache/CMakeFiles/ccache_framework.dir/hashutil.cpp.o -MF src/ccache/CMakeFiles/ccache_framework.dir/hashutil.cpp.o.d -o src/ccache/CMakeFiles/ccache_framework.dir/hashutil.cpp.o -c /app/src/ccache/hashutil.cpp
[85/119] /usr/bin/g++-12 -DHAVE_HTTP_STORAGE_BACKEND -DHAVE_REDIS_STORAGE_BACKEND -I/app/build -I/app/unittest -I/app/src -I/app/src/third_party/blake3/blake3 -isystem /app/src/third_party/cxxurl -isystem /app/src/third_party/nonstd-span -isystem /app/src/third_party/tl-expected -O3 -DNDEBUG -include /app/build/config.h -Wall -std=c++17 -MD -MT unittest/CMakeFiles/unittest.dir/test_util_texttable.cpp.o -MF unittest/CMakeFiles/unittest.dir/test_util_texttable.cpp.o.d -o unittest/CMakeFiles/unittest.dir/test_util_texttable.cpp.o -c /app/unittest/test_util_texttable.cpp
[86/119] /usr/bin/g++-12 -DHAVE_HTTP_STORAGE_BACKEND -DHAVE_REDIS_STORAGE_BACKEND -I/app/build -I/app/unittest -I/app/src -I/app/src/third_party/blake3/blake3 -isystem /app/src/third_party/cxxurl -isystem /app/src/third_party/nonstd-span -isystem /app/src/third_party/tl-expected -O3 -DNDEBUG -include /app/build/config.h -Wall -std=c++17 -MD -MT unittest/CMakeFiles/unittest.dir/test_util_xxh3_128.cpp.o -MF unittest/CMakeFiles/unittest.dir/test_util_xxh3_128.cpp.o.d -o unittest/CMakeFiles/unittest.dir/test_util_xxh3_128.cpp.o -c /app/unittest/test_util_xxh3_128.cpp
[87/119] /usr/bin/g++-12 -DHAVE_HTTP_STORAGE_BACKEND -DHAVE_REDIS_STORAGE_BACKEND -I/app/build -I/app/src -I/app/src/third_party/blake3/blake3 -isystem /app/src/third_party/cxxurl -isystem /app/src/third_party/nonstd-span -isystem /app/src/third_party/tl-expected -isystem /app/src/third_party/cpp-httplib -O3 -DNDEBUG -include /app/build/config.h -Wall -std=c++17 -MD -MT src/ccache/CMakeFiles/ccache_framework.dir/util/args.cpp.o -MF src/ccache/CMakeFiles/ccache_framework.dir/util/args.cpp.o.d -o src/ccache/CMakeFiles/ccache_framework.dir/util/args.cpp.o -c /app/src/ccache/util/args.cpp
[88/119] /usr/bin/g++-12 -DHAVE_HTTP_STORAGE_BACKEND -DHAVE_REDIS_STORAGE_BACKEND -I/app/build -I/app/src -I/app/src/third_party/blake3/blake3 -isystem /app/src/third_party/cxxurl -isystem /app/src/third_party/nonstd-span -isystem /app/src/third_party/tl-expected -isystem /app/src/third_party/cpp-httplib -O3 -DNDEBUG -include /app/build/config.h -Wall -std=c++17 -MD -MT src/ccache/CMakeFiles/ccache_framework.dir/util/file.cpp.o -MF src/ccache/CMakeFiles/ccache_framework.dir/util/file.cpp.o.d -o src/ccache/CMakeFiles/ccache_framework.dir/util/file.cpp.o -c /app/src/ccache/util/file.cpp
[89/119] /usr/bin/g++-12 -DHAVE_HTTP_STORAGE_BACKEND -DHAVE_REDIS_STORAGE_BACKEND -I/app/build -I/app/unittest -I/app/src -I/app/src/third_party/blake3/blake3 -isystem /app/src/third_party/cxxurl -isystem /app/src/third_party/nonstd-span -isystem /app/src/third_party/tl-expected -O3 -DNDEBUG -include /app/build/config.h -Wall -std=c++17 -MD -MT unittest/CMakeFiles/unittest.dir/test_util_tokenizer.cpp.o -MF unittest/CMakeFiles/unittest.dir/test_util_tokenizer.cpp.o.d -o unittest/CMakeFiles/unittest.dir/test_util_tokenizer.cpp.o -c /app/unittest/test_util_tokenizer.cpp
[90/119] /usr/bin/g++-12 -DHAVE_HTTP_STORAGE_BACKEND -DHAVE_REDIS_STORAGE_BACKEND -I/app/build -I/app/unittest -I/app/src -I/app/src/third_party/blake3/blake3 -isystem /app/src/third_party/cxxurl -isystem /app/src/third_party/nonstd-span -isystem /app/src/third_party/tl-expected -O3 -DNDEBUG -include /app/build/config.h -Wall -std=c++17 -MD -MT unittest/CMakeFiles/unittest.dir/test_util_environment.cpp.o -MF unittest/CMakeFiles/unittest.dir/test_util_environment.cpp.o.d -o unittest/CMakeFiles/unittest.dir/test_util_environment.cpp.o -c /app/unittest/test_util_environment.cpp
[91/119] /usr/bin/g++-12 -DHAVE_HTTP_STORAGE_BACKEND -DHAVE_REDIS_STORAGE_BACKEND -I/app/build -I/app/src -I/app/src/third_party/blake3/blake3 -isystem /app/src/third_party/cxxurl -isystem /app/src/third_party/nonstd-span -isystem /app/src/third_party/tl-expected -isystem /app/src/third_party/cpp-httplib -O3 -DNDEBUG -include /app/build/config.h -Wall -std=c++17 -MD -MT src/ccache/CMakeFiles/ccache_framework.dir/core/manifest.cpp.o -MF src/ccache/CMakeFiles/ccache_framework.dir/core/manifest.cpp.o.d -o src/ccache/CMakeFiles/ccache_framework.dir/core/manifest.cpp.o -c /app/src/ccache/core/manifest.cpp
[92/119] /usr/bin/g++-12 -DHAVE_HTTP_STORAGE_BACKEND -DHAVE_REDIS_STORAGE_BACKEND -I/app/build -I/app/unittest -I/app/src -I/app/src/third_party/blake3/blake3 -isystem /app/src/third_party/cxxurl -isystem /app/src/third_party/nonstd-span -isystem /app/src/third_party/tl-expected -O3 -DNDEBUG -include /app/build/config.h -Wall -std=c++17 -MD -MT unittest/CMakeFiles/unittest.dir/test_hashutil.cpp.o -MF unittest/CMakeFiles/unittest.dir/test_hashutil.cpp.o.d -o unittest/CMakeFiles/unittest.dir/test_hashutil.cpp.o -c /app/unittest/test_hashutil.cpp
[93/119] /usr/bin/g++-12 -DHAVE_HTTP_STORAGE_BACKEND -DHAVE_REDIS_STORAGE_BACKEND -I/app/build -I/app/unittest -I/app/src -I/app/src/third_party/blake3/blake3 -isystem /app/src/third_party/cxxurl -isystem /app/src/third_party/nonstd-span -isystem /app/src/third_party/tl-expected -O3 -DNDEBUG -include /app/build/config.h -Wall -std=c++17 -MD -MT unittest/CMakeFiles/unittest.dir/test_util_lockfile.cpp.o -MF unittest/CMakeFiles/unittest.dir/test_util_lockfile.cpp.o.d -o unittest/CMakeFiles/unittest.dir/test_util_lockfile.cpp.o -c /app/unittest/test_util_lockfile.cpp
[94/119] /usr/bin/g++-12 -DHAVE_HTTP_STORAGE_BACKEND -DHAVE_REDIS_STORAGE_BACKEND -I/app/build -I/app/unittest -I/app/src -I/app/src/third_party/blake3/blake3 -isystem /app/src/third_party/cxxurl -isystem /app/src/third_party/nonstd-span -isystem /app/src/third_party/tl-expected -O3 -DNDEBUG -include /app/build/config.h -Wall -std=c++17 -MD -MT unittest/CMakeFiles/unittest.dir/testutil.cpp.o -MF unittest/CMakeFiles/unittest.dir/testutil.cpp.o.d -o unittest/CMakeFiles/unittest.dir/testutil.cpp.o -c /app/unittest/testutil.cpp
[95/119] /usr/bin/g++-12 -DHAVE_HTTP_STORAGE_BACKEND -DHAVE_REDIS_STORAGE_BACKEND -I/app/build -I/app/src -I/app/src/third_party/blake3/blake3 -isystem /app/src/third_party/cxxurl -isystem /app/src/third_party/nonstd-span -isystem /app/src/third_party/tl-expected -isystem /app/src/third_party/cpp-httplib -O3 -DNDEBUG -include /app/build/config.h -Wall -std=c++17 -MD -MT src/ccache/CMakeFiles/ccache_framework.dir/core/statistics.cpp.o -MF src/ccache/CMakeFiles/ccache_framework.dir/core/statistics.cpp.o.d -o src/ccache/CMakeFiles/ccache_framework.dir/core/statistics.cpp.o -c /app/src/ccache/core/statistics.cpp
[96/119] /usr/bin/g++-12 -DHAVE_HTTP_STORAGE_BACKEND -DHAVE_REDIS_STORAGE_BACKEND -I/app/build -I/app/unittest -I/app/src -I/app/src/third_party/blake3/blake3 -isystem /app/src/third_party/cxxurl -isystem /app/src/third_party/nonstd-span -isystem /app/src/third_party/tl-expected -O3 -DNDEBUG -include /app/build/config.h -Wall -std=c++17 -MD -MT unittest/CMakeFiles/unittest.dir/test_ccache.cpp.o -MF unittest/CMakeFiles/unittest.dir/test_ccache.cpp.o.d -o unittest/CMakeFiles/unittest.dir/test_ccache.cpp.o -c /app/unittest/test_ccache.cpp
[97/119] /usr/bin/g++-12 -DHAVE_HTTP_STORAGE_BACKEND -DHAVE_REDIS_STORAGE_BACKEND -I/app/build -I/app/unittest -I/app/src -I/app/src/third_party/blake3/blake3 -isystem /app/src/third_party/cxxurl -isystem /app/src/third_party/nonstd-span -isystem /app/src/third_party/tl-expected -O3 -DNDEBUG -include /app/build/config.h -Wall -std=c++17 -MD -MT unittest/CMakeFiles/unittest.dir/test_storage_local_util.cpp.o -MF unittest/CMakeFiles/unittest.dir/test_storage_local_util.cpp.o.d -o unittest/CMakeFiles/unittest.dir/test_storage_local_util.cpp.o -c /app/unittest/test_storage_local_util.cpp
[98/119] /usr/bin/g++-12 -DHAVE_HTTP_STORAGE_BACKEND -DHAVE_REDIS_STORAGE_BACKEND -I/app/build -I/app/unittest -I/app/src -I/app/src/third_party/blake3/blake3 -isystem /app/src/third_party/cxxurl -isystem /app/src/third_party/nonstd-span -isystem /app/src/third_party/tl-expected -O3 -DNDEBUG -include /app/build/config.h -Wall -std=c++17 -MD -MT unittest/CMakeFiles/unittest.dir/test_inodecache.cpp.o -MF unittest/CMakeFiles/unittest.dir/test_inodecache.cpp.o.d -o unittest/CMakeFiles/unittest.dir/test_inodecache.cpp.o -c /app/unittest/test_inodecache.cpp
[99/119] /usr/bin/g++-12 -DHAVE_HTTP_STORAGE_BACKEND -DHAVE_REDIS_STORAGE_BACKEND -I/app/build -I/app/unittest -I/app/src -I/app/src/third_party/blake3/blake3 -isystem /app/src/third_party/cxxurl -isystem /app/src/third_party/nonstd-span -isystem /app/src/third_party/tl-expected -O3 -DNDEBUG -include /app/build/config.h -Wall -std=c++17 -MD -MT unittest/CMakeFiles/unittest.dir/test_util_bytes.cpp.o -MF unittest/CMakeFiles/unittest.dir/test_util_bytes.cpp.o.d -o unittest/CMakeFiles/unittest.dir/test_util_bytes.cpp.o -c /app/unittest/test_util_bytes.cpp
[100/119] /usr/bin/g++-12 -DHAVE_HTTP_STORAGE_BACKEND -DHAVE_REDIS_STORAGE_BACKEND -I/app/build -I/app/src -I/app/src/third_party/blake3/blake3 -isystem /app/src/third_party/cxxurl -isystem /app/src/third_party/nonstd-span -isystem /app/src/third_party/tl-expected -isystem /app/src/third_party/cpp-httplib -O3 -DNDEBUG -include /app/build/config.h -Wall -std=c++17 -MD -MT src/ccache/CMakeFiles/ccache_framework.dir/config.cpp.o -MF src/ccache/CMakeFiles/ccache_framework.dir/config.cpp.o.d -o src/ccache/CMakeFiles/ccache_framework.dir/config.cpp.o -c /app/src/ccache/config.cpp
[101/119] /usr/bin/g++-12 -DHAVE_HTTP_STORAGE_BACKEND -DHAVE_REDIS_STORAGE_BACKEND -I/app/build -I/app/src -I/app/src/third_party/blake3/blake3 -isystem /app/src/third_party/cxxurl -isystem /app/src/third_party/nonstd-span -isystem /app/src/third_party/tl-expected -isystem /app/src/third_party/cpp-httplib -O3 -DNDEBUG -include /app/build/config.h -Wall -std=c++17 -MD -MT src/ccache/CMakeFiles/ccache_framework.dir/storage/storage.cpp.o -MF src/ccache/CMakeFiles/ccache_framework.dir/storage/storage.cpp.o.d -o src/ccache/CMakeFiles/ccache_framework.dir/storage/storage.cpp.o -c /app/src/ccache/storage/storage.cpp
[102/119] /usr/bin/g++-12 -DHAVE_HTTP_STORAGE_BACKEND -DHAVE_REDIS_STORAGE_BACKEND -I/app/build -I/app/unittest -I/app/src -I/app/src/third_party/blake3/blake3 -isystem /app/src/third_party/cxxurl -isystem /app/src/third_party/nonstd-span -isystem /app/src/third_party/tl-expected -O3 -DNDEBUG -include /app/build/config.h -Wall -std=c++17 -MD -MT unittest/CMakeFiles/unittest.dir/test_util_path.cpp.o -MF unittest/CMakeFiles/unittest.dir/test_util_path.cpp.o.d -o unittest/CMakeFiles/unittest.dir/test_util_path.cpp.o -c /app/unittest/test_util_path.cpp
[103/119] /usr/bin/g++-12 -DHAVE_HTTP_STORAGE_BACKEND -DHAVE_REDIS_STORAGE_BACKEND -I/app/build -I/app/unittest -I/app/src -I/app/src/third_party/blake3/blake3 -isystem /app/src/third_party/cxxurl -isystem /app/src/third_party/nonstd-span -isystem /app/src/third_party/tl-expected -O3 -DNDEBUG -include /app/build/config.h -Wall -std=c++17 -MD -MT unittest/CMakeFiles/unittest.dir/test_config.cpp.o -MF unittest/CMakeFiles/unittest.dir/test_config.cpp.o.d -o unittest/CMakeFiles/unittest.dir/test_config.cpp.o -c /app/unittest/test_config.cpp
[104/119] /usr/bin/g++-12 -DHAVE_HTTP_STORAGE_BACKEND -DHAVE_REDIS_STORAGE_BACKEND -I/app/build -I/app/unittest -I/app/src -I/app/src/third_party/blake3/blake3 -isystem /app/src/third_party/cxxurl -isystem /app/src/third_party/nonstd-span -isystem /app/src/third_party/tl-expected -O3 -DNDEBUG -include /app/build/config.h -Wall -std=c++17 -MD -MT unittest/CMakeFiles/unittest.dir/test_util_direntry.cpp.o -MF unittest/CMakeFiles/unittest.dir/test_util_direntry.cpp.o.d -o unittest/CMakeFiles/unittest.dir/test_util_direntry.cpp.o -c /app/unittest/test_util_direntry.cpp
[105/119] /usr/bin/g++-12 -DHAVE_HTTP_STORAGE_BACKEND -DHAVE_REDIS_STORAGE_BACKEND -I/app/build -I/app/src -I/app/src/third_party/blake3/blake3 -isystem /app/src/third_party/cxxurl -isystem /app/src/third_party/nonstd-span -isystem /app/src/third_party/tl-expected -isystem /app/src/third_party/cpp-httplib -O3 -DNDEBUG -include /app/build/config.h -Wall -std=c++17 -MD -MT src/ccache/CMakeFiles/ccache_framework.dir/argprocessing.cpp.o -MF src/ccache/CMakeFiles/ccache_framework.dir/argprocessing.cpp.o.d -o src/ccache/CMakeFiles/ccache_framework.dir/argprocessing.cpp.o -c /app/src/ccache/argprocessing.cpp
[106/119] /usr/bin/g++-12 -DHAVE_HTTP_STORAGE_BACKEND -DHAVE_REDIS_STORAGE_BACKEND -I/app/build -I/app/src -I/app/src/third_party/blake3/blake3 -isystem /app/src/third_party/cxxurl -isystem /app/src/third_party/nonstd-span -isystem /app/src/third_party/tl-expected -isystem /app/src/third_party/cpp-httplib -O3 -DNDEBUG -include /app/build/config.h -Wall -std=c++17 -MD -MT src/ccache/CMakeFiles/ccache_framework.dir/core/mainoptions.cpp.o -MF src/ccache/CMakeFiles/ccache_framework.dir/core/mainoptions.cpp.o.d -o src/ccache/CMakeFiles/ccache_framework.dir/core/mainoptions.cpp.o -c /app/src/ccache/core/mainoptions.cpp
[107/119] /usr/bin/g++-12 -DHAVE_HTTP_STORAGE_BACKEND -DHAVE_REDIS_STORAGE_BACKEND -I/app/build -I/app/unittest -I/app/src -I/app/src/third_party/blake3/blake3 -isystem /app/src/third_party/cxxurl -isystem /app/src/third_party/nonstd-span -isystem /app/src/third_party/tl-expected -O3 -DNDEBUG -include /app/build/config.h -Wall -std=c++17 -MD -MT unittest/CMakeFiles/unittest.dir/test_depfile.cpp.o -MF unittest/CMakeFiles/unittest.dir/test_depfile.cpp.o.d -o unittest/CMakeFiles/unittest.dir/test_depfile.cpp.o -c /app/unittest/test_depfile.cpp
[108/119] /usr/bin/g++-12 -DHAVE_HTTP_STORAGE_BACKEND -DHAVE_REDIS_STORAGE_BACKEND -I/app/build -I/app/src -I/app/src/third_party/blake3/blake3 -isystem /app/src/third_party/cxxurl -isystem /app/src/third_party/nonstd-span -isystem /app/src/third_party/tl-expected -isystem /app/src/third_party/cpp-httplib -O3 -DNDEBUG -include /app/build/config.h -Wall -std=c++17 -MD -MT src/ccache/CMakeFiles/ccache_framework.dir/storage/local/localstorage.cpp.o -MF src/ccache/CMakeFiles/ccache_framework.dir/storage/local/localstorage.cpp.o.d -o src/ccache/CMakeFiles/ccache_framework.dir/storage/local/localstorage.cpp.o -c /app/src/ccache/storage/local/localstorage.cpp
[109/119] /usr/bin/g++-12 -DHAVE_HTTP_STORAGE_BACKEND -DHAVE_REDIS_STORAGE_BACKEND -I/app/build -I/app/unittest -I/app/src -I/app/src/third_party/blake3/blake3 -isystem /app/src/third_party/cxxurl -isystem /app/src/third_party/nonstd-span -isystem /app/src/third_party/tl-expected -O3 -DNDEBUG -include /app/build/config.h -Wall -std=c++17 -MD -MT unittest/CMakeFiles/unittest.dir/test_util_file.cpp.o -MF unittest/CMakeFiles/unittest.dir/test_util_file.cpp.o.d -o unittest/CMakeFiles/unittest.dir/test_util_file.cpp.o -c /app/unittest/test_util_file.cpp
[110/119] /usr/bin/g++-12 -DHAVE_HTTP_STORAGE_BACKEND -DHAVE_REDIS_STORAGE_BACKEND -I/app/build -I/app/unittest -I/app/src -I/app/src/third_party/blake3/blake3 -isystem /app/src/third_party/cxxurl -isystem /app/src/third_party/nonstd-span -isystem /app/src/third_party/tl-expected -O3 -DNDEBUG -include /app/build/config.h -Wall -std=c++17 -MD -MT unittest/CMakeFiles/unittest.dir/test_util_args.cpp.o -MF unittest/CMakeFiles/unittest.dir/test_util_args.cpp.o.d -o unittest/CMakeFiles/unittest.dir/test_util_args.cpp.o -c /app/unittest/test_util_args.cpp
[111/119] /usr/bin/g++-12 -DHAVE_HTTP_STORAGE_BACKEND -DHAVE_REDIS_STORAGE_BACKEND -I/app/build -I/app/unittest -I/app/src -I/app/src/third_party/blake3/blake3 -isystem /app/src/third_party/cxxurl -isystem /app/src/third_party/nonstd-span -isystem /app/src/third_party/tl-expected -O3 -DNDEBUG -include /app/build/config.h -Wall -std=c++17 -MD -MT unittest/CMakeFiles/unittest.dir/main.cpp.o -MF unittest/CMakeFiles/unittest.dir/main.cpp.o.d -o unittest/CMakeFiles/unittest.dir/main.cpp.o -c /app/unittest/main.cpp
[112/119] /usr/bin/g++-12 -DHAVE_HTTP_STORAGE_BACKEND -DHAVE_REDIS_STORAGE_BACKEND -I/app/build -I/app/src -I/app/src/third_party/blake3/blake3 -isystem /app/src/third_party/cxxurl -isystem /app/src/third_party/nonstd-span -isystem /app/src/third_party/tl-expected -isystem /app/src/third_party/cpp-httplib -O3 -DNDEBUG -include /app/build/config.h -Wall -std=c++17 -MD -MT src/ccache/CMakeFiles/ccache_framework.dir/ccache.cpp.o -MF src/ccache/CMakeFiles/ccache_framework.dir/ccache.cpp.o.d -o src/ccache/CMakeFiles/ccache_framework.dir/ccache.cpp.o -c /app/src/ccache/ccache.cpp
[113/119] /usr/bin/g++-12 -DHAVE_HTTP_STORAGE_BACKEND -DHAVE_REDIS_STORAGE_BACKEND -I/app/build -I/app/unittest -I/app/src -I/app/src/third_party/blake3/blake3 -isystem /app/src/third_party/cxxurl -isystem /app/src/third_party/nonstd-span -isystem /app/src/third_party/tl-expected -O3 -DNDEBUG -include /app/build/config.h -Wall -std=c++17 -MD -MT unittest/CMakeFiles/unittest.dir/test_argprocessing.cpp.o -MF unittest/CMakeFiles/unittest.dir/test_argprocessing.cpp.o.d -o unittest/CMakeFiles/unittest.dir/test_argprocessing.cpp.o -c /app/unittest/test_argprocessing.cpp
[114/119] /usr/bin/g++-12 -DHAVE_HTTP_STORAGE_BACKEND -DHAVE_REDIS_STORAGE_BACKEND -I/app/build -I/app/unittest -I/app/src -I/app/src/third_party/blake3/blake3 -isystem /app/src/third_party/cxxurl -isystem /app/src/third_party/nonstd-span -isystem /app/src/third_party/tl-expected -O3 -DNDEBUG -include /app/build/config.h -Wall -std=c++17 -MD -MT unittest/CMakeFiles/unittest.dir/test_util_string.cpp.o -MF unittest/CMakeFiles/unittest.dir/test_util_string.cpp.o.d -o unittest/CMakeFiles/unittest.dir/test_util_string.cpp.o -c /app/unittest/test_util_string.cpp
[115/119] /usr/bin/g++-12 -DHAVE_HTTP_STORAGE_BACKEND -DHAVE_REDIS_STORAGE_BACKEND -I/app/build -I/app/src -I/app/src/third_party/blake3/blake3 -isystem /app/src/third_party/cxxurl -isystem /app/src/third_party/nonstd-span -isystem /app/src/third_party/tl-expected -isystem /app/src/third_party/cpp-httplib -O3 -DNDEBUG -include /app/build/config.h -Wall -std=c++17 -MD -MT src/ccache/CMakeFiles/ccache_framework.dir/storage/remote/httpstorage.cpp.o -MF src/ccache/CMakeFiles/ccache_framework.dir/storage/remote/httpstorage.cpp.o.d -o src/ccache/CMakeFiles/ccache_framework.dir/storage/remote/httpstorage.cpp.o -c /app/src/ccache/storage/remote/httpstorage.cpp
[116/119] : && /usr/bin/cmake -E rm -f src/ccache/libccache_framework.a && /usr/bin/ar qc src/ccache/libccache_framework.a  src/ccache/CMakeFiles/ccache_framework.dir/argprocessing.cpp.o src/ccache/CMakeFiles/ccache_framework.dir/ccache.cpp.o src/ccache/CMakeFiles/ccache_framework.dir/compopt.cpp.o src/ccache/CMakeFiles/ccache_framework.dir/config.cpp.o src/ccache/CMakeFiles/ccache_framework.dir/context.cpp.o src/ccache/CMakeFiles/ccache_framework.dir/depfile.cpp.o src/ccache/CMakeFiles/ccache_framework.dir/execute.cpp.o src/ccache/CMakeFiles/ccache_framework.dir/hash.cpp.o src/ccache/CMakeFiles/ccache_framework.dir/hashutil.cpp.o src/ccache/CMakeFiles/ccache_framework.dir/language.cpp.o src/ccache/CMakeFiles/ccache_framework.dir/progressbar.cpp.o src/ccache/CMakeFiles/ccache_framework.dir/version.cpp.o src/ccache/CMakeFiles/ccache_framework.dir/inodecache.cpp.o src/ccache/CMakeFiles/ccache_framework.dir/signalhandler.cpp.o src/ccache/CMakeFiles/ccache_framework.dir/core/atomicfile.cpp.o src/ccache/CMakeFiles/ccache_framework.dir/core/cacheentry.cpp.o src/ccache/CMakeFiles/ccache_framework.dir/core/common.cpp.o src/ccache/CMakeFiles/ccache_framework.dir/core/filerecompressor.cpp.o src/ccache/CMakeFiles/ccache_framework.dir/core/mainoptions.cpp.o src/ccache/CMakeFiles/ccache_framework.dir/core/manifest.cpp.o src/ccache/CMakeFiles/ccache_framework.dir/core/msvcshowincludesoutput.cpp.o src/ccache/CMakeFiles/ccache_framework.dir/core/result.cpp.o src/ccache/CMakeFiles/ccache_framework.dir/core/resultextractor.cpp.o src/ccache/CMakeFiles/ccache_framework.dir/core/resultinspector.cpp.o src/ccache/CMakeFiles/ccache_framework.dir/core/resultretriever.cpp.o src/ccache/CMakeFiles/ccache_framework.dir/core/statistics.cpp.o src/ccache/CMakeFiles/ccache_framework.dir/core/statisticscounters.cpp.o src/ccache/CMakeFiles/ccache_framework.dir/core/statslog.cpp.o src/ccache/CMakeFiles/ccache_framework.dir/core/types.cpp.o src/ccache/CMakeFiles/ccache_framework.dir/storage/local/localstorage.cpp.o src/ccache/CMakeFiles/ccache_framework.dir/storage/local/statsfile.cpp.o src/ccache/CMakeFiles/ccache_framework.dir/storage/local/util.cpp.o src/ccache/CMakeFiles/ccache_framework.dir/storage/remote/filestorage.cpp.o src/ccache/CMakeFiles/ccache_framework.dir/storage/remote/remotestorage.cpp.o src/ccache/CMakeFiles/ccache_framework.dir/storage/remote/redisstorage.cpp.o src/ccache/CMakeFiles/ccache_framework.dir/storage/remote/httpstorage.cpp.o src/ccache/CMakeFiles/ccache_framework.dir/storage/storage.cpp.o src/ccache/CMakeFiles/ccache_framework.dir/util/args.cpp.o src/ccache/CMakeFiles/ccache_framework.dir/util/assertions.cpp.o src/ccache/CMakeFiles/ccache_framework.dir/util/bytes.cpp.o src/ccache/CMakeFiles/ccache_framework.dir/util/clang.cpp.o src/ccache/CMakeFiles/ccache_framework.dir/util/cpu.cpp.o src/ccache/CMakeFiles/ccache_framework.dir/util/direntry.cpp.o src/ccache/CMakeFiles/ccache_framework.dir/util/environment.cpp.o src/ccache/CMakeFiles/ccache_framework.dir/util/error.cpp.o src/ccache/CMakeFiles/ccache_framework.dir/util/exec.cpp.o src/ccache/CMakeFiles/ccache_framework.dir/util/file.cpp.o src/ccache/CMakeFiles/ccache_framework.dir/util/filelock.cpp.o src/ccache/CMakeFiles/ccache_framework.dir/util/filesystem.cpp.o src/ccache/CMakeFiles/ccache_framework.dir/util/lockfile.cpp.o src/ccache/CMakeFiles/ccache_framework.dir/util/logging.cpp.o src/ccache/CMakeFiles/ccache_framework.dir/util/longlivedlockfilemanager.cpp.o src/ccache/CMakeFiles/ccache_framework.dir/util/memorymap.cpp.o src/ccache/CMakeFiles/ccache_framework.dir/util/path.cpp.o src/ccache/CMakeFiles/ccache_framework.dir/util/process.cpp.o src/ccache/CMakeFiles/ccache_framework.dir/util/string.cpp.o src/ccache/CMakeFiles/ccache_framework.dir/util/temporaryfile.cpp.o src/ccache/CMakeFiles/ccache_framework.dir/util/texttable.cpp.o src/ccache/CMakeFiles/ccache_framework.dir/util/threadpool.cpp.o src/ccache/CMakeFiles/ccache_framework.dir/util/time.cpp.o src/ccache/CMakeFiles/ccache_framework.dir/util/timepoint.cpp.o src/ccache/CMakeFiles/ccache_framework.dir/util/tokenizer.cpp.o src/ccache/CMakeFiles/ccache_framework.dir/util/umaskscope.cpp.o src/ccache/CMakeFiles/ccache_framework.dir/util/zstd.cpp.o && /usr/bin/ranlib src/ccache/libccache_framework.a && :
[117/119] : && /usr/bin/g++-12 -O3 -DNDEBUG  src/ccache/CMakeFiles/test-lockfile.dir/test_lockfile.cpp.o -o src/ccache/test-lockfile  src/ccache/libccache_framework.a  src/third_party/blake3/libdep_blake3.a  src/third_party/cxxurl/libdep_cxxurl.a  /usr/lib/x86_64-linux-gnu/libfmt.so  /usr/lib/x86_64-linux-gnu/libxxhash.so  /usr/lib/x86_64-linux-gnu/libzstd.so  /usr/lib/x86_64-linux-gnu/libhiredis.so && :
[118/119] : && /usr/bin/g++-12 -O3 -DNDEBUG  CMakeFiles/ccache.dir/src/ccache/main.cpp.o -o ccache  src/ccache/libccache_framework.a  src/third_party/blake3/libdep_blake3.a  src/third_party/cxxurl/libdep_cxxurl.a  /usr/lib/x86_64-linux-gnu/libfmt.so  /usr/lib/x86_64-linux-gnu/libxxhash.so  /usr/lib/x86_64-linux-gnu/libzstd.so  /usr/lib/x86_64-linux-gnu/libhiredis.so && :
[119/119] : && /usr/bin/g++-12 -O3 -DNDEBUG  unittest/CMakeFiles/unittest.dir/main.cpp.o unittest/CMakeFiles/unittest.dir/test_argprocessing.cpp.o unittest/CMakeFiles/unittest.dir/test_ccache.cpp.o unittest/CMakeFiles/unittest.dir/test_compopt.cpp.o unittest/CMakeFiles/unittest.dir/test_compression_types.cpp.o unittest/CMakeFiles/unittest.dir/test_config.cpp.o unittest/CMakeFiles/unittest.dir/test_core_atomicfile.cpp.o unittest/CMakeFiles/unittest.dir/test_core_common.cpp.o unittest/CMakeFiles/unittest.dir/test_core_msvcshowincludesoutput.cpp.o unittest/CMakeFiles/unittest.dir/test_core_statistics.cpp.o unittest/CMakeFiles/unittest.dir/test_core_statisticscounters.cpp.o unittest/CMakeFiles/unittest.dir/test_core_statslog.cpp.o unittest/CMakeFiles/unittest.dir/test_depfile.cpp.o unittest/CMakeFiles/unittest.dir/test_hash.cpp.o unittest/CMakeFiles/unittest.dir/test_hashutil.cpp.o unittest/CMakeFiles/unittest.dir/test_storage_local_statsfile.cpp.o unittest/CMakeFiles/unittest.dir/test_storage_local_util.cpp.o unittest/CMakeFiles/unittest.dir/test_util_args.cpp.o unittest/CMakeFiles/unittest.dir/test_util_bitset.cpp.o unittest/CMakeFiles/unittest.dir/test_util_bytes.cpp.o unittest/CMakeFiles/unittest.dir/test_util_clang.cpp.o unittest/CMakeFiles/unittest.dir/test_util_conversion.cpp.o unittest/CMakeFiles/unittest.dir/test_util_direntry.cpp.o unittest/CMakeFiles/unittest.dir/test_util_duration.cpp.o unittest/CMakeFiles/unittest.dir/test_util_environment.cpp.o unittest/CMakeFiles/unittest.dir/test_util_exec.cpp.o unittest/CMakeFiles/unittest.dir/test_util_expected.cpp.o unittest/CMakeFiles/unittest.dir/test_util_file.cpp.o unittest/CMakeFiles/unittest.dir/test_util_lockfile.cpp.o unittest/CMakeFiles/unittest.dir/test_util_path.cpp.o unittest/CMakeFiles/unittest.dir/test_util_string.cpp.o unittest/CMakeFiles/unittest.dir/test_util_texttable.cpp.o unittest/CMakeFiles/unittest.dir/test_util_timepoint.cpp.o unittest/CMakeFiles/unittest.dir/test_util_tokenizer.cpp.o unittest/CMakeFiles/unittest.dir/test_util_xxh3_128.cpp.o unittest/CMakeFiles/unittest.dir/test_util_xxh3_64.cpp.o unittest/CMakeFiles/unittest.dir/test_util_zstd.cpp.o unittest/CMakeFiles/unittest.dir/testutil.cpp.o unittest/CMakeFiles/unittest.dir/test_inodecache.cpp.o -o unittest/unittest  src/ccache/libccache_framework.a  src/third_party/blake3/libdep_blake3.a  src/third_party/cxxurl/libdep_cxxurl.a  /usr/lib/x86_64-linux-gnu/libfmt.so  /usr/lib/x86_64-linux-gnu/libxxhash.so  /usr/lib/x86_64-linux-gnu/libzstd.so  /usr/lib/x86_64-linux-gnu/libhiredis.so && :
+ [ -x ccache ]
+ ./ccache --version
ccache version 5d0c570c
Features: avx2 file-storage http-storage redis+unix-storage redis-storage

Copyright (C) 2002-2007 Andrew Tridgell
Copyright (C) 2009-2025 Joel Rosdahl and other contributors

See <https://ccache.dev/credits.html> for a complete list of contributors.

This program is free software; you can redistribute it and/or modify it under
the terms of the GNU General Public License as published by the Free Software
Foundation; either version 3 of the License, or (at your option) any later
version.
+ CC=gcc-12 ctest --output-on-failure -j64
Test project /app/build
      Start  1: unittest
      Start  2: test.base
      Start  3: test.basedir
      Start  4: test.cache_levels
      Start  5: test.clang_cu
      Start  6: test.clang_cu_alias
      Start  7: test.clang_cu_direct
      Start  8: test.cleanup
      Start  9: test.color_diagnostics
      Start 10: test.config
      Start 11: test.debug_compilation_dir
      Start 12: test.debug_prefix_map
      Start 13: test.depend
      Start 14: test.direct
      Start 15: test.fileclone
      Start 16: test.hardlink
      Start 17: test.inode_cache
      Start 18: test.input_charset
      Start 19: test.ivfsoverlay
      Start 20: test.masquerading
      Start 21: test.modules
      Start 22: test.multi_arch
      Start 23: test.namespace
      Start 24: test.no_compression
      Start 25: test.nvcc
      Start 26: test.nvcc_direct
      Start 27: test.nvcc_ldir
      Start 28: test.pch
      Start 29: test.profiling
      Start 30: test.profiling_clang
      Start 31: test.profiling_gcc
      Start 32: test.profiling_gcc_10+
      Start 33: test.profiling_hip_clang
      Start 34: test.readonly
      Start 35: test.readonly_direct
      Start 36: test.remote_file
      Start 37: test.remote_http
      Start 38: test.remote_only
      Start 39: test.remote_redis
      Start 40: test.remote_redis_unix
      Start 41: test.remote_url
      Start 42: test.sanitize_blacklist
      Start 43: test.serialize_diagnostics
      Start 44: test.source_date_epoch
      Start 45: test.split_dwarf
      Start 46: test.stats_log
      Start 47: test.trim_dir
      Start 48: test.upgrade
 1/48 Test  #1: unittest .........................   Passed    0.16 sec
 2/48 Test  #5: test.clang_cu ....................***Skipped   0.16 sec
 3/48 Test  #7: test.clang_cu_direct .............***Skipped   0.16 sec
 4/48 Test  #6: test.clang_cu_alias ..............***Skipped   0.17 sec
 5/48 Test #21: test.modules .....................***Skipped   0.15 sec
 6/48 Test #11: test.debug_compilation_dir .......***Skipped   0.18 sec
 7/48 Test #25: test.nvcc ........................***Skipped   0.15 sec
 8/48 Test #26: test.nvcc_direct .................***Skipped   0.16 sec
 9/48 Test #15: test.fileclone ...................***Skipped   0.18 sec
10/48 Test #19: test.ivfsoverlay .................***Skipped   0.17 sec
11/48 Test #30: test.profiling_clang .............***Skipped   0.15 sec
12/48 Test #33: test.profiling_hip_clang .........***Skipped   0.15 sec
13/48 Test #27: test.nvcc_ldir ...................***Skipped   0.16 sec
14/48 Test #37: test.remote_http .................***Skipped   0.15 sec
15/48 Test #22: test.multi_arch ..................***Skipped   0.17 sec
16/48 Test #35: test.readonly_direct .............***Skipped   0.17 sec
17/48 Test #17: test.inode_cache .................***Skipped   0.20 sec
18/48 Test #34: test.readonly ....................***Skipped   0.17 sec
19/48 Test #43: test.serialize_diagnostics .......***Skipped   0.16 sec
20/48 Test #10: test.config ......................   Passed    0.24 sec
21/48 Test #42: test.sanitize_blacklist ..........***Skipped   0.19 sec
22/48 Test #47: test.trim_dir ....................   Passed    0.22 sec
23/48 Test #41: test.remote_url ..................   Passed    0.27 sec
24/48 Test #48: test.upgrade .....................   Passed    0.27 sec
25/48 Test #18: test.input_charset ...............   Passed    0.32 sec
26/48 Test #46: test.stats_log ...................   Passed    0.31 sec
27/48 Test #38: test.remote_only .................   Passed    0.49 sec
28/48 Test #12: test.debug_prefix_map ............   Passed    0.58 sec
29/48 Test #20: test.masquerading ................   Passed    0.69 sec
30/48 Test #24: test.no_compression ..............   Passed    0.75 sec
31/48 Test #44: test.source_date_epoch ...........   Passed    0.86 sec
32/48 Test #32: test.profiling_gcc_10+ ...........   Passed    0.90 sec
33/48 Test #16: test.hardlink ....................   Passed    1.01 sec
34/48 Test #23: test.namespace ...................   Passed    1.12 sec
35/48 Test  #4: test.cache_levels ................   Passed    1.17 sec
36/48 Test #39: test.remote_redis ................   Passed    1.14 sec
37/48 Test #40: test.remote_redis_unix ...........   Passed    1.18 sec
38/48 Test #45: test.split_dwarf .................   Passed    1.45 sec
39/48 Test #31: test.profiling_gcc ...............   Passed    2.45 sec
40/48 Test #13: test.depend ......................   Passed    2.75 sec
41/48 Test #29: test.profiling ...................   Passed    3.45 sec
42/48 Test  #3: test.basedir .....................   Passed    4.61 sec
43/48 Test  #9: test.color_diagnostics ...........   Passed    6.38 sec
44/48 Test #36: test.remote_file .................   Passed    6.50 sec
45/48 Test  #8: test.cleanup .....................   Passed    7.35 sec
46/48 Test #28: test.pch .........................   Passed   10.44 sec
47/48 Test  #2: test.base ........................***Failed   18.16 sec
Compiler:         gcc-12 (/usr/bin/gcc-12)
Compiler version: gcc-12 (Ubuntu 12.3.0-1ubuntu1~22.04.2) 12.3.0
CUDA compiler:    not available

Running test suite base
  Base case
  ccache ccache gcc
  Version output readable
  Debug option
  Output option
  Output option without space
  Called for link
  No existing input file
  No input file on command line
  Called for preprocessing
  Multiple source files
  Couldn't find the compiler
  Bad compiler arguments
  Unsupported source language
  Unsupported compiler option
  Unsupported environment variable DEPENDENCIES_OUTPUT
  Unsupported environment variable SUNPRO_DEPENDENCIES
  Output to directory
  Output to file in nonexistent directory
  No file extension
  Source file ending with dot
  Multiple file extensions
  Too new source file
  Too new include file
  Too new source file ignored if sloppy
  LANG
  LANG with sloppiness
  Result file is compressed
  Corrupt result file
  CCACHE_DEBUG
  CCACHE_DEBUG with too hard option
  CCACHE_DEBUGDIR
  CCACHE_DISABLE
  ccache:disable
  CCACHE_COMMENTS
  CCACHE_NOSTATS
  stats file forward compatibility
  stats file with large counter values
  CCACHE_RECACHE
  Directory is hashed if using -g
  Directory is not hashed if not using -g
  Directory is not hashed if using -g -g0
  Directory is not hashed if using -gz
  Directory is not hashed if using -gz=zlib
  CCACHE_NOHASHDIR
  CCACHE_EXTRAFILES
  CCACHE_PREFIX
  Files in cache
  Direct .i compile
  -x c
  -xc
  -x none
  -x unknown
  -x c -c /dev/null
  -D not hashed
  -S
  -frecord-gcc-switches
  CCACHE_DISABLE set when executing compiler
  CCACHE_COMPILERTYPE
  CCACHE_PATH
  CCACHE_COMPILERCHECK=mtime
  CCACHE_COMPILERCHECK=content
  CCACHE_COMPILERCHECK=none
  CCACHE_COMPILERCHECK=string
  CCACHE_COMPILERCHECK=command
  CCACHE_COMPILERCHECK=unknown_command
  CCACHE_UMASK
  No object file due to bad prefix
  -fsyntax-only
  -fsyntax-only /dev/null
  No object file due to -fsyntax-only
  Empty object file
  Output to /dev/null
  Caching stderr
  Line number in compiler warning
  Stderr from cpp not emitted
  Stderr and dependency file
  Caching stdout and stderr
  --zero-stats
  --clear
  -P -c
  -P -E
  -Wa,-a
  -Wa,-a=file
  -Wp,-P
  -Wp,-P,-DFOO
  -Wp,-D
  -march=native, GCC
ccache: error: execute_noreturn of /app/test/fake-compilers/gcc-march-native.sh failed: Permission denied

FAILED

Test suite:     base (line 1640)
Test case:      -march=native, GCC
Failure reason: Expected cache_miss to be 1, actual 0

Actual statistics counters
==========================
autoconf_test                    0
bad_compiler_arguments           0
bad_input_file                   0
bad_output_file                  0
cache_miss                       0
cache_size_kibibyte              0
called_for_link                  0
called_for_preprocessing         0
cleanups_performed               0
compile_failed                   0
compiler_check_failed            0
compiler_produced_empty_output   0
compiler_produced_no_output      0
compiler_produced_stdout         0
could_not_find_compiler          0
could_not_use_modules            0
could_not_use_precompiled_header 0
direct_cache_hit                 0
direct_cache_miss                0
disabled                         0
error_hashing_extra_file         0
files_in_cache                   0
internal_error                   1
local_storage_hit                0
local_storage_miss               0
local_storage_read_hit           0
local_storage_read_miss          0
local_storage_write              0
max_cache_size_kibibyte          5242880
max_files_in_cache               0
missing_cache_file               0
modified_input_file              0
multiple_source_files            0
no_input_file                    0
output_to_stdout                 0
preprocessed_cache_hit           0
preprocessed_cache_miss          0
preprocessor_error               0
recache                          0
remote_storage_error             0
remote_storage_hit               0
remote_storage_miss              0
remote_storage_read_hit          0
remote_storage_read_miss         0
remote_storage_timeout           0
remote_storage_write             0
unsupported_code_directive       0
unsupported_compiler_option      0
unsupported_environment_variable 0
unsupported_source_encoding      0
unsupported_source_language      0

Test data and log file have been left in testdir/1029 / testdir/failed

48/48 Test #14: test.direct ......................   Passed   22.69 sec

98% tests passed, 1 tests failed out of 48

Total Test time (real) =  22.71 sec

The following tests did not run:
	  5 - test.clang_cu (Skipped)
	  6 - test.clang_cu_alias (Skipped)
	  7 - test.clang_cu_direct (Skipped)
	 11 - test.debug_compilation_dir (Skipped)
	 15 - test.fileclone (Skipped)
	 17 - test.inode_cache (Skipped)
	 19 - test.ivfsoverlay (Skipped)
	 21 - test.modules (Skipped)
	 22 - test.multi_arch (Skipped)
	 25 - test.nvcc (Skipped)
	 26 - test.nvcc_direct (Skipped)
	 27 - test.nvcc_ldir (Skipped)
	 30 - test.profiling_clang (Skipped)
	 33 - test.profiling_hip_clang (Skipped)
	 34 - test.readonly (Skipped)
	 35 - test.readonly_direct (Skipped)
	 37 - test.remote_http (Skipped)
	 42 - test.sanitize_blacklist (Skipped)
	 43 - test.serialize_diagnostics (Skipped)

The following tests FAILED:
	  2 - test.base (Failed)
Errors while running CTest
/bin/sh: 1: xz: not found
tar: testdir.tar.xz: Wrote only 4096 of 10240 bytes
tar: Child returned status 127
tar: Error is not recoverable: exiting now
