-- The C compiler identification is GNU 11.4.0
-- The CXX compiler identification is GNU 11.4.0
-- The ASM compiler identification is GNU
-- Found assembler: /usr/bin/gcc-11
-- The ASM_MASM compiler identification is unknown
-- Found assembler: ml
-- Detecting C compiler ABI info
-- Detecting C compiler ABI info - done
-- Check for working C compiler: /usr/bin/gcc-11 - skipped
-- Detecting C compile features
-- Detecting C compile features - done
-- Detecting CXX compiler ABI info
-- Detecting CXX compiler ABI info - done
-- Check for working CXX compiler: /usr/bin/g++-11 - skipped
-- Detecting CXX compile features
-- Detecting CXX compile features - done
-- Ccache version: 18c8b5e3
-- Ccache dev mode: OFF
-- Setting CMAKE_BUILD_TYPE to Release as none was specified
-- Performing Test std_atomic_without_libatomic
-- Performing Test std_atomic_without_libatomic - Success
-- Performing Test std_filesystem_without_libfs
-- Performing Test std_filesystem_without_libfs - Success
-- Looking for cpuid.h
-- Looking for cpuid.h - found
-- Looking for dirent.h
-- Looking for dirent.h - found
-- Looking for linux/fs.h
-- Looking for linux/fs.h - found
-- Looking for pwd.h
-- Looking for pwd.h - found
-- Looking for spawn.h
-- Looking for spawn.h - found
-- Looking for sys/clonefile.h
-- Looking for sys/clonefile.h - not found
-- Looking for sys/file.h
-- Looking for sys/file.h - found
-- Looking for sys/ioctl.h
-- Looking for sys/ioctl.h - found
-- Looking for sys/mman.h
-- Looking for sys/mman.h - found
-- Looking for sys/sendfile.h
-- Looking for sys/sendfile.h - found
-- Looking for sys/utime.h
-- Looking for sys/utime.h - not found
-- Looking for sys/wait.h
-- Looking for sys/wait.h - found
-- Looking for syslog.h
-- Looking for syslog.h - found
-- Looking for unistd.h
-- Looking for unistd.h - found
-- Looking for utime.h
-- Looking for utime.h - found
-- Looking for getopt_long
-- Looking for getopt_long - found
-- Looking for getpwuid
-- Looking for getpwuid - found
-- Looking for localtime_r
-- Looking for localtime_r - found
-- Looking for posix_fallocate
-- Looking for posix_fallocate - found
-- Looking for setenv
-- Looking for setenv - found
-- Looking for syslog
-- Looking for syslog - found
-- Looking for unsetenv
-- Looking for unsetenv - found
-- Looking for utimensat
-- Looking for utimensat - found
-- Looking for utimes
-- Looking for utimes - found
-- Performing Test HAVE_STRUCT_STAT_ST_ATIM
-- Performing Test HAVE_STRUCT_STAT_ST_ATIM - Success
-- Performing Test HAVE_STRUCT_STAT_ST_ATIMENSEC
-- Performing Test HAVE_STRUCT_STAT_ST_ATIMENSEC - Failed
-- Performing Test HAVE_STRUCT_STAT_ST_ATIMESPEC
-- Performing Test HAVE_STRUCT_STAT_ST_ATIMESPEC - Failed
-- Performing Test HAVE_STRUCT_STAT_ST_CTIM
-- Performing Test HAVE_STRUCT_STAT_ST_CTIM - Success
-- Performing Test HAVE_STRUCT_STAT_ST_CTIMENSEC
-- Performing Test HAVE_STRUCT_STAT_ST_CTIMENSEC - Failed
-- Performing Test HAVE_STRUCT_STAT_ST_CTIMESPEC
-- Performing Test HAVE_STRUCT_STAT_ST_CTIMESPEC - Failed
-- Performing Test HAVE_STRUCT_STAT_ST_MTIM
-- Performing Test HAVE_STRUCT_STAT_ST_MTIM - Success
-- Performing Test HAVE_STRUCT_STAT_ST_MTIMENSEC
-- Performing Test HAVE_STRUCT_STAT_ST_MTIMENSEC - Failed
-- Performing Test HAVE_STRUCT_STAT_ST_MTIMESPEC
-- Performing Test HAVE_STRUCT_STAT_ST_MTIMESPEC - Failed
-- Performing Test HAVE_STRUCT_STATFS_F_FSTYPENAME
-- Performing Test HAVE_STRUCT_STATFS_F_FSTYPENAME - Failed
-- Performing Test HAVE_AVX2
-- Performing Test HAVE_AVX2 - Success
-- Using bundled Blake3 since Blake3>=1.4.0 was not found locally
-- Using bundled CppHttplib since CppHttplib>=0.10.6 was not found locally
-- Using system Fmt (/usr/lib/x86_64-linux-gnu/libfmt.so)
-- Using bundled NonstdSpan since NonstdSpan>=0.10.3 was not found locally
-- Using bundled TlExpected since TlExpected>=1.1.0 was not found locally
-- Using system Xxhash (/usr/lib/x86_64-linux-gnu/libxxhash.so)
-- Using system Zstd (/usr/lib/x86_64-linux-gnu/libzstd.so)
-- Using system doctest (/usr/include/doctest/doctest.h)
-- Using system Hiredis (/usr/lib/x86_64-linux-gnu/libhiredis.so)
-- Performing Test HAVE_ASM_SSE2
-- Performing Test HAVE_ASM_SSE2 - Success
-- Performing Test HAVE_ASM_SSE41
-- Performing Test HAVE_ASM_SSE41 - Success
-- Performing Test HAVE_ASM_AVX2
-- Performing Test HAVE_ASM_AVX2 - Success
-- Performing Test HAVE_ASM_AVX512
-- Performing Test HAVE_ASM_AVX512 - Success
-- Performing Test HAVE_NEON
-- Performing Test HAVE_NEON - Failed
-- Looking for pthread.h
-- Looking for pthread.h - found
-- Performing Test CMAKE_HAVE_LIBC_PTHREAD
-- Performing Test CMAKE_HAVE_LIBC_PTHREAD - Success
-- Found Threads: TRUE
CMake Warning at doc/CMakeLists.txt:8 (message):
  Could not find asciidoctor; documentation will not be generated


--
-- Configuration summary:
--   Storage backends:
--     file  ON
--     http  ON
--     redis ON
--   Dependencies:
--     Blake3     1.8.2  BUNDLED
--     CppHttplib 0.20.0 BUNDLED
--     Doctest    2.4.8  SYSTEM (/usr/include/doctest/doctest.h)
--     Fmt        8.1.1  SYSTEM (/usr/lib/x86_64-linux-gnu/libfmt.so)
--     Hiredis    0.14.1 SYSTEM (/usr/lib/x86_64-linux-gnu/libhiredis.so)
--     NonstdSpan 0.11.0 BUNDLED
--     TlExpected 1.1.0  BUNDLED
--     Xxhash     0.8.1  SYSTEM (/usr/lib/x86_64-linux-gnu/libxxhash.so)
--     Zstd       1.4.8  SYSTEM (/usr/lib/x86_64-linux-gnu/libzstd.so)
--
-- Configuring done
-- Generating done
-- Build files have been written to: /app/build
Scanning dependencies of target dep_blake3
[  1%] Building CXX object src/third_party/cxxurl/CMakeFiles/dep_cxxurl.dir/cxxurl/url.cpp.o
[  2%] Building C object src/third_party/blake3/CMakeFiles/dep_blake3.dir/blake3/blake3_portable.c.o
[  3%] Building ASM object src/third_party/blake3/CMakeFiles/dep_blake3.dir/blake3/blake3_sse2_x86-64_unix.S.o
[  4%] Building C object src/third_party/blake3/CMakeFiles/dep_blake3.dir/blake3/blake3.c.o
[  5%] Building C object src/third_party/blake3/CMakeFiles/dep_blake3.dir/blake3/blake3_dispatch.c.o
[  6%] Building ASM object src/third_party/blake3/CMakeFiles/dep_blake3.dir/blake3/blake3_sse41_x86-64_unix.S.o
[  7%] Building ASM object src/third_party/blake3/CMakeFiles/dep_blake3.dir/blake3/blake3_avx512_x86-64_unix.S.o
[  7%] Building ASM object src/third_party/blake3/CMakeFiles/dep_blake3.dir/blake3/blake3_avx2_x86-64_unix.S.o
[  8%] Linking C static library libdep_blake3.a
[  8%] Built target dep_blake3
[  9%] Linking CXX static library libdep_cxxurl.a
[  9%] Built target dep_cxxurl
[ 10%] Building CXX object src/ccache/CMakeFiles/ccache_framework.dir/argprocessing.cpp.o
[ 11%] Building CXX object src/ccache/CMakeFiles/ccache_framework.dir/execute.cpp.o
[ 12%] Building CXX object src/ccache/CMakeFiles/ccache_framework.dir/compopt.cpp.o
[ 13%] Building CXX object src/ccache/CMakeFiles/ccache_framework.dir/ccache.cpp.o
[ 14%] Building CXX object src/ccache/CMakeFiles/ccache_framework.dir/config.cpp.o
[ 16%] Building CXX object src/ccache/CMakeFiles/ccache_framework.dir/hash.cpp.o
[ 16%] Building CXX object src/ccache/CMakeFiles/ccache_framework.dir/depfile.cpp.o
[ 16%] Building CXX object src/ccache/CMakeFiles/ccache_framework.dir/context.cpp.o
[ 17%] Building CXX object src/ccache/CMakeFiles/ccache_framework.dir/hashutil.cpp.o
[ 18%] Building CXX object src/ccache/CMakeFiles/ccache_framework.dir/inodecache.cpp.o
[ 18%] Building CXX object src/ccache/CMakeFiles/ccache_framework.dir/progressbar.cpp.o
[ 19%] Building CXX object src/ccache/CMakeFiles/ccache_framework.dir/version.cpp.o
[ 20%] Building CXX object src/ccache/CMakeFiles/ccache_framework.dir/signalhandler.cpp.o
[ 21%] Building CXX object src/ccache/CMakeFiles/ccache_framework.dir/core/atomicfile.cpp.o
[ 22%] Building CXX object src/ccache/CMakeFiles/ccache_framework.dir/language.cpp.o
[ 23%] Building CXX object src/ccache/CMakeFiles/ccache_framework.dir/core/cacheentry.cpp.o
[ 23%] Building CXX object src/ccache/CMakeFiles/ccache_framework.dir/core/common.cpp.o
[ 24%] Building CXX object src/ccache/CMakeFiles/ccache_framework.dir/core/resultretriever.cpp.o
[ 26%] Building CXX object src/ccache/CMakeFiles/ccache_framework.dir/core/mainoptions.cpp.o
[ 26%] Building CXX object src/ccache/CMakeFiles/ccache_framework.dir/core/filerecompressor.cpp.o
[ 27%] Building CXX object src/ccache/CMakeFiles/ccache_framework.dir/storage/remote/httpstorage.cpp.o
[ 29%] Building CXX object src/ccache/CMakeFiles/ccache_framework.dir/core/manifest.cpp.o
[ 29%] Building CXX object src/ccache/CMakeFiles/ccache_framework.dir/core/msvcshowincludesoutput.cpp.o
[ 30%] Building CXX object src/ccache/CMakeFiles/ccache_framework.dir/core/result.cpp.o
[ 30%] Building CXX object src/ccache/CMakeFiles/ccache_framework.dir/core/resultextractor.cpp.o
[ 31%] Building CXX object src/ccache/CMakeFiles/ccache_framework.dir/storage/remote/remotestorage.cpp.o
[ 32%] Building CXX object src/ccache/CMakeFiles/ccache_framework.dir/core/statisticscounters.cpp.o
[ 34%] Building CXX object src/ccache/CMakeFiles/ccache_framework.dir/storage/local/localstorage.cpp.o
[ 34%] Building CXX object src/ccache/CMakeFiles/ccache_framework.dir/core/types.cpp.o
[ 34%] Building CXX object src/ccache/CMakeFiles/ccache_framework.dir/storage/remote/redisstorage.cpp.o
[ 34%] Building CXX object src/ccache/CMakeFiles/ccache_framework.dir/util/clang.cpp.o
[ 37%] Building CXX object src/ccache/CMakeFiles/ccache_framework.dir/storage/local/util.cpp.o
[ 37%] Building CXX object src/ccache/CMakeFiles/ccache_framework.dir/util/assertions.cpp.o
[ 37%] Building CXX object src/ccache/CMakeFiles/ccache_framework.dir/storage/storage.cpp.o
[ 38%] Building CXX object src/ccache/CMakeFiles/ccache_framework.dir/core/resultinspector.cpp.o
[ 39%] Building CXX object src/ccache/CMakeFiles/ccache_framework.dir/storage/remote/filestorage.cpp.o
[ 41%] Building CXX object src/ccache/CMakeFiles/ccache_framework.dir/util/args.cpp.o
[ 41%] Building CXX object src/ccache/CMakeFiles/ccache_framework.dir/core/statistics.cpp.o
[ 42%] Building CXX object src/ccache/CMakeFiles/ccache_framework.dir/core/statslog.cpp.o
[ 44%] Building CXX object src/ccache/CMakeFiles/ccache_framework.dir/util/bytes.cpp.o
[ 44%] Building CXX object src/ccache/CMakeFiles/ccache_framework.dir/storage/local/statsfile.cpp.o
[ 45%] Building CXX object src/ccache/CMakeFiles/ccache_framework.dir/util/cpu.cpp.o
[ 46%] Building CXX object src/ccache/CMakeFiles/ccache_framework.dir/util/direntry.cpp.o
[ 47%] Building CXX object src/ccache/CMakeFiles/ccache_framework.dir/util/environment.cpp.o
[ 48%] Building CXX object src/ccache/CMakeFiles/ccache_framework.dir/util/error.cpp.o
[ 49%] Building CXX object src/ccache/CMakeFiles/ccache_framework.dir/util/exec.cpp.o
[ 50%] Building CXX object src/ccache/CMakeFiles/ccache_framework.dir/util/filesystem.cpp.o
[ 51%] Building CXX object src/ccache/CMakeFiles/ccache_framework.dir/util/lockfile.cpp.o
[ 51%] Building CXX object src/ccache/CMakeFiles/ccache_framework.dir/util/memorymap.cpp.o
[ 51%] Building CXX object src/ccache/CMakeFiles/ccache_framework.dir/util/file.cpp.o
[ 52%] Building CXX object src/ccache/CMakeFiles/ccache_framework.dir/util/filelock.cpp.o
[ 53%] Building CXX object src/ccache/CMakeFiles/ccache_framework.dir/util/logging.cpp.o
[ 54%] Building CXX object src/ccache/CMakeFiles/ccache_framework.dir/util/longlivedlockfilemanager.cpp.o
[ 56%] Building CXX object src/ccache/CMakeFiles/ccache_framework.dir/util/temporaryfile.cpp.o
[ 56%] Building CXX object src/ccache/CMakeFiles/ccache_framework.dir/util/path.cpp.o
[ 57%] Building CXX object src/ccache/CMakeFiles/ccache_framework.dir/util/string.cpp.o
[ 58%] Building CXX object src/ccache/CMakeFiles/ccache_framework.dir/util/process.cpp.o
[ 59%] Building CXX object src/ccache/CMakeFiles/ccache_framework.dir/util/texttable.cpp.o
[ 60%] Building CXX object src/ccache/CMakeFiles/ccache_framework.dir/util/threadpool.cpp.o
[ 60%] Building CXX object src/ccache/CMakeFiles/ccache_framework.dir/util/time.cpp.o
[ 61%] Building CXX object src/ccache/CMakeFiles/ccache_framework.dir/util/tokenizer.cpp.o
[ 62%] Building CXX object src/ccache/CMakeFiles/ccache_framework.dir/util/umaskscope.cpp.o
[ 63%] Building CXX object src/ccache/CMakeFiles/ccache_framework.dir/util/zstd.cpp.o
[ 64%] Linking CXX static library libccache_framework.a
[ 64%] Built target ccache_framework
[ 64%] Building CXX object src/ccache/CMakeFiles/test-lockfile.dir/test_lockfile.cpp.o
[ 64%] Building CXX object CMakeFiles/ccache.dir/src/ccache/main.cpp.o
[ 65%] Building CXX object unittest/CMakeFiles/unittest.dir/test_argprocessing.cpp.o
[ 65%] Building CXX object unittest/CMakeFiles/unittest.dir/test_compression_types.cpp.o
[ 68%] Building CXX object unittest/CMakeFiles/unittest.dir/test_config.cpp.o
[ 68%] Building CXX object unittest/CMakeFiles/unittest.dir/test_compopt.cpp.o
[ 69%] Building CXX object unittest/CMakeFiles/unittest.dir/test_core_msvcshowincludesoutput.cpp.o
[ 71%] Building CXX object unittest/CMakeFiles/unittest.dir/main.cpp.o
[ 71%] Building CXX object unittest/CMakeFiles/unittest.dir/test_core_common.cpp.o
[ 72%] Building CXX object unittest/CMakeFiles/unittest.dir/test_core_statistics.cpp.o
[ 72%] Building CXX object unittest/CMakeFiles/unittest.dir/test_core_statisticscounters.cpp.o
[ 73%] Building CXX object unittest/CMakeFiles/unittest.dir/test_core_statslog.cpp.o
[ 74%] Building CXX object unittest/CMakeFiles/unittest.dir/test_ccache.cpp.o
[ 75%] Building CXX object unittest/CMakeFiles/unittest.dir/test_core_atomicfile.cpp.o
[ 76%] Building CXX object unittest/CMakeFiles/unittest.dir/test_util_args.cpp.o
[ 77%] Building CXX object unittest/CMakeFiles/unittest.dir/test_depfile.cpp.o
[ 79%] Building CXX object unittest/CMakeFiles/unittest.dir/test_storage_local_statsfile.cpp.o
[ 80%] Building CXX object unittest/CMakeFiles/unittest.dir/test_hash.cpp.o
[ 80%] Building CXX object unittest/CMakeFiles/unittest.dir/test_hashutil.cpp.o
[ 81%] Building CXX object unittest/CMakeFiles/unittest.dir/test_util_lockfile.cpp.o
[ 82%] Building CXX object unittest/CMakeFiles/unittest.dir/test_util_bytes.cpp.o
[ 82%] Building CXX object unittest/CMakeFiles/unittest.dir/test_storage_local_util.cpp.o
[ 83%] Building CXX object unittest/CMakeFiles/unittest.dir/test_util_direntry.cpp.o
[ 83%] Building CXX object unittest/CMakeFiles/unittest.dir/test_util_environment.cpp.o
[ 85%] Building CXX object unittest/CMakeFiles/unittest.dir/test_util_path.cpp.o
[ 85%] Building CXX object unittest/CMakeFiles/unittest.dir/test_util_exec.cpp.o
[ 85%] Building CXX object unittest/CMakeFiles/unittest.dir/test_util_file.cpp.o
[ 86%] Building CXX object unittest/CMakeFiles/unittest.dir/test_util_clang.cpp.o
[ 88%] Building CXX object unittest/CMakeFiles/unittest.dir/test_util_conversion.cpp.o
[ 88%] Building CXX object unittest/CMakeFiles/unittest.dir/test_util_expected.cpp.o
[ 92%] Building CXX object unittest/CMakeFiles/unittest.dir/test_util_xxh3_64.cpp.o
[ 92%] Building CXX object unittest/CMakeFiles/unittest.dir/test_util_bitset.cpp.o
[ 92%] Building CXX object unittest/CMakeFiles/unittest.dir/test_util_tokenizer.cpp.o
[ 92%] Building CXX object unittest/CMakeFiles/unittest.dir/test_util_xxh3_128.cpp.o
[ 93%] Building CXX object unittest/CMakeFiles/unittest.dir/test_util_zstd.cpp.o
[ 93%] Building CXX object unittest/CMakeFiles/unittest.dir/test_util_texttable.cpp.o
[ 94%] Building CXX object unittest/CMakeFiles/unittest.dir/test_util_string.cpp.o
[ 95%] Building CXX object unittest/CMakeFiles/unittest.dir/test_inodecache.cpp.o
[ 96%] Building CXX object unittest/CMakeFiles/unittest.dir/testutil.cpp.o
[ 97%] Linking CXX executable ccache
[ 97%] Built target ccache
[ 98%] Linking CXX executable test-lockfile
[ 98%] Built target test-lockfile
[100%] Linking CXX executable unittest
[100%] Built target unittest
ccache version 18c8b5e3
Features: avx2 file-storage http-storage redis+unix-storage redis-storage

Copyright (C) 2002-2007 Andrew Tridgell
Copyright (C) 2009-2025 Joel Rosdahl and other contributors

See <https://ccache.dev/credits.html> for a complete list of contributors.

This program is free software; you can redistribute it and/or modify it under
the terms of the GNU General Public License as published by the Free Software
Foundation; either version 3 of the License, or (at your option) any later
version.
Test project /app/build
      Start  1: unittest
      Start  2: test.base
      Start  3: test.basedir
      Start  4: test.cache_levels
      Start  5: test.clang_cu
      Start  6: test.clang_cu_alias
      Start  7: test.clang_cu_direct
      Start  8: test.cleanup
      Start  9: test.color_diagnostics
      Start 10: test.config
      Start 11: test.coverage_compilation_dir
      Start 12: test.coverage_prefix_map
      Start 13: test.debug_compilation_dir
      Start 14: test.debug_prefix_map
      Start 15: test.depend
      Start 16: test.direct
      Start 17: test.fileclone
      Start 18: test.hardlink
      Start 19: test.inode_cache
      Start 20: test.input_charset
      Start 21: test.ivfsoverlay
      Start 22: test.masquerading
      Start 23: test.modules
      Start 24: test.multi_arch
      Start 25: test.namespace
      Start 26: test.no_compression
      Start 27: test.nvcc
      Start 28: test.nvcc_direct
      Start 29: test.nvcc_ldir
      Start 30: test.pch
      Start 31: test.profiling
      Start 32: test.profiling_clang
      Start 33: test.profiling_gcc
      Start 34: test.profiling_gcc_10+
      Start 35: test.profiling_hip_clang
      Start 36: test.readonly
      Start 37: test.readonly_direct
      Start 38: test.remote_file
      Start 39: test.remote_http
      Start 40: test.remote_only
      Start 41: test.remote_redis
      Start 42: test.remote_redis_unix
      Start 43: test.remote_url
      Start 44: test.sanitize_blacklist
      Start 45: test.serialize_diagnostics
      Start 46: test.source_date_epoch
      Start 47: test.split_dwarf
      Start 48: test.stats_log
      Start 49: test.trim_dir
      Start 50: test.upgrade
 1/50 Test  #1: unittest .........................   Passed    0.14 sec
 2/50 Test  #5: test.clang_cu ....................***Skipped   0.16 sec
 3/50 Test  #6: test.clang_cu_alias ..............***Skipped   0.16 sec
 4/50 Test  #7: test.clang_cu_direct .............***Skipped   0.17 sec
 5/50 Test #28: test.nvcc_direct .................***Skipped   0.13 sec
 6/50 Test #21: test.ivfsoverlay .................***Skipped   0.14 sec
 7/50 Test #17: test.fileclone ...................***Skipped   0.15 sec
 8/50 Test #29: test.nvcc_ldir ...................***Skipped   0.14 sec
 9/50 Test #23: test.modules .....................***Skipped   0.15 sec
10/50 Test #27: test.nvcc ........................***Skipped   0.15 sec
11/50 Test #13: test.debug_compilation_dir .......***Skipped   0.18 sec
12/50 Test #24: test.multi_arch ..................***Skipped   0.16 sec
13/50 Test #35: test.profiling_hip_clang .........***Skipped   0.15 sec
14/50 Test #11: test.coverage_compilation_dir ....***Skipped   0.19 sec
15/50 Test #39: test.remote_http .................***Skipped   0.15 sec
16/50 Test #32: test.profiling_clang .............***Skipped   0.16 sec
17/50 Test #37: test.readonly_direct .............***Skipped   0.16 sec
18/50 Test #36: test.readonly ....................***Skipped   0.16 sec
19/50 Test #12: test.coverage_prefix_map .........***Skipped   0.20 sec
20/50 Test #19: test.inode_cache .................***Skipped   0.20 sec
21/50 Test #10: test.config ......................   Passed    0.23 sec
22/50 Test #44: test.sanitize_blacklist ..........***Skipped   0.18 sec
23/50 Test #45: test.serialize_diagnostics .......***Skipped   0.19 sec
24/50 Test #49: test.trim_dir ....................   Passed    0.23 sec
25/50 Test #20: test.input_charset ...............   Passed    0.30 sec
26/50 Test #43: test.remote_url ..................   Passed    0.28 sec
27/50 Test #50: test.upgrade .....................   Passed    0.28 sec
28/50 Test #48: test.stats_log ...................   Passed    0.31 sec
29/50 Test #40: test.remote_only .................   Passed    0.49 sec
30/50 Test #14: test.debug_prefix_map ............   Passed    0.55 sec
31/50 Test #22: test.masquerading ................   Passed    0.64 sec
32/50 Test #26: test.no_compression ..............   Passed    0.74 sec
33/50 Test #34: test.profiling_gcc_10+ ...........   Passed    0.88 sec
34/50 Test #46: test.source_date_epoch ...........   Passed    0.89 sec
35/50 Test #18: test.hardlink ....................   Passed    1.01 sec
36/50 Test #25: test.namespace ...................   Passed    1.09 sec
37/50 Test  #4: test.cache_levels ................   Passed    1.13 sec
38/50 Test #41: test.remote_redis ................   Passed    1.15 sec
39/50 Test #42: test.remote_redis_unix ...........   Passed    1.16 sec
40/50 Test #47: test.split_dwarf .................   Passed    1.47 sec
41/50 Test #33: test.profiling_gcc ...............   Passed    2.15 sec
42/50 Test #15: test.depend ......................   Passed    2.56 sec
43/50 Test #31: test.profiling ...................   Passed    3.38 sec
44/50 Test  #3: test.basedir .....................   Passed    4.95 sec
45/50 Test  #9: test.color_diagnostics ...........   Passed    6.04 sec
46/50 Test #38: test.remote_file .................   Passed    6.46 sec
47/50 Test  #8: test.cleanup .....................   Passed    7.46 sec
48/50 Test #30: test.pch .........................   Passed    9.88 sec
49/50 Test  #2: test.base ........................***Failed   16.86 sec
Compiler:         gcc-11 (/usr/bin/gcc-11)
Compiler version: gcc-11 (Ubuntu 11.4.0-1ubuntu1~22.04.2) 11.4.0
CUDA compiler:    not available

Running test suite base........................................................................................ccache: error: execute_noreturn of /app/test/fake-compilers/gcc-march-native.sh failed: Permission denied

FAILED

Test suite:     base (line 1640)
Test case:      -march=native, GCC
Failure reason: Expected cache_miss to be 1, actual 0

Actual statistics counters
==========================
autoconf_test                    0
bad_compiler_arguments           0
bad_input_file                   0
bad_output_file                  0
cache_miss                       0
cache_size_kibibyte              0
called_for_link                  0
called_for_preprocessing         0
cleanups_performed               0
compile_failed                   0
compiler_check_failed            0
compiler_produced_empty_output   0
compiler_produced_no_output      0
compiler_produced_stdout         0
could_not_find_compiler          0
could_not_use_modules            0
could_not_use_precompiled_header 0
direct_cache_hit                 0
direct_cache_miss                0
disabled                         0
error_hashing_extra_file         0
files_in_cache                   0
internal_error                   1
local_storage_hit                0
local_storage_miss               0
local_storage_read_hit           0
local_storage_read_miss          0
local_storage_write              0
max_cache_size_kibibyte          5242880
max_files_in_cache               0
missing_cache_file               0
modified_input_file              0
multiple_source_files            0
no_input_file                    0
output_to_stdout                 0
preprocessed_cache_hit           0
preprocessed_cache_miss          0
preprocessor_error               0
recache                          0
remote_storage_error             0
remote_storage_hit               0
remote_storage_miss              0
remote_storage_read_hit          0
remote_storage_read_miss         0
remote_storage_timeout           0
remote_storage_write             0
unsupported_code_directive       0
unsupported_compiler_option      0
unsupported_environment_variable 0
unsupported_source_encoding      0
unsupported_source_language      0

Test data and log file have been left in testdir/1323 / testdir/failed

50/50 Test #16: test.direct ......................   Passed   21.39 sec

98% tests passed, 1 tests failed out of 50

Total Test time (real) =  21.42 sec

The following tests did not run:
	  5 - test.clang_cu (Skipped)
	  6 - test.clang_cu_alias (Skipped)
	  7 - test.clang_cu_direct (Skipped)
	 11 - test.coverage_compilation_dir (Skipped)
	 12 - test.coverage_prefix_map (Skipped)
	 13 - test.debug_compilation_dir (Skipped)
	 17 - test.fileclone (Skipped)
	 19 - test.inode_cache (Skipped)
	 21 - test.ivfsoverlay (Skipped)
	 23 - test.modules (Skipped)
	 24 - test.multi_arch (Skipped)
	 27 - test.nvcc (Skipped)
	 28 - test.nvcc_direct (Skipped)
	 29 - test.nvcc_ldir (Skipped)
	 32 - test.profiling_clang (Skipped)
	 35 - test.profiling_hip_clang (Skipped)
	 36 - test.readonly (Skipped)
	 37 - test.readonly_direct (Skipped)
	 39 - test.remote_http (Skipped)
	 44 - test.sanitize_blacklist (Skipped)
	 45 - test.serialize_diagnostics (Skipped)

The following tests FAILED:
	  2 - test.base (Failed)
Errors while running CTest
/bin/sh: 1: xz: not found
tar: testdir.tar.xz: Wrote only 4096 of 10240 bytes
tar: Child returned status 127
tar: Error is not recoverable: exiting now
Manual step: Upload testdir.tar.xz if needed.
