Apache Maven 3.6.3
Maven home: /usr/share/maven
Java version: 17.0.16, vendor: Ubuntu, runtime: /usr/lib/jvm/java-17-openjdk-amd64
Default locale: en_US, platform encoding: ANSI_X3.4-1968
OS name: "linux", version: "5.4.0-204-generic", arch: "amd64", family: "unix"
[INFO] Scanning for projects...
[INFO]
[INFO] -------------------< org.apache.commons:commons-csv >-------------------
[INFO] Building Apache Commons CSV 1.14.2-SNAPSHOT
[INFO] --------------------------------[ jar ]---------------------------------
[INFO]
[INFO] --- maven-enforcer-plugin:3.5.0:enforce (enforce-maven-version) @ commons-csv ---
[INFO] Rule 0: org.apache.maven.enforcer.rules.version.RequireMavenVersion passed
[INFO]
[INFO] --- maven-enforcer-plugin:3.5.0:enforce (enforce-java-version) @ commons-csv ---
[INFO] Rule 0: org.apache.maven.enforcer.rules.version.RequireJavaVersion passed
[INFO]
[INFO] --- apache-rat-plugin:0.16.1:check (rat-check) @ commons-csv ---
[INFO] Rat check: Summary over all files. Unapproved: 0, unknown: 0, generated: 0, approved: 88 licenses.
[INFO]
[INFO] --- maven-artifact-plugin:3.6.0:check-buildplan (check-buildplan) @ commons-csv ---
[INFO] No known issue in 21 plugins
[INFO]
[INFO] --- build-helper-maven-plugin:3.6.1:parse-version (parse-version) @ commons-csv ---
[INFO]
[INFO] --- maven-antrun-plugin:3.1.0:run (javadoc.resources) @ commons-csv ---
[INFO] Executing tasks
[INFO]      [copy] Copying 2 files to /app/target/apidocs/META-INF
[INFO] Executed tasks
[INFO]
[INFO] --- maven-remote-resources-plugin:3.3.0:process (process-resource-bundles) @ commons-csv ---
[INFO] Skipping remote resources execution.
[INFO]
[INFO] --- buildnumber-maven-plugin:3.2.1:create (default) @ commons-csv ---
[INFO] Executing: /bin/sh -c cd '/app' && 'git' 'log' '-1' '--no-merges' '--format=format:%H %aI %aE %aN'
[INFO] Working directory: /app
[WARNING] Cannot get the revision information from the scm repository, proceeding with revision of ?????? :
Exception while executing SCM command.
[INFO] Storing buildNumber: ?????? at timestamp: 1756196676470
[INFO] Executing: /bin/sh -c cd '/app' && 'git' 'symbolic-ref' 'HEAD'
[INFO] Working directory: /app
[WARNING] Cannot get the branch information from the git repository:
Error while executing command.
[INFO] Executing: /bin/sh -c cd '/app' && 'git' 'log' '-1' '--no-merges' '--format=format:%H %aI %aE %aN'
[INFO] Working directory: /app
[WARNING] Cannot get the branch information from the scm repository, proceeding with UNKNOWN_BRANCH :
Exception while executing SCM command.
[INFO] Storing scmBranch: UNKNOWN_BRANCH
[INFO]
[INFO] --- maven-resources-plugin:3.3.1:resources (default-resources) @ commons-csv ---
[INFO] skip non existing resourceDirectory /app/src/main/resources
[INFO] Copying 2 resources from  to target/classes/META-INF
[INFO]
[INFO] --- maven-compiler-plugin:3.14.0:compile (default-compile) @ commons-csv ---
[INFO] Recompiling the module because of changed dependency.
[INFO] Compiling 12 source files with javac [debug release 8] to target/classes
[INFO]
[INFO] --- maven-bundle-plugin:6.0.0:manifest (bundle-manifest) @ commons-csv ---
[INFO] No MANIFEST.MF file found, generating manifest.
[INFO] Writing manifest: /app/target/osgi/MANIFEST.MF
[INFO]
[INFO] --- maven-resources-plugin:3.3.1:testResources (default-testResources) @ commons-csv ---
[INFO] Copying 25 resources from src/test/resources to target/test-classes
[INFO] Copying 2 resources from  to target/test-classes/META-INF
[INFO]
[INFO] --- maven-compiler-plugin:3.14.0:testCompile (default-testCompile) @ commons-csv ---
[INFO] Recompiling the module because of changed dependency.
[INFO] Compiling 41 source files with javac [debug release 8] to target/test-classes
[INFO] /app/src/test/java/org/apache/commons/csv/CSVFileParserTest.java: Some input files use or override a deprecated API.
[INFO] /app/src/test/java/org/apache/commons/csv/CSVFileParserTest.java: Recompile with -Xlint:deprecation for details.
[INFO]
[INFO] --- jacoco-maven-plugin:0.8.13:prepare-agent (prepare-agent) @ commons-csv ---
[INFO] argLine set to -javaagent:/root/.m2/repository/org/jacoco/org.jacoco.agent/0.8.13/org.jacoco.agent-0.8.13-runtime.jar=destfile=/app/target/jacoco.exec
[INFO]
[INFO] --- maven-surefire-plugin:3.5.3:test (default-test) @ commons-csv ---
[INFO] Using auto detected provider org.apache.maven.surefire.junitplatform.JUnitPlatformProvider
[INFO]
[INFO] -------------------------------------------------------
[INFO]  T E S T S
[INFO] -------------------------------------------------------
[INFO] Running org.apache.commons.csv.CSVFormatPredefinedTest
[INFO] Tests run: 10, Failures: 0, Errors: 0, Skipped: 0, Time elapsed: 0.100 s -- in org.apache.commons.csv.CSVFormatPredefinedTest
[INFO] Running org.apache.commons.csv.JiraCsv318Test
[INFO] Tests run: 5, Failures: 0, Errors: 0, Skipped: 0, Time elapsed: 0.035 s -- in org.apache.commons.csv.JiraCsv318Test
[INFO] Running org.apache.commons.csv.CSVFormatTest
[INFO] Tests run: 109, Failures: 0, Errors: 0, Skipped: 0, Time elapsed: 0.138 s -- in org.apache.commons.csv.CSVFormatTest
[INFO] Running org.apache.commons.csv.JiraCsv196Test
[ERROR] Tests run: 2, Failures: 2, Errors: 0, Skipped: 0, Time elapsed: 0.058 s <<< FAILURE! -- in org.apache.commons.csv.JiraCsv196Test
[ERROR] org.apache.commons.csv.JiraCsv196Test.testParseFourBytes -- Time elapsed: 0.047 s <<< FAILURE!
org.opentest4j.AssertionFailedError: At index 3 ==> expected: <701> but was: <1901>
	at org.junit.jupiter.api.AssertionFailureBuilder.build(AssertionFailureBuilder.java:151)
	at org.junit.jupiter.api.AssertionFailureBuilder.buildAndThrow(AssertionFailureBuilder.java:132)
	at org.junit.jupiter.api.AssertEquals.failNotEqual(AssertEquals.java:197)
	at org.junit.jupiter.api.AssertEquals.assertEquals(AssertEquals.java:166)
	at org.junit.jupiter.api.Assertions.assertEquals(Assertions.java:664)
	at org.apache.commons.csv.JiraCsv196Test.testParseFourBytes(JiraCsv196Test.java:52)
	at java.base/java.lang.reflect.Method.invoke(Method.java:569)
	at java.base/java.util.ArrayList.forEach(ArrayList.java:1511)
	at java.base/java.util.ArrayList.forEach(ArrayList.java:1511)

[ERROR] org.apache.commons.csv.JiraCsv196Test.testParseThreeBytes -- Time elapsed: 0.004 s <<< FAILURE!
org.opentest4j.AssertionFailedError: At index 3 ==> expected: <242> but was: <398>
	at org.junit.jupiter.api.AssertionFailureBuilder.build(AssertionFailureBuilder.java:151)
	at org.junit.jupiter.api.AssertionFailureBuilder.buildAndThrow(AssertionFailureBuilder.java:132)
	at org.junit.jupiter.api.AssertEquals.failNotEqual(AssertEquals.java:197)
	at org.junit.jupiter.api.AssertEquals.assertEquals(AssertEquals.java:166)
	at org.junit.jupiter.api.Assertions.assertEquals(Assertions.java:664)
	at org.apache.commons.csv.JiraCsv196Test.testParseThreeBytes(JiraCsv196Test.java:72)
	at java.base/java.lang.reflect.Method.invoke(Method.java:569)
	at java.base/java.util.ArrayList.forEach(ArrayList.java:1511)
	at java.base/java.util.ArrayList.forEach(ArrayList.java:1511)

[INFO] Running org.apache.commons.csv.ExtendedBufferedReaderTest
[INFO] Tests run: 6, Failures: 0, Errors: 0, Skipped: 0, Time elapsed: 0.007 s -- in org.apache.commons.csv.ExtendedBufferedReaderTest
[INFO] Running org.apache.commons.csv.TokenTest
[INFO] Tests run: 5, Failures: 0, Errors: 0, Skipped: 0, Time elapsed: 0.068 s -- in org.apache.commons.csv.TokenTest
[INFO] Running org.apache.commons.csv.LexerTest
[INFO] Tests run: 33, Failures: 0, Errors: 0, Skipped: 0, Time elapsed: 0.027 s -- in org.apache.commons.csv.LexerTest
[INFO] Running org.apache.commons.csv.CSVPrinterTest
[WARNING] Tests run: 144, Failures: 0, Errors: 0, Skipped: 7, Time elapsed: 8.579 s -- in org.apache.commons.csv.CSVPrinterTest
[INFO] Running org.apache.commons.csv.UserGuideTest
[INFO] Tests run: 2, Failures: 0, Errors: 0, Skipped: 0, Time elapsed: 0.019 s -- in org.apache.commons.csv.UserGuideTest
[INFO] Running org.apache.commons.csv.CSVDuplicateHeaderTest
[INFO] Tests run: 348, Failures: 0, Errors: 0, Skipped: 0, Time elapsed: 0.280 s -- in org.apache.commons.csv.CSVDuplicateHeaderTest
[INFO] Running org.apache.commons.csv.CSVFileParserTest
[INFO] Tests run: 14, Failures: 0, Errors: 0, Skipped: 0, Time elapsed: 0.020 s -- in org.apache.commons.csv.CSVFileParserTest
[INFO] Running org.apache.commons.csv.CSVParserTest
[WARNING] Tests run: 154, Failures: 0, Errors: 0, Skipped: 4, Time elapsed: 0.109 s -- in org.apache.commons.csv.CSVParserTest
[INFO] Running org.apache.commons.csv.issues.JiraCsv93Test
[INFO] Tests run: 3, Failures: 0, Errors: 0, Skipped: 0, Time elapsed: 0.003 s -- in org.apache.commons.csv.issues.JiraCsv93Test
[INFO] Running org.apache.commons.csv.issues.JiraCsv149Test
[INFO] Tests run: 2, Failures: 0, Errors: 0, Skipped: 0, Time elapsed: 0.001 s -- in org.apache.commons.csv.issues.JiraCsv149Test
[INFO] Running org.apache.commons.csv.issues.JiraCsv263Test
[INFO] Tests run: 1, Failures: 0, Errors: 0, Skipped: 0, Time elapsed: 0 s -- in org.apache.commons.csv.issues.JiraCsv263Test
[INFO] Running org.apache.commons.csv.issues.JiraCsv264Test
[INFO] Tests run: 3, Failures: 0, Errors: 0, Skipped: 0, Time elapsed: 0.002 s -- in org.apache.commons.csv.issues.JiraCsv264Test
[INFO] Running org.apache.commons.csv.issues.JiraCsv211Test
[INFO] Tests run: 1, Failures: 0, Errors: 0, Skipped: 0, Time elapsed: 0.001 s -- in org.apache.commons.csv.issues.JiraCsv211Test
[INFO] Running org.apache.commons.csv.issues.JiraCsv203Test
[INFO] Tests run: 7, Failures: 0, Errors: 0, Skipped: 0, Time elapsed: 0.003 s -- in org.apache.commons.csv.issues.JiraCsv203Test
[INFO] Running org.apache.commons.csv.issues.JiraCsv154Test
[INFO] Tests run: 2, Failures: 0, Errors: 0, Skipped: 0, Time elapsed: 0.001 s -- in org.apache.commons.csv.issues.JiraCsv154Test
[INFO] Running org.apache.commons.csv.issues.JiraCsv294Test
[INFO] Tests run: 4, Failures: 0, Errors: 0, Skipped: 0, Time elapsed: 0.003 s -- in org.apache.commons.csv.issues.JiraCsv294Test
[INFO] Running org.apache.commons.csv.issues.JiraCsv249Test
[INFO] Tests run: 1, Failures: 0, Errors: 0, Skipped: 0, Time elapsed: 0.001 s -- in org.apache.commons.csv.issues.JiraCsv249Test
[INFO] Running org.apache.commons.csv.issues.JiraCsv248Test
[INFO] Tests run: 1, Failures: 0, Errors: 0, Skipped: 0, Time elapsed: 0.005 s -- in org.apache.commons.csv.issues.JiraCsv248Test
[INFO] Running org.apache.commons.csv.issues.JiraCsv148Test
[INFO] Tests run: 2, Failures: 0, Errors: 0, Skipped: 0, Time elapsed: 0.001 s -- in org.apache.commons.csv.issues.JiraCsv148Test
[INFO] Running org.apache.commons.csv.issues.JiraCsv265Test
[INFO] Tests run: 2, Failures: 0, Errors: 0, Skipped: 0, Time elapsed: 0.001 s -- in org.apache.commons.csv.issues.JiraCsv265Test
[INFO] Running org.apache.commons.csv.issues.JiraCsv198Test
[INFO] Tests run: 1, Failures: 0, Errors: 0, Skipped: 0, Time elapsed: 0.671 s -- in org.apache.commons.csv.issues.JiraCsv198Test
[INFO] Running org.apache.commons.csv.issues.JiraCsv247Test
[INFO] Tests run: 2, Failures: 0, Errors: 0, Skipped: 0, Time elapsed: 0.002 s -- in org.apache.commons.csv.issues.JiraCsv247Test
[INFO] Running org.apache.commons.csv.issues.JiraCsv257Test
[INFO] Tests run: 3, Failures: 0, Errors: 0, Skipped: 0, Time elapsed: 0.002 s -- in org.apache.commons.csv.issues.JiraCsv257Test
[INFO] Running org.apache.commons.csv.issues.JiraCsv290Test
[INFO] Tests run: 3, Failures: 0, Errors: 0, Skipped: 0, Time elapsed: 0.003 s -- in org.apache.commons.csv.issues.JiraCsv290Test
[INFO] Running org.apache.commons.csv.issues.JiraCsv271Test
[INFO] Tests run: 2, Failures: 0, Errors: 0, Skipped: 0, Time elapsed: 0.001 s -- in org.apache.commons.csv.issues.JiraCsv271Test
[INFO] Running org.apache.commons.csv.issues.JiraCsv206Test
[INFO] Tests run: 1, Failures: 0, Errors: 0, Skipped: 0, Time elapsed: 0.001 s -- in org.apache.commons.csv.issues.JiraCsv206Test
[INFO] Running org.apache.commons.csv.issues.JiraCsv253Test
[INFO] Tests run: 1, Failures: 0, Errors: 0, Skipped: 0, Time elapsed: 0.001 s -- in org.apache.commons.csv.issues.JiraCsv253Test
[INFO] Running org.apache.commons.csv.issues.JiraCsv213Test
[INFO] Tests run: 1, Failures: 0, Errors: 0, Skipped: 0, Time elapsed: 0.001 s -- in org.apache.commons.csv.issues.JiraCsv213Test
[INFO] Running org.apache.commons.csv.issues.JiraCsv167Test
[INFO] Tests run: 1, Failures: 0, Errors: 0, Skipped: 0, Time elapsed: 0.002 s -- in org.apache.commons.csv.issues.JiraCsv167Test
[INFO] Running org.apache.commons.csv.issues.JiraCsv150Test
[INFO] Tests run: 3, Failures: 0, Errors: 0, Skipped: 0, Time elapsed: 0.002 s -- in org.apache.commons.csv.issues.JiraCsv150Test
[INFO] Running org.apache.commons.csv.issues.JiraCsv254Test
[INFO] Tests run: 1, Failures: 0, Errors: 0, Skipped: 0, Time elapsed: 0.001 s -- in org.apache.commons.csv.issues.JiraCsv254Test
[INFO] Running org.apache.commons.csv.issues.JiraCsv288Test
[INFO] Tests run: 12, Failures: 0, Errors: 0, Skipped: 0, Time elapsed: 0.006 s -- in org.apache.commons.csv.issues.JiraCsv288Test
[INFO] Running org.apache.commons.csv.CSVRecordTest
[INFO] Tests run: 31, Failures: 0, Errors: 0, Skipped: 0, Time elapsed: 0.026 s -- in org.apache.commons.csv.CSVRecordTest
[INFO]
[INFO] Results:
[INFO]
[ERROR] Failures:
[ERROR]   JiraCsv196Test.testParseFourBytes:52 At index 3 ==> expected: <701> but was: <1901>
[ERROR]   JiraCsv196Test.testParseThreeBytes:72 At index 3 ==> expected: <242> but was: <398>
[INFO]
[ERROR] Tests run: 923, Failures: 2, Errors: 0, Skipped: 11
[INFO]
[INFO] ------------------------------------------------------------------------
[INFO] BUILD FAILURE
[INFO] ------------------------------------------------------------------------
[INFO] Total time:  33.806 s
[INFO] Finished at: 2025-08-26T01:24:56-07:00
[INFO] ------------------------------------------------------------------------
[ERROR] Failed to execute goal org.apache.maven.plugins:maven-surefire-plugin:3.5.3:test (default-test) on project commons-csv: There are test failures.
[ERROR]
[ERROR] See /app/target/surefire-reports for the individual test results.
[ERROR] See dump files (if any exist) [date].dump, [date]-jvmRun[N].dump and [date].dumpstream.
[ERROR] -> [Help 1]
[ERROR]
[ERROR] To see the full stack trace of the errors, re-run Maven with the -e switch.
[ERROR] Re-run Maven using the -X switch to enable full debug logging.
[ERROR]
[ERROR] For more information about the errors and possible solutions, please read the following articles:
[ERROR] [Help 1] http://cwiki.apache.org/confluence/display/MAVEN/MojoFailureException
