Apache Maven 3.9.11 (3e54c93a704957b63ee3494413a2b544fd3d825b)
Maven home: /root/.m2/wrapper/dists/apache-maven-3.9.11-bin/86516310/apache-maven-3.9.11
Java version: 21.0.7, vendor: Eclipse Adoptium, runtime: /opt/java/openjdk
Default locale: en_US, platform encoding: UTF-8
OS name: "linux", version: "5.4.0-204-generic", arch: "amd64", family: "unix"
[INFO] Scanning for projects...
[INFO] Inspecting build with total of 1 modules
[INFO] Installing Central Publishing features
[INFO]
[INFO] ------------------------< org.mybatis:mybatis >-------------------------
[INFO] Building mybatis 3.6.0-SNAPSHOT
[INFO]   from pom.xml
[INFO] --------------------------------[ jar ]---------------------------------
[INFO]
[INFO] --- enforcer:3.5.0:enforce (enforce-java) @ mybatis ---
[INFO] Rule 0: org.codehaus.mojo.extraenforcer.dependencies.EnforceBytecodeVersion passed
[INFO] Rule 1: org.apache.maven.enforcer.rules.version.RequireJavaVersion passed
[INFO] Rule 2: org.apache.maven.enforcer.rules.version.RequireMavenVersion passed
[INFO] Rule 3: org.apache.maven.enforcer.rules.RequirePluginVersions passed
[INFO]
[INFO] --- git-commit-id:9.0.2:revision (git-commit-id) @ mybatis ---
[INFO]
[INFO] --- jacoco:0.8.13:prepare-agent (prepare-agent) @ mybatis ---
[INFO] argLine set to -javaagent:/root/.m2/repository/org/jacoco/org.jacoco.agent/0.8.13/org.jacoco.agent-0.8.13-runtime.jar=destfile=/app/target/jacoco.exec,excludes=org.apache.ibatis.ognl.*:org.apache.ibatis.javassist.* -Xmx2048m -javaagent:${settings.localRepository}/net/bytebuddy/byte-buddy-agent/1.17.6/byte-buddy-agent-1.17.6.jar
[INFO]
[INFO] --- whitespace:1.5.0:trim (default) @ mybatis ---
[INFO] Processing the following extensions: 4gl,42m,c,cb,cfg,cpp,css,dat,groovy,h,html,ini,java,js,json,jsonp,jsp,jspx,jsx,ksh,kt,kts,md,mk,msg,pl,pm,properties,reg,scala,scss,sh,sql,toml,ts,tsx,wadl,wsdl,xhtml,xml,xsd,yaml,yml
[INFO]
[INFO] --- formatter:2.26.0:format (default) @ mybatis ---
[INFO] Processed 1386 files in 4s244ms (Formatted: 0, Skipped: 0, Unchanged: 1386, Failed: 0, Readonly: 0)
[INFO]
[INFO] --- impsort:1.12.0:sort (default) @ mybatis ---
[INFO] Processed 1386 files in 00:02.504 (Already Sorted: 1386, Needed Sorting: 0)
[INFO]
[INFO] >>> rewrite:6.10.0:run (default) > process-test-classes @ mybatis >>>
[INFO]
[INFO] --- enforcer:3.5.0:enforce (enforce-java) @ mybatis ---
[INFO] Rule 0: org.codehaus.mojo.extraenforcer.dependencies.EnforceBytecodeVersion passed
[INFO] Rule 3: org.apache.maven.enforcer.rules.RequirePluginVersions passed
[INFO]
[INFO] --- git-commit-id:9.0.2:revision (git-commit-id) @ mybatis ---
[INFO]
[INFO] --- jacoco:0.8.13:prepare-agent (prepare-agent) @ mybatis ---
[INFO] argLine set to -javaagent:/root/.m2/repository/org/jacoco/org.jacoco.agent/0.8.13/org.jacoco.agent-0.8.13-runtime.jar=destfile=/app/target/jacoco.exec,excludes=org.apache.ibatis.ognl.*:org.apache.ibatis.javassist.* -Xmx2048m -javaagent:${settings.localRepository}/net/bytebuddy/byte-buddy-agent/1.17.6/byte-buddy-agent-1.17.6.jar
[INFO]
[INFO] --- whitespace:1.5.0:trim (default) @ mybatis ---
[INFO] Processing the following extensions: 4gl,42m,c,cb,cfg,cpp,css,dat,groovy,h,html,ini,java,js,json,jsonp,jsp,jspx,jsx,ksh,kt,kts,md,mk,msg,pl,pm,properties,reg,scala,scss,sh,sql,toml,ts,tsx,wadl,wsdl,xhtml,xml,xsd,yaml,yml
[INFO]
[INFO] --- formatter:2.26.0:format (default) @ mybatis ---
[INFO] Processed 1386 files in 124ms (Formatted: 0, Skipped: 1386, Unchanged: 0, Failed: 0, Readonly: 0)
[INFO]
[INFO] --- impsort:1.12.0:sort (default) @ mybatis ---
[INFO] Processed 1386 files in 00:00.052 (Already Sorted: 1386, Needed Sorting: 0)
[INFO]
[INFO] --- license:5.0.0:format (default) @ mybatis ---
[INFO] License Plugin is Skipped
[INFO]
[INFO] --- git-build-hook:3.5.0:install (default) @ mybatis ---
[INFO]
[INFO] --- resources:3.3.1:resources (default-resources) @ mybatis ---
[INFO] Copying 4 resources from src/main/resources to target/classes
[INFO] Copying 2 resources from  to target/classes/META-INF
[INFO]
[INFO] --- compiler:3.14.0:compile (default-compile) @ mybatis ---
[INFO] Compiling 389 source files with javac [debug parameters release 11] to target/classes
[WARNING] /app/src/main/java/org/apache/ibatis/annotations/Arg.java:[75,54] org.apache.ibatis.type.UnknownTypeHandler in org.apache.ibatis.type has been deprecated and marked for removal
[WARNING] /app/src/main/java/org/apache/ibatis/annotations/Result.java:[81,54] org.apache.ibatis.type.UnknownTypeHandler in org.apache.ibatis.type has been deprecated and marked for removal
[WARNING] /app/src/main/java/org/apache/ibatis/builder/annotation/MapperAnnotationBuilder.java:[273,29] org.apache.ibatis.type.UnknownTypeHandler in org.apache.ibatis.type has been deprecated and marked for removal
[WARNING] /app/src/main/java/org/apache/ibatis/builder/annotation/MapperAnnotationBuilder.java:[456,29] org.apache.ibatis.type.UnknownTypeHandler in org.apache.ibatis.type has been deprecated and marked for removal
[WARNING] /app/src/main/java/org/apache/ibatis/builder/annotation/MapperAnnotationBuilder.java:[533,29] org.apache.ibatis.type.UnknownTypeHandler in org.apache.ibatis.type has been deprecated and marked for removal
[WARNING] /app/src/main/java/org/apache/ibatis/annotations/TypeDiscriminator.java:[76,54] org.apache.ibatis.type.UnknownTypeHandler in org.apache.ibatis.type has been deprecated and marked for removal
[WARNING] /app/src/main/java/org/apache/ibatis/builder/ResultMappingConstructorResolver.java:[259,62] org.apache.ibatis.type.UnknownTypeHandler in org.apache.ibatis.type has been deprecated and marked for removal
[INFO] /app/src/main/java/org/apache/ibatis/session/Configuration.java: Some input files use or override a deprecated API.
[INFO] /app/src/main/java/org/apache/ibatis/session/Configuration.java: Recompile with -Xlint:deprecation for details.
[INFO] /app/src/main/java/org/apache/ibatis/reflection/MetaObject.java: Some input files use unchecked or unsafe operations.
[INFO] /app/src/main/java/org/apache/ibatis/reflection/MetaObject.java: Recompile with -Xlint:unchecked for details.
[INFO]
[INFO] --- bnd:7.1.0:bnd-process (bnd-process) @ mybatis ---
[INFO]
[INFO] --- resources:3.3.1:testResources (default-testResources) @ mybatis ---
[INFO] Copying 581 resources from src/test/resources to target/test-classes
[INFO]
[INFO] --- compiler:3.14.0:testCompile (default-testCompile) @ mybatis ---
[INFO] Compiling 997 source files with javac [debug parameters release 17] to target/test-classes
[WARNING] /app/src/test/java/org/apache/ibatis/io/ResolverUtilTest.java:[61,5] java.security.AccessController in java.security has been deprecated and marked for removal
[WARNING] /app/src/test/java/org/apache/ibatis/type/TypeHandlerRegistryTest.java:[95,24] <T>register(org.apache.ibatis.type.TypeReference<T>,org.apache.ibatis.type.TypeHandler<? extends T>) in org.apache.ibatis.type.TypeHandlerRegistry has been deprecated and marked for removal
[WARNING] /app/src/test/java/org/apache/ibatis/type/TypeHandlerRegistryTest.java:[96,48] <T>getTypeHandler(org.apache.ibatis.type.TypeReference<T>) in org.apache.ibatis.type.TypeHandlerRegistry has been deprecated and marked for removal
[WARNING] /app/src/test/java/org/apache/ibatis/type/TypeHandlerRegistryTest.java:[130,48] <T>getTypeHandler(org.apache.ibatis.type.TypeReference<T>) in org.apache.ibatis.type.TypeHandlerRegistry has been deprecated and marked for removal
[WARNING] /app/src/test/java/org/apache/ibatis/type/UnknownTypeHandlerTest.java:[34,67] org.apache.ibatis.type.UnknownTypeHandler in org.apache.ibatis.type has been deprecated and marked for removal
[WARNING] /app/src/test/java/org/apache/ibatis/type/UnknownTypeHandlerTest.java:[109,55] org.apache.ibatis.type.UnknownTypeHandler in org.apache.ibatis.type has been deprecated and marked for removal
[WARNING] /app/src/test/java/org/apache/ibatis/type/UnknownTypeHandlerTest.java:[122,55] org.apache.ibatis.type.UnknownTypeHandler in org.apache.ibatis.type has been deprecated and marked for removal
[WARNING] /app/src/test/java/org/apache/ibatis/type/UnknownTypeHandlerTest.java:[134,55] org.apache.ibatis.type.UnknownTypeHandler in org.apache.ibatis.type has been deprecated and marked for removal
[WARNING] /app/src/test/java/org/apache/ibatis/type/UnknownTypeHandlerTest.java:[146,55] org.apache.ibatis.type.UnknownTypeHandler in org.apache.ibatis.type has been deprecated and marked for removal
[INFO] /app/src/test/java/org/apache/ibatis/jdbc/SelectBuilderTest.java: Some input files use or override a deprecated API.
[INFO] /app/src/test/java/org/apache/ibatis/jdbc/SelectBuilderTest.java: Recompile with -Xlint:deprecation for details.
[INFO] /app/src/test/java/org/apache/ibatis/builder/XmlConfigBuilderTest.java: Some input files use unchecked or unsafe operations.
[INFO] /app/src/test/java/org/apache/ibatis/builder/XmlConfigBuilderTest.java: Recompile with -Xlint:unchecked for details.
[INFO]
[INFO] <<< rewrite:6.10.0:run (default) < process-test-classes @ mybatis <<<
[INFO]
[INFO]
[INFO] --- rewrite:6.10.0:run (default) @ mybatis ---
[INFO] Using active recipe(s) [org.openrewrite.java.RemoveUnusedImports]
[INFO] Using active styles(s) []
[INFO] Validating active recipes...
[INFO] Project [mybatis] Resolving Poms...
[INFO] Project [mybatis] Parsing source files
[WARNING] There were problems parsing some source files, run with --errors to see full stack traces
[WARNING] There were problems parsing src/test/java/org/apache/ibatis/builder/ResultMappingConstructorResolverTest.java
[INFO] Running recipe(s)...
[INFO]
[INFO] --- license:5.0.0:format (default) @ mybatis ---
[INFO] License Plugin is Skipped
[INFO]
[INFO] --- git-build-hook:3.5.0:install (default) @ mybatis ---
[INFO]
[INFO] --- resources:3.3.1:resources (default-resources) @ mybatis ---
[INFO] Copying 4 resources from src/main/resources to target/classes
[INFO] Copying 2 resources from  to target/classes/META-INF
[INFO]
[INFO] --- compiler:3.14.0:compile (default-compile) @ mybatis ---
[INFO] Nothing to compile - all classes are up to date.
[INFO]
[INFO] --- bnd:7.1.0:bnd-process (bnd-process) @ mybatis ---
[INFO]
[INFO] --- resources:3.3.1:testResources (default-testResources) @ mybatis ---
[INFO] Copying 581 resources from src/test/resources to target/test-classes
[INFO]
[INFO] --- compiler:3.14.0:testCompile (default-testCompile) @ mybatis ---
[INFO] Nothing to compile - all classes are up to date.
[INFO]
[INFO] --- surefire:3.5.3:test (default-test) @ mybatis ---
[INFO] Using auto detected provider org.apache.maven.surefire.junitplatform.JUnitPlatformProvider
[INFO]
[INFO] -------------------------------------------------------
[INFO]  T E S T S
[INFO] -------------------------------------------------------
[INFO] Running org.apache.ibatis.mapping.ResultMappingTest
[INFO] Tests run: 4, Failures: 0, Errors: 0, Skipped: 0, Time elapsed: 1.056 s -- in org.apache.ibatis.mapping.ResultMappingTest
[INFO] Running org.apache.ibatis.mapping.CacheBuilderTest
01:27:16,802 |-INFO in ch.qos.logback.classic.LoggerContext[default] - This is logback-classic version 1.5.18
01:27:16,803 |-INFO in ch.qos.logback.classic.util.ContextInitializer@13056efe - No custom configurators were discovered as a service.
01:27:16,803 |-INFO in ch.qos.logback.classic.util.ContextInitializer@13056efe - Trying to configure with ch.qos.logback.classic.joran.SerializedModelConfigurator
01:27:16,805 |-INFO in ch.qos.logback.classic.util.ContextInitializer@13056efe - Constructed configurator of type class ch.qos.logback.classic.joran.SerializedModelConfigurator
01:27:16,820 |-INFO in ch.qos.logback.classic.LoggerContext[default] - Could NOT find resource [logback-test.scmo]
01:27:16,820 |-INFO in ch.qos.logback.classic.LoggerContext[default] - Could NOT find resource [logback.scmo]
01:27:16,826 |-INFO in ch.qos.logback.classic.util.ContextInitializer@13056efe - ch.qos.logback.classic.joran.SerializedModelConfigurator.configure() call lasted 16 milliseconds. ExecutionStatus=INVOKE_NEXT_IF_ANY
01:27:16,826 |-INFO in ch.qos.logback.classic.util.ContextInitializer@13056efe - Trying to configure with ch.qos.logback.classic.util.DefaultJoranConfigurator
01:27:16,827 |-INFO in ch.qos.logback.classic.util.ContextInitializer@13056efe - Constructed configurator of type class ch.qos.logback.classic.util.DefaultJoranConfigurator
01:27:16,829 |-INFO in ch.qos.logback.classic.LoggerContext[default] - Found resource [logback-test.xml] at [file:/app/target/test-classes/logback-test.xml]
01:27:16,905 |-WARN in ch.qos.logback.classic.joran.action.LevelAction - <level> element is deprecated. Near [level] on line 31
01:27:16,905 |-WARN in ch.qos.logback.classic.joran.action.LevelAction - Please use "level" attribute within <logger> or <root> elements instead.
01:27:16,906 |-WARN in ch.qos.logback.classic.joran.action.LevelAction - <level> element is deprecated. Near [level] on line 34
01:27:16,906 |-WARN in ch.qos.logback.classic.joran.action.LevelAction - Please use "level" attribute within <logger> or <root> elements instead.
01:27:16,906 |-WARN in ch.qos.logback.classic.joran.action.LevelAction - <level> element is deprecated. Near [level] on line 37
01:27:16,906 |-WARN in ch.qos.logback.classic.joran.action.LevelAction - Please use "level" attribute within <logger> or <root> elements instead.
01:27:16,970 |-INFO in ch.qos.logback.core.model.processor.AppenderModelHandler - Processing appender named [stdout]
01:27:16,970 |-INFO in ch.qos.logback.core.model.processor.AppenderModelHandler - About to instantiate appender of type [ch.qos.logback.core.ConsoleAppender]
01:27:16,983 |-INFO in ch.qos.logback.core.model.processor.ImplicitModelHandler - Assuming default type [ch.qos.logback.classic.encoder.PatternLayoutEncoder] for [encoder] property
01:27:17,029 |-INFO in ch.qos.logback.core.ConsoleAppender[stdout] - BEWARE: Writing to the console can be very slow. Avoid logging to the
01:27:17,029 |-INFO in ch.qos.logback.core.ConsoleAppender[stdout] - console in production environments, especially in high volume systems.
01:27:17,029 |-INFO in ch.qos.logback.core.ConsoleAppender[stdout] - See also https://logback.qos.ch/codes.html#slowConsole
01:27:17,029 |-INFO in ch.qos.logback.core.model.processor.AppenderModelHandler - Processing appender named [lastEventSavedAppender]
01:27:17,029 |-INFO in ch.qos.logback.core.model.processor.AppenderModelHandler - About to instantiate appender of type [org.apache.ibatis.session.AutoMappingUnknownColumnBehaviorTest$LastEventSavedAppender]
01:27:17,030 |-INFO in ch.qos.logback.classic.model.processor.LevelModelHandler - org.apache.ibatis level set to ERROR
01:27:17,030 |-INFO in ch.qos.logback.classic.model.processor.LevelModelHandler - org.apache.ibatis.logging level set to DEBUG
01:27:17,030 |-INFO in ch.qos.logback.classic.model.processor.LevelModelHandler - org.apache.ibatis.session.AutoMappingUnknownColumnBehavior level set to WARN
01:27:17,030 |-INFO in ch.qos.logback.core.model.processor.AppenderRefModelHandler - Attaching appender named [lastEventSavedAppender] to Logger[org.apache.ibatis.session.AutoMappingUnknownColumnBehavior]
01:27:17,031 |-INFO in ch.qos.logback.classic.model.processor.RootLoggerModelHandler - Setting level of ROOT logger to ERROR
01:27:17,031 |-INFO in ch.qos.logback.core.model.processor.AppenderRefModelHandler - Attaching appender named [stdout] to Logger[ROOT]
01:27:17,031 |-INFO in ch.qos.logback.core.model.processor.DefaultProcessor@121ec5c2 - End of configuration.
01:27:17,032 |-INFO in ch.qos.logback.classic.joran.JoranConfigurator@184b24d4 - Registering current configuration as safe fallback point
01:27:17,032 |-INFO in ch.qos.logback.classic.util.ContextInitializer@13056efe - ch.qos.logback.classic.util.DefaultJoranConfigurator.configure() call lasted 205 milliseconds. ExecutionStatus=DO_NOT_INVOKE_NEXT_IF_ANY

01:27:17.042 DEBUG [main] o.apache.ibatis.logging.LogFactory - Logging initialized using 'class org.apache.ibatis.logging.slf4j.Slf4jImpl' adapter.
[INFO] Tests run: 2, Failures: 0, Errors: 0, Skipped: 0, Time elapsed: 0.380 s -- in org.apache.ibatis.mapping.CacheBuilderTest
[INFO] Running org.apache.ibatis.mapping.VendorDatabaseIdProviderTest
[INFO] Tests run: 6, Failures: 0, Errors: 0, Skipped: 0, Time elapsed: 0.171 s -- in org.apache.ibatis.mapping.VendorDatabaseIdProviderTest
[INFO] Running org.apache.ibatis.mapping.BoundSqlTest
[INFO] Tests run: 1, Failures: 0, Errors: 0, Skipped: 0, Time elapsed: 0.039 s -- in org.apache.ibatis.mapping.BoundSqlTest
[INFO] Running org.apache.ibatis.exceptions.GeneralExceptionsTest
[INFO] Tests run: 2, Failures: 0, Errors: 0, Skipped: 0, Time elapsed: 0.007 s -- in org.apache.ibatis.exceptions.GeneralExceptionsTest
[INFO] Running org.apache.ibatis.immutable.ImmutableConstructorTest
[INFO] Tests run: 5, Failures: 0, Errors: 0, Skipped: 0, Time elapsed: 2.981 s -- in org.apache.ibatis.immutable.ImmutableConstructorTest
[INFO] Running org.apache.ibatis.binding.FlushTest
[INFO] Tests run: 1, Failures: 0, Errors: 0, Skipped: 0, Time elapsed: 0.364 s -- in org.apache.ibatis.binding.FlushTest
[INFO] Running org.apache.ibatis.binding.WrongNamespacesTest
[INFO] Tests run: 2, Failures: 0, Errors: 0, Skipped: 0, Time elapsed: 0.011 s -- in org.apache.ibatis.binding.WrongNamespacesTest
[INFO] Running org.apache.ibatis.binding.MapperMethodParamTest
[INFO] Tests run: 2, Failures: 0, Errors: 0, Skipped: 0, Time elapsed: 0.038 s -- in org.apache.ibatis.binding.MapperMethodParamTest
[INFO] Running org.apache.ibatis.binding.BindingTest
[INFO] Tests run: 53, Failures: 0, Errors: 0, Skipped: 0, Time elapsed: 0.985 s -- in org.apache.ibatis.binding.BindingTest
[INFO] Running org.apache.ibatis.binding.WrongMapperTest
[INFO] Tests run: 1, Failures: 0, Errors: 0, Skipped: 0, Time elapsed: 0.003 s -- in org.apache.ibatis.binding.WrongMapperTest
[INFO] Running org.apache.ibatis.parsing.GenericTokenParserTest
[WARNING] Tests run: 25, Failures: 0, Errors: 0, Skipped: 1, Time elapsed: 0.079 s -- in org.apache.ibatis.parsing.GenericTokenParserTest
[INFO] Running org.apache.ibatis.parsing.PropertyParserTest
[INFO] Tests run: 4, Failures: 0, Errors: 0, Skipped: 0, Time elapsed: 0.003 s -- in org.apache.ibatis.parsing.PropertyParserTest
[INFO] Running org.apache.ibatis.parsing.XNodeTest
[INFO] Tests run: 3, Failures: 0, Errors: 0, Skipped: 0, Time elapsed: 0.008 s -- in org.apache.ibatis.parsing.XNodeTest
[INFO] Running org.apache.ibatis.parsing.XPathParserTest
[INFO] Tests run: 16, Failures: 0, Errors: 0, Skipped: 0, Time elapsed: 0.116 s -- in org.apache.ibatis.parsing.XPathParserTest
[INFO] Running org.apache.ibatis.cursor.defaults.DefaultCursorTest
[INFO] Tests run: 1, Failures: 0, Errors: 0, Skipped: 0, Time elapsed: 0.106 s -- in org.apache.ibatis.cursor.defaults.DefaultCursorTest
[INFO] Running org.apache.ibatis.jdbc.NullTest
[INFO] Tests run: 1, Failures: 0, Errors: 0, Skipped: 0, Time elapsed: 0.002 s -- in org.apache.ibatis.jdbc.NullTest
[INFO] Running org.apache.ibatis.jdbc.ScriptRunnerTest
-- @DELIMITER |
line 1;
line 2;


//  @DELIMITER  ;
line 3

-- //@deLimiTer $  blah
line 4

// //@DELIMITER %
line 5

-- @DELIMITER ||
line 1;
line 2;


//  @DELIMITER  ;
line 3

[WARNING] Tests run: 12, Failures: 0, Errors: 0, Skipped: 1, Time elapsed: 0.690 s -- in org.apache.ibatis.jdbc.ScriptRunnerTest
[INFO] Running org.apache.ibatis.jdbc.SqlBuilderTest
[INFO] Tests run: 5, Failures: 0, Errors: 0, Skipped: 0, Time elapsed: 0.003 s -- in org.apache.ibatis.jdbc.SqlBuilderTest
[INFO] Running org.apache.ibatis.jdbc.SqlRunnerTest
[INFO] Tests run: 6, Failures: 0, Errors: 0, Skipped: 0, Time elapsed: 0.312 s -- in org.apache.ibatis.jdbc.SqlRunnerTest
[INFO] Running org.apache.ibatis.jdbc.PooledDataSourceTest
[INFO] Tests run: 3, Failures: 0, Errors: 0, Skipped: 0, Time elapsed: 0.010 s -- in org.apache.ibatis.jdbc.PooledDataSourceTest
[INFO] Running org.apache.ibatis.jdbc.SQLTest
[INFO] Tests run: 38, Failures: 0, Errors: 0, Skipped: 0, Time elapsed: 0.032 s -- in org.apache.ibatis.jdbc.SQLTest
[INFO] Running org.apache.ibatis.jdbc.SelectBuilderTest
[INFO] Tests run: 5, Failures: 0, Errors: 0, Skipped: 0, Time elapsed: 0.003 s -- in org.apache.ibatis.jdbc.SelectBuilderTest
[INFO] Running org.apache.ibatis.type.JapaneseDateTypeHandlerTest
[INFO] Tests run: 7, Failures: 0, Errors: 0, Skipped: 0, Time elapsed: 0.259 s -- in org.apache.ibatis.type.JapaneseDateTypeHandlerTest
[INFO] Running org.apache.ibatis.type.ByteTypeHandlerTest
[INFO] Tests run: 7, Failures: 0, Errors: 0, Skipped: 0, Time elapsed: 0.013 s -- in org.apache.ibatis.type.ByteTypeHandlerTest
[INFO] Running org.apache.ibatis.type.SimpleTypeRegistryTest
[INFO] Tests run: 3, Failures: 0, Errors: 0, Skipped: 0, Time elapsed: 0.002 s -- in org.apache.ibatis.type.SimpleTypeRegistryTest
[INFO] Running org.apache.ibatis.type.LocalDateTypeHandlerTest
[INFO] Tests run: 7, Failures: 0, Errors: 0, Skipped: 0, Time elapsed: 0.013 s -- in org.apache.ibatis.type.LocalDateTypeHandlerTest
[INFO] Running org.apache.ibatis.type.ByteObjectArrayTypeHandlerTest
[INFO] Tests run: 7, Failures: 0, Errors: 0, Skipped: 0, Time elapsed: 0.028 s -- in org.apache.ibatis.type.ByteObjectArrayTypeHandlerTest
[INFO] Running org.apache.ibatis.type.OffsetDateTimeTypeHandlerTest
[INFO] Tests run: 7, Failures: 0, Errors: 0, Skipped: 0, Time elapsed: 0.013 s -- in org.apache.ibatis.type.OffsetDateTimeTypeHandlerTest
[INFO] Running org.apache.ibatis.type.EnumTypeHandlerTest
[INFO] Tests run: 8, Failures: 0, Errors: 0, Skipped: 0, Time elapsed: 0.011 s -- in org.apache.ibatis.type.EnumTypeHandlerTest
[INFO] Running org.apache.ibatis.type.TypeHandlerRegistryTest
[INFO] Tests run: 11, Failures: 0, Errors: 0, Skipped: 0, Time elapsed: 0.210 s -- in org.apache.ibatis.type.TypeHandlerRegistryTest
[INFO] Running org.apache.ibatis.type.ObjectTypeHandlerTest
[INFO] Tests run: 7, Failures: 0, Errors: 0, Skipped: 0, Time elapsed: 0.011 s -- in org.apache.ibatis.type.ObjectTypeHandlerTest
[INFO] Running org.apache.ibatis.type.ByteArrayTypeHandlerTest
[INFO] Tests run: 4, Failures: 0, Errors: 0, Skipped: 0, Time elapsed: 0.008 s -- in org.apache.ibatis.type.ByteArrayTypeHandlerTest
[INFO] Running org.apache.ibatis.type.YearTypeHandlerTest
[INFO] Tests run: 7, Failures: 0, Errors: 0, Skipped: 0, Time elapsed: 0.011 s -- in org.apache.ibatis.type.YearTypeHandlerTest
[INFO] Running org.apache.ibatis.type.YearMonthTypeHandlerTest
[INFO] Tests run: 7, Failures: 0, Errors: 0, Skipped: 0, Time elapsed: 0.011 s -- in org.apache.ibatis.type.YearMonthTypeHandlerTest
[INFO] Running org.apache.ibatis.type.StringTypeHandlerTest
[INFO] Tests run: 4, Failures: 0, Errors: 0, Skipped: 0, Time elapsed: 0.005 s -- in org.apache.ibatis.type.StringTypeHandlerTest
[INFO] Running org.apache.ibatis.type.SqlxmlTypeHandlerTest
01:27:24.176 ERROR [main] o.t.d.DockerClientProviderStrategy - Could not find a valid Docker environment. Please check configuration. Attempted configurations were:
	UnixSocketClientProviderStrategy: failed with exception InvalidConfigurationException (Could not find unix domain socket). Root cause NoSuchFileException (/var/run/docker.sock)
	DockerDesktopClientProviderStrategy: failed with exception NullPointerException (Cannot invoke "java.nio.file.Path.toString()" because the return value of "org.testcontainers.dockerclient.DockerDesktopClientProviderStrategy.getSocketPath()" is null)As no valid configuration was found, execution cannot continue.
See https://java.testcontainers.org/on_failure.html for more details.
[ERROR] Tests run: 1, Failures: 0, Errors: 1, Skipped: 0, Time elapsed: 0.440 s <<< FAILURE! -- in org.apache.ibatis.type.SqlxmlTypeHandlerTest
[ERROR] org.apache.ibatis.type.SqlxmlTypeHandlerTest -- Time elapsed: 0.440 s <<< ERROR!
java.lang.ExceptionInInitializerError
	at org.apache.ibatis.type.SqlxmlTypeHandlerTest.setUp(SqlxmlTypeHandlerTest.java:57)
	at java.base/java.lang.reflect.Method.invoke(Method.java:580)
	at java.base/java.util.ArrayList.forEach(ArrayList.java:1596)
Caused by: java.lang.IllegalStateException: Could not find a valid Docker environment. Please see logs and check configuration
	at org.testcontainers.dockerclient.DockerClientProviderStrategy.lambda$getFirstValidStrategy$7(DockerClientProviderStrategy.java:274)
	at java.base/java.util.Optional.orElseThrow(Optional.java:403)
	at org.testcontainers.dockerclient.DockerClientProviderStrategy.getFirstValidStrategy(DockerClientProviderStrategy.java:265)
	at org.testcontainers.DockerClientFactory.getOrInitializeStrategy(DockerClientFactory.java:154)
	at org.testcontainers.DockerClientFactory.client(DockerClientFactory.java:196)
	at org.testcontainers.DockerClientFactory$1.getDockerClient(DockerClientFactory.java:108)
	at com.github.dockerjava.api.DockerClientDelegate.authConfig(DockerClientDelegate.java:109)
	at org.testcontainers.containers.GenericContainer.start(GenericContainer.java:321)
	at org.apache.ibatis.testcontainers.PgContainer.initContainer(PgContainer.java:38)
	at org.apache.ibatis.testcontainers.PgContainer.<clinit>(PgContainer.java:31)
	... 3 more

[INFO] Running org.apache.ibatis.type.NStringTypeHandlerTest
[INFO] Tests run: 4, Failures: 0, Errors: 0, Skipped: 0, Time elapsed: 0.005 s -- in org.apache.ibatis.type.NStringTypeHandlerTest
[INFO] Running org.apache.ibatis.type.OffsetTimeTypeHandlerTest
[INFO] Tests run: 7, Failures: 0, Errors: 0, Skipped: 0, Time elapsed: 0.008 s -- in org.apache.ibatis.type.OffsetTimeTypeHandlerTest
[INFO] Running org.apache.ibatis.type.UnknownTypeHandlerTest
[INFO] Tests run: 11, Failures: 0, Errors: 0, Skipped: 0, Time elapsed: 0.049 s -- in org.apache.ibatis.type.UnknownTypeHandlerTest
[INFO] Running org.apache.ibatis.type.SqlTimeTypeHandlerTest
[INFO] Tests run: 4, Failures: 0, Errors: 0, Skipped: 0, Time elapsed: 0.005 s -- in org.apache.ibatis.type.SqlTimeTypeHandlerTest
[INFO] Running org.apache.ibatis.type.JdbcTypeTest
[INFO] Tests run: 2, Failures: 0, Errors: 0, Skipped: 0, Time elapsed: 0.002 s -- in org.apache.ibatis.type.JdbcTypeTest
[INFO] Running org.apache.ibatis.type.EnumOrdinalTypeHandlerTest
[INFO] Tests run: 8, Failures: 0, Errors: 0, Skipped: 0, Time elapsed: 0.010 s -- in org.apache.ibatis.type.EnumOrdinalTypeHandlerTest
[INFO] Running org.apache.ibatis.type.BlobTypeHandlerTest
[INFO] Tests run: 7, Failures: 0, Errors: 0, Skipped: 0, Time elapsed: 0.018 s -- in org.apache.ibatis.type.BlobTypeHandlerTest
[INFO] Running org.apache.ibatis.type.InstantTypeHandlerTest
[INFO] Tests run: 7, Failures: 0, Errors: 0, Skipped: 0, Time elapsed: 0.008 s -- in org.apache.ibatis.type.InstantTypeHandlerTest
[INFO] Running org.apache.ibatis.type.ClobReaderTypeHandlerTest
[INFO] Tests run: 8, Failures: 0, Errors: 0, Skipped: 0, Time elapsed: 0.048 s -- in org.apache.ibatis.type.ClobReaderTypeHandlerTest
[INFO] Running org.apache.ibatis.type.SqlTimestampTypeHandlerTest
[INFO] Tests run: 4, Failures: 0, Errors: 0, Skipped: 0, Time elapsed: 0.005 s -- in org.apache.ibatis.type.SqlTimestampTypeHandlerTest
[INFO] Running org.apache.ibatis.type.BigDecimalTypeHandlerTest
[INFO] Tests run: 4, Failures: 0, Errors: 0, Skipped: 0, Time elapsed: 0.004 s -- in org.apache.ibatis.type.BigDecimalTypeHandlerTest
[INFO] Running org.apache.ibatis.type.LocalTimeTypeHandlerTest
[INFO] Tests run: 7, Failures: 0, Errors: 0, Skipped: 0, Time elapsed: 0.006 s -- in org.apache.ibatis.type.LocalTimeTypeHandlerTest
[INFO] Running org.apache.ibatis.type.DateOnlyTypeHandlerTest
[INFO] Tests run: 7, Failures: 0, Errors: 0, Skipped: 0, Time elapsed: 0.007 s -- in org.apache.ibatis.type.DateOnlyTypeHandlerTest
[INFO] Running org.apache.ibatis.type.ShortTypeHandlerTest
[INFO] Tests run: 7, Failures: 0, Errors: 0, Skipped: 0, Time elapsed: 0.007 s -- in org.apache.ibatis.type.ShortTypeHandlerTest
[INFO] Running org.apache.ibatis.type.ArrayTypeHandlerTest
[INFO] Tests run: 10, Failures: 0, Errors: 0, Skipped: 0, Time elapsed: 0.020 s -- in org.apache.ibatis.type.ArrayTypeHandlerTest
[INFO] Running org.apache.ibatis.type.BlobByteObjectArrayTypeHandlerTest
[INFO] Tests run: 7, Failures: 0, Errors: 0, Skipped: 0, Time elapsed: 0.010 s -- in org.apache.ibatis.type.BlobByteObjectArrayTypeHandlerTest
[INFO] Running org.apache.ibatis.type.Jsr310TypeHandlerRegistryTest
[INFO] Tests run: 1, Failures: 0, Errors: 0, Skipped: 0, Time elapsed: 0.002 s -- in org.apache.ibatis.type.Jsr310TypeHandlerRegistryTest
[INFO] Running org.apache.ibatis.type.LocalDateTimeTypeHandlerTest
[INFO] Tests run: 7, Failures: 0, Errors: 0, Skipped: 0, Time elapsed: 0.007 s -- in org.apache.ibatis.type.LocalDateTimeTypeHandlerTest
[INFO] Running org.apache.ibatis.type.NClobTypeHandlerTest
[INFO] Tests run: 7, Failures: 0, Errors: 0, Skipped: 0, Time elapsed: 0.016 s -- in org.apache.ibatis.type.NClobTypeHandlerTest
[INFO] Running org.apache.ibatis.type.CharacterTypeHandlerTest
[INFO] Tests run: 11, Failures: 0, Errors: 0, Skipped: 0, Time elapsed: 0.010 s -- in org.apache.ibatis.type.CharacterTypeHandlerTest
[INFO] Running org.apache.ibatis.type.DoubleTypeHandlerTest
[INFO] Tests run: 7, Failures: 0, Errors: 0, Skipped: 0, Time elapsed: 0.006 s -- in org.apache.ibatis.type.DoubleTypeHandlerTest
[INFO] Running org.apache.ibatis.type.ClobTypeHandlerTest
[INFO] Tests run: 7, Failures: 0, Errors: 0, Skipped: 0, Time elapsed: 0.007 s -- in org.apache.ibatis.type.ClobTypeHandlerTest
[INFO] Running org.apache.ibatis.type.SqlDateTypeHandlerTest
[INFO] Tests run: 4, Failures: 0, Errors: 0, Skipped: 0, Time elapsed: 0.004 s -- in org.apache.ibatis.type.SqlDateTypeHandlerTest
[INFO] Running org.apache.ibatis.type.FloatTypeHandlerTest
[INFO] Tests run: 7, Failures: 0, Errors: 0, Skipped: 0, Time elapsed: 0.006 s -- in org.apache.ibatis.type.FloatTypeHandlerTest
[INFO] Running org.apache.ibatis.type.TimeOnlyTypeHandlerTest
[INFO] Tests run: 7, Failures: 0, Errors: 0, Skipped: 0, Time elapsed: 0.006 s -- in org.apache.ibatis.type.TimeOnlyTypeHandlerTest
[INFO] Running org.apache.ibatis.type.BigIntegerTypeHandlerTest
[INFO] Tests run: 7, Failures: 0, Errors: 0, Skipped: 0, Time elapsed: 0.006 s -- in org.apache.ibatis.type.BigIntegerTypeHandlerTest
[INFO] Running org.apache.ibatis.type.TypeReferenceTest
[INFO] Tests run: 2, Failures: 0, Errors: 0, Skipped: 0, Time elapsed: 0.002 s -- in org.apache.ibatis.type.TypeReferenceTest
[INFO] Running org.apache.ibatis.type.IntegerTypeHandlerTest
[INFO] Tests run: 7, Failures: 0, Errors: 0, Skipped: 0, Time elapsed: 0.006 s -- in org.apache.ibatis.type.IntegerTypeHandlerTest
[INFO] Running org.apache.ibatis.type.DateTypeHandlerTest
[INFO] Tests run: 7, Failures: 0, Errors: 0, Skipped: 0, Time elapsed: 0.006 s -- in org.apache.ibatis.type.DateTypeHandlerTest
[INFO] Running org.apache.ibatis.type.TypeAliasRegistryTest
[INFO] Tests run: 9, Failures: 0, Errors: 0, Skipped: 0, Time elapsed: 0.006 s -- in org.apache.ibatis.type.TypeAliasRegistryTest
[INFO] Running org.apache.ibatis.type.ZonedDateTimeTypeHandlerTest
[INFO] Tests run: 7, Failures: 0, Errors: 0, Skipped: 0, Time elapsed: 0.006 s -- in org.apache.ibatis.type.ZonedDateTimeTypeHandlerTest
[INFO] Running org.apache.ibatis.type.MonthTypeHandlerTest
[INFO] Tests run: 7, Failures: 0, Errors: 0, Skipped: 0, Time elapsed: 0.006 s -- in org.apache.ibatis.type.MonthTypeHandlerTest
[INFO] Running org.apache.ibatis.type.BooleanTypeHandlerTest
[INFO] Tests run: 7, Failures: 0, Errors: 0, Skipped: 0, Time elapsed: 0.006 s -- in org.apache.ibatis.type.BooleanTypeHandlerTest
[INFO] Running org.apache.ibatis.type.LongTypeHandlerTest
[INFO] Tests run: 7, Failures: 0, Errors: 0, Skipped: 0, Time elapsed: 0.006 s -- in org.apache.ibatis.type.LongTypeHandlerTest
[INFO] Running org.apache.ibatis.type.BlobInputStreamTypeHandlerTest
[INFO] Tests run: 8, Failures: 0, Errors: 0, Skipped: 0, Time elapsed: 0.049 s -- in org.apache.ibatis.type.BlobInputStreamTypeHandlerTest
[INFO] Running org.apache.ibatis.builder.ResultMappingConstructorResolverTest
[INFO] Running org.apache.ibatis.builder.ResultMappingConstructorResolverTest$MetaInfoTests
[INFO] Tests run: 4, Failures: 0, Errors: 0, Skipped: 0, Time elapsed: 0.039 s -- in org.apache.ibatis.builder.ResultMappingConstructorResolverTest$MetaInfoTests
[INFO] Tests run: 14, Failures: 0, Errors: 0, Skipped: 0, Time elapsed: 0.059 s -- in org.apache.ibatis.builder.ResultMappingConstructorResolverTest
[INFO] Running org.apache.ibatis.builder.ParameterExpressionTest
[INFO] Tests run: 14, Failures: 0, Errors: 0, Skipped: 0, Time elapsed: 0.005 s -- in org.apache.ibatis.builder.ParameterExpressionTest
[INFO] Running org.apache.ibatis.builder.XmlConfigBuilderTest
[INFO] Tests run: 9, Failures: 0, Errors: 0, Skipped: 0, Time elapsed: 0.039 s -- in org.apache.ibatis.builder.XmlConfigBuilderTest
[INFO] Running org.apache.ibatis.builder.AnnotationMapperBuilderTest
[INFO] Tests run: 5, Failures: 0, Errors: 0, Skipped: 0, Time elapsed: 0.011 s -- in org.apache.ibatis.builder.AnnotationMapperBuilderTest
[INFO] Running org.apache.ibatis.builder.XmlMapperBuilderTest
[INFO] Tests run: 16, Failures: 0, Errors: 0, Skipped: 0, Time elapsed: 0.056 s -- in org.apache.ibatis.builder.XmlMapperBuilderTest
[INFO] Running org.apache.ibatis.builder.xsd.XmlConfigBuilderTest
[WARNING] Tests run: 2, Failures: 0, Errors: 0, Skipped: 2, Time elapsed: 0 s -- in org.apache.ibatis.builder.xsd.XmlConfigBuilderTest
[INFO] Running org.apache.ibatis.builder.xsd.XmlMapperBuilderTest
[WARNING] Tests run: 1, Failures: 0, Errors: 0, Skipped: 1, Time elapsed: 0 s -- in org.apache.ibatis.builder.xsd.XmlMapperBuilderTest
[INFO] Running org.apache.ibatis.builder.SqlSourceBuilderTest
[INFO] Tests run: 1, Failures: 0, Errors: 0, Skipped: 0, Time elapsed: 0.001 s -- in org.apache.ibatis.builder.SqlSourceBuilderTest
[INFO] Running org.apache.ibatis.builder.xml.dynamic.ExpressionEvaluatorTest
[INFO] Tests run: 8, Failures: 0, Errors: 0, Skipped: 0, Time elapsed: 0.014 s -- in org.apache.ibatis.builder.xml.dynamic.ExpressionEvaluatorTest
[INFO] Running org.apache.ibatis.builder.xml.dynamic.DynamicSqlSourceTest
[INFO] Tests run: 28, Failures: 0, Errors: 0, Skipped: 0, Time elapsed: 7.410 s -- in org.apache.ibatis.builder.xml.dynamic.DynamicSqlSourceTest
[INFO] Running org.apache.ibatis.executor.ErrorContextTest
[INFO] Tests run: 2, Failures: 0, Errors: 0, Skipped: 0, Time elapsed: 0.001 s -- in org.apache.ibatis.executor.ErrorContextTest
[INFO] Running org.apache.ibatis.executor.BaseExecutorTest
[INFO] Tests run: 22, Failures: 0, Errors: 0, Skipped: 0, Time elapsed: 0.507 s -- in org.apache.ibatis.executor.BaseExecutorTest
[INFO] Running org.apache.ibatis.executor.loader.JavassistProxyTest
[INFO] Tests run: 15, Failures: 0, Errors: 0, Skipped: 0, Time elapsed: 1.292 s -- in org.apache.ibatis.executor.loader.JavassistProxyTest
[INFO] Running org.apache.ibatis.executor.ResultExtractorTest
[INFO] Tests run: 6, Failures: 0, Errors: 0, Skipped: 0, Time elapsed: 0.048 s -- in org.apache.ibatis.executor.ResultExtractorTest
[INFO] Running org.apache.ibatis.executor.resultset.DefaultResultSetHandlerTest
[INFO] Tests run: 2, Failures: 0, Errors: 0, Skipped: 0, Time elapsed: 0.051 s -- in org.apache.ibatis.executor.resultset.DefaultResultSetHandlerTest
[INFO] Running org.apache.ibatis.executor.BatchExecutorTest
[INFO] Tests run: 23, Failures: 0, Errors: 0, Skipped: 0, Time elapsed: 0.352 s -- in org.apache.ibatis.executor.BatchExecutorTest
[INFO] Running org.apache.ibatis.executor.CachingBatchExecutorTest
[INFO] Tests run: 23, Failures: 0, Errors: 0, Skipped: 0, Time elapsed: 0.329 s -- in org.apache.ibatis.executor.CachingBatchExecutorTest
[INFO] Running org.apache.ibatis.executor.CachingReuseExecutorTest
[INFO] Tests run: 23, Failures: 0, Errors: 0, Skipped: 0, Time elapsed: 0.328 s -- in org.apache.ibatis.executor.CachingReuseExecutorTest
[INFO] Running org.apache.ibatis.executor.statement.BaseStatementHandlerTest
[INFO] Tests run: 12, Failures: 0, Errors: 0, Skipped: 0, Time elapsed: 0.017 s -- in org.apache.ibatis.executor.statement.BaseStatementHandlerTest
[INFO] Running org.apache.ibatis.executor.CachingSimpleExecutorTest
[INFO] Tests run: 23, Failures: 0, Errors: 0, Skipped: 0, Time elapsed: 0.355 s -- in org.apache.ibatis.executor.CachingSimpleExecutorTest
[INFO] Running org.apache.ibatis.executor.ReuseExecutorTest
[INFO] Tests run: 23, Failures: 0, Errors: 0, Skipped: 0, Time elapsed: 0.337 s -- in org.apache.ibatis.executor.ReuseExecutorTest
[INFO] Running org.apache.ibatis.datasource.pooled.PooledDataSourceTest
[INFO] Tests run: 5, Failures: 0, Errors: 0, Skipped: 0, Time elapsed: 2.040 s -- in org.apache.ibatis.datasource.pooled.PooledDataSourceTest
[INFO] Running org.apache.ibatis.datasource.pooled.MysqlTimeoutTest
[ERROR] Tests run: 1, Failures: 0, Errors: 1, Skipped: 0, Time elapsed: 0.018 s <<< FAILURE! -- in org.apache.ibatis.datasource.pooled.MysqlTimeoutTest
[ERROR] org.apache.ibatis.datasource.pooled.MysqlTimeoutTest.shouldReconnectWhenServerKilledLeakedConnection -- Time elapsed: 0.016 s <<< ERROR!
java.lang.ExceptionInInitializerError
	at org.apache.ibatis.datasource.pooled.MysqlTimeoutTest.shouldReconnectWhenServerKilledLeakedConnection(MysqlTimeoutTest.java:37)
	at java.base/java.lang.reflect.Method.invoke(Method.java:580)
	at java.base/java.util.ArrayList.forEach(ArrayList.java:1596)
	at java.base/java.util.ArrayList.forEach(ArrayList.java:1596)
Caused by: java.lang.IllegalStateException: Previous attempts to find a Docker environment failed. Will not retry. Please see logs and check configuration
	at org.testcontainers.dockerclient.DockerClientProviderStrategy.getFirstValidStrategy(DockerClientProviderStrategy.java:229)
	at org.testcontainers.DockerClientFactory.getOrInitializeStrategy(DockerClientFactory.java:154)
	at org.testcontainers.DockerClientFactory.client(DockerClientFactory.java:196)
	at org.testcontainers.DockerClientFactory$1.getDockerClient(DockerClientFactory.java:108)
	at com.github.dockerjava.api.DockerClientDelegate.authConfig(DockerClientDelegate.java:109)
	at org.testcontainers.containers.GenericContainer.start(GenericContainer.java:321)
	at org.apache.ibatis.testcontainers.MysqlContainer.initContainer(MysqlContainer.java:42)
	at org.apache.ibatis.testcontainers.MysqlContainer.<clinit>(MysqlContainer.java:36)
	... 4 more

[INFO] Running org.apache.ibatis.datasource.unpooled.NetworkTimeoutTest
[ERROR] Tests run: 2, Failures: 0, Errors: 2, Skipped: 0, Time elapsed: 0.003 s <<< FAILURE! -- in org.apache.ibatis.datasource.unpooled.NetworkTimeoutTest
[ERROR] org.apache.ibatis.datasource.unpooled.NetworkTimeoutTest.networkTimeoutUnpooledDataSource -- Time elapsed: 0.001 s <<< ERROR!
java.lang.NoClassDefFoundError: Could not initialize class org.apache.ibatis.testcontainers.PgContainer
	at org.apache.ibatis.datasource.unpooled.NetworkTimeoutTest.networkTimeoutUnpooledDataSource(NetworkTimeoutTest.java:32)
	at java.base/java.lang.reflect.Method.invoke(Method.java:580)
	at java.base/java.util.ArrayList.forEach(ArrayList.java:1596)
	at java.base/java.util.ArrayList.forEach(ArrayList.java:1596)
Caused by: java.lang.ExceptionInInitializerError: Exception java.lang.IllegalStateException: Could not find a valid Docker environment. Please see logs and check configuration [in thread "main"]
	at org.testcontainers.dockerclient.DockerClientProviderStrategy.lambda$getFirstValidStrategy$7(DockerClientProviderStrategy.java:274)
	at java.base/java.util.Optional.orElseThrow(Optional.java:403)
	at org.testcontainers.dockerclient.DockerClientProviderStrategy.getFirstValidStrategy(DockerClientProviderStrategy.java:265)
	at org.testcontainers.DockerClientFactory.getOrInitializeStrategy(DockerClientFactory.java:154)
	at org.testcontainers.DockerClientFactory.client(DockerClientFactory.java:196)
	at org.testcontainers.DockerClientFactory$1.getDockerClient(DockerClientFactory.java:108)
	at com.github.dockerjava.api.DockerClientDelegate.authConfig(DockerClientDelegate.java:109)
	at org.testcontainers.containers.GenericContainer.start(GenericContainer.java:321)
	at org.apache.ibatis.testcontainers.PgContainer.initContainer(PgContainer.java:38)
	at org.apache.ibatis.testcontainers.PgContainer.<clinit>(PgContainer.java:31)
	at org.apache.ibatis.type.SqlxmlTypeHandlerTest.setUp(SqlxmlTypeHandlerTest.java:57)
	at java.base/java.lang.reflect.Method.invoke(Method.java:580)
	... 1 more

[ERROR] org.apache.ibatis.datasource.unpooled.NetworkTimeoutTest.networkTimeoutPooledDataSource -- Time elapsed: 0.001 s <<< ERROR!
java.lang.NoClassDefFoundError: Could not initialize class org.apache.ibatis.testcontainers.PgContainer
	at org.apache.ibatis.datasource.unpooled.NetworkTimeoutTest.networkTimeoutPooledDataSource(NetworkTimeoutTest.java:41)
	at java.base/java.lang.reflect.Method.invoke(Method.java:580)
	at java.base/java.util.ArrayList.forEach(ArrayList.java:1596)
	at java.base/java.util.ArrayList.forEach(ArrayList.java:1596)
Caused by: java.lang.ExceptionInInitializerError: Exception java.lang.IllegalStateException: Could not find a valid Docker environment. Please see logs and check configuration [in thread "main"]
	at org.testcontainers.dockerclient.DockerClientProviderStrategy.lambda$getFirstValidStrategy$7(DockerClientProviderStrategy.java:274)
	at java.base/java.util.Optional.orElseThrow(Optional.java:403)
	at org.testcontainers.dockerclient.DockerClientProviderStrategy.getFirstValidStrategy(DockerClientProviderStrategy.java:265)
	at org.testcontainers.DockerClientFactory.getOrInitializeStrategy(DockerClientFactory.java:154)
	at org.testcontainers.DockerClientFactory.client(DockerClientFactory.java:196)
	at org.testcontainers.DockerClientFactory$1.getDockerClient(DockerClientFactory.java:108)
	at com.github.dockerjava.api.DockerClientDelegate.authConfig(DockerClientDelegate.java:109)
	at org.testcontainers.containers.GenericContainer.start(GenericContainer.java:321)
	at org.apache.ibatis.testcontainers.PgContainer.initContainer(PgContainer.java:38)
	at org.apache.ibatis.testcontainers.PgContainer.<clinit>(PgContainer.java:31)
	at org.apache.ibatis.type.SqlxmlTypeHandlerTest.setUp(SqlxmlTypeHandlerTest.java:57)
	at java.base/java.lang.reflect.Method.invoke(Method.java:580)
	... 1 more

[INFO] Running org.apache.ibatis.datasource.unpooled.UnpooledDataSourceTest
[WARNING] Tests run: 2, Failures: 0, Errors: 0, Skipped: 1, Time elapsed: 0.001 s -- in org.apache.ibatis.datasource.unpooled.UnpooledDataSourceTest
[INFO] Running org.apache.ibatis.datasource.jndi.JndiDataSourceFactoryTest
[INFO] Tests run: 1, Failures: 0, Errors: 0, Skipped: 0, Time elapsed: 0.012 s -- in org.apache.ibatis.datasource.jndi.JndiDataSourceFactoryTest
[INFO] Running org.apache.ibatis.scripting.xmltags.XMLScriptBuilderTest
[INFO] Tests run: 2, Failures: 0, Errors: 0, Skipped: 0, Time elapsed: 0.006 s -- in org.apache.ibatis.scripting.xmltags.XMLScriptBuilderTest
[INFO] Running org.apache.ibatis.scripting.xmltags.OgnlCacheTest
[INFO] Tests run: 2, Failures: 0, Errors: 0, Skipped: 0, Time elapsed: 0.042 s -- in org.apache.ibatis.scripting.xmltags.OgnlCacheTest
[INFO] Running org.apache.ibatis.scripting.defaults.DefaultParameterHandlerTest
[INFO] Tests run: 6, Failures: 0, Errors: 0, Skipped: 0, Time elapsed: 0.058 s -- in org.apache.ibatis.scripting.defaults.DefaultParameterHandlerTest
[INFO] Running org.apache.ibatis.scripting.LanguageDriverRegistryTest
[INFO] Tests run: 8, Failures: 0, Errors: 0, Skipped: 0, Time elapsed: 0.004 s -- in org.apache.ibatis.scripting.LanguageDriverRegistryTest
[INFO] Running org.apache.ibatis.cache.PerpetualCacheTest
[INFO] Tests run: 5, Failures: 0, Errors: 0, Skipped: 0, Time elapsed: 0.082 s -- in org.apache.ibatis.cache.PerpetualCacheTest
[INFO] Running org.apache.ibatis.cache.BaseCacheTest
[INFO] Tests run: 1, Failures: 0, Errors: 0, Skipped: 0, Time elapsed: 0.001 s -- in org.apache.ibatis.cache.BaseCacheTest
[INFO] Running org.apache.ibatis.cache.FifoCacheTest
[INFO] Tests run: 4, Failures: 0, Errors: 0, Skipped: 0, Time elapsed: 0.002 s -- in org.apache.ibatis.cache.FifoCacheTest
[INFO] Running org.apache.ibatis.cache.SerializedCacheTest
[INFO] Tests run: 3, Failures: 0, Errors: 0, Skipped: 0, Time elapsed: 0.004 s -- in org.apache.ibatis.cache.SerializedCacheTest
[INFO] Running org.apache.ibatis.cache.SuperCacheTest
[INFO] Tests run: 1, Failures: 0, Errors: 0, Skipped: 0, Time elapsed: 0.746 s -- in org.apache.ibatis.cache.SuperCacheTest
[INFO] Running org.apache.ibatis.cache.LruCacheTest
[INFO] Tests run: 4, Failures: 0, Errors: 0, Skipped: 0, Time elapsed: 0.001 s -- in org.apache.ibatis.cache.LruCacheTest
[INFO] Running org.apache.ibatis.cache.WeakCacheTest
[INFO] Tests run: 4, Failures: 0, Errors: 0, Skipped: 0, Time elapsed: 0.252 s -- in org.apache.ibatis.cache.WeakCacheTest
[INFO] Running org.apache.ibatis.cache.SoftCacheTest
[INFO] Tests run: 4, Failures: 0, Errors: 0, Skipped: 0, Time elapsed: 2.022 s -- in org.apache.ibatis.cache.SoftCacheTest
[INFO] Running org.apache.ibatis.cache.ScheduledCacheTest
[INFO] Tests run: 3, Failures: 0, Errors: 0, Skipped: 0, Time elapsed: 5.003 s -- in org.apache.ibatis.cache.ScheduledCacheTest
[INFO] Running org.apache.ibatis.cache.CacheKeyTest
[INFO] Tests run: 10, Failures: 0, Errors: 0, Skipped: 0, Time elapsed: 2.036 s -- in org.apache.ibatis.cache.CacheKeyTest
[INFO] Running org.apache.ibatis.submitted.ancestor_ref.AncestorRefTest
[INFO] Tests run: 3, Failures: 0, Errors: 0, Skipped: 0, Time elapsed: 0.065 s -- in org.apache.ibatis.submitted.ancestor_ref.AncestorRefTest
[INFO] Running org.apache.ibatis.submitted.typebasedtypehandlerresolution.GloballyRegisteredTypeHandlerResolutionTest
[INFO] Tests run: 14, Failures: 0, Errors: 0, Skipped: 0, Time elapsed: 0.071 s -- in org.apache.ibatis.submitted.typebasedtypehandlerresolution.GloballyRegisteredTypeHandlerResolutionTest
[INFO] Running org.apache.ibatis.submitted.typebasedtypehandlerresolution.LocallySpecifiedTypeHandlerResolutionTest
[INFO] Tests run: 12, Failures: 0, Errors: 0, Skipped: 0, Time elapsed: 0.045 s -- in org.apache.ibatis.submitted.typebasedtypehandlerresolution.LocallySpecifiedTypeHandlerResolutionTest
[INFO] Running org.apache.ibatis.submitted.overwritingproperties.FooMapperTest
[INFO] Tests run: 1, Failures: 0, Errors: 0, Skipped: 0, Time elapsed: 0.036 s -- in org.apache.ibatis.submitted.overwritingproperties.FooMapperTest
[INFO] Running org.apache.ibatis.submitted.keycolumn.InsertTest
[ERROR] Tests run: 1, Failures: 0, Errors: 1, Skipped: 0, Time elapsed: 0.001 s <<< FAILURE! -- in org.apache.ibatis.submitted.keycolumn.InsertTest
[ERROR] org.apache.ibatis.submitted.keycolumn.InsertTest -- Time elapsed: 0.001 s <<< ERROR!
java.lang.NoClassDefFoundError: Could not initialize class org.apache.ibatis.testcontainers.PgContainer
	at org.apache.ibatis.submitted.keycolumn.InsertTest.setUp(InsertTest.java:49)
	at java.base/java.lang.reflect.Method.invoke(Method.java:580)
	at java.base/java.util.ArrayList.forEach(ArrayList.java:1596)
Caused by: java.lang.ExceptionInInitializerError: Exception java.lang.IllegalStateException: Could not find a valid Docker environment. Please see logs and check configuration [in thread "main"]
	at org.testcontainers.dockerclient.DockerClientProviderStrategy.lambda$getFirstValidStrategy$7(DockerClientProviderStrategy.java:274)
	at java.base/java.util.Optional.orElseThrow(Optional.java:403)
	at org.testcontainers.dockerclient.DockerClientProviderStrategy.getFirstValidStrategy(DockerClientProviderStrategy.java:265)
	at org.testcontainers.DockerClientFactory.getOrInitializeStrategy(DockerClientFactory.java:154)
	at org.testcontainers.DockerClientFactory.client(DockerClientFactory.java:196)
	at org.testcontainers.DockerClientFactory$1.getDockerClient(DockerClientFactory.java:108)
	at com.github.dockerjava.api.DockerClientDelegate.authConfig(DockerClientDelegate.java:109)
	at org.testcontainers.containers.GenericContainer.start(GenericContainer.java:321)
	at org.apache.ibatis.testcontainers.PgContainer.initContainer(PgContainer.java:38)
	at org.apache.ibatis.testcontainers.PgContainer.<clinit>(PgContainer.java:31)
	at org.apache.ibatis.type.SqlxmlTypeHandlerTest.setUp(SqlxmlTypeHandlerTest.java:57)
	... 2 more

[INFO] Running org.apache.ibatis.submitted.stringlist.StringListTest
[INFO] Tests run: 3, Failures: 0, Errors: 0, Skipped: 0, Time elapsed: 0.033 s -- in org.apache.ibatis.submitted.stringlist.StringListTest
[INFO] Running org.apache.ibatis.submitted.param_name_resolve.ActualParamNameTest
[INFO] Tests run: 2, Failures: 0, Errors: 0, Skipped: 0, Time elapsed: 0.048 s -- in org.apache.ibatis.submitted.param_name_resolve.ActualParamNameTest
[INFO] Running org.apache.ibatis.submitted.param_name_resolve.NoActualParamNameTest
[INFO] Tests run: 1, Failures: 0, Errors: 0, Skipped: 0, Time elapsed: 0.009 s -- in org.apache.ibatis.submitted.param_name_resolve.NoActualParamNameTest
[INFO] Running org.apache.ibatis.submitted.keygen.Jdbc3KeyGeneratorTest
[INFO] Tests run: 32, Failures: 0, Errors: 0, Skipped: 0, Time elapsed: 0.054 s -- in org.apache.ibatis.submitted.keygen.Jdbc3KeyGeneratorTest
[INFO] Running org.apache.ibatis.submitted.raw_sql_source.RawSqlSourceTest
[INFO] Tests run: 7, Failures: 0, Errors: 0, Skipped: 0, Time elapsed: 0.038 s -- in org.apache.ibatis.submitted.raw_sql_source.RawSqlSourceTest
[INFO] Running org.apache.ibatis.submitted.extends_with_constructor.NpeExtendsTest
[INFO] Tests run: 4, Failures: 0, Errors: 0, Skipped: 0, Time elapsed: 0.046 s -- in org.apache.ibatis.submitted.extends_with_constructor.NpeExtendsTest
[INFO] Running org.apache.ibatis.submitted.parametrizedlist.ParametrizedListTest
[INFO] Tests run: 4, Failures: 0, Errors: 0, Skipped: 0, Time elapsed: 0.029 s -- in org.apache.ibatis.submitted.parametrizedlist.ParametrizedListTest
[INFO] Running org.apache.ibatis.submitted.permissions.PermissionsTest
[INFO] Tests run: 3, Failures: 0, Errors: 0, Skipped: 0, Time elapsed: 0.098 s -- in org.apache.ibatis.submitted.permissions.PermissionsTest
[INFO] Running org.apache.ibatis.submitted.timezone_edge_case.TimezoneEdgeCaseTest
[INFO] Tests run: 4, Failures: 0, Errors: 0, Skipped: 0, Time elapsed: 0.031 s -- in org.apache.ibatis.submitted.timezone_edge_case.TimezoneEdgeCaseTest
[INFO] Running org.apache.ibatis.submitted.batch_keys.BatchKeysTest
[INFO] Tests run: 5, Failures: 0, Errors: 0, Skipped: 0, Time elapsed: 0.079 s -- in org.apache.ibatis.submitted.batch_keys.BatchKeysTest
[INFO] Running org.apache.ibatis.submitted.constructor_columnprefix.ConstructorColumnPrefixTest
[INFO] Tests run: 2, Failures: 0, Errors: 0, Skipped: 0, Time elapsed: 0.023 s -- in org.apache.ibatis.submitted.constructor_columnprefix.ConstructorColumnPrefixTest
[INFO] Running org.apache.ibatis.submitted.ognl_enum.EnumWithOgnlTest
[INFO] Tests run: 4, Failures: 0, Errors: 0, Skipped: 0, Time elapsed: 0.027 s -- in org.apache.ibatis.submitted.ognl_enum.EnumWithOgnlTest
[INFO] Running org.apache.ibatis.submitted.nonexistentvariables.NonExistentVariablesTest
[INFO] Tests run: 1, Failures: 0, Errors: 0, Skipped: 0, Time elapsed: 0.014 s -- in org.apache.ibatis.submitted.nonexistentvariables.NonExistentVariablesTest
[INFO] Running org.apache.ibatis.submitted.simplelistparameter.SimpleListParameterTest
[INFO] Tests run: 3, Failures: 0, Errors: 0, Skipped: 0, Time elapsed: 0.022 s -- in org.apache.ibatis.submitted.simplelistparameter.SimpleListParameterTest
[INFO] Running org.apache.ibatis.submitted.orphan_result_maps.OrphanResultMapTest
[INFO] Tests run: 2, Failures: 0, Errors: 0, Skipped: 0, Time elapsed: 0.030 s -- in org.apache.ibatis.submitted.orphan_result_maps.OrphanResultMapTest
[INFO] Running org.apache.ibatis.submitted.cursor_cache_oom.CursorOomTest
[INFO] Tests run: 1, Failures: 0, Errors: 0, Skipped: 0, Time elapsed: 9.157 s -- in org.apache.ibatis.submitted.cursor_cache_oom.CursorOomTest
[INFO] Running org.apache.ibatis.submitted.quotedcolumnnames.QuotedColumnNamesTest
[INFO] Tests run: 2, Failures: 0, Errors: 0, Skipped: 0, Time elapsed: 0.035 s -- in org.apache.ibatis.submitted.quotedcolumnnames.QuotedColumnNamesTest
[INFO] Running org.apache.ibatis.submitted.dynsql2.DynSqlTest
[INFO] Tests run: 2, Failures: 0, Errors: 0, Skipped: 0, Time elapsed: 0.027 s -- in org.apache.ibatis.submitted.dynsql2.DynSqlTest
[INFO] Running org.apache.ibatis.submitted.multipleiterates.MultipleIteratesTest
[INFO] Tests run: 1, Failures: 0, Errors: 0, Skipped: 0, Time elapsed: 0.081 s -- in org.apache.ibatis.submitted.multipleiterates.MultipleIteratesTest
[INFO] Running org.apache.ibatis.submitted.enum_with_method.EnumWithMethodTest
[INFO] Tests run: 2, Failures: 0, Errors: 0, Skipped: 0, Time elapsed: 0.030 s -- in org.apache.ibatis.submitted.enum_with_method.EnumWithMethodTest
[INFO] Running org.apache.ibatis.submitted.extend.ExtendTest
[INFO] Tests run: 1, Failures: 0, Errors: 0, Skipped: 0, Time elapsed: 0.022 s -- in org.apache.ibatis.submitted.extend.ExtendTest
[INFO] Running org.apache.ibatis.submitted.deferload_common_property.CommonPropertyDeferLoadTest
[INFO] Tests run: 4, Failures: 0, Errors: 0, Skipped: 0, Time elapsed: 0.039 s -- in org.apache.ibatis.submitted.deferload_common_property.CommonPropertyDeferLoadTest
[INFO] Running org.apache.ibatis.submitted.language.LanguageTest
[INFO] Tests run: 11, Failures: 0, Errors: 0, Skipped: 0, Time elapsed: 0.301 s -- in org.apache.ibatis.submitted.language.LanguageTest
[INFO] Running org.apache.ibatis.submitted.result_handler_type.DefaultResultHandlerTypeTest
[INFO] Tests run: 3, Failures: 0, Errors: 0, Skipped: 0, Time elapsed: 0.031 s -- in org.apache.ibatis.submitted.result_handler_type.DefaultResultHandlerTypeTest
[INFO] Running org.apache.ibatis.submitted.heavy_initial_load.HeavyInitialLoadTest
[INFO] Tests run: 1, Failures: 0, Errors: 0, Skipped: 0, Time elapsed: 0.273 s -- in org.apache.ibatis.submitted.heavy_initial_load.HeavyInitialLoadTest
[INFO] Running org.apache.ibatis.submitted.inline_association_with_dot.InlineCollectionWithDotTest
[INFO] Tests run: 2, Failures: 0, Errors: 0, Skipped: 0, Time elapsed: 0.050 s -- in org.apache.ibatis.submitted.inline_association_with_dot.InlineCollectionWithDotTest
[INFO] Running org.apache.ibatis.submitted.manyanno.ManyAnnoTest
[INFO] Tests run: 1, Failures: 0, Errors: 0, Skipped: 0, Time elapsed: 0.523 s -- in org.apache.ibatis.submitted.manyanno.ManyAnnoTest
[INFO] Running org.apache.ibatis.submitted.cglib_lazy_error.CglibNPELazyTest
[INFO] Tests run: 5, Failures: 0, Errors: 0, Skipped: 0, Time elapsed: 0.048 s -- in org.apache.ibatis.submitted.cglib_lazy_error.CglibNPELazyTest
[INFO] Running org.apache.ibatis.submitted.cglib_lazy_error.CglibNPETest
[INFO] Tests run: 7, Failures: 0, Errors: 0, Skipped: 0, Time elapsed: 0.035 s -- in org.apache.ibatis.submitted.cglib_lazy_error.CglibNPETest
[INFO] Running org.apache.ibatis.submitted.typehandler.TypeHandlerTest
[INFO] Tests run: 14, Failures: 0, Errors: 0, Skipped: 0, Time elapsed: 0.171 s -- in org.apache.ibatis.submitted.typehandler.TypeHandlerTest
[INFO] Running org.apache.ibatis.submitted.result_set_type.ResultSetTypeTest
[INFO] Tests run: 3, Failures: 0, Errors: 0, Skipped: 0, Time elapsed: 0.042 s -- in org.apache.ibatis.submitted.result_set_type.ResultSetTypeTest
[INFO] Running org.apache.ibatis.submitted.hashmaptypehandler.HashMapTypeHandlerTest
[INFO] Tests run: 4, Failures: 0, Errors: 0, Skipped: 0, Time elapsed: 0.025 s -- in org.apache.ibatis.submitted.hashmaptypehandler.HashMapTypeHandlerTest
[INFO] Running org.apache.ibatis.submitted.camelcase.CamelCaseMappingTest
[INFO] Tests run: 2, Failures: 0, Errors: 0, Skipped: 0, Time elapsed: 0.012 s -- in org.apache.ibatis.submitted.camelcase.CamelCaseMappingTest
[INFO] Running org.apache.ibatis.submitted.column_order_based_constructor_automapping.ColumnOrderBasedConstructorAutomappingTest
[INFO] Tests run: 4, Failures: 0, Errors: 0, Skipped: 0, Time elapsed: 0.025 s -- in org.apache.ibatis.submitted.column_order_based_constructor_automapping.ColumnOrderBasedConstructorAutomappingTest
[INFO] Running org.apache.ibatis.submitted.default_method.DefaultMethodTest
[INFO] Tests run: 3, Failures: 0, Errors: 0, Skipped: 0, Time elapsed: 0.024 s -- in org.apache.ibatis.submitted.default_method.DefaultMethodTest
[INFO] Running org.apache.ibatis.submitted.map_class_name_conflict.MapperNameTest
[INFO] Tests run: 1, Failures: 0, Errors: 0, Skipped: 0, Time elapsed: 0.008 s -- in org.apache.ibatis.submitted.map_class_name_conflict.MapperNameTest
[INFO] Running org.apache.ibatis.submitted.selectkey.SelectKeyTest
[WARNING] Tests run: 21, Failures: 0, Errors: 0, Skipped: 2, Time elapsed: 0.329 s -- in org.apache.ibatis.submitted.selectkey.SelectKeyTest
[INFO] Running org.apache.ibatis.submitted.missing_id_property.MissingIdPropertyTest
[INFO] Tests run: 1, Failures: 0, Errors: 0, Skipped: 0, Time elapsed: 0.020 s -- in org.apache.ibatis.submitted.missing_id_property.MissingIdPropertyTest
[INFO] Running org.apache.ibatis.submitted.arg_name_based_constructor_automapping.ArgNameBasedConstructorAutoMappingTest
[INFO] Tests run: 7, Failures: 0, Errors: 0, Skipped: 0, Time elapsed: 0.022 s -- in org.apache.ibatis.submitted.arg_name_based_constructor_automapping.ArgNameBasedConstructorAutoMappingTest
[INFO] Running org.apache.ibatis.submitted.no_param_type.NoParamTypeTest
[INFO] Tests run: 1, Failures: 0, Errors: 0, Skipped: 0, Time elapsed: 0.015 s -- in org.apache.ibatis.submitted.no_param_type.NoParamTypeTest
[INFO] Running org.apache.ibatis.submitted.column_forwarding.ColumnForwardingTest
[INFO] Tests run: 2, Failures: 0, Errors: 0, Skipped: 0, Time elapsed: 0.017 s -- in org.apache.ibatis.submitted.column_forwarding.ColumnForwardingTest
[INFO] Running org.apache.ibatis.submitted.cursor_nested.CursorNestedTest
[INFO] Tests run: 2, Failures: 0, Errors: 0, Skipped: 0, Time elapsed: 0.017 s -- in org.apache.ibatis.submitted.cursor_nested.CursorNestedTest
[INFO] Running org.apache.ibatis.submitted.global_variables_defaults.ConfigurationTest
[INFO] Tests run: 3, Failures: 0, Errors: 0, Skipped: 0, Time elapsed: 0.026 s -- in org.apache.ibatis.submitted.global_variables_defaults.ConfigurationTest
[INFO] Running org.apache.ibatis.submitted.global_variables_defaults.CustomizationTest
[INFO] Tests run: 2, Failures: 0, Errors: 0, Skipped: 0, Time elapsed: 0.015 s -- in org.apache.ibatis.submitted.global_variables_defaults.CustomizationTest
[INFO] Running org.apache.ibatis.submitted.global_variables_defaults.XmlMapperTest
[INFO] Tests run: 2, Failures: 0, Errors: 0, Skipped: 0, Time elapsed: 0.015 s -- in org.apache.ibatis.submitted.global_variables_defaults.XmlMapperTest
[INFO] Running org.apache.ibatis.submitted.global_variables_defaults.AnnotationMapperTest
[INFO] Tests run: 2, Failures: 0, Errors: 0, Skipped: 0, Time elapsed: 0.010 s -- in org.apache.ibatis.submitted.global_variables_defaults.AnnotationMapperTest
[INFO] Running org.apache.ibatis.submitted.sptests.SPTest
[INFO] Tests run: 32, Failures: 0, Errors: 0, Skipped: 0, Time elapsed: 0.054 s -- in org.apache.ibatis.submitted.sptests.SPTest
[INFO] Running org.apache.ibatis.submitted.mapper_extend.MapperExtendTest
[INFO] Tests run: 6, Failures: 0, Errors: 0, Skipped: 0, Time elapsed: 0.025 s -- in org.apache.ibatis.submitted.mapper_extend.MapperExtendTest
[INFO] Running org.apache.ibatis.submitted.order_prefix_removed.OrderPrefixRemovedTest
[INFO] Tests run: 1, Failures: 0, Errors: 0, Skipped: 0, Time elapsed: 0.016 s -- in org.apache.ibatis.submitted.order_prefix_removed.OrderPrefixRemovedTest
[INFO] Running org.apache.ibatis.submitted.substitution_in_annots.SubstitutionInAnnotsTest
[INFO] Tests run: 4, Failures: 0, Errors: 0, Skipped: 0, Time elapsed: 0.016 s -- in org.apache.ibatis.submitted.substitution_in_annots.SubstitutionInAnnotsTest
[INFO] Running org.apache.ibatis.submitted.timestamp_with_timezone.TimestampWithTimezoneTypeHandlerTest
[WARNING] Tests run: 3, Failures: 0, Errors: 0, Skipped: 1, Time elapsed: 0.019 s -- in org.apache.ibatis.submitted.timestamp_with_timezone.TimestampWithTimezoneTypeHandlerTest
[INFO] Running org.apache.ibatis.submitted.multiple_discriminator.MultipleDiscriminatorTest
[INFO] Tests run: 3, Failures: 0, Errors: 0, Skipped: 0, Time elapsed: 0.024 s -- in org.apache.ibatis.submitted.multiple_discriminator.MultipleDiscriminatorTest
[INFO] Running org.apache.ibatis.submitted.collectionparameters.CollectionParametersTest
[INFO] Tests run: 3, Failures: 0, Errors: 0, Skipped: 0, Time elapsed: 0.018 s -- in org.apache.ibatis.submitted.collectionparameters.CollectionParametersTest
[INFO] Running org.apache.ibatis.submitted.initialized_collection_property.AuthorDAOTest
[WARNING] Tests run: 2, Failures: 0, Errors: 0, Skipped: 1, Time elapsed: 0.017 s -- in org.apache.ibatis.submitted.initialized_collection_property.AuthorDAOTest
[INFO] Running org.apache.ibatis.submitted.duplicate_statements.DuplicateStatementsTest
[WARNING] Tests run: 5, Failures: 0, Errors: 0, Skipped: 2, Time elapsed: 0.024 s -- in org.apache.ibatis.submitted.duplicate_statements.DuplicateStatementsTest
[INFO] Running org.apache.ibatis.submitted.xml_external_ref.SameIdTest
[INFO] Tests run: 2, Failures: 0, Errors: 0, Skipped: 0, Time elapsed: 0.027 s -- in org.apache.ibatis.submitted.xml_external_ref.SameIdTest
[INFO] Running org.apache.ibatis.submitted.xml_external_ref.NonFullyQualifiedNamespaceTest
[INFO] Tests run: 1, Failures: 0, Errors: 0, Skipped: 0, Time elapsed: 0.009 s -- in org.apache.ibatis.submitted.xml_external_ref.NonFullyQualifiedNamespaceTest
[INFO] Running org.apache.ibatis.submitted.xml_external_ref.ParameterMapReferenceTest
[INFO] Tests run: 2, Failures: 0, Errors: 0, Skipped: 0, Time elapsed: 0.012 s -- in org.apache.ibatis.submitted.xml_external_ref.ParameterMapReferenceTest
[INFO] Running org.apache.ibatis.submitted.xml_external_ref.MultipleReverseIncludeTest
[INFO] Tests run: 2, Failures: 0, Errors: 0, Skipped: 0, Time elapsed: 0.009 s -- in org.apache.ibatis.submitted.xml_external_ref.MultipleReverseIncludeTest
[INFO] Running org.apache.ibatis.submitted.xml_external_ref.MultipleCrossIncludeTest
[INFO] Tests run: 3, Failures: 0, Errors: 0, Skipped: 0, Time elapsed: 0.024 s -- in org.apache.ibatis.submitted.xml_external_ref.MultipleCrossIncludeTest
[INFO] Running org.apache.ibatis.submitted.xml_external_ref.MultipleIncludeTest
[INFO] Tests run: 2, Failures: 0, Errors: 0, Skipped: 0, Time elapsed: 0.009 s -- in org.apache.ibatis.submitted.xml_external_ref.MultipleIncludeTest
[INFO] Running org.apache.ibatis.submitted.xml_external_ref.ResultMapReferenceTest
[INFO] Tests run: 2, Failures: 0, Errors: 0, Skipped: 0, Time elapsed: 0.013 s -- in org.apache.ibatis.submitted.xml_external_ref.ResultMapReferenceTest
[INFO] Running org.apache.ibatis.submitted.xml_external_ref.ShortNameTest
[INFO] Tests run: 2, Failures: 0, Errors: 0, Skipped: 0, Time elapsed: 0.014 s -- in org.apache.ibatis.submitted.xml_external_ref.ShortNameTest
[INFO] Running org.apache.ibatis.submitted.xml_external_ref.ResultMapExtendsTest
[INFO] Tests run: 2, Failures: 0, Errors: 0, Skipped: 0, Time elapsed: 0.013 s -- in org.apache.ibatis.submitted.xml_external_ref.ResultMapExtendsTest
[INFO] Running org.apache.ibatis.submitted.xml_external_ref.XmlExternalRefTest
[INFO] Tests run: 5, Failures: 0, Errors: 0, Skipped: 0, Time elapsed: 0.029 s -- in org.apache.ibatis.submitted.xml_external_ref.XmlExternalRefTest
[INFO] Running org.apache.ibatis.submitted.xml_external_ref.ReverseIncludeTest
[INFO] Tests run: 2, Failures: 0, Errors: 0, Skipped: 0, Time elapsed: 0.009 s -- in org.apache.ibatis.submitted.xml_external_ref.ReverseIncludeTest
[INFO] Running org.apache.ibatis.submitted.emptycollection.DaoTest
[INFO] Tests run: 3, Failures: 0, Errors: 0, Skipped: 0, Time elapsed: 0.022 s -- in org.apache.ibatis.submitted.emptycollection.DaoTest
[INFO] Running org.apache.ibatis.submitted.refid_resolution.RefidResolutionTest
[INFO] Tests run: 1, Failures: 0, Errors: 0, Skipped: 0, Time elapsed: 0.003 s -- in org.apache.ibatis.submitted.refid_resolution.RefidResolutionTest
[INFO] Running org.apache.ibatis.submitted.refid_resolution.ExternalRefidResolutionTest
[INFO] Tests run: 1, Failures: 0, Errors: 0, Skipped: 0, Time elapsed: 0.005 s -- in org.apache.ibatis.submitted.refid_resolution.ExternalRefidResolutionTest
[INFO] Running org.apache.ibatis.submitted.sqlprovider.SqlProviderTest
[INFO] Tests run: 53, Failures: 0, Errors: 0, Skipped: 0, Time elapsed: 0.626 s -- in org.apache.ibatis.submitted.sqlprovider.SqlProviderTest
[INFO] Running org.apache.ibatis.submitted.sqlprovider.ProviderMethodResolutionTest
[INFO] Tests run: 9, Failures: 0, Errors: 0, Skipped: 0, Time elapsed: 0.016 s -- in org.apache.ibatis.submitted.sqlprovider.ProviderMethodResolutionTest
[INFO] Running org.apache.ibatis.submitted.cacheorder.CacheOrderTest
[INFO] Tests run: 1, Failures: 0, Errors: 0, Skipped: 0, Time elapsed: 0.014 s -- in org.apache.ibatis.submitted.cacheorder.CacheOrderTest
[INFO] Running org.apache.ibatis.submitted.xml_references.EnumWithOgnlTest
[INFO] Tests run: 2, Failures: 0, Errors: 0, Skipped: 0, Time elapsed: 0.011 s -- in org.apache.ibatis.submitted.xml_references.EnumWithOgnlTest
[INFO] Running org.apache.ibatis.submitted.nestedresulthandler_gh1551.NestedResultHandlerGh1551Test
[INFO] Tests run: 2, Failures: 0, Errors: 0, Skipped: 0, Time elapsed: 0.021 s -- in org.apache.ibatis.submitted.nestedresulthandler_gh1551.NestedResultHandlerGh1551Test
[INFO] Running org.apache.ibatis.submitted.refcursor.RefCursorTest
[ERROR] Tests run: 1, Failures: 0, Errors: 1, Skipped: 0, Time elapsed: 0.001 s <<< FAILURE! -- in org.apache.ibatis.submitted.refcursor.RefCursorTest
[ERROR] org.apache.ibatis.submitted.refcursor.RefCursorTest -- Time elapsed: 0.001 s <<< ERROR!
java.lang.NoClassDefFoundError: Could not initialize class org.apache.ibatis.testcontainers.PgContainer
	at org.apache.ibatis.submitted.refcursor.RefCursorTest.setUp(RefCursorTest.java:53)
	at java.base/java.lang.reflect.Method.invoke(Method.java:580)
	at java.base/java.util.ArrayList.forEach(ArrayList.java:1596)
Caused by: java.lang.ExceptionInInitializerError: Exception java.lang.IllegalStateException: Could not find a valid Docker environment. Please see logs and check configuration [in thread "main"]
	at org.testcontainers.dockerclient.DockerClientProviderStrategy.lambda$getFirstValidStrategy$7(DockerClientProviderStrategy.java:274)
	at java.base/java.util.Optional.orElseThrow(Optional.java:403)
	at org.testcontainers.dockerclient.DockerClientProviderStrategy.getFirstValidStrategy(DockerClientProviderStrategy.java:265)
	at org.testcontainers.DockerClientFactory.getOrInitializeStrategy(DockerClientFactory.java:154)
	at org.testcontainers.DockerClientFactory.client(DockerClientFactory.java:196)
	at org.testcontainers.DockerClientFactory$1.getDockerClient(DockerClientFactory.java:108)
	at com.github.dockerjava.api.DockerClientDelegate.authConfig(DockerClientDelegate.java:109)
	at org.testcontainers.containers.GenericContainer.start(GenericContainer.java:321)
	at org.apache.ibatis.testcontainers.PgContainer.initContainer(PgContainer.java:38)
	at org.apache.ibatis.testcontainers.PgContainer.<clinit>(PgContainer.java:31)
	at org.apache.ibatis.type.SqlxmlTypeHandlerTest.setUp(SqlxmlTypeHandlerTest.java:57)
	... 2 more

[INFO] Running org.apache.ibatis.submitted.global_variables.BaseTest
[INFO] Tests run: 2, Failures: 0, Errors: 0, Skipped: 0, Time elapsed: 0.015 s -- in org.apache.ibatis.submitted.global_variables.BaseTest
[INFO] Running org.apache.ibatis.submitted.rounding.RoundingHandlersTest
[INFO] Tests run: 2, Failures: 0, Errors: 0, Skipped: 0, Time elapsed: 0.015 s -- in org.apache.ibatis.submitted.rounding.RoundingHandlersTest
[INFO] Running org.apache.ibatis.submitted.nestedresulthandler_multiple_association.NestedResultHandlerMultipleAssociationTest
[INFO] Tests run: 2, Failures: 0, Errors: 0, Skipped: 0, Time elapsed: 0.017 s -- in org.apache.ibatis.submitted.nestedresulthandler_multiple_association.NestedResultHandlerMultipleAssociationTest
[INFO] Running org.apache.ibatis.submitted.nested_query_cache.NestedQueryCacheTest
[INFO] Tests run: 2, Failures: 0, Errors: 0, Skipped: 0, Time elapsed: 0.306 s -- in org.apache.ibatis.submitted.nested_query_cache.NestedQueryCacheTest
[INFO] Running org.apache.ibatis.submitted.nested.NestedForEachTest
[INFO] Tests run: 5, Failures: 0, Errors: 0, Skipped: 0, Time elapsed: 0.019 s -- in org.apache.ibatis.submitted.nested.NestedForEachTest
[INFO] Running org.apache.ibatis.submitted.includes.IncludeTest
[INFO] Tests run: 3, Failures: 0, Errors: 0, Skipped: 0, Time elapsed: 0.015 s -- in org.apache.ibatis.submitted.includes.IncludeTest
[INFO] Running org.apache.ibatis.submitted.call_setters_on_nulls_again.MyBatisTest
[INFO] Tests run: 1, Failures: 0, Errors: 0, Skipped: 0, Time elapsed: 0.012 s -- in org.apache.ibatis.submitted.call_setters_on_nulls_again.MyBatisTest
[INFO] Running org.apache.ibatis.submitted.unmatched_prop_type.UnmatchedPropTypeTest
[INFO] Tests run: 1, Failures: 0, Errors: 0, Skipped: 0, Time elapsed: 0.012 s -- in org.apache.ibatis.submitted.unmatched_prop_type.UnmatchedPropTypeTest
[INFO] Running org.apache.ibatis.submitted.javassist.JavassistTest
[INFO] Tests run: 1, Failures: 0, Errors: 0, Skipped: 0, Time elapsed: 0.016 s -- in org.apache.ibatis.submitted.javassist.JavassistTest
[INFO] Running org.apache.ibatis.submitted.lazy_deserialize.LazyDeserializeTest
[INFO] Tests run: 2, Failures: 0, Errors: 0, Skipped: 0, Time elapsed: 0.087 s -- in org.apache.ibatis.submitted.lazy_deserialize.LazyDeserializeTest
[INFO] Running org.apache.ibatis.submitted.lazy_properties.LazyPropertiesTest
[INFO] Tests run: 9, Failures: 0, Errors: 0, Skipped: 0, Time elapsed: 0.093 s -- in org.apache.ibatis.submitted.lazy_properties.LazyPropertiesTest
[INFO] Running org.apache.ibatis.submitted.member_access.MemberAccessTest
[INFO] Tests run: 5, Failures: 0, Errors: 0, Skipped: 0, Time elapsed: 0.055 s -- in org.apache.ibatis.submitted.member_access.MemberAccessTest
[INFO] Running org.apache.ibatis.submitted.immutable_constructor.ImmutablePOJOTest
[INFO] Tests run: 2, Failures: 0, Errors: 0, Skipped: 0, Time elapsed: 0.036 s -- in org.apache.ibatis.submitted.immutable_constructor.ImmutablePOJOTest
[INFO] Running org.apache.ibatis.submitted.mapper_type_parameter.MapperTypeParameterTest
[INFO] Tests run: 6, Failures: 0, Errors: 0, Skipped: 0, Time elapsed: 0.024 s -- in org.apache.ibatis.submitted.mapper_type_parameter.MapperTypeParameterTest
[INFO] Running org.apache.ibatis.submitted.array_type_handler.ArrayTypeHandlerTest
[INFO] Tests run: 2, Failures: 0, Errors: 0, Skipped: 0, Time elapsed: 0.026 s -- in org.apache.ibatis.submitted.array_type_handler.ArrayTypeHandlerTest
[INFO] Running org.apache.ibatis.submitted.complex_type.ComplexTypeTest
[INFO] Tests run: 1, Failures: 0, Errors: 0, Skipped: 0, Time elapsed: 0.017 s -- in org.apache.ibatis.submitted.complex_type.ComplexTypeTest
[INFO] Running org.apache.ibatis.submitted.uuid_test.UUIDTest
[INFO] Tests run: 2, Failures: 0, Errors: 0, Skipped: 0, Time elapsed: 0.019 s -- in org.apache.ibatis.submitted.uuid_test.UUIDTest
[INFO] Running org.apache.ibatis.submitted.column_prefix.ColumnPrefixAutoMappingTest
[INFO] Tests run: 3, Failures: 0, Errors: 0, Skipped: 0, Time elapsed: 0.043 s -- in org.apache.ibatis.submitted.column_prefix.ColumnPrefixAutoMappingTest
[INFO] Running org.apache.ibatis.submitted.column_prefix.ColumnPrefixTest
[INFO] Tests run: 2, Failures: 0, Errors: 0, Skipped: 0, Time elapsed: 0.014 s -- in org.apache.ibatis.submitted.column_prefix.ColumnPrefixTest
[INFO] Running org.apache.ibatis.submitted.column_prefix.ColumnPrefixNestedQueryTest
[INFO] Tests run: 2, Failures: 0, Errors: 0, Skipped: 0, Time elapsed: 0.038 s -- in org.apache.ibatis.submitted.column_prefix.ColumnPrefixNestedQueryTest
[INFO] Running org.apache.ibatis.submitted.dynsql.DynSqlTest
[INFO] Tests run: 9, Failures: 0, Errors: 0, Skipped: 0, Time elapsed: 0.037 s -- in org.apache.ibatis.submitted.dynsql.DynSqlTest
[INFO] Running org.apache.ibatis.submitted.enumtypehandler_on_annotation.EnumTypeHandlerUsingAnnotationTest
[INFO] Tests run: 3, Failures: 0, Errors: 0, Skipped: 0, Time elapsed: 0.016 s -- in org.apache.ibatis.submitted.enumtypehandler_on_annotation.EnumTypeHandlerUsingAnnotationTest
[INFO] Running org.apache.ibatis.submitted.include_property.IncludePropertyTest
[INFO] Tests run: 9, Failures: 0, Errors: 0, Skipped: 0, Time elapsed: 0.021 s -- in org.apache.ibatis.submitted.include_property.IncludePropertyTest
[INFO] Running org.apache.ibatis.submitted.include_property.IncludePropertyErrorTest
[INFO] Tests run: 1, Failures: 0, Errors: 0, Skipped: 0, Time elapsed: 0.004 s -- in org.apache.ibatis.submitted.include_property.IncludePropertyErrorTest
[INFO] Running org.apache.ibatis.submitted.dirty_select.DirtySelectTest
[ERROR] Tests run: 1, Failures: 0, Errors: 1, Skipped: 0, Time elapsed: 0 s <<< FAILURE! -- in org.apache.ibatis.submitted.dirty_select.DirtySelectTest
[ERROR] org.apache.ibatis.submitted.dirty_select.DirtySelectTest -- Time elapsed: 0 s <<< ERROR!
java.lang.NoClassDefFoundError: Could not initialize class org.apache.ibatis.testcontainers.PgContainer
	at org.apache.ibatis.submitted.dirty_select.DirtySelectTest.setUp(DirtySelectTest.java:46)
	at java.base/java.lang.reflect.Method.invoke(Method.java:580)
	at java.base/java.util.ArrayList.forEach(ArrayList.java:1596)
Caused by: java.lang.ExceptionInInitializerError: Exception java.lang.IllegalStateException: Could not find a valid Docker environment. Please see logs and check configuration [in thread "main"]
	at org.testcontainers.dockerclient.DockerClientProviderStrategy.lambda$getFirstValidStrategy$7(DockerClientProviderStrategy.java:274)
	at java.base/java.util.Optional.orElseThrow(Optional.java:403)
	at org.testcontainers.dockerclient.DockerClientProviderStrategy.getFirstValidStrategy(DockerClientProviderStrategy.java:265)
	at org.testcontainers.DockerClientFactory.getOrInitializeStrategy(DockerClientFactory.java:154)
	at org.testcontainers.DockerClientFactory.client(DockerClientFactory.java:196)
	at org.testcontainers.DockerClientFactory$1.getDockerClient(DockerClientFactory.java:108)
	at com.github.dockerjava.api.DockerClientDelegate.authConfig(DockerClientDelegate.java:109)
	at org.testcontainers.containers.GenericContainer.start(GenericContainer.java:321)
	at org.apache.ibatis.testcontainers.PgContainer.initContainer(PgContainer.java:38)
	at org.apache.ibatis.testcontainers.PgContainer.<clinit>(PgContainer.java:31)
	at org.apache.ibatis.type.SqlxmlTypeHandlerTest.setUp(SqlxmlTypeHandlerTest.java:57)
	... 2 more

[INFO] Running org.apache.ibatis.submitted.blocking_cache.BlockingCacheTest
[INFO] Tests run: 3, Failures: 0, Errors: 0, Skipped: 0, Time elapsed: 1.039 s -- in org.apache.ibatis.submitted.blocking_cache.BlockingCacheTest
[INFO] Running org.apache.ibatis.submitted.parent_childs.ParentChildTest
[INFO] Tests run: 2, Failures: 0, Errors: 0, Skipped: 0, Time elapsed: 0.016 s -- in org.apache.ibatis.submitted.parent_childs.ParentChildTest
[INFO] Running org.apache.ibatis.submitted.autodiscover.AutodiscoverTest
[INFO] Tests run: 3, Failures: 0, Errors: 0, Skipped: 0, Time elapsed: 0.007 s -- in org.apache.ibatis.submitted.autodiscover.AutodiscoverTest
[INFO] Running org.apache.ibatis.submitted.cursor_simple.MysqlCursorTest
[ERROR] Tests run: 1, Failures: 0, Errors: 1, Skipped: 0, Time elapsed: 0 s <<< FAILURE! -- in org.apache.ibatis.submitted.cursor_simple.MysqlCursorTest
[ERROR] org.apache.ibatis.submitted.cursor_simple.MysqlCursorTest -- Time elapsed: 0 s <<< ERROR!
java.lang.NoClassDefFoundError: Could not initialize class org.apache.ibatis.testcontainers.MysqlContainer
	at org.apache.ibatis.submitted.cursor_simple.MysqlCursorTest.setUp(MysqlCursorTest.java:46)
	at java.base/java.lang.reflect.Method.invoke(Method.java:580)
	at java.base/java.util.ArrayList.forEach(ArrayList.java:1596)
Caused by: java.lang.ExceptionInInitializerError: Exception java.lang.IllegalStateException: Previous attempts to find a Docker environment failed. Will not retry. Please see logs and check configuration [in thread "main"]
	at org.testcontainers.dockerclient.DockerClientProviderStrategy.getFirstValidStrategy(DockerClientProviderStrategy.java:229)
	at org.testcontainers.DockerClientFactory.getOrInitializeStrategy(DockerClientFactory.java:154)
	at org.testcontainers.DockerClientFactory.client(DockerClientFactory.java:196)
	at org.testcontainers.DockerClientFactory$1.getDockerClient(DockerClientFactory.java:108)
	at com.github.dockerjava.api.DockerClientDelegate.authConfig(DockerClientDelegate.java:109)
	at org.testcontainers.containers.GenericContainer.start(GenericContainer.java:321)
	at org.apache.ibatis.testcontainers.MysqlContainer.initContainer(MysqlContainer.java:42)
	at org.apache.ibatis.testcontainers.MysqlContainer.<clinit>(MysqlContainer.java:36)
	at org.apache.ibatis.datasource.pooled.MysqlTimeoutTest.shouldReconnectWhenServerKilledLeakedConnection(MysqlTimeoutTest.java:37)
	at java.base/java.lang.reflect.Method.invoke(Method.java:580)
	at java.base/java.util.ArrayList.forEach(ArrayList.java:1596)
	... 1 more

[INFO] Running org.apache.ibatis.submitted.cursor_simple.CursorSimpleTest
[INFO] Tests run: 14, Failures: 0, Errors: 0, Skipped: 0, Time elapsed: 0.022 s -- in org.apache.ibatis.submitted.cursor_simple.CursorSimpleTest
[INFO] Running org.apache.ibatis.submitted.cursor_simple.PostgresCursorTest
[ERROR] Tests run: 1, Failures: 0, Errors: 1, Skipped: 0, Time elapsed: 0 s <<< FAILURE! -- in org.apache.ibatis.submitted.cursor_simple.PostgresCursorTest
[ERROR] org.apache.ibatis.submitted.cursor_simple.PostgresCursorTest -- Time elapsed: 0 s <<< ERROR!
java.lang.NoClassDefFoundError: Could not initialize class org.apache.ibatis.testcontainers.PgContainer
	at org.apache.ibatis.submitted.cursor_simple.PostgresCursorTest.setUp(PostgresCursorTest.java:45)
	at java.base/java.lang.reflect.Method.invoke(Method.java:580)
	at java.base/java.util.ArrayList.forEach(ArrayList.java:1596)
Caused by: java.lang.ExceptionInInitializerError: Exception java.lang.IllegalStateException: Could not find a valid Docker environment. Please see logs and check configuration [in thread "main"]
	at org.testcontainers.dockerclient.DockerClientProviderStrategy.lambda$getFirstValidStrategy$7(DockerClientProviderStrategy.java:274)
	at java.base/java.util.Optional.orElseThrow(Optional.java:403)
	at org.testcontainers.dockerclient.DockerClientProviderStrategy.getFirstValidStrategy(DockerClientProviderStrategy.java:265)
	at org.testcontainers.DockerClientFactory.getOrInitializeStrategy(DockerClientFactory.java:154)
	at org.testcontainers.DockerClientFactory.client(DockerClientFactory.java:196)
	at org.testcontainers.DockerClientFactory$1.getDockerClient(DockerClientFactory.java:108)
	at com.github.dockerjava.api.DockerClientDelegate.authConfig(DockerClientDelegate.java:109)
	at org.testcontainers.containers.GenericContainer.start(GenericContainer.java:321)
	at org.apache.ibatis.testcontainers.PgContainer.initContainer(PgContainer.java:38)
	at org.apache.ibatis.testcontainers.PgContainer.<clinit>(PgContainer.java:31)
	at org.apache.ibatis.type.SqlxmlTypeHandlerTest.setUp(SqlxmlTypeHandlerTest.java:57)
	... 2 more

[INFO] Running org.apache.ibatis.submitted.lazyload_proxyfactory_comparison.DefaultLazyTest
[INFO] Tests run: 6, Failures: 0, Errors: 0, Skipped: 0, Time elapsed: 0.064 s -- in org.apache.ibatis.submitted.lazyload_proxyfactory_comparison.DefaultLazyTest
[INFO] Running org.apache.ibatis.submitted.lazyload_proxyfactory_comparison.JavassistLazyTest
[WARNING] Tests run: 6, Failures: 0, Errors: 0, Skipped: 6, Time elapsed: 0 s -- in org.apache.ibatis.submitted.lazyload_proxyfactory_comparison.JavassistLazyTest
[INFO] Running org.apache.ibatis.submitted.awful_table.AwfulTableTest
[INFO] Tests run: 1, Failures: 0, Errors: 0, Skipped: 0, Time elapsed: 0.016 s -- in org.apache.ibatis.submitted.awful_table.AwfulTableTest
[INFO] Running org.apache.ibatis.submitted.record_type.RecordTypeTest
[INFO] Tests run: 4, Failures: 0, Errors: 0, Skipped: 0, Time elapsed: 0.025 s -- in org.apache.ibatis.submitted.record_type.RecordTypeTest
[INFO] Running org.apache.ibatis.submitted.criterion.CriterionTest
[INFO] Tests run: 1, Failures: 0, Errors: 0, Skipped: 0, Time elapsed: 0.006 s -- in org.apache.ibatis.submitted.criterion.CriterionTest
[INFO] Running org.apache.ibatis.submitted.basetest.BaseTest
[INFO] Tests run: 2, Failures: 0, Errors: 0, Skipped: 0, Time elapsed: 0.006 s -- in org.apache.ibatis.submitted.basetest.BaseTest
[INFO] Running org.apache.ibatis.submitted.generictyperesolution.GenericTypeResolutionTest
[INFO] Tests run: 2, Failures: 0, Errors: 0, Skipped: 0, Time elapsed: 0.023 s -- in org.apache.ibatis.submitted.generictyperesolution.GenericTypeResolutionTest
[INFO] Running org.apache.ibatis.submitted.lazy_immutable.ImmutablePOJOTest
[INFO] Tests run: 1, Failures: 0, Errors: 0, Skipped: 0, Time elapsed: 0.013 s -- in org.apache.ibatis.submitted.lazy_immutable.ImmutablePOJOTest
[INFO] Running org.apache.ibatis.submitted.complex_column.ComplexColumnTest
[INFO] Tests run: 6, Failures: 0, Errors: 0, Skipped: 0, Time elapsed: 0.018 s -- in org.apache.ibatis.submitted.complex_column.ComplexColumnTest
[INFO] Running org.apache.ibatis.submitted.flush_statement_npe.FlushStatementNpeTest
[INFO] Tests run: 3, Failures: 0, Errors: 0, Skipped: 0, Time elapsed: 0.015 s -- in org.apache.ibatis.submitted.flush_statement_npe.FlushStatementNpeTest
[INFO] Running org.apache.ibatis.submitted.bringrags.SimpleObjectTest
[INFO] Tests run: 1, Failures: 0, Errors: 0, Skipped: 0, Time elapsed: 0.013 s -- in org.apache.ibatis.submitted.bringrags.SimpleObjectTest
[INFO] Running org.apache.ibatis.submitted.empty_namespace.EmptyNamespaceTest
[INFO] Tests run: 1, Failures: 0, Errors: 0, Skipped: 0, Time elapsed: 0.004 s -- in org.apache.ibatis.submitted.empty_namespace.EmptyNamespaceTest
[INFO] Running org.apache.ibatis.submitted.ognlstatic.OgnlStaticTest
[INFO] Tests run: 1, Failures: 0, Errors: 0, Skipped: 0, Time elapsed: 0.013 s -- in org.apache.ibatis.submitted.ognlstatic.OgnlStaticTest
[INFO] Running org.apache.ibatis.submitted.postgres_genkeys.PostgresGeneratedKeysTest
[ERROR] Tests run: 1, Failures: 0, Errors: 1, Skipped: 0, Time elapsed: 0.001 s <<< FAILURE! -- in org.apache.ibatis.submitted.postgres_genkeys.PostgresGeneratedKeysTest
[ERROR] org.apache.ibatis.submitted.postgres_genkeys.PostgresGeneratedKeysTest -- Time elapsed: 0.001 s <<< ERROR!
java.lang.NoClassDefFoundError: Could not initialize class org.apache.ibatis.testcontainers.PgContainer
	at org.apache.ibatis.submitted.postgres_genkeys.PostgresGeneratedKeysTest.setUp(PostgresGeneratedKeysTest.java:41)
	at java.base/java.lang.reflect.Method.invoke(Method.java:580)
	at java.base/java.util.ArrayList.forEach(ArrayList.java:1596)
Caused by: java.lang.ExceptionInInitializerError: Exception java.lang.IllegalStateException: Could not find a valid Docker environment. Please see logs and check configuration [in thread "main"]
	at org.testcontainers.dockerclient.DockerClientProviderStrategy.lambda$getFirstValidStrategy$7(DockerClientProviderStrategy.java:274)
	at java.base/java.util.Optional.orElseThrow(Optional.java:403)
	at org.testcontainers.dockerclient.DockerClientProviderStrategy.getFirstValidStrategy(DockerClientProviderStrategy.java:265)
	at org.testcontainers.DockerClientFactory.getOrInitializeStrategy(DockerClientFactory.java:154)
	at org.testcontainers.DockerClientFactory.client(DockerClientFactory.java:196)
	at org.testcontainers.DockerClientFactory$1.getDockerClient(DockerClientFactory.java:108)
	at com.github.dockerjava.api.DockerClientDelegate.authConfig(DockerClientDelegate.java:109)
	at org.testcontainers.containers.GenericContainer.start(GenericContainer.java:321)
	at org.apache.ibatis.testcontainers.PgContainer.initContainer(PgContainer.java:38)
	at org.apache.ibatis.testcontainers.PgContainer.<clinit>(PgContainer.java:31)
	at org.apache.ibatis.type.SqlxmlTypeHandlerTest.setUp(SqlxmlTypeHandlerTest.java:57)
	... 2 more

[INFO] Running org.apache.ibatis.submitted.disallowdotsonnames.DisallowDotsOnNamesTest
[INFO] Tests run: 1, Failures: 0, Errors: 0, Skipped: 0, Time elapsed: 0.005 s -- in org.apache.ibatis.submitted.disallowdotsonnames.DisallowDotsOnNamesTest
[INFO] Running org.apache.ibatis.submitted.databaseid_productname.DatabaseIdProductNameTest
[INFO] Tests run: 1, Failures: 0, Errors: 0, Skipped: 0, Time elapsed: 0.010 s -- in org.apache.ibatis.submitted.databaseid_productname.DatabaseIdProductNameTest
[INFO] Running org.apache.ibatis.submitted.multidb.ProviderTest
[INFO] Tests run: 2, Failures: 0, Errors: 0, Skipped: 0, Time elapsed: 0.013 s -- in org.apache.ibatis.submitted.multidb.ProviderTest
[INFO] Running org.apache.ibatis.submitted.multidb.MultiDbTest
[INFO] Tests run: 6, Failures: 0, Errors: 0, Skipped: 0, Time elapsed: 0.011 s -- in org.apache.ibatis.submitted.multidb.MultiDbTest
[INFO] Running org.apache.ibatis.submitted.enumtypehandler_on_map.EnumTypeHandlerTest
[INFO] Tests run: 2, Failures: 0, Errors: 0, Skipped: 0, Time elapsed: 0.013 s -- in org.apache.ibatis.submitted.enumtypehandler_on_map.EnumTypeHandlerTest
[INFO] Running org.apache.ibatis.submitted.associationtype.AssociationTypeTest
[INFO] Tests run: 2, Failures: 0, Errors: 0, Skipped: 0, Time elapsed: 0.013 s -- in org.apache.ibatis.submitted.associationtype.AssociationTypeTest
[INFO] Running org.apache.ibatis.submitted.result_handler.ResultHandlerTest
[INFO] Tests run: 2, Failures: 0, Errors: 0, Skipped: 0, Time elapsed: 0.005 s -- in org.apache.ibatis.submitted.result_handler.ResultHandlerTest
[INFO] Running org.apache.ibatis.submitted.dml_return_types.DmlMapperReturnTypesTest
[INFO] Tests run: 7, Failures: 0, Errors: 0, Skipped: 0, Time elapsed: 0.016 s -- in org.apache.ibatis.submitted.dml_return_types.DmlMapperReturnTypesTest
[INFO] Running org.apache.ibatis.submitted.unknownobject.UnknownObjectTest
[INFO] Tests run: 1, Failures: 0, Errors: 0, Skipped: 0, Time elapsed: 0.011 s -- in org.apache.ibatis.submitted.unknownobject.UnknownObjectTest
[INFO] Running org.apache.ibatis.submitted.custom_collection_handling.CustomCollectionHandlingTest
[INFO] Tests run: 2, Failures: 0, Errors: 0, Skipped: 0, Time elapsed: 0.014 s -- in org.apache.ibatis.submitted.custom_collection_handling.CustomCollectionHandlingTest
[INFO] Running org.apache.ibatis.submitted.typehandlerinjection.TypeHandlerInjectionTest
[INFO] Tests run: 1, Failures: 0, Errors: 0, Skipped: 0, Time elapsed: 0.011 s -- in org.apache.ibatis.submitted.typehandlerinjection.TypeHandlerInjectionTest
[INFO] Running org.apache.ibatis.submitted.primitive_array.PrimitiveArrayTest
[INFO] Tests run: 1, Failures: 0, Errors: 0, Skipped: 0, Time elapsed: 0.011 s -- in org.apache.ibatis.submitted.primitive_array.PrimitiveArrayTest
[INFO] Running org.apache.ibatis.submitted.complex_property.ComponentTest
[INFO] Tests run: 1, Failures: 0, Errors: 0, Skipped: 0, Time elapsed: 0.013 s -- in org.apache.ibatis.submitted.complex_property.ComponentTest
[INFO] Running org.apache.ibatis.submitted.nestedresulthandler.NestedResultHandlerTest
[INFO] Tests run: 5, Failures: 0, Errors: 0, Skipped: 0, Time elapsed: 0.017 s -- in org.apache.ibatis.submitted.nestedresulthandler.NestedResultHandlerTest
[INFO] Running org.apache.ibatis.submitted.primitive_result_type.PrimitiveResultTypeTest
[INFO] Tests run: 2, Failures: 0, Errors: 0, Skipped: 0, Time elapsed: 0.038 s -- in org.apache.ibatis.submitted.primitive_result_type.PrimitiveResultTypeTest
[INFO] Running org.apache.ibatis.submitted.collection_in_constructor.CollectionInConstructorTest
[WARNING] Tests run: 13, Failures: 0, Errors: 0, Skipped: 1, Time elapsed: 0.064 s -- in org.apache.ibatis.submitted.collection_in_constructor.CollectionInConstructorTest
[INFO] Running org.apache.ibatis.submitted.repeatable.RepeatableSelectTest
[INFO] Tests run: 8, Failures: 0, Errors: 0, Skipped: 0, Time elapsed: 1.002 s -- in org.apache.ibatis.submitted.repeatable.RepeatableSelectTest
[INFO] Running org.apache.ibatis.submitted.repeatable.RepeatableErrorTest
[INFO] Tests run: 3, Failures: 0, Errors: 0, Skipped: 0, Time elapsed: 0.016 s -- in org.apache.ibatis.submitted.repeatable.RepeatableErrorTest
[INFO] Running org.apache.ibatis.submitted.repeatable.RepeatableUpdateTest
[INFO] Tests run: 6, Failures: 0, Errors: 0, Skipped: 0, Time elapsed: 0.081 s -- in org.apache.ibatis.submitted.repeatable.RepeatableUpdateTest
[INFO] Running org.apache.ibatis.submitted.repeatable.RepeatableInsertTest
[INFO] Tests run: 6, Failures: 0, Errors: 0, Skipped: 0, Time elapsed: 0.085 s -- in org.apache.ibatis.submitted.repeatable.RepeatableInsertTest
[INFO] Running org.apache.ibatis.submitted.repeatable.RepeatableDeleteTest
[INFO] Tests run: 6, Failures: 0, Errors: 0, Skipped: 0, Time elapsed: 0.087 s -- in org.apache.ibatis.submitted.repeatable.RepeatableDeleteTest
[INFO] Running org.apache.ibatis.submitted.extendresultmap.ExtendResultMapTest
[INFO] Tests run: 1, Failures: 0, Errors: 0, Skipped: 0, Time elapsed: 0.014 s -- in org.apache.ibatis.submitted.extendresultmap.ExtendResultMapTest
[INFO] Running org.apache.ibatis.submitted.annotion_many_one_add_columnprefix.OneManyColumnPrefixTest
[INFO] Tests run: 4, Failures: 0, Errors: 0, Skipped: 0, Time elapsed: 0.016 s -- in org.apache.ibatis.submitted.annotion_many_one_add_columnprefix.OneManyColumnPrefixTest
[INFO] Running org.apache.ibatis.submitted.enum_interface_type_handler.EnumInterfaceTypeHandlerTest
[INFO] Tests run: 3, Failures: 0, Errors: 0, Skipped: 0, Time elapsed: 0.015 s -- in org.apache.ibatis.submitted.enum_interface_type_handler.EnumInterfaceTypeHandlerTest
[INFO] Running org.apache.ibatis.submitted.maptypehandler.MapTypeHandlerTest
[INFO] Tests run: 2, Failures: 0, Errors: 0, Skipped: 0, Time elapsed: 0.012 s -- in org.apache.ibatis.submitted.maptypehandler.MapTypeHandlerTest
[INFO] Running org.apache.ibatis.submitted.cache.CacheTest
[INFO] Tests run: 11, Failures: 0, Errors: 0, Skipped: 0, Time elapsed: 0.067 s -- in org.apache.ibatis.submitted.cache.CacheTest
[INFO] Running org.apache.ibatis.submitted.bind_in_foreach.BindInForeachTest
[INFO] Tests run: 1, Failures: 0, Errors: 0, Skipped: 0, Time elapsed: 0.012 s -- in org.apache.ibatis.submitted.bind_in_foreach.BindInForeachTest
[INFO] Running org.apache.ibatis.submitted.batch_test.BatchTest
[INFO] Tests run: 1, Failures: 0, Errors: 0, Skipped: 0, Time elapsed: 0.011 s -- in org.apache.ibatis.submitted.batch_test.BatchTest
[INFO] Running org.apache.ibatis.submitted.multipleresultsetswithassociation.MultipleResultSetTest
[INFO] Tests run: 2, Failures: 0, Errors: 0, Skipped: 0, Time elapsed: 0.014 s -- in org.apache.ibatis.submitted.multipleresultsetswithassociation.MultipleResultSetTest
[INFO] Running org.apache.ibatis.submitted.lazyload_common_property.CommonPropertyLazyLoadTest
[INFO] Tests run: 4, Failures: 0, Errors: 0, Skipped: 0, Time elapsed: 0.024 s -- in org.apache.ibatis.submitted.lazyload_common_property.CommonPropertyLazyLoadTest
[INFO] Running org.apache.ibatis.submitted.annotion_many_one_add_resultmapid.OneManyResultMapTest
[INFO] Tests run: 4, Failures: 0, Errors: 0, Skipped: 0, Time elapsed: 0.016 s -- in org.apache.ibatis.submitted.annotion_many_one_add_resultmapid.OneManyResultMapTest
[INFO] Running org.apache.ibatis.submitted.foreach.ForEachTest
[INFO] Tests run: 12, Failures: 0, Errors: 0, Skipped: 0, Time elapsed: 0.025 s -- in org.apache.ibatis.submitted.foreach.ForEachTest
[INFO] Running org.apache.ibatis.submitted.constructor_automapping.ConstructorAutomappingTest
[INFO] Tests run: 1, Failures: 0, Errors: 0, Skipped: 0, Time elapsed: 0.006 s -- in org.apache.ibatis.submitted.constructor_automapping.ConstructorAutomappingTest
[INFO] Running org.apache.ibatis.submitted.discriminator.DiscriminatorTest
[INFO] Tests run: 4, Failures: 0, Errors: 0, Skipped: 0, Time elapsed: 0.016 s -- in org.apache.ibatis.submitted.discriminator.DiscriminatorTest
[INFO] Running org.apache.ibatis.submitted.null_associations.FooMapperTest
[INFO] Tests run: 2, Failures: 0, Errors: 0, Skipped: 0, Time elapsed: 0.014 s -- in org.apache.ibatis.submitted.null_associations.FooMapperTest
[INFO] Running org.apache.ibatis.submitted.associationtest.AssociationTest
[INFO] Tests run: 4, Failures: 0, Errors: 0, Skipped: 0, Time elapsed: 0.008 s -- in org.apache.ibatis.submitted.associationtest.AssociationTest
[INFO] Running org.apache.ibatis.submitted.use_actual_param_name.UseActualParamNameTest
[INFO] Tests run: 4, Failures: 0, Errors: 0, Skipped: 0, Time elapsed: 0.014 s -- in org.apache.ibatis.submitted.use_actual_param_name.UseActualParamNameTest
[INFO] Running org.apache.ibatis.submitted.optional_on_mapper_method.OptionalOnMapperMethodTest
[INFO] Tests run: 5, Failures: 0, Errors: 0, Skipped: 0, Time elapsed: 0.180 s -- in org.apache.ibatis.submitted.optional_on_mapper_method.OptionalOnMapperMethodTest
[INFO] Running org.apache.ibatis.submitted.array_result_type.ArrayResultTypeTest
[INFO] Tests run: 4, Failures: 0, Errors: 0, Skipped: 0, Time elapsed: 0.015 s -- in org.apache.ibatis.submitted.array_result_type.ArrayResultTypeTest
[INFO] Running org.apache.ibatis.submitted.literal_string.LiteralStringTest
[INFO] Tests run: 3, Failures: 0, Errors: 0, Skipped: 0, Time elapsed: 0.014 s -- in org.apache.ibatis.submitted.literal_string.LiteralStringTest
[INFO] Running org.apache.ibatis.submitted.not_null_column.NotNullColumnTest
[INFO] Tests run: 8, Failures: 0, Errors: 0, Skipped: 0, Time elapsed: 0.021 s -- in org.apache.ibatis.submitted.not_null_column.NotNullColumnTest
[INFO] Running org.apache.ibatis.submitted.results_id.IdConflictTest
[INFO] Tests run: 1, Failures: 0, Errors: 0, Skipped: 0, Time elapsed: 0.004 s -- in org.apache.ibatis.submitted.results_id.IdConflictTest
[INFO] Running org.apache.ibatis.submitted.results_id.ResultsIdTest
[INFO] Tests run: 4, Failures: 0, Errors: 0, Skipped: 0, Time elapsed: 0.037 s -- in org.apache.ibatis.submitted.results_id.ResultsIdTest
[INFO] Running org.apache.ibatis.submitted.resolution.cacherefs.CacheRefsTest
[INFO] Tests run: 1, Failures: 0, Errors: 0, Skipped: 0, Time elapsed: 0.020 s -- in org.apache.ibatis.submitted.resolution.cacherefs.CacheRefsTest
[INFO] Running org.apache.ibatis.submitted.resolution.deepresultmap.DeepResultMapTest
[INFO] Tests run: 1, Failures: 0, Errors: 0, Skipped: 0, Time elapsed: 0.036 s -- in org.apache.ibatis.submitted.resolution.deepresultmap.DeepResultMapTest
[INFO] Running org.apache.ibatis.submitted.resolution.javamethods.JavaMethodsTest
[INFO] Tests run: 1, Failures: 0, Errors: 0, Skipped: 0, Time elapsed: 0.015 s -- in org.apache.ibatis.submitted.resolution.javamethods.JavaMethodsTest
[INFO] Running org.apache.ibatis.submitted.resolution.cachereffromxml.CacheRefFromXmlTest
[INFO] Tests run: 1, Failures: 0, Errors: 0, Skipped: 0, Time elapsed: 0.013 s -- in org.apache.ibatis.submitted.resolution.cachereffromxml.CacheRefFromXmlTest
[INFO] Running org.apache.ibatis.submitted.call_setters_on_nulls.CallSettersOnNullsTest
[INFO] Tests run: 5, Failures: 0, Errors: 0, Skipped: 0, Time elapsed: 0.015 s -- in org.apache.ibatis.submitted.call_setters_on_nulls.CallSettersOnNullsTest
[INFO] Running org.apache.ibatis.submitted.call_setters_on_nulls.DoNotCallSettersOnNullsTest
[INFO] Tests run: 3, Failures: 0, Errors: 0, Skipped: 0, Time elapsed: 0.006 s -- in org.apache.ibatis.submitted.call_setters_on_nulls.DoNotCallSettersOnNullsTest
[INFO] Running org.apache.ibatis.submitted.multiple_resultsets.MultipleResultTest
[ERROR] Tests run: 1, Failures: 0, Errors: 1, Skipped: 0, Time elapsed: 0 s <<< FAILURE! -- in org.apache.ibatis.submitted.multiple_resultsets.MultipleResultTest
[ERROR] org.apache.ibatis.submitted.multiple_resultsets.MultipleResultTest -- Time elapsed: 0 s <<< ERROR!
java.lang.NoClassDefFoundError: Could not initialize class org.apache.ibatis.testcontainers.PgContainer
	at org.apache.ibatis.submitted.multiple_resultsets.MultipleResultTest.setUp(MultipleResultTest.java:47)
	at java.base/java.lang.reflect.Method.invoke(Method.java:580)
	at java.base/java.util.ArrayList.forEach(ArrayList.java:1596)
Caused by: java.lang.ExceptionInInitializerError: Exception java.lang.IllegalStateException: Could not find a valid Docker environment. Please see logs and check configuration [in thread "main"]
	at org.testcontainers.dockerclient.DockerClientProviderStrategy.lambda$getFirstValidStrategy$7(DockerClientProviderStrategy.java:274)
	at java.base/java.util.Optional.orElseThrow(Optional.java:403)
	at org.testcontainers.dockerclient.DockerClientProviderStrategy.getFirstValidStrategy(DockerClientProviderStrategy.java:265)
	at org.testcontainers.DockerClientFactory.getOrInitializeStrategy(DockerClientFactory.java:154)
	at org.testcontainers.DockerClientFactory.client(DockerClientFactory.java:196)
	at org.testcontainers.DockerClientFactory$1.getDockerClient(DockerClientFactory.java:108)
	at com.github.dockerjava.api.DockerClientDelegate.authConfig(DockerClientDelegate.java:109)
	at org.testcontainers.containers.GenericContainer.start(GenericContainer.java:321)
	at org.apache.ibatis.testcontainers.PgContainer.initContainer(PgContainer.java:38)
	at org.apache.ibatis.testcontainers.PgContainer.<clinit>(PgContainer.java:31)
	at org.apache.ibatis.type.SqlxmlTypeHandlerTest.setUp(SqlxmlTypeHandlerTest.java:57)
	... 2 more

[INFO] Running org.apache.ibatis.submitted.propertiesinmapperfiles.PropertiesInMappersTest
[INFO] Tests run: 1, Failures: 0, Errors: 0, Skipped: 0, Time elapsed: 0.012 s -- in org.apache.ibatis.submitted.propertiesinmapperfiles.PropertiesInMappersTest
[INFO] Running org.apache.ibatis.submitted.encoding.EncodingTest
[INFO] Tests run: 2, Failures: 0, Errors: 0, Skipped: 0, Time elapsed: 0.012 s -- in org.apache.ibatis.submitted.encoding.EncodingTest
[INFO] Running org.apache.ibatis.submitted.blobtest.BlobTest
[INFO] Tests run: 2, Failures: 0, Errors: 0, Skipped: 0, Time elapsed: 0.017 s -- in org.apache.ibatis.submitted.blobtest.BlobTest
[INFO] Running org.apache.ibatis.submitted.inheritance.InheritanceTest
[INFO] Tests run: 1, Failures: 0, Errors: 0, Skipped: 0, Time elapsed: 0.014 s -- in org.apache.ibatis.submitted.inheritance.InheritanceTest
[INFO] Running org.apache.ibatis.submitted.resultmapwithassociationstest.ResultMapWithAssociationsTest
[INFO] Tests run: 1, Failures: 0, Errors: 0, Skipped: 0, Time elapsed: 0.013 s -- in org.apache.ibatis.submitted.resultmapwithassociationstest.ResultMapWithAssociationsTest
[INFO] Running org.apache.ibatis.submitted.primitives.PrimitivesTest
[INFO] Tests run: 1, Failures: 0, Errors: 0, Skipped: 0, Time elapsed: 0.012 s -- in org.apache.ibatis.submitted.primitives.PrimitivesTest
[INFO] Running org.apache.ibatis.submitted.valueinmap.ValueInMapTest
[INFO] Tests run: 2, Failures: 0, Errors: 0, Skipped: 0, Time elapsed: 0.012 s -- in org.apache.ibatis.submitted.valueinmap.ValueInMapTest
[INFO] Running org.apache.ibatis.submitted.sql.PostgresSQLTest
[ERROR] Tests run: 1, Failures: 0, Errors: 1, Skipped: 0, Time elapsed: 0.001 s <<< FAILURE! -- in org.apache.ibatis.submitted.sql.PostgresSQLTest
[ERROR] org.apache.ibatis.submitted.sql.PostgresSQLTest -- Time elapsed: 0.001 s <<< ERROR!
java.lang.NoClassDefFoundError: Could not initialize class org.apache.ibatis.testcontainers.PgContainer
	at org.apache.ibatis.submitted.sql.PostgresSQLTest.setUp(PostgresSQLTest.java:44)
	at java.base/java.lang.reflect.Method.invoke(Method.java:580)
	at java.base/java.util.ArrayList.forEach(ArrayList.java:1596)
Caused by: java.lang.ExceptionInInitializerError: Exception java.lang.IllegalStateException: Could not find a valid Docker environment. Please see logs and check configuration [in thread "main"]
	at org.testcontainers.dockerclient.DockerClientProviderStrategy.lambda$getFirstValidStrategy$7(DockerClientProviderStrategy.java:274)
	at java.base/java.util.Optional.orElseThrow(Optional.java:403)
	at org.testcontainers.dockerclient.DockerClientProviderStrategy.getFirstValidStrategy(DockerClientProviderStrategy.java:265)
	at org.testcontainers.DockerClientFactory.getOrInitializeStrategy(DockerClientFactory.java:154)
	at org.testcontainers.DockerClientFactory.client(DockerClientFactory.java:196)
	at org.testcontainers.DockerClientFactory$1.getDockerClient(DockerClientFactory.java:108)
	at com.github.dockerjava.api.DockerClientDelegate.authConfig(DockerClientDelegate.java:109)
	at org.testcontainers.containers.GenericContainer.start(GenericContainer.java:321)
	at org.apache.ibatis.testcontainers.PgContainer.initContainer(PgContainer.java:38)
	at org.apache.ibatis.testcontainers.PgContainer.<clinit>(PgContainer.java:31)
	at org.apache.ibatis.type.SqlxmlTypeHandlerTest.setUp(SqlxmlTypeHandlerTest.java:57)
	... 2 more

[INFO] Running org.apache.ibatis.submitted.sql.HsqldbSQLTest
[INFO] Tests run: 1, Failures: 0, Errors: 0, Skipped: 0, Time elapsed: 0.010 s -- in org.apache.ibatis.submitted.sql.HsqldbSQLTest
[INFO] Running org.apache.ibatis.submitted.localtime.LocalTimeTest
[INFO] Tests run: 2, Failures: 0, Errors: 0, Skipped: 0, Time elapsed: 0.010 s -- in org.apache.ibatis.submitted.localtime.LocalTimeTest
[INFO] Running org.apache.ibatis.submitted.parent_reference_3level.BlogTest
[INFO] Tests run: 4, Failures: 0, Errors: 0, Skipped: 0, Time elapsed: 0.045 s -- in org.apache.ibatis.submitted.parent_reference_3level.BlogTest
[INFO] Running org.apache.ibatis.submitted.handle_by_jdbc_type.HandlerByJdbcTypeTest
[INFO] Tests run: 4, Failures: 0, Errors: 0, Skipped: 0, Time elapsed: 0.021 s -- in org.apache.ibatis.submitted.handle_by_jdbc_type.HandlerByJdbcTypeTest
[INFO] Running org.apache.ibatis.submitted.automapping.AutomappingTest
[INFO] Tests run: 10, Failures: 0, Errors: 0, Skipped: 0, Time elapsed: 0.020 s -- in org.apache.ibatis.submitted.automapping.AutomappingTest
[INFO] Running org.apache.ibatis.submitted.no_result_type_map.NoResultTypeMapTest
[INFO] Tests run: 4, Failures: 0, Errors: 0, Skipped: 0, Time elapsed: 0.009 s -- in org.apache.ibatis.submitted.no_result_type_map.NoResultTypeMapTest
[INFO] Running org.apache.ibatis.submitted.named_constructor_args.NamedConstructorArgsTest
[INFO] Tests run: 2, Failures: 0, Errors: 0, Skipped: 0, Time elapsed: 0.012 s -- in org.apache.ibatis.submitted.named_constructor_args.NamedConstructorArgsTest
[INFO] Running org.apache.ibatis.submitted.named_constructor_args.InvalidNamedConstructorArgsTest
[INFO] Tests run: 3, Failures: 0, Errors: 0, Skipped: 0, Time elapsed: 0.005 s -- in org.apache.ibatis.submitted.named_constructor_args.InvalidNamedConstructorArgsTest
[INFO] Running org.apache.ibatis.submitted.named_constructor_args.NamedConstructorArgsUseActualNameTest
[INFO] Tests run: 2, Failures: 0, Errors: 0, Skipped: 0, Time elapsed: 0.007 s -- in org.apache.ibatis.submitted.named_constructor_args.NamedConstructorArgsUseActualNameTest
[INFO] Running org.apache.ibatis.submitted.oracle_cursor.OracleCursorTest
[ERROR] Tests run: 1, Failures: 0, Errors: 1, Skipped: 0, Time elapsed: 0.004 s <<< FAILURE! -- in org.apache.ibatis.submitted.oracle_cursor.OracleCursorTest
[ERROR] org.apache.ibatis.submitted.oracle_cursor.OracleCursorTest -- Time elapsed: 0.004 s <<< ERROR!
java.lang.ExceptionInInitializerError
	at org.apache.ibatis.submitted.oracle_cursor.OracleCursorTest.setUp(OracleCursorTest.java:47)
	at java.base/java.lang.reflect.Method.invoke(Method.java:580)
	at java.base/java.util.ArrayList.forEach(ArrayList.java:1596)
Caused by: java.lang.IllegalStateException: Previous attempts to find a Docker environment failed. Will not retry. Please see logs and check configuration
	at org.testcontainers.dockerclient.DockerClientProviderStrategy.getFirstValidStrategy(DockerClientProviderStrategy.java:229)
	at org.testcontainers.DockerClientFactory.getOrInitializeStrategy(DockerClientFactory.java:154)
	at org.testcontainers.DockerClientFactory.client(DockerClientFactory.java:196)
	at org.testcontainers.DockerClientFactory$1.getDockerClient(DockerClientFactory.java:108)
	at com.github.dockerjava.api.DockerClientDelegate.authConfig(DockerClientDelegate.java:109)
	at org.testcontainers.containers.GenericContainer.start(GenericContainer.java:321)
	at org.apache.ibatis.testcontainers.OracleTestContainer.initContainer(OracleTestContainer.java:41)
	at org.apache.ibatis.testcontainers.OracleTestContainer.<clinit>(OracleTestContainer.java:35)
	... 3 more

[INFO] Running org.apache.ibatis.submitted.collection_injection.CollectionInjectionTest
[INFO] Tests run: 3, Failures: 0, Errors: 0, Skipped: 0, Time elapsed: 0.024 s -- in org.apache.ibatis.submitted.collection_injection.CollectionInjectionTest
[INFO] Running org.apache.ibatis.submitted.duplicate_resource_loaded.DuplicateResourceTest
[INFO] Tests run: 1, Failures: 0, Errors: 0, Skipped: 0, Time elapsed: 0.321 s -- in org.apache.ibatis.submitted.duplicate_resource_loaded.DuplicateResourceTest
[INFO] Running org.apache.ibatis.submitted.serializecircular.SerializeCircularTest
[INFO] Tests run: 4, Failures: 0, Errors: 0, Skipped: 0, Time elapsed: 0.058 s -- in org.apache.ibatis.submitted.serializecircular.SerializeCircularTest
[INFO] Running org.apache.ibatis.submitted.empty_row.ReturnInstanceForEmptyRowTest
[INFO] Tests run: 11, Failures: 0, Errors: 0, Skipped: 0, Time elapsed: 0.021 s -- in org.apache.ibatis.submitted.empty_row.ReturnInstanceForEmptyRowTest
[INFO] Running org.apache.ibatis.submitted.association_nested.FolderMapperTest
[INFO] Tests run: 1, Failures: 0, Errors: 0, Skipped: 0, Time elapsed: 0.013 s -- in org.apache.ibatis.submitted.association_nested.FolderMapperTest
[INFO] Running org.apache.ibatis.submitted.force_flush_on_select.ForceFlushOnSelectTest
[INFO] Tests run: 6, Failures: 0, Errors: 0, Skipped: 0, Time elapsed: 0.064 s -- in org.apache.ibatis.submitted.force_flush_on_select.ForceFlushOnSelectTest
[INFO] Running org.apache.ibatis.submitted.generictypes.GenericTypesTest
[INFO] Tests run: 1, Failures: 0, Errors: 0, Skipped: 0, Time elapsed: 0.014 s -- in org.apache.ibatis.submitted.generictypes.GenericTypesTest
[INFO] Running org.apache.ibatis.submitted.integer_enum.IntegerEnumTest
[INFO] Tests run: 1, Failures: 0, Errors: 0, Skipped: 0, Time elapsed: 0.005 s -- in org.apache.ibatis.submitted.integer_enum.IntegerEnumTest
[INFO] Running org.apache.ibatis.submitted.nestedresulthandler_association.NestedResultHandlerAssociationTest
[INFO] Tests run: 2, Failures: 0, Errors: 0, Skipped: 0, Time elapsed: 0.009 s -- in org.apache.ibatis.submitted.nestedresulthandler_association.NestedResultHandlerAssociationTest
[INFO] Running org.apache.ibatis.submitted.count.CountTest
[INFO] Tests run: 1, Failures: 0, Errors: 0, Skipped: 0, Time elapsed: 0.005 s -- in org.apache.ibatis.submitted.count.CountTest
[INFO] Running org.apache.ibatis.submitted.foreach_map.ForEachMapTest
[INFO] Tests run: 4, Failures: 0, Errors: 0, Skipped: 0, Time elapsed: 0.010 s -- in org.apache.ibatis.submitted.foreach_map.ForEachMapTest
[INFO] Running org.apache.ibatis.submitted.auto_type_from_non_ambiguous_constructor.AutoTypeFromNonAmbiguousConstructorTest
[INFO] Tests run: 5, Failures: 0, Errors: 0, Skipped: 0, Time elapsed: 0.015 s -- in org.apache.ibatis.submitted.auto_type_from_non_ambiguous_constructor.AutoTypeFromNonAmbiguousConstructorTest
[INFO] Running org.apache.ibatis.submitted.auto_type_from_non_ambiguous_constructor.AutoTypeFromNonAmbiguousConstructorFailingTest
[INFO] Tests run: 1, Failures: 0, Errors: 0, Skipped: 0, Time elapsed: 0.005 s -- in org.apache.ibatis.submitted.auto_type_from_non_ambiguous_constructor.AutoTypeFromNonAmbiguousConstructorFailingTest
[INFO] Running org.apache.ibatis.io.ResolverUtilTest
[INFO] Tests run: 12, Failures: 0, Errors: 0, Skipped: 0, Time elapsed: 0.023 s -- in org.apache.ibatis.io.ResolverUtilTest
[INFO] Running org.apache.ibatis.io.VFSTest
01:28:06.875 ERROR [main] org.apache.ibatis.io.VFS - Method not found org.apache.ibatis.io.VFS.listXxx.  Cause: java.lang.NoSuchMethodException: org.apache.ibatis.io.VFS.listXxx(java.lang.String)
[INFO] Tests run: 5, Failures: 0, Errors: 0, Skipped: 0, Time elapsed: 0.003 s -- in org.apache.ibatis.io.VFSTest
[INFO] Running org.apache.ibatis.io.ExternalResourcesTest
[INFO] Tests run: 4, Failures: 0, Errors: 0, Skipped: 0, Time elapsed: 0.005 s -- in org.apache.ibatis.io.ExternalResourcesTest
[INFO] Running org.apache.ibatis.io.ResourcesTest
[INFO] Tests run: 17, Failures: 0, Errors: 0, Skipped: 0, Time elapsed: 0.006 s -- in org.apache.ibatis.io.ResourcesTest
[INFO] Running org.apache.ibatis.io.ClassLoaderWrapperTest
[INFO] Tests run: 9, Failures: 0, Errors: 0, Skipped: 0, Time elapsed: 0.004 s -- in org.apache.ibatis.io.ClassLoaderWrapperTest
[INFO] Running org.apache.ibatis.autoconstructor.AutoConstructorTest
[INFO] Tests run: 6, Failures: 0, Errors: 0, Skipped: 0, Time elapsed: 0.029 s -- in org.apache.ibatis.autoconstructor.AutoConstructorTest
[INFO] Running org.apache.ibatis.session.AutoMappingUnknownColumnBehaviorTest
01:28:07.162 WARN  [main] o.a.i.s.AutoMappingUnknownColumnBehavior - Unknown column is detected on 'org.apache.ibatis.session.AutoMappingUnknownColumnBehaviorTest$Mapper.selectSimpleAuthor' auto-mapping. Mapping parameters are [columnName=ID,propertyName=id,propertyType=java.util.concurrent.atomic.AtomicInteger]
[INFO] Tests run: 3, Failures: 0, Errors: 0, Skipped: 0, Time elapsed: 0.245 s -- in org.apache.ibatis.session.AutoMappingUnknownColumnBehaviorTest
[INFO] Running org.apache.ibatis.session.defaults.ExtendedSqlSessionFactoryTest
[INFO] Tests run: 1, Failures: 0, Errors: 0, Skipped: 0, Time elapsed: 0.252 s -- in org.apache.ibatis.session.defaults.ExtendedSqlSessionFactoryTest
[INFO] Running org.apache.ibatis.session.SqlSessionManagerTest
[INFO] Tests run: 6, Failures: 0, Errors: 0, Skipped: 0, Time elapsed: 0.352 s -- in org.apache.ibatis.session.SqlSessionManagerTest
[INFO] Running org.apache.ibatis.session.SqlSessionTest
[INFO] Tests run: 59, Failures: 0, Errors: 0, Skipped: 0, Time elapsed: 0.465 s -- in org.apache.ibatis.session.SqlSessionTest
[INFO] Running org.apache.ibatis.transaction.jdbc.JdbcTransactionFactoryTest
[INFO] Tests run: 2, Failures: 0, Errors: 0, Skipped: 0, Time elapsed: 0.002 s -- in org.apache.ibatis.transaction.jdbc.JdbcTransactionFactoryTest
[INFO] Running org.apache.ibatis.transaction.jdbc.JdbcTransactionWithDataSourceTest
[INFO] Tests run: 9, Failures: 0, Errors: 0, Skipped: 0, Time elapsed: 0.036 s -- in org.apache.ibatis.transaction.jdbc.JdbcTransactionWithDataSourceTest
[INFO] Running org.apache.ibatis.transaction.jdbc.JdbcTransactionWithConnectionTest
[INFO] Tests run: 8, Failures: 0, Errors: 0, Skipped: 0, Time elapsed: 0.010 s -- in org.apache.ibatis.transaction.jdbc.JdbcTransactionWithConnectionTest
[INFO] Running org.apache.ibatis.transaction.jdbc.JdbcTransactionFactoryUnitTest
[INFO] Tests run: 4, Failures: 0, Errors: 0, Skipped: 0, Time elapsed: 0.110 s -- in org.apache.ibatis.transaction.jdbc.JdbcTransactionFactoryUnitTest
[INFO] Running org.apache.ibatis.transaction.jdbc.JdbcTransactionTest
[INFO] Tests run: 1, Failures: 0, Errors: 0, Skipped: 0, Time elapsed: 0.003 s -- in org.apache.ibatis.transaction.jdbc.JdbcTransactionTest
[INFO] Running org.apache.ibatis.transaction.managed.ManagedTransactionFactoryUnitTest
[INFO] Tests run: 3, Failures: 0, Errors: 0, Skipped: 0, Time elapsed: 0.008 s -- in org.apache.ibatis.transaction.managed.ManagedTransactionFactoryUnitTest
[INFO] Running org.apache.ibatis.transaction.managed.ManagedTransactionFactoryTest
[INFO] Tests run: 2, Failures: 0, Errors: 0, Skipped: 0, Time elapsed: 0.003 s -- in org.apache.ibatis.transaction.managed.ManagedTransactionFactoryTest
[INFO] Running org.apache.ibatis.transaction.managed.ManagedTransactionWithConnectionTest
[INFO] Tests run: 6, Failures: 0, Errors: 0, Skipped: 0, Time elapsed: 0.005 s -- in org.apache.ibatis.transaction.managed.ManagedTransactionWithConnectionTest
[INFO] Running org.apache.ibatis.transaction.managed.ManagedTransactionWithDataSourceTest
[INFO] Tests run: 6, Failures: 0, Errors: 0, Skipped: 0, Time elapsed: 0.008 s -- in org.apache.ibatis.transaction.managed.ManagedTransactionWithDataSourceTest
[INFO] Running org.apache.ibatis.plugin.PluginTest
[INFO] Tests run: 2, Failures: 0, Errors: 0, Skipped: 0, Time elapsed: 0.029 s -- in org.apache.ibatis.plugin.PluginTest
[INFO] Running org.apache.ibatis.reflection.ParamNameResolverTest
[INFO] Tests run: 3, Failures: 0, Errors: 0, Skipped: 0, Time elapsed: 0.002 s -- in org.apache.ibatis.reflection.ParamNameResolverTest
[INFO] Running org.apache.ibatis.reflection.wrapper.MapWrapperUnitTest
[INFO] Tests run: 19, Failures: 0, Errors: 0, Skipped: 0, Time elapsed: 0.105 s -- in org.apache.ibatis.reflection.wrapper.MapWrapperUnitTest
[INFO] Running org.apache.ibatis.reflection.wrapper.BeanWrapperUnitTest
[INFO] Tests run: 19, Failures: 0, Errors: 0, Skipped: 0, Time elapsed: 0.014 s -- in org.apache.ibatis.reflection.wrapper.BeanWrapperUnitTest
[INFO] Running org.apache.ibatis.reflection.wrapper.MapWrapperTest
[INFO] Tests run: 9, Failures: 0, Errors: 0, Skipped: 0, Time elapsed: 0.036 s -- in org.apache.ibatis.reflection.wrapper.MapWrapperTest
[INFO] Running org.apache.ibatis.reflection.wrapper.CollectionWrapperUnitTest
[INFO] Tests run: 13, Failures: 0, Errors: 0, Skipped: 0, Time elapsed: 0.050 s -- in org.apache.ibatis.reflection.wrapper.CollectionWrapperUnitTest
[INFO] Running org.apache.ibatis.reflection.wrapper.BeanWrapperTest
[INFO] Tests run: 1, Failures: 0, Errors: 0, Skipped: 0, Time elapsed: 0.004 s -- in org.apache.ibatis.reflection.wrapper.BeanWrapperTest
[INFO] Running org.apache.ibatis.reflection.MetaClassTest
[INFO] Tests run: 8, Failures: 0, Errors: 0, Skipped: 0, Time elapsed: 0.004 s -- in org.apache.ibatis.reflection.MetaClassTest
[INFO] Running org.apache.ibatis.reflection.ExceptionUtilTest
[INFO] Tests run: 1, Failures: 0, Errors: 0, Skipped: 0, Time elapsed: 0.001 s -- in org.apache.ibatis.reflection.ExceptionUtilTest
[INFO] Running org.apache.ibatis.reflection.property.PropertyCopierTest
[INFO] Tests run: 1, Failures: 0, Errors: 0, Skipped: 0, Time elapsed: 0.001 s -- in org.apache.ibatis.reflection.property.PropertyCopierTest
[INFO] Running org.apache.ibatis.reflection.property.PropertyTokenizerTest
[INFO] Tests run: 3, Failures: 0, Errors: 0, Skipped: 0, Time elapsed: 0.002 s -- in org.apache.ibatis.reflection.property.PropertyTokenizerTest
[INFO] Running org.apache.ibatis.reflection.MetaObjectTest
[INFO] Tests run: 24, Failures: 0, Errors: 0, Skipped: 0, Time elapsed: 0.009 s -- in org.apache.ibatis.reflection.MetaObjectTest
[INFO] Running org.apache.ibatis.reflection.ReflectorTest
[INFO] Tests run: 19, Failures: 0, Errors: 0, Skipped: 0, Time elapsed: 0.012 s -- in org.apache.ibatis.reflection.ReflectorTest
[INFO] Running org.apache.ibatis.reflection.ArrayUtilTest
[INFO] Tests run: 3, Failures: 0, Errors: 0, Skipped: 0, Time elapsed: 0.001 s -- in org.apache.ibatis.reflection.ArrayUtilTest
[INFO] Running org.apache.ibatis.reflection.factory.DefaultObjectFactoryTest
[INFO] Tests run: 6, Failures: 0, Errors: 0, Skipped: 0, Time elapsed: 0.003 s -- in org.apache.ibatis.reflection.factory.DefaultObjectFactoryTest
[INFO] Running org.apache.ibatis.reflection.TypeParameterResolverTest
[INFO] Tests run: 40, Failures: 0, Errors: 0, Skipped: 0, Time elapsed: 0.015 s -- in org.apache.ibatis.reflection.TypeParameterResolverTest
[INFO] Running org.apache.ibatis.logging.jdbc.BaseJdbcLoggerTest
[INFO] Tests run: 2, Failures: 0, Errors: 0, Skipped: 0, Time elapsed: 0.012 s -- in org.apache.ibatis.logging.jdbc.BaseJdbcLoggerTest
[INFO] Running org.apache.ibatis.logging.jdbc.PreparedStatementLoggerTest
[INFO] Tests run: 4, Failures: 0, Errors: 0, Skipped: 0, Time elapsed: 0.033 s -- in org.apache.ibatis.logging.jdbc.PreparedStatementLoggerTest
[INFO] Running org.apache.ibatis.logging.jdbc.ResultSetLoggerTest
[INFO] Tests run: 2, Failures: 0, Errors: 0, Skipped: 0, Time elapsed: 0.003 s -- in org.apache.ibatis.logging.jdbc.ResultSetLoggerTest
[INFO] Running org.apache.ibatis.logging.jdbc.ConnectionLoggerTest
[INFO] Tests run: 3, Failures: 0, Errors: 0, Skipped: 0, Time elapsed: 0.007 s -- in org.apache.ibatis.logging.jdbc.ConnectionLoggerTest
[INFO] Running org.apache.ibatis.logging.jdbc.StatementLoggerTest
[INFO] Tests run: 3, Failures: 0, Errors: 0, Skipped: 0, Time elapsed: 0.003 s -- in org.apache.ibatis.logging.jdbc.StatementLoggerTest
[INFO] Running org.apache.ibatis.logging.LogFactoryTest
2025-07-29T01:28:09.038757322Z main ERROR Error message.2025-07-29T01:28:09.040385976Z main ERROR Error with Exception.
java.lang.Exception: Test exception.
	at org.apache.ibatis.logging.LogFactoryTest.logSomething(LogFactoryTest.java:112)
	at org.apache.ibatis.logging.LogFactoryTest.shouldUseLog4J2(LogFactoryTest.java:61)
	at java.base/jdk.internal.reflect.DirectMethodHandleAccessor.invoke(DirectMethodHandleAccessor.java:103)
	at java.base/java.lang.reflect.Method.invoke(Method.java:580)
	at org.junit.platform.commons.util.ReflectionUtils.invokeMethod(ReflectionUtils.java:787)
	at org.junit.platform.commons.support.ReflectionSupport.invokeMethod(ReflectionSupport.java:478)
	at org.junit.jupiter.engine.execution.MethodInvocation.proceed(MethodInvocation.java:60)
	at org.junit.jupiter.engine.execution.InvocationInterceptorChain$ValidatingInvocation.proceed(InvocationInterceptorChain.java:131)
	at org.junit.jupiter.engine.extension.TimeoutExtension.intercept(TimeoutExtension.java:161)
	at org.junit.jupiter.engine.extension.TimeoutExtension.interceptTestableMethod(TimeoutExtension.java:152)
	at org.junit.jupiter.engine.extension.TimeoutExtension.interceptTestMethod(TimeoutExtension.java:91)
	at org.junit.jupiter.engine.execution.InterceptingExecutableInvoker$ReflectiveInterceptorCall.lambda$ofVoidMethod$0(InterceptingExecutableInvoker.java:112)
	at org.junit.jupiter.engine.execution.InterceptingExecutableInvoker.lambda$invoke$0(InterceptingExecutableInvoker.java:94)
	at org.junit.jupiter.engine.execution.InvocationInterceptorChain$InterceptedInvocation.proceed(InvocationInterceptorChain.java:106)
	at org.junit.jupiter.engine.execution.InvocationInterceptorChain.proceed(InvocationInterceptorChain.java:64)
	at org.junit.jupiter.engine.execution.InvocationInterceptorChain.chainAndInvoke(InvocationInterceptorChain.java:45)
	at org.junit.jupiter.engine.execution.InvocationInterceptorChain.invoke(InvocationInterceptorChain.java:37)
	at org.junit.jupiter.engine.execution.InterceptingExecutableInvoker.invoke(InterceptingExecutableInvoker.java:93)
	at org.junit.jupiter.engine.execution.InterceptingExecutableInvoker.invoke(InterceptingExecutableInvoker.java:87)
	at org.junit.jupiter.engine.descriptor.TestMethodTestDescriptor.lambda$invokeTestMethod$4(TestMethodTestDescriptor.java:221)
	at org.junit.platform.engine.support.hierarchical.ThrowableCollector.execute(ThrowableCollector.java:73)
	at org.junit.jupiter.engine.descriptor.TestMethodTestDescriptor.invokeTestMethod(TestMethodTestDescriptor.java:217)
	at org.junit.jupiter.engine.descriptor.TestMethodTestDescriptor.execute(TestMethodTestDescriptor.java:159)
	at org.junit.jupiter.engine.descriptor.TestMethodTestDescriptor.execute(TestMethodTestDescriptor.java:70)
	at org.junit.platform.engine.support.hierarchical.NodeTestTask.lambda$executeRecursively$6(NodeTestTask.java:157)
	at org.junit.platform.engine.support.hierarchical.ThrowableCollector.execute(ThrowableCollector.java:73)
	at org.junit.platform.engine.support.hierarchical.NodeTestTask.lambda$executeRecursively$8(NodeTestTask.java:147)
	at org.junit.platform.engine.support.hierarchical.Node.around(Node.java:137)
	at org.junit.platform.engine.support.hierarchical.NodeTestTask.lambda$executeRecursively$9(NodeTestTask.java:145)
	at org.junit.platform.engine.support.hierarchical.ThrowableCollector.execute(ThrowableCollector.java:73)
	at org.junit.platform.engine.support.hierarchical.NodeTestTask.executeRecursively(NodeTestTask.java:144)
	at org.junit.platform.engine.support.hierarchical.NodeTestTask.execute(NodeTestTask.java:101)
	at java.base/java.util.ArrayList.forEach(ArrayList.java:1596)
	at org.junit.platform.engine.support.hierarchical.SameThreadHierarchicalTestExecutorService.invokeAll(SameThreadHierarchicalTestExecutorService.java:41)
	at org.junit.platform.engine.support.hierarchical.NodeTestTask.lambda$executeRecursively$6(NodeTestTask.java:161)
	at org.junit.platform.engine.support.hierarchical.ThrowableCollector.execute(ThrowableCollector.java:73)
	at org.junit.platform.engine.support.hierarchical.NodeTestTask.lambda$executeRecursively$8(NodeTestTask.java:147)
	at org.junit.platform.engine.support.hierarchical.Node.around(Node.java:137)
	at org.junit.platform.engine.support.hierarchical.NodeTestTask.lambda$executeRecursively$9(NodeTestTask.java:145)
	at org.junit.platform.engine.support.hierarchical.ThrowableCollector.execute(ThrowableCollector.java:73)
	at org.junit.platform.engine.support.hierarchical.NodeTestTask.executeRecursively(NodeTestTask.java:144)
	at org.junit.platform.engine.support.hierarchical.NodeTestTask.execute(NodeTestTask.java:101)
	at java.base/java.util.ArrayList.forEach(ArrayList.java:1596)
	at org.junit.platform.engine.support.hierarchical.SameThreadHierarchicalTestExecutorService.invokeAll(SameThreadHierarchicalTestExecutorService.java:41)
	at org.junit.platform.engine.support.hierarchical.NodeTestTask.lambda$executeRecursively$6(NodeTestTask.java:161)
	at org.junit.platform.engine.support.hierarchical.ThrowableCollector.execute(ThrowableCollector.java:73)
	at org.junit.platform.engine.support.hierarchical.NodeTestTask.lambda$executeRecursively$8(NodeTestTask.java:147)
	at org.junit.platform.engine.support.hierarchical.Node.around(Node.java:137)
	at org.junit.platform.engine.support.hierarchical.NodeTestTask.lambda$executeRecursively$9(NodeTestTask.java:145)
	at org.junit.platform.engine.support.hierarchical.ThrowableCollector.execute(ThrowableCollector.java:73)
	at org.junit.platform.engine.support.hierarchical.NodeTestTask.executeRecursively(NodeTestTask.java:144)
	at org.junit.platform.engine.support.hierarchical.NodeTestTask.execute(NodeTestTask.java:101)
	at org.junit.platform.engine.support.hierarchical.SameThreadHierarchicalTestExecutorService.submit(SameThreadHierarchicalTestExecutorService.java:35)
	at org.junit.platform.engine.support.hierarchical.HierarchicalTestExecutor.execute(HierarchicalTestExecutor.java:57)
	at org.junit.platform.engine.support.hierarchical.HierarchicalTestEngine.execute(HierarchicalTestEngine.java:54)
	at org.junit.platform.launcher.core.EngineExecutionOrchestrator.executeEngine(EngineExecutionOrchestrator.java:230)
	at org.junit.platform.launcher.core.EngineExecutionOrchestrator.failOrExecuteEngine(EngineExecutionOrchestrator.java:204)
	at org.junit.platform.launcher.core.EngineExecutionOrchestrator.execute(EngineExecutionOrchestrator.java:172)
	at org.junit.platform.launcher.core.EngineExecutionOrchestrator.execute(EngineExecutionOrchestrator.java:101)
	at org.junit.platform.launcher.core.EngineExecutionOrchestrator.lambda$execute$0(EngineExecutionOrchestrator.java:64)
	at org.junit.platform.launcher.core.EngineExecutionOrchestrator.withInterceptedStreams(EngineExecutionOrchestrator.java:150)
	at org.junit.platform.launcher.core.EngineExecutionOrchestrator.execute(EngineExecutionOrchestrator.java:63)
	at org.junit.platform.launcher.core.DefaultLauncher.execute(DefaultLauncher.java:109)
	at org.junit.platform.launcher.core.DefaultLauncher.execute(DefaultLauncher.java:91)
	at org.junit.platform.launcher.core.DelegatingLauncher.execute(DelegatingLauncher.java:47)
	at org.junit.platform.launcher.core.InterceptingLauncher.lambda$execute$1(InterceptingLauncher.java:39)
	at org.junit.platform.launcher.core.ClasspathAlignmentCheckingLauncherInterceptor.intercept(ClasspathAlignmentCheckingLauncherInterceptor.java:25)
	at org.junit.platform.launcher.core.InterceptingLauncher.execute(InterceptingLauncher.java:38)
	at org.junit.platform.launcher.core.DelegatingLauncher.execute(DelegatingLauncher.java:47)
	at org.apache.maven.surefire.junitplatform.LazyLauncher.execute(LazyLauncher.java:56)
	at org.apache.maven.surefire.junitplatform.JUnitPlatformProvider.execute(JUnitPlatformProvider.java:194)
	at org.apache.maven.surefire.junitplatform.JUnitPlatformProvider.invokeAllTests(JUnitPlatformProvider.java:150)
	at org.apache.maven.surefire.junitplatform.JUnitPlatformProvider.invoke(JUnitPlatformProvider.java:124)
	at org.apache.maven.surefire.booter.ForkedBooter.runSuitesInProcess(ForkedBooter.java:385)
	at org.apache.maven.surefire.booter.ForkedBooter.execute(ForkedBooter.java:162)
	at org.apache.maven.surefire.booter.ForkedBooter.run(ForkedBooter.java:507)
	at org.apache.maven.surefire.booter.ForkedBooter.main(ForkedBooter.java:495)
Logging initialized using 'class org.apache.ibatis.logging.stdout.StdOutImpl' adapter.
Warning message.
Debug message.
Error message.
Error with Exception.
java.lang.Exception: Test exception.
	at org.apache.ibatis.logging.LogFactoryTest.logSomething(LogFactoryTest.java:112)
	at org.apache.ibatis.logging.LogFactoryTest.shouldUseStdOut(LogFactoryTest.java:85)
	at java.base/jdk.internal.reflect.DirectMethodHandleAccessor.invoke(DirectMethodHandleAccessor.java:103)
	at java.base/java.lang.reflect.Method.invoke(Method.java:580)
	at org.junit.platform.commons.util.ReflectionUtils.invokeMethod(ReflectionUtils.java:787)
	at org.junit.platform.commons.support.ReflectionSupport.invokeMethod(ReflectionSupport.java:478)
	at org.junit.jupiter.engine.execution.MethodInvocation.proceed(MethodInvocation.java:60)
	at org.junit.jupiter.engine.execution.InvocationInterceptorChain$ValidatingInvocation.proceed(InvocationInterceptorChain.java:131)
	at org.junit.jupiter.engine.extension.TimeoutExtension.intercept(TimeoutExtension.java:161)
	at org.junit.jupiter.engine.extension.TimeoutExtension.interceptTestableMethod(TimeoutExtension.java:152)
	at org.junit.jupiter.engine.extension.TimeoutExtension.interceptTestMethod(TimeoutExtension.java:91)
	at org.junit.jupiter.engine.execution.InterceptingExecutableInvoker$ReflectiveInterceptorCall.lambda$ofVoidMethod$0(InterceptingExecutableInvoker.java:112)
	at org.junit.jupiter.engine.execution.InterceptingExecutableInvoker.lambda$invoke$0(InterceptingExecutableInvoker.java:94)
	at org.junit.jupiter.engine.execution.InvocationInterceptorChain$InterceptedInvocation.proceed(InvocationInterceptorChain.java:106)
	at org.junit.jupiter.engine.execution.InvocationInterceptorChain.proceed(InvocationInterceptorChain.java:64)
	at org.junit.jupiter.engine.execution.InvocationInterceptorChain.chainAndInvoke(InvocationInterceptorChain.java:45)
	at org.junit.jupiter.engine.execution.InvocationInterceptorChain.invoke(InvocationInterceptorChain.java:37)
	at org.junit.jupiter.engine.execution.InterceptingExecutableInvoker.invoke(InterceptingExecutableInvoker.java:93)
	at org.junit.jupiter.engine.execution.InterceptingExecutableInvoker.invoke(InterceptingExecutableInvoker.java:87)
	at org.junit.jupiter.engine.descriptor.TestMethodTestDescriptor.lambda$invokeTestMethod$4(TestMethodTestDescriptor.java:221)
	at org.junit.platform.engine.support.hierarchical.ThrowableCollector.execute(ThrowableCollector.java:73)
	at org.junit.jupiter.engine.descriptor.TestMethodTestDescriptor.invokeTestMethod(TestMethodTestDescriptor.java:217)
	at org.junit.jupiter.engine.descriptor.TestMethodTestDescriptor.execute(TestMethodTestDescriptor.java:159)
	at org.junit.jupiter.engine.descriptor.TestMethodTestDescriptor.execute(TestMethodTestDescriptor.java:70)
	at org.junit.platform.engine.support.hierarchical.NodeTestTask.lambda$executeRecursively$6(NodeTestTask.java:157)
	at org.junit.platform.engine.support.hierarchical.ThrowableCollector.execute(ThrowableCollector.java:73)
	at org.junit.platform.engine.support.hierarchical.NodeTestTask.lambda$executeRecursively$8(NodeTestTask.java:147)
	at org.junit.platform.engine.support.hierarchical.Node.around(Node.java:137)
	at org.junit.platform.engine.support.hierarchical.NodeTestTask.lambda$executeRecursively$9(NodeTestTask.java:145)
	at org.junit.platform.engine.support.hierarchical.ThrowableCollector.execute(ThrowableCollector.java:73)
	at org.junit.platform.engine.support.hierarchical.NodeTestTask.executeRecursively(NodeTestTask.java:144)
	at org.junit.platform.engine.support.hierarchical.NodeTestTask.execute(NodeTestTask.java:101)
	at java.base/java.util.ArrayList.forEach(ArrayList.java:1596)
	at org.junit.platform.engine.support.hierarchical.SameThreadHierarchicalTestExecutorService.invokeAll(SameThreadHierarchicalTestExecutorService.java:41)
	at org.junit.platform.engine.support.hierarchical.NodeTestTask.lambda$executeRecursively$6(NodeTestTask.java:161)
	at org.junit.platform.engine.support.hierarchical.ThrowableCollector.execute(ThrowableCollector.java:73)
	at org.junit.platform.engine.support.hierarchical.NodeTestTask.lambda$executeRecursively$8(NodeTestTask.java:147)
	at org.junit.platform.engine.support.hierarchical.Node.around(Node.java:137)
	at org.junit.platform.engine.support.hierarchical.NodeTestTask.lambda$executeRecursively$9(NodeTestTask.java:145)
	at org.junit.platform.engine.support.hierarchical.ThrowableCollector.execute(ThrowableCollector.java:73)
	at org.junit.platform.engine.support.hierarchical.NodeTestTask.executeRecursively(NodeTestTask.java:144)
	at org.junit.platform.engine.support.hierarchical.NodeTestTask.execute(NodeTestTask.java:101)
	at java.base/java.util.ArrayList.forEach(ArrayList.java:1596)
	at org.junit.platform.engine.support.hierarchical.SameThreadHierarchicalTestExecutorService.invokeAll(SameThreadHierarchicalTestExecutorService.java:41)
	at org.junit.platform.engine.support.hierarchical.NodeTestTask.lambda$executeRecursively$6(NodeTestTask.java:161)
	at org.junit.platform.engine.support.hierarchical.ThrowableCollector.execute(ThrowableCollector.java:73)
	at org.junit.platform.engine.support.hierarchical.NodeTestTask.lambda$executeRecursively$8(NodeTestTask.java:147)
	at org.junit.platform.engine.support.hierarchical.Node.around(Node.java:137)
	at org.junit.platform.engine.support.hierarchical.NodeTestTask.lambda$executeRecursively$9(NodeTestTask.java:145)
	at org.junit.platform.engine.support.hierarchical.ThrowableCollector.execute(ThrowableCollector.java:73)
	at org.junit.platform.engine.support.hierarchical.NodeTestTask.executeRecursively(NodeTestTask.java:144)
	at org.junit.platform.engine.support.hierarchical.NodeTestTask.execute(NodeTestTask.java:101)
	at org.junit.platform.engine.support.hierarchical.SameThreadHierarchicalTestExecutorService.submit(SameThreadHierarchicalTestExecutorService.java:35)
	at org.junit.platform.engine.support.hierarchical.HierarchicalTestExecutor.execute(HierarchicalTestExecutor.java:57)
	at org.junit.platform.engine.support.hierarchical.HierarchicalTestEngine.execute(HierarchicalTestEngine.java:54)
	at org.junit.platform.launcher.core.EngineExecutionOrchestrator.executeEngine(EngineExecutionOrchestrator.java:230)
	at org.junit.platform.launcher.core.EngineExecutionOrchestrator.failOrExecuteEngine(EngineExecutionOrchestrator.java:204)
	at org.junit.platform.launcher.core.EngineExecutionOrchestrator.execute(EngineExecutionOrchestrator.java:172)
	at org.junit.platform.launcher.core.EngineExecutionOrchestrator.execute(EngineExecutionOrchestrator.java:101)
	at org.junit.platform.launcher.core.EngineExecutionOrchestrator.lambda$execute$0(EngineExecutionOrchestrator.java:64)
	at org.junit.platform.launcher.core.EngineExecutionOrchestrator.withInterceptedStreams(EngineExecutionOrchestrator.java:150)
	at org.junit.platform.launcher.core.EngineExecutionOrchestrator.execute(EngineExecutionOrchestrator.java:63)
	at org.junit.platform.launcher.core.DefaultLauncher.execute(DefaultLauncher.java:109)
	at org.junit.platform.launcher.core.DefaultLauncher.execute(DefaultLauncher.java:91)
	at org.junit.platform.launcher.core.DelegatingLauncher.execute(DelegatingLauncher.java:47)
	at org.junit.platform.launcher.core.InterceptingLauncher.lambda$execute$1(InterceptingLauncher.java:39)
	at org.junit.platform.launcher.core.ClasspathAlignmentCheckingLauncherInterceptor.intercept(ClasspathAlignmentCheckingLauncherInterceptor.java:25)
	at org.junit.platform.launcher.core.InterceptingLauncher.execute(InterceptingLauncher.java:38)
	at org.junit.platform.launcher.core.DelegatingLauncher.execute(DelegatingLauncher.java:47)
	at org.apache.maven.surefire.junitplatform.LazyLauncher.execute(LazyLauncher.java:56)
	at org.apache.maven.surefire.junitplatform.JUnitPlatformProvider.execute(JUnitPlatformProvider.java:194)
	at org.apache.maven.surefire.junitplatform.JUnitPlatformProvider.invokeAllTests(JUnitPlatformProvider.java:150)
	at org.apache.maven.surefire.junitplatform.JUnitPlatformProvider.invoke(JUnitPlatformProvider.java:124)
	at org.apache.maven.surefire.booter.ForkedBooter.runSuitesInProcess(ForkedBooter.java:385)
	at org.apache.maven.surefire.booter.ForkedBooter.execute(ForkedBooter.java:162)
	at org.apache.maven.surefire.booter.ForkedBooter.run(ForkedBooter.java:507)
	at org.apache.maven.surefire.booter.ForkedBooter.main(ForkedBooter.java:495)
01:28:09.072 DEBUG [main] org.apache.ibatis.logging.LogFactory - Logging initialized using 'class org.apache.ibatis.logging.log4j.Log4jImpl' adapter.
01:28:09.075 ERROR [main] java.lang.Object - Error message.
01:28:09.075 ERROR [main] java.lang.Object - Error with Exception.
java.lang.Exception: Test exception.
	at org.apache.ibatis.logging.LogFactoryTest.logSomething(LogFactoryTest.java:112)
	at org.apache.ibatis.logging.LogFactoryTest.shouldUseLog4J(LogFactoryTest.java:53)
	at java.base/jdk.internal.reflect.DirectMethodHandleAccessor.invoke(DirectMethodHandleAccessor.java:103)
	at java.base/java.lang.reflect.Method.invoke(Method.java:580)
	at org.junit.platform.commons.util.ReflectionUtils.invokeMethod(ReflectionUtils.java:787)
	at org.junit.platform.commons.support.ReflectionSupport.invokeMethod(ReflectionSupport.java:478)
	at org.junit.jupiter.engine.execution.MethodInvocation.proceed(MethodInvocation.java:60)
	at org.junit.jupiter.engine.execution.InvocationInterceptorChain$ValidatingInvocation.proceed(InvocationInterceptorChain.java:131)
	at org.junit.jupiter.engine.extension.TimeoutExtension.intercept(TimeoutExtension.java:161)
	at org.junit.jupiter.engine.extension.TimeoutExtension.interceptTestableMethod(TimeoutExtension.java:152)
	at org.junit.jupiter.engine.extension.TimeoutExtension.interceptTestMethod(TimeoutExtension.java:91)
	at org.junit.jupiter.engine.execution.InterceptingExecutableInvoker$ReflectiveInterceptorCall.lambda$ofVoidMethod$0(InterceptingExecutableInvoker.java:112)
	at org.junit.jupiter.engine.execution.InterceptingExecutableInvoker.lambda$invoke$0(InterceptingExecutableInvoker.java:94)
	at org.junit.jupiter.engine.execution.InvocationInterceptorChain$InterceptedInvocation.proceed(InvocationInterceptorChain.java:106)
	at org.junit.jupiter.engine.execution.InvocationInterceptorChain.proceed(InvocationInterceptorChain.java:64)
	at org.junit.jupiter.engine.execution.InvocationInterceptorChain.chainAndInvoke(InvocationInterceptorChain.java:45)
	at org.junit.jupiter.engine.execution.InvocationInterceptorChain.invoke(InvocationInterceptorChain.java:37)
	at org.junit.jupiter.engine.execution.InterceptingExecutableInvoker.invoke(InterceptingExecutableInvoker.java:93)
	at org.junit.jupiter.engine.execution.InterceptingExecutableInvoker.invoke(InterceptingExecutableInvoker.java:87)
	at org.junit.jupiter.engine.descriptor.TestMethodTestDescriptor.lambda$invokeTestMethod$4(TestMethodTestDescriptor.java:221)
	at org.junit.platform.engine.support.hierarchical.ThrowableCollector.execute(ThrowableCollector.java:73)
	at org.junit.jupiter.engine.descriptor.TestMethodTestDescriptor.invokeTestMethod(TestMethodTestDescriptor.java:217)
	at org.junit.jupiter.engine.descriptor.TestMethodTestDescriptor.execute(TestMethodTestDescriptor.java:159)
	at org.junit.jupiter.engine.descriptor.TestMethodTestDescriptor.execute(TestMethodTestDescriptor.java:70)
	at org.junit.platform.engine.support.hierarchical.NodeTestTask.lambda$executeRecursively$6(NodeTestTask.java:157)
	at org.junit.platform.engine.support.hierarchical.ThrowableCollector.execute(ThrowableCollector.java:73)
	at org.junit.platform.engine.support.hierarchical.NodeTestTask.lambda$executeRecursively$8(NodeTestTask.java:147)
	at org.junit.platform.engine.support.hierarchical.Node.around(Node.java:137)
	at org.junit.platform.engine.support.hierarchical.NodeTestTask.lambda$executeRecursively$9(NodeTestTask.java:145)
	at org.junit.platform.engine.support.hierarchical.ThrowableCollector.execute(ThrowableCollector.java:73)
	at org.junit.platform.engine.support.hierarchical.NodeTestTask.executeRecursively(NodeTestTask.java:144)
	at org.junit.platform.engine.support.hierarchical.NodeTestTask.execute(NodeTestTask.java:101)
	at java.base/java.util.ArrayList.forEach(ArrayList.java:1596)
	at org.junit.platform.engine.support.hierarchical.SameThreadHierarchicalTestExecutorService.invokeAll(SameThreadHierarchicalTestExecutorService.java:41)
	at org.junit.platform.engine.support.hierarchical.NodeTestTask.lambda$executeRecursively$6(NodeTestTask.java:161)
	at org.junit.platform.engine.support.hierarchical.ThrowableCollector.execute(ThrowableCollector.java:73)
	at org.junit.platform.engine.support.hierarchical.NodeTestTask.lambda$executeRecursively$8(NodeTestTask.java:147)
	at org.junit.platform.engine.support.hierarchical.Node.around(Node.java:137)
	at org.junit.platform.engine.support.hierarchical.NodeTestTask.lambda$executeRecursively$9(NodeTestTask.java:145)
	at org.junit.platform.engine.support.hierarchical.ThrowableCollector.execute(ThrowableCollector.java:73)
	at org.junit.platform.engine.support.hierarchical.NodeTestTask.executeRecursively(NodeTestTask.java:144)
	at org.junit.platform.engine.support.hierarchical.NodeTestTask.execute(NodeTestTask.java:101)
	at java.base/java.util.ArrayList.forEach(ArrayList.java:1596)
	at org.junit.platform.engine.support.hierarchical.SameThreadHierarchicalTestExecutorService.invokeAll(SameThreadHierarchicalTestExecutorService.java:41)
	at org.junit.platform.engine.support.hierarchical.NodeTestTask.lambda$executeRecursively$6(NodeTestTask.java:161)
	at org.junit.platform.engine.support.hierarchical.ThrowableCollector.execute(ThrowableCollector.java:73)
	at org.junit.platform.engine.support.hierarchical.NodeTestTask.lambda$executeRecursively$8(NodeTestTask.java:147)
	at org.junit.platform.engine.support.hierarchical.Node.around(Node.java:137)
	at org.junit.platform.engine.support.hierarchical.NodeTestTask.lambda$executeRecursively$9(NodeTestTask.java:145)
	at org.junit.platform.engine.support.hierarchical.ThrowableCollector.execute(ThrowableCollector.java:73)
	at org.junit.platform.engine.support.hierarchical.NodeTestTask.executeRecursively(NodeTestTask.java:144)
	at org.junit.platform.engine.support.hierarchical.NodeTestTask.execute(NodeTestTask.java:101)
	at org.junit.platform.engine.support.hierarchical.SameThreadHierarchicalTestExecutorService.submit(SameThreadHierarchicalTestExecutorService.java:35)
	at org.junit.platform.engine.support.hierarchical.HierarchicalTestExecutor.execute(HierarchicalTestExecutor.java:57)
	at org.junit.platform.engine.support.hierarchical.HierarchicalTestEngine.execute(HierarchicalTestEngine.java:54)
	at org.junit.platform.launcher.core.EngineExecutionOrchestrator.executeEngine(EngineExecutionOrchestrator.java:230)
	at org.junit.platform.launcher.core.EngineExecutionOrchestrator.failOrExecuteEngine(EngineExecutionOrchestrator.java:204)
	at org.junit.platform.launcher.core.EngineExecutionOrchestrator.execute(EngineExecutionOrchestrator.java:172)
	at org.junit.platform.launcher.core.EngineExecutionOrchestrator.execute(EngineExecutionOrchestrator.java:101)
	at org.junit.platform.launcher.core.EngineExecutionOrchestrator.lambda$execute$0(EngineExecutionOrchestrator.java:64)
	at org.junit.platform.launcher.core.EngineExecutionOrchestrator.withInterceptedStreams(EngineExecutionOrchestrator.java:150)
	at org.junit.platform.launcher.core.EngineExecutionOrchestrator.execute(EngineExecutionOrchestrator.java:63)
	at org.junit.platform.launcher.core.DefaultLauncher.execute(DefaultLauncher.java:109)
	at org.junit.platform.launcher.core.DefaultLauncher.execute(DefaultLauncher.java:91)
	at org.junit.platform.launcher.core.DelegatingLauncher.execute(DelegatingLauncher.java:47)
	at org.junit.platform.launcher.core.InterceptingLauncher.lambda$execute$1(InterceptingLauncher.java:39)
	at org.junit.platform.launcher.core.ClasspathAlignmentCheckingLauncherInterceptor.intercept(ClasspathAlignmentCheckingLauncherInterceptor.java:25)
	at org.junit.platform.launcher.core.InterceptingLauncher.execute(InterceptingLauncher.java:38)
	at org.junit.platform.launcher.core.DelegatingLauncher.execute(DelegatingLauncher.java:47)
	at org.apache.maven.surefire.junitplatform.LazyLauncher.execute(LazyLauncher.java:56)
	at org.apache.maven.surefire.junitplatform.JUnitPlatformProvider.execute(JUnitPlatformProvider.java:194)
	at org.apache.maven.surefire.junitplatform.JUnitPlatformProvider.invokeAllTests(JUnitPlatformProvider.java:150)
	at org.apache.maven.surefire.junitplatform.JUnitPlatformProvider.invoke(JUnitPlatformProvider.java:124)
	at org.apache.maven.surefire.booter.ForkedBooter.runSuitesInProcess(ForkedBooter.java:385)
	at org.apache.maven.surefire.booter.ForkedBooter.execute(ForkedBooter.java:162)
	at org.apache.maven.surefire.booter.ForkedBooter.run(ForkedBooter.java:507)
	at org.apache.maven.surefire.booter.ForkedBooter.main(ForkedBooter.java:495)
01:28:09.078 DEBUG [main] o.apache.ibatis.logging.LogFactory - Logging initialized using 'class org.apache.ibatis.logging.slf4j.Slf4jImpl' adapter.
01:28:09.079 ERROR [main] java.lang.Object - Error message.
01:28:09.079 ERROR [main] java.lang.Object - Error with Exception.
java.lang.Exception: Test exception.
	at org.apache.ibatis.logging.LogFactoryTest.logSomething(LogFactoryTest.java:112)
	at org.apache.ibatis.logging.LogFactoryTest.shouldUseSlf4j(LogFactoryTest.java:77)
	at java.base/jdk.internal.reflect.DirectMethodHandleAccessor.invoke(DirectMethodHandleAccessor.java:103)
	at java.base/java.lang.reflect.Method.invoke(Method.java:580)
	at org.junit.platform.commons.util.ReflectionUtils.invokeMethod(ReflectionUtils.java:787)
	at org.junit.platform.commons.support.ReflectionSupport.invokeMethod(ReflectionSupport.java:478)
	at org.junit.jupiter.engine.execution.MethodInvocation.proceed(MethodInvocation.java:60)
	at org.junit.jupiter.engine.execution.InvocationInterceptorChain$ValidatingInvocation.proceed(InvocationInterceptorChain.java:131)
	at org.junit.jupiter.engine.extension.TimeoutExtension.intercept(TimeoutExtension.java:161)
	at org.junit.jupiter.engine.extension.TimeoutExtension.interceptTestableMethod(TimeoutExtension.java:152)
	at org.junit.jupiter.engine.extension.TimeoutExtension.interceptTestMethod(TimeoutExtension.java:91)
	at org.junit.jupiter.engine.execution.InterceptingExecutableInvoker$ReflectiveInterceptorCall.lambda$ofVoidMethod$0(InterceptingExecutableInvoker.java:112)
	at org.junit.jupiter.engine.execution.InterceptingExecutableInvoker.lambda$invoke$0(InterceptingExecutableInvoker.java:94)
	at org.junit.jupiter.engine.execution.InvocationInterceptorChain$InterceptedInvocation.proceed(InvocationInterceptorChain.java:106)
	at org.junit.jupiter.engine.execution.InvocationInterceptorChain.proceed(InvocationInterceptorChain.java:64)
	at org.junit.jupiter.engine.execution.InvocationInterceptorChain.chainAndInvoke(InvocationInterceptorChain.java:45)
	at org.junit.jupiter.engine.execution.InvocationInterceptorChain.invoke(InvocationInterceptorChain.java:37)
	at org.junit.jupiter.engine.execution.InterceptingExecutableInvoker.invoke(InterceptingExecutableInvoker.java:93)
	at org.junit.jupiter.engine.execution.InterceptingExecutableInvoker.invoke(InterceptingExecutableInvoker.java:87)
	at org.junit.jupiter.engine.descriptor.TestMethodTestDescriptor.lambda$invokeTestMethod$4(TestMethodTestDescriptor.java:221)
	at org.junit.platform.engine.support.hierarchical.ThrowableCollector.execute(ThrowableCollector.java:73)
	at org.junit.jupiter.engine.descriptor.TestMethodTestDescriptor.invokeTestMethod(TestMethodTestDescriptor.java:217)
	at org.junit.jupiter.engine.descriptor.TestMethodTestDescriptor.execute(TestMethodTestDescriptor.java:159)
	at org.junit.jupiter.engine.descriptor.TestMethodTestDescriptor.execute(TestMethodTestDescriptor.java:70)
	at org.junit.platform.engine.support.hierarchical.NodeTestTask.lambda$executeRecursively$6(NodeTestTask.java:157)
	at org.junit.platform.engine.support.hierarchical.ThrowableCollector.execute(ThrowableCollector.java:73)
	at org.junit.platform.engine.support.hierarchical.NodeTestTask.lambda$executeRecursively$8(NodeTestTask.java:147)
	at org.junit.platform.engine.support.hierarchical.Node.around(Node.java:137)
	at org.junit.platform.engine.support.hierarchical.NodeTestTask.lambda$executeRecursively$9(NodeTestTask.java:145)
	at org.junit.platform.engine.support.hierarchical.ThrowableCollector.execute(ThrowableCollector.java:73)
	at org.junit.platform.engine.support.hierarchical.NodeTestTask.executeRecursively(NodeTestTask.java:144)
	at org.junit.platform.engine.support.hierarchical.NodeTestTask.execute(NodeTestTask.java:101)
	at java.base/java.util.ArrayList.forEach(ArrayList.java:1596)
	at org.junit.platform.engine.support.hierarchical.SameThreadHierarchicalTestExecutorService.invokeAll(SameThreadHierarchicalTestExecutorService.java:41)
	at org.junit.platform.engine.support.hierarchical.NodeTestTask.lambda$executeRecursively$6(NodeTestTask.java:161)
	at org.junit.platform.engine.support.hierarchical.ThrowableCollector.execute(ThrowableCollector.java:73)
	at org.junit.platform.engine.support.hierarchical.NodeTestTask.lambda$executeRecursively$8(NodeTestTask.java:147)
	at org.junit.platform.engine.support.hierarchical.Node.around(Node.java:137)
	at org.junit.platform.engine.support.hierarchical.NodeTestTask.lambda$executeRecursively$9(NodeTestTask.java:145)
	at org.junit.platform.engine.support.hierarchical.ThrowableCollector.execute(ThrowableCollector.java:73)
	at org.junit.platform.engine.support.hierarchical.NodeTestTask.executeRecursively(NodeTestTask.java:144)
	at org.junit.platform.engine.support.hierarchical.NodeTestTask.execute(NodeTestTask.java:101)
	at java.base/java.util.ArrayList.forEach(ArrayList.java:1596)
	at org.junit.platform.engine.support.hierarchical.SameThreadHierarchicalTestExecutorService.invokeAll(SameThreadHierarchicalTestExecutorService.java:41)
	at org.junit.platform.engine.support.hierarchical.NodeTestTask.lambda$executeRecursively$6(NodeTestTask.java:161)
	at org.junit.platform.engine.support.hierarchical.ThrowableCollector.execute(ThrowableCollector.java:73)
	at org.junit.platform.engine.support.hierarchical.NodeTestTask.lambda$executeRecursively$8(NodeTestTask.java:147)
	at org.junit.platform.engine.support.hierarchical.Node.around(Node.java:137)
	at org.junit.platform.engine.support.hierarchical.NodeTestTask.lambda$executeRecursively$9(NodeTestTask.java:145)
	at org.junit.platform.engine.support.hierarchical.ThrowableCollector.execute(ThrowableCollector.java:73)
	at org.junit.platform.engine.support.hierarchical.NodeTestTask.executeRecursively(NodeTestTask.java:144)
	at org.junit.platform.engine.support.hierarchical.NodeTestTask.execute(NodeTestTask.java:101)
	at org.junit.platform.engine.support.hierarchical.SameThreadHierarchicalTestExecutorService.submit(SameThreadHierarchicalTestExecutorService.java:35)
	at org.junit.platform.engine.support.hierarchical.HierarchicalTestExecutor.execute(HierarchicalTestExecutor.java:57)
	at org.junit.platform.engine.support.hierarchical.HierarchicalTestEngine.execute(HierarchicalTestEngine.java:54)
	at org.junit.platform.launcher.core.EngineExecutionOrchestrator.executeEngine(EngineExecutionOrchestrator.java:230)
	at org.junit.platform.launcher.core.EngineExecutionOrchestrator.failOrExecuteEngine(EngineExecutionOrchestrator.java:204)
	at org.junit.platform.launcher.core.EngineExecutionOrchestrator.execute(EngineExecutionOrchestrator.java:172)
	at org.junit.platform.launcher.core.EngineExecutionOrchestrator.execute(EngineExecutionOrchestrator.java:101)
	at org.junit.platform.launcher.core.EngineExecutionOrchestrator.lambda$execute$0(EngineExecutionOrchestrator.java:64)
	at org.junit.platform.launcher.core.EngineExecutionOrchestrator.withInterceptedStreams(EngineExecutionOrchestrator.java:150)
	at org.junit.platform.launcher.core.EngineExecutionOrchestrator.execute(EngineExecutionOrchestrator.java:63)
	at org.junit.platform.launcher.core.DefaultLauncher.execute(DefaultLauncher.java:109)
	at org.junit.platform.launcher.core.DefaultLauncher.execute(DefaultLauncher.java:91)
	at org.junit.platform.launcher.core.DelegatingLauncher.execute(DelegatingLauncher.java:47)
	at org.junit.platform.launcher.core.InterceptingLauncher.lambda$execute$1(InterceptingLauncher.java:39)
	at org.junit.platform.launcher.core.ClasspathAlignmentCheckingLauncherInterceptor.intercept(ClasspathAlignmentCheckingLauncherInterceptor.java:25)
	at org.junit.platform.launcher.core.InterceptingLauncher.execute(InterceptingLauncher.java:38)
	at org.junit.platform.launcher.core.DelegatingLauncher.execute(DelegatingLauncher.java:47)
	at org.apache.maven.surefire.junitplatform.LazyLauncher.execute(LazyLauncher.java:56)
	at org.apache.maven.surefire.junitplatform.JUnitPlatformProvider.execute(JUnitPlatformProvider.java:194)
	at org.apache.maven.surefire.junitplatform.JUnitPlatformProvider.invokeAllTests(JUnitPlatformProvider.java:150)
	at org.apache.maven.surefire.junitplatform.JUnitPlatformProvider.invoke(JUnitPlatformProvider.java:124)
	at org.apache.maven.surefire.booter.ForkedBooter.runSuitesInProcess(ForkedBooter.java:385)
	at org.apache.maven.surefire.booter.ForkedBooter.execute(ForkedBooter.java:162)
	at org.apache.maven.surefire.booter.ForkedBooter.run(ForkedBooter.java:507)
	at org.apache.maven.surefire.booter.ForkedBooter.main(ForkedBooter.java:495)
Jul 29, 2025 1:28:09 AM org.apache.ibatis.logging.jdk14.Jdk14LoggingImpl warn
WARNING: Warning message.
Jul 29, 2025 1:28:09 AM org.apache.ibatis.logging.jdk14.Jdk14LoggingImpl error
SEVERE: Error message.
Jul 29, 2025 1:28:09 AM org.apache.ibatis.logging.jdk14.Jdk14LoggingImpl error
SEVERE: Error with Exception.
java.lang.Exception: Test exception.
	at org.apache.ibatis.logging.LogFactoryTest.logSomething(LogFactoryTest.java:112)
	at org.apache.ibatis.logging.LogFactoryTest.shouldUseJdKLogging(LogFactoryTest.java:69)
	at java.base/jdk.internal.reflect.DirectMethodHandleAccessor.invoke(DirectMethodHandleAccessor.java:103)
	at java.base/java.lang.reflect.Method.invoke(Method.java:580)
	at org.junit.platform.commons.util.ReflectionUtils.invokeMethod(ReflectionUtils.java:787)
	at org.junit.platform.commons.support.ReflectionSupport.invokeMethod(ReflectionSupport.java:478)
	at org.junit.jupiter.engine.execution.MethodInvocation.proceed(MethodInvocation.java:60)
	at org.junit.jupiter.engine.execution.InvocationInterceptorChain$ValidatingInvocation.proceed(InvocationInterceptorChain.java:131)
	at org.junit.jupiter.engine.extension.TimeoutExtension.intercept(TimeoutExtension.java:161)
	at org.junit.jupiter.engine.extension.TimeoutExtension.interceptTestableMethod(TimeoutExtension.java:152)
	at org.junit.jupiter.engine.extension.TimeoutExtension.interceptTestMethod(TimeoutExtension.java:91)
	at org.junit.jupiter.engine.execution.InterceptingExecutableInvoker$ReflectiveInterceptorCall.lambda$ofVoidMethod$0(InterceptingExecutableInvoker.java:112)
	at org.junit.jupiter.engine.execution.InterceptingExecutableInvoker.lambda$invoke$0(InterceptingExecutableInvoker.java:94)
	at org.junit.jupiter.engine.execution.InvocationInterceptorChain$InterceptedInvocation.proceed(InvocationInterceptorChain.java:106)
	at org.junit.jupiter.engine.execution.InvocationInterceptorChain.proceed(InvocationInterceptorChain.java:64)
	at org.junit.jupiter.engine.execution.InvocationInterceptorChain.chainAndInvoke(InvocationInterceptorChain.java:45)
	at org.junit.jupiter.engine.execution.InvocationInterceptorChain.invoke(InvocationInterceptorChain.java:37)
	at org.junit.jupiter.engine.execution.InterceptingExecutableInvoker.invoke(InterceptingExecutableInvoker.java:93)
	at org.junit.jupiter.engine.execution.InterceptingExecutableInvoker.invoke(InterceptingExecutableInvoker.java:87)
	at org.junit.jupiter.engine.descriptor.TestMethodTestDescriptor.lambda$invokeTestMethod$4(TestMethodTestDescriptor.java:221)
	at org.junit.platform.engine.support.hierarchical.ThrowableCollector.execute(ThrowableCollector.java:73)
	at org.junit.jupiter.engine.descriptor.TestMethodTestDescriptor.invokeTestMethod(TestMethodTestDescriptor.java:217)
	at org.junit.jupiter.engine.descriptor.TestMethodTestDescriptor.execute(TestMethodTestDescriptor.java:159)
	at org.junit.jupiter.engine.descriptor.TestMethodTestDescriptor.execute(TestMethodTestDescriptor.java:70)
	at org.junit.platform.engine.support.hierarchical.NodeTestTask.lambda$executeRecursively$6(NodeTestTask.java:157)
	at org.junit.platform.engine.support.hierarchical.ThrowableCollector.execute(ThrowableCollector.java:73)
	at org.junit.platform.engine.support.hierarchical.NodeTestTask.lambda$executeRecursively$8(NodeTestTask.java:147)
	at org.junit.platform.engine.support.hierarchical.Node.around(Node.java:137)
	at org.junit.platform.engine.support.hierarchical.NodeTestTask.lambda$executeRecursively$9(NodeTestTask.java:145)
	at org.junit.platform.engine.support.hierarchical.ThrowableCollector.execute(ThrowableCollector.java:73)
	at org.junit.platform.engine.support.hierarchical.NodeTestTask.executeRecursively(NodeTestTask.java:144)
	at org.junit.platform.engine.support.hierarchical.NodeTestTask.execute(NodeTestTask.java:101)
	at java.base/java.util.ArrayList.forEach(ArrayList.java:1596)
	at org.junit.platform.engine.support.hierarchical.SameThreadHierarchicalTestExecutorService.invokeAll(SameThreadHierarchicalTestExecutorService.java:41)
	at org.junit.platform.engine.support.hierarchical.NodeTestTask.lambda$executeRecursively$6(NodeTestTask.java:161)
	at org.junit.platform.engine.support.hierarchical.ThrowableCollector.execute(ThrowableCollector.java:73)
	at org.junit.platform.engine.support.hierarchical.NodeTestTask.lambda$executeRecursively$8(NodeTestTask.java:147)
	at org.junit.platform.engine.support.hierarchical.Node.around(Node.java:137)
	at org.junit.platform.engine.support.hierarchical.NodeTestTask.lambda$executeRecursively$9(NodeTestTask.java:145)
	at org.junit.platform.engine.support.hierarchical.ThrowableCollector.execute(ThrowableCollector.java:73)
	at org.junit.platform.engine.support.hierarchical.NodeTestTask.executeRecursively(NodeTestTask.java:144)
	at org.junit.platform.engine.support.hierarchical.NodeTestTask.execute(NodeTestTask.java:101)
	at java.base/java.util.ArrayList.forEach(ArrayList.java:1596)
	at org.junit.platform.engine.support.hierarchical.SameThreadHierarchicalTestExecutorService.invokeAll(SameThreadHierarchicalTestExecutorService.java:41)
	at org.junit.platform.engine.support.hierarchical.NodeTestTask.lambda$executeRecursively$6(NodeTestTask.java:161)
	at org.junit.platform.engine.support.hierarchical.ThrowableCollector.execute(ThrowableCollector.java:73)
	at org.junit.platform.engine.support.hierarchical.NodeTestTask.lambda$executeRecursively$8(NodeTestTask.java:147)
	at org.junit.platform.engine.support.hierarchical.Node.around(Node.java:137)
	at org.junit.platform.engine.support.hierarchical.NodeTestTask.lambda$executeRecursively$9(NodeTestTask.java:145)
	at org.junit.platform.engine.support.hierarchical.ThrowableCollector.execute(ThrowableCollector.java:73)
	at org.junit.platform.engine.support.hierarchical.NodeTestTask.executeRecursively(NodeTestTask.java:144)
	at org.junit.platform.engine.support.hierarchical.NodeTestTask.execute(NodeTestTask.java:101)
	at org.junit.platform.engine.support.hierarchical.SameThreadHierarchicalTestExecutorService.submit(SameThreadHierarchicalTestExecutorService.java:35)
	at org.junit.platform.engine.support.hierarchical.HierarchicalTestExecutor.execute(HierarchicalTestExecutor.java:57)
	at org.junit.platform.engine.support.hierarchical.HierarchicalTestEngine.execute(HierarchicalTestEngine.java:54)
	at org.junit.platform.launcher.core.EngineExecutionOrchestrator.executeEngine(EngineExecutionOrchestrator.java:230)
	at org.junit.platform.launcher.core.EngineExecutionOrchestrator.failOrExecuteEngine(EngineExecutionOrchestrator.java:204)
	at org.junit.platform.launcher.core.EngineExecutionOrchestrator.execute(EngineExecutionOrchestrator.java:172)
	at org.junit.platform.launcher.core.EngineExecutionOrchestrator.execute(EngineExecutionOrchestrator.java:101)
	at org.junit.platform.launcher.core.EngineExecutionOrchestrator.lambda$execute$0(EngineExecutionOrchestrator.java:64)
	at org.junit.platform.launcher.core.EngineExecutionOrchestrator.withInterceptedStreams(EngineExecutionOrchestrator.java:150)
	at org.junit.platform.launcher.core.EngineExecutionOrchestrator.execute(EngineExecutionOrchestrator.java:63)
	at org.junit.platform.launcher.core.DefaultLauncher.execute(DefaultLauncher.java:109)
	at org.junit.platform.launcher.core.DefaultLauncher.execute(DefaultLauncher.java:91)
	at org.junit.platform.launcher.core.DelegatingLauncher.execute(DelegatingLauncher.java:47)
	at org.junit.platform.launcher.core.InterceptingLauncher.lambda$execute$1(InterceptingLauncher.java:39)
	at org.junit.platform.launcher.core.ClasspathAlignmentCheckingLauncherInterceptor.intercept(ClasspathAlignmentCheckingLauncherInterceptor.java:25)
	at org.junit.platform.launcher.core.InterceptingLauncher.execute(InterceptingLauncher.java:38)
	at org.junit.platform.launcher.core.DelegatingLauncher.execute(DelegatingLauncher.java:47)
	at org.apache.maven.surefire.junitplatform.LazyLauncher.execute(LazyLauncher.java:56)
	at org.apache.maven.surefire.junitplatform.JUnitPlatformProvider.execute(JUnitPlatformProvider.java:194)
	at org.apache.maven.surefire.junitplatform.JUnitPlatformProvider.invokeAllTests(JUnitPlatformProvider.java:150)
	at org.apache.maven.surefire.junitplatform.JUnitPlatformProvider.invoke(JUnitPlatformProvider.java:124)
	at org.apache.maven.surefire.booter.ForkedBooter.runSuitesInProcess(ForkedBooter.java:385)
	at org.apache.maven.surefire.booter.ForkedBooter.execute(ForkedBooter.java:162)
	at org.apache.maven.surefire.booter.ForkedBooter.run(ForkedBooter.java:507)
	at org.apache.maven.surefire.booter.ForkedBooter.main(ForkedBooter.java:495)

2025-07-29T01:28:09.104612699Z main ERROR Error message.2025-07-29T01:28:09.104844453Z main ERROR Error with Exception.
java.lang.Exception: Test exception.
	at org.apache.ibatis.logging.LogFactoryTest.logSomething(LogFactoryTest.java:112)
	at org.apache.ibatis.logging.LogFactoryTest.shouldUseCommonsLogging(LogFactoryTest.java:45)
	at java.base/jdk.internal.reflect.DirectMethodHandleAccessor.invoke(DirectMethodHandleAccessor.java:103)
	at java.base/java.lang.reflect.Method.invoke(Method.java:580)
	at org.junit.platform.commons.util.ReflectionUtils.invokeMethod(ReflectionUtils.java:787)
	at org.junit.platform.commons.support.ReflectionSupport.invokeMethod(ReflectionSupport.java:478)
	at org.junit.jupiter.engine.execution.MethodInvocation.proceed(MethodInvocation.java:60)
	at org.junit.jupiter.engine.execution.InvocationInterceptorChain$ValidatingInvocation.proceed(InvocationInterceptorChain.java:131)
	at org.junit.jupiter.engine.extension.TimeoutExtension.intercept(TimeoutExtension.java:161)
	at org.junit.jupiter.engine.extension.TimeoutExtension.interceptTestableMethod(TimeoutExtension.java:152)
	at org.junit.jupiter.engine.extension.TimeoutExtension.interceptTestMethod(TimeoutExtension.java:91)
	at org.junit.jupiter.engine.execution.InterceptingExecutableInvoker$ReflectiveInterceptorCall.lambda$ofVoidMethod$0(InterceptingExecutableInvoker.java:112)
	at org.junit.jupiter.engine.execution.InterceptingExecutableInvoker.lambda$invoke$0(InterceptingExecutableInvoker.java:94)
	at org.junit.jupiter.engine.execution.InvocationInterceptorChain$InterceptedInvocation.proceed(InvocationInterceptorChain.java:106)
	at org.junit.jupiter.engine.execution.InvocationInterceptorChain.proceed(InvocationInterceptorChain.java:64)
	at org.junit.jupiter.engine.execution.InvocationInterceptorChain.chainAndInvoke(InvocationInterceptorChain.java:45)
	at org.junit.jupiter.engine.execution.InvocationInterceptorChain.invoke(InvocationInterceptorChain.java:37)
	at org.junit.jupiter.engine.execution.InterceptingExecutableInvoker.invoke(InterceptingExecutableInvoker.java:93)
	at org.junit.jupiter.engine.execution.InterceptingExecutableInvoker.invoke(InterceptingExecutableInvoker.java:87)
	at org.junit.jupiter.engine.descriptor.TestMethodTestDescriptor.lambda$invokeTestMethod$4(TestMethodTestDescriptor.java:221)
	at org.junit.platform.engine.support.hierarchical.ThrowableCollector.execute(ThrowableCollector.java:73)
	at org.junit.jupiter.engine.descriptor.TestMethodTestDescriptor.invokeTestMethod(TestMethodTestDescriptor.java:217)
	at org.junit.jupiter.engine.descriptor.TestMethodTestDescriptor.execute(TestMethodTestDescriptor.java:159)
	at org.junit.jupiter.engine.descriptor.TestMethodTestDescriptor.execute(TestMethodTestDescriptor.java:70)
	at org.junit.platform.engine.support.hierarchical.NodeTestTask.lambda$executeRecursively$6(NodeTestTask.java:157)
	at org.junit.platform.engine.support.hierarchical.ThrowableCollector.execute(ThrowableCollector.java:73)
	at org.junit.platform.engine.support.hierarchical.NodeTestTask.lambda$executeRecursively$8(NodeTestTask.java:147)
	at org.junit.platform.engine.support.hierarchical.Node.around(Node.java:137)
	at org.junit.platform.engine.support.hierarchical.NodeTestTask.lambda$executeRecursively$9(NodeTestTask.java:145)
	at org.junit.platform.engine.support.hierarchical.ThrowableCollector.execute(ThrowableCollector.java:73)
	at org.junit.platform.engine.support.hierarchical.NodeTestTask.executeRecursively(NodeTestTask.java:144)
	at org.junit.platform.engine.support.hierarchical.NodeTestTask.execute(NodeTestTask.java:101)
	at java.base/java.util.ArrayList.forEach(ArrayList.java:1596)
	at org.junit.platform.engine.support.hierarchical.SameThreadHierarchicalTestExecutorService.invokeAll(SameThreadHierarchicalTestExecutorService.java:41)
	at org.junit.platform.engine.support.hierarchical.NodeTestTask.lambda$executeRecursively$6(NodeTestTask.java:161)
	at org.junit.platform.engine.support.hierarchical.ThrowableCollector.execute(ThrowableCollector.java:73)
	at org.junit.platform.engine.support.hierarchical.NodeTestTask.lambda$executeRecursively$8(NodeTestTask.java:147)
	at org.junit.platform.engine.support.hierarchical.Node.around(Node.java:137)
	at org.junit.platform.engine.support.hierarchical.NodeTestTask.lambda$executeRecursively$9(NodeTestTask.java:145)
	at org.junit.platform.engine.support.hierarchical.ThrowableCollector.execute(ThrowableCollector.java:73)
	at org.junit.platform.engine.support.hierarchical.NodeTestTask.executeRecursively(NodeTestTask.java:144)
	at org.junit.platform.engine.support.hierarchical.NodeTestTask.execute(NodeTestTask.java:101)
	at java.base/java.util.ArrayList.forEach(ArrayList.java:1596)
	at org.junit.platform.engine.support.hierarchical.SameThreadHierarchicalTestExecutorService.invokeAll(SameThreadHierarchicalTestExecutorService.java:41)
	at org.junit.platform.engine.support.hierarchical.NodeTestTask.lambda$executeRecursively$6(NodeTestTask.java:161)
	at org.junit.platform.engine.support.hierarchical.ThrowableCollector.execute(ThrowableCollector.java:73)
	at org.junit.platform.engine.support.hierarchical.NodeTestTask.lambda$executeRecursively$8(NodeTestTask.java:147)
	at org.junit.platform.engine.support.hierarchical.Node.around(Node.java:137)
	at org.junit.platform.engine.support.hierarchical.NodeTestTask.lambda$executeRecursively$9(NodeTestTask.java:145)
	at org.junit.platform.engine.support.hierarchical.ThrowableCollector.execute(ThrowableCollector.java:73)
	at org.junit.platform.engine.support.hierarchical.NodeTestTask.executeRecursively(NodeTestTask.java:144)
	at org.junit.platform.engine.support.hierarchical.NodeTestTask.execute(NodeTestTask.java:101)
	at org.junit.platform.engine.support.hierarchical.SameThreadHierarchicalTestExecutorService.submit(SameThreadHierarchicalTestExecutorService.java:35)
	at org.junit.platform.engine.support.hierarchical.HierarchicalTestExecutor.execute(HierarchicalTestExecutor.java:57)
	at org.junit.platform.engine.support.hierarchical.HierarchicalTestEngine.execute(HierarchicalTestEngine.java:54)
	at org.junit.platform.launcher.core.EngineExecutionOrchestrator.executeEngine(EngineExecutionOrchestrator.java:230)
	at org.junit.platform.launcher.core.EngineExecutionOrchestrator.failOrExecuteEngine(EngineExecutionOrchestrator.java:204)
	at org.junit.platform.launcher.core.EngineExecutionOrchestrator.execute(EngineExecutionOrchestrator.java:172)
	at org.junit.platform.launcher.core.EngineExecutionOrchestrator.execute(EngineExecutionOrchestrator.java:101)
	at org.junit.platform.launcher.core.EngineExecutionOrchestrator.lambda$execute$0(EngineExecutionOrchestrator.java:64)
	at org.junit.platform.launcher.core.EngineExecutionOrchestrator.withInterceptedStreams(EngineExecutionOrchestrator.java:150)
	at org.junit.platform.launcher.core.EngineExecutionOrchestrator.execute(EngineExecutionOrchestrator.java:63)
	at org.junit.platform.launcher.core.DefaultLauncher.execute(DefaultLauncher.java:109)
	at org.junit.platform.launcher.core.DefaultLauncher.execute(DefaultLauncher.java:91)
	at org.junit.platform.launcher.core.DelegatingLauncher.execute(DelegatingLauncher.java:47)
	at org.junit.platform.launcher.core.InterceptingLauncher.lambda$execute$1(InterceptingLauncher.java:39)
	at org.junit.platform.launcher.core.ClasspathAlignmentCheckingLauncherInterceptor.intercept(ClasspathAlignmentCheckingLauncherInterceptor.java:25)
	at org.junit.platform.launcher.core.InterceptingLauncher.execute(InterceptingLauncher.java:38)
	at org.junit.platform.launcher.core.DelegatingLauncher.execute(DelegatingLauncher.java:47)
	at org.apache.maven.surefire.junitplatform.LazyLauncher.execute(LazyLauncher.java:56)
	at org.apache.maven.surefire.junitplatform.JUnitPlatformProvider.execute(JUnitPlatformProvider.java:194)
	at org.apache.maven.surefire.junitplatform.JUnitPlatformProvider.invokeAllTests(JUnitPlatformProvider.java:150)
	at org.apache.maven.surefire.junitplatform.JUnitPlatformProvider.invoke(JUnitPlatformProvider.java:124)
	at org.apache.maven.surefire.booter.ForkedBooter.runSuitesInProcess(ForkedBooter.java:385)
	at org.apache.maven.surefire.booter.ForkedBooter.execute(ForkedBooter.java:162)
	at org.apache.maven.surefire.booter.ForkedBooter.run(ForkedBooter.java:507)
	at org.apache.maven.surefire.booter.ForkedBooter.main(ForkedBooter.java:495)
01:28:09.105 DEBUG [main] o.apache.ibatis.logging.LogFactory - Logging initialized using 'class org.apache.ibatis.logging.slf4j.Slf4jImpl' adapter.
[INFO] Tests run: 8, Failures: 0, Errors: 0, Skipped: 0, Time elapsed: 0.326 s -- in org.apache.ibatis.logging.LogFactoryTest
[INFO]
[INFO] Results:
[INFO]
[ERROR] Errors:
[ERROR]   MysqlTimeoutTest.shouldReconnectWhenServerKilledLeakedConnection:37 ExceptionInInitializer
[ERROR]   NetworkTimeoutTest.networkTimeoutPooledDataSource:41 NoClassDefFound Could not initialize class org.apache.ibatis.testcontainers.PgContainer
[ERROR]   NetworkTimeoutTest.networkTimeoutUnpooledDataSource:32 NoClassDefFound Could not initialize class org.apache.ibatis.testcontainers.PgContainer
[ERROR]   MysqlCursorTest.setUp:46 NoClassDefFound Could not initialize class org.apache.ibatis.testcontainers.MysqlContainer
[ERROR]   PostgresCursorTest.setUp:45 NoClassDefFound Could not initialize class org.apache.ibatis.testcontainers.PgContainer
[ERROR]   DirtySelectTest.setUp:46 NoClassDefFound Could not initialize class org.apache.ibatis.testcontainers.PgContainer
[ERROR]   InsertTest.setUp:49 NoClassDefFound Could not initialize class org.apache.ibatis.testcontainers.PgContainer
[ERROR]   MultipleResultTest.setUp:47 NoClassDefFound Could not initialize class org.apache.ibatis.testcontainers.PgContainer
[ERROR]   OracleCursorTest.setUp:47 ExceptionInInitializer
[ERROR]   PostgresGeneratedKeysTest.setUp:41 NoClassDefFound Could not initialize class org.apache.ibatis.testcontainers.PgContainer
[ERROR]   RefCursorTest.setUp:53 NoClassDefFound Could not initialize class org.apache.ibatis.testcontainers.PgContainer
[ERROR]   PostgresSQLTest.setUp:44 NoClassDefFound Could not initialize class org.apache.ibatis.testcontainers.PgContainer
[ERROR]   SqlxmlTypeHandlerTest.setUp:57 ExceptionInInitializer
[INFO]
[ERROR] Tests run: 1996, Failures: 0, Errors: 13, Skipped: 19
[INFO]
[INFO] ------------------------------------------------------------------------
[INFO] BUILD FAILURE
[INFO] ------------------------------------------------------------------------
[INFO] Total time:  03:38 min
[INFO] Finished at: 2025-07-29T01:28:09Z
[INFO] ------------------------------------------------------------------------
[ERROR] Failed to execute goal org.apache.maven.plugins:maven-surefire-plugin:3.5.3:test (default-test) on project mybatis:
[ERROR]
[ERROR] See /app/target/surefire-reports for the individual test results.
[ERROR] See dump files (if any exist) [date].dump, [date]-jvmRun[N].dump and [date].dumpstream.
[ERROR] -> [Help 1]
[ERROR]
[ERROR] To see the full stack trace of the errors, re-run Maven with the -e switch.
[ERROR] Re-run Maven using the -X switch to enable full debug logging.
[ERROR]
[ERROR] For more information about the errors and possible solutions, please read the following articles:
[ERROR] [Help 1] http://cwiki.apache.org/confluence/display/MAVEN/MojoFailureException
