12:19:12 [[1;34mINFO[m] Scanning for projects...
12:19:13 [[1;34mINFO[m] [1m------------------------------------------------------------------------[m
12:19:13 [[1;34mINFO[m] [1mReactor Build Order:[m
12:19:13 [[1;34mINFO[m]
12:19:13 [[1;34mINFO[m] Playwright Parent Project                                          [pom]
12:19:13 [[1;34mINFO[m] Playwright - Driver                                                [jar]
12:19:13 [[1;34mINFO[m] Playwright - Drivers For All Platforms                             [jar]
12:19:13 [[1;34mINFO[m] Playwright - Main Library                                          [jar]
12:19:13 [[1;34mINFO[m]
12:19:13 [[1;34mINFO[m] [1m----------------< [0;36mcom.microsoft.playwright:parent-pom[0;1m >-----------------[m
12:19:13 [[1;34mINFO[m] [1mBuilding Playwright Parent Project 1.50.0-SNAPSHOT                 [1/4][m
12:19:13 [[1;34mINFO[m] [1m--------------------------------[ pom ]---------------------------------[m
12:19:13 [[1;34mINFO[m]
12:19:13 [[1;34mINFO[m] [1m------------------< [0;36mcom.microsoft.playwright:driver[0;1m >-------------------[m
12:19:13 [[1;34mINFO[m] [1mBuilding Playwright - Driver 1.50.0-SNAPSHOT                       [2/4][m
12:19:13 [[1;34mINFO[m] [1m--------------------------------[ jar ]---------------------------------[m
12:19:13 [[1;34mINFO[m]
12:19:13 [[1;34mINFO[m] [1m--- [0;32mmaven-resources-plugin:3.3.1:resources[m [1m(default-resources)[m @ [36mdriver[0;1m ---[m
12:19:13 [[1;34mINFO[m] Copying 1 resource from src/main/resources to target/classes
12:19:13 [[1;34mINFO[m]
12:19:13 [[1;34mINFO[m] [1m--- [0;32mmaven-compiler-plugin:3.14.1:compile[m [1m(default-compile)[m @ [36mdriver[0;1m ---[m
12:19:13 [[1;34mINFO[m] Nothing to compile - all classes are up to date.
12:19:13 [[1;34mINFO[m]
12:19:13 [[1;34mINFO[m] [1m--- [0;32mmaven-resources-plugin:3.3.1:testResources[m [1m(default-testResources)[m @ [36mdriver[0;1m ---[m
12:19:13 [[1;34mINFO[m] skip non existing resourceDirectory /app/driver/src/test/resources
12:19:13 [[1;34mINFO[m]
12:19:13 [[1;34mINFO[m] [1m--- [0;32mmaven-compiler-plugin:3.14.1:testCompile[m [1m(default-testCompile)[m @ [36mdriver[0;1m ---[m
12:19:13 [[1;34mINFO[m] No sources to compile
12:19:13 [[1;34mINFO[m]
12:19:13 [[1;34mINFO[m] [1m--- [0;32mmaven-surefire-plugin:3.5.4:test[m [1m(default-test)[m @ [36mdriver[0;1m ---[m
12:19:13 [[1;34mINFO[m] No tests to run.
12:19:13 [[1;34mINFO[m]
12:19:13 [[1;34mINFO[m] [1m---------------< [0;36mcom.microsoft.playwright:driver-bundle[0;1m >---------------[m
12:19:13 [[1;34mINFO[m] [1mBuilding Playwright - Drivers For All Platforms 1.50.0-SNAPSHOT    [3/4][m
12:19:13 [[1;34mINFO[m] [1m--------------------------------[ jar ]---------------------------------[m
12:19:13 [[1;34mINFO[m]
12:19:13 [[1;34mINFO[m] [1m--- [0;32mmaven-resources-plugin:3.3.1:resources[m [1m(default-resources)[m @ [36mdriver-bundle[0;1m ---[m
12:19:13 [[1;34mINFO[m] Copying 1721 resources from src/main/resources to target/classes
12:19:26 [[1;34mINFO[m]
12:19:26 [[1;34mINFO[m] [1m--- [0;32mmaven-compiler-plugin:3.14.1:compile[m [1m(default-compile)[m @ [36mdriver-bundle[0;1m ---[m
12:19:26 [[1;34mINFO[m] Nothing to compile - all classes are up to date.
12:19:26 [[1;34mINFO[m]
12:19:26 [[1;34mINFO[m] [1m--- [0;32mmaven-resources-plugin:3.3.1:testResources[m [1m(default-testResources)[m @ [36mdriver-bundle[0;1m ---[m
12:19:26 [[1;34mINFO[m] skip non existing resourceDirectory /app/driver-bundle/src/test/resources
12:19:26 [[1;34mINFO[m]
12:19:26 [[1;34mINFO[m] [1m--- [0;32mmaven-compiler-plugin:3.14.1:testCompile[m [1m(default-testCompile)[m @ [36mdriver-bundle[0;1m ---[m
12:19:26 [[1;34mINFO[m] Nothing to compile - all classes are up to date.
12:19:26 [[1;34mINFO[m]
12:19:26 [[1;34mINFO[m] [1m--- [0;32mmaven-surefire-plugin:3.5.4:test[m [1m(default-test)[m @ [36mdriver-bundle[0;1m ---[m
12:19:26 [[1;34mINFO[m] Using auto detected provider org.apache.maven.surefire.junitplatform.JUnitPlatformProvider
12:19:29 [[1;34mINFO[m]
12:19:29 [[1;34mINFO[m] -------------------------------------------------------
12:19:29 [[1;34mINFO[m]  T E S T S
12:19:29 [[1;34mINFO[m] -------------------------------------------------------
12:19:29 [[1;34mINFO[m] Running com.microsoft.playwright.impl.driver.jar.[1mTestInstall[m
Downloading Chromium 141.0.7390.37 (playwright build v1194) from https://127.0.0.1:10000/builds/chromium/1194/chromium-linux.zip
Error: connect ECONNREFUSED 127.0.0.1:10000
    at TCPConnectWrap.afterConnect [as oncomplete] (node:net:1637:16) {
  errno: -111,
  code: 'ECONNREFUSED',
  syscall: 'connect',
  address: '127.0.0.1',
  port: 10000
}
Downloading Chromium 141.0.7390.37 (playwright build v1194) from https://127.0.0.1:10000/builds/chromium/1194/chromium-linux.zip
Error: connect ECONNREFUSED 127.0.0.1:10000
    at TCPConnectWrap.afterConnect [as oncomplete] (node:net:1637:16) {
  errno: -111,
  code: 'ECONNREFUSED',
  syscall: 'connect',
  address: '127.0.0.1',
  port: 10000
}
Downloading Chromium 141.0.7390.37 (playwright build v1194) from https://127.0.0.1:10000/builds/chromium/1194/chromium-linux.zip
Error: connect ECONNREFUSED 127.0.0.1:10000
    at TCPConnectWrap.afterConnect [as oncomplete] (node:net:1637:16) {
  errno: -111,
  code: 'ECONNREFUSED',
  syscall: 'connect',
  address: '127.0.0.1',
  port: 10000
}
Downloading Chromium 141.0.7390.37 (playwright build v1194) from https://127.0.0.1:10000/builds/chromium/1194/chromium-linux.zip
Error: connect ECONNREFUSED 127.0.0.1:10000
    at TCPConnectWrap.afterConnect [as oncomplete] (node:net:1637:16) {
  errno: -111,
  code: 'ECONNREFUSED',
  syscall: 'connect',
  address: '127.0.0.1',
  port: 10000
}
Downloading Chromium 141.0.7390.37 (playwright build v1194) from https://127.0.0.1:10000/builds/chromium/1194/chromium-linux.zip
Error: connect ECONNREFUSED 127.0.0.1:10000
    at TCPConnectWrap.afterConnect [as oncomplete] (node:net:1637:16) {
  errno: -111,
  code: 'ECONNREFUSED',
  syscall: 'connect',
  address: '127.0.0.1',
  port: 10000
}
Failed to install browsers
Error: Failed to download Chromium 141.0.7390.37 (playwright build v1194), caused by
Error: Download failure, code=1
    at ChildProcess.<anonymous> (/tmp/playwright-java-7819051280366428047/package/lib/server/registry/browserFetcher.js:94:32)
    at ChildProcess.emit (node:events:519:28)
    at ChildProcess._handle.onexit (node:internal/child_process:293:12)
12:19:32 [[1;34mINFO[m] [1;32mTests run: [0;1;32m7[m, Failures: 0, Errors: 0, Skipped: 0, Time elapsed: 2.995 s -- in com.microsoft.playwright.impl.driver.jar.[1mTestInstall[m
12:19:33 [[1;34mINFO[m]
12:19:33 [[1;34mINFO[m] Results:
12:19:33 [[1;34mINFO[m]
12:19:33 [[1;34mINFO[m] [1;32mTests run: 7, Failures: 0, Errors: 0, Skipped: 0[m
12:19:33 [[1;34mINFO[m]
12:19:33 [[1;34mINFO[m]
12:19:33 [[1;34mINFO[m] [1m----------------< [0;36mcom.microsoft.playwright:playwright[0;1m >-----------------[m
12:19:33 [[1;34mINFO[m] [1mBuilding Playwright - Main Library 1.50.0-SNAPSHOT                 [4/4][m
12:19:33 [[1;34mINFO[m] [1m--------------------------------[ jar ]---------------------------------[m
12:19:33 [[1;34mINFO[m]
12:19:33 [[1;34mINFO[m] [1m--- [0;32mmaven-resources-plugin:3.3.1:resources[m [1m(default-resources)[m @ [36mplaywright[0;1m ---[m
12:19:33 [[1;34mINFO[m] skip non existing resourceDirectory /app/playwright/src/main/resources
12:19:33 [[1;34mINFO[m]
12:19:33 [[1;34mINFO[m] [1m--- [0;32mmaven-compiler-plugin:3.14.1:compile[m [1m(default-compile)[m @ [36mplaywright[0;1m ---[m
12:19:33 [[1;34mINFO[m] Recompiling the module because of [1mchanged source code[m.
12:19:33 [[1;34mINFO[m] Compiling 176 source files with javac [debug parameters target 8] to target/classes
12:19:36 [[1;33mWARNING[m] bootstrap class path not set in conjunction with -source 8
12:19:36 [[1;34mINFO[m] /app/playwright/src/main/java/com/microsoft/playwright/impl/Serialization.java: Some input files use or override a deprecated API.
12:19:36 [[1;34mINFO[m] /app/playwright/src/main/java/com/microsoft/playwright/impl/Serialization.java: Recompile with -Xlint:deprecation for details.
12:19:36 [[1;34mINFO[m] /app/playwright/src/main/java/com/microsoft/playwright/impl/Utils.java: Some input files use unchecked or unsafe operations.
12:19:36 [[1;34mINFO[m] /app/playwright/src/main/java/com/microsoft/playwright/impl/Utils.java: Recompile with -Xlint:unchecked for details.
12:19:36 [[1;34mINFO[m]
12:19:36 [[1;34mINFO[m] [1m--- [0;32mmaven-resources-plugin:3.3.1:testResources[m [1m(default-testResources)[m @ [36mplaywright[0;1m ---[m
12:19:36 [[1;34mINFO[m] Copying 170 resources from src/test/resources to target/test-classes/resources
12:19:37 [[1;34mINFO[m]
12:19:37 [[1;34mINFO[m] [1m--- [0;32mmaven-compiler-plugin:3.14.1:testCompile[m [1m(default-testCompile)[m @ [36mplaywright[0;1m ---[m
12:19:37 [[1;34mINFO[m] Recompiling the module because of [1mchanged dependency[m.
12:19:37 [[1;34mINFO[m] Compiling 154 source files with javac [debug parameters target 8] to target/test-classes
12:19:39 [[1;33mWARNING[m] bootstrap class path not set in conjunction with -source 8
12:19:39 [[1;34mINFO[m] /app/playwright/src/test/java/com/microsoft/playwright/TestBrowser2.java: Some input files use or override a deprecated API.
12:19:39 [[1;34mINFO[m] /app/playwright/src/test/java/com/microsoft/playwright/TestBrowser2.java: Recompile with -Xlint:deprecation for details.
12:19:39 [[1;34mINFO[m] /app/playwright/src/test/java/com/microsoft/playwright/TestBrowserContextViewport.java: Some input files use unchecked or unsafe operations.
12:19:39 [[1;34mINFO[m] /app/playwright/src/test/java/com/microsoft/playwright/TestBrowserContextViewport.java: Recompile with -Xlint:unchecked for details.
12:19:39 [[1;34mINFO[m]
12:19:39 [[1;34mINFO[m] [1m--- [0;32mmaven-surefire-plugin:3.5.4:test[m [1m(default-test)[m @ [36mplaywright[0;1m ---[m
12:19:39 [[1;34mINFO[m] Using auto detected provider org.apache.maven.surefire.junitplatform.JUnitPlatformProvider
12:19:39 [[1;34mINFO[m]
12:19:39 [[1;34mINFO[m] -------------------------------------------------------
12:19:39 [[1;34mINFO[m]  T E S T S
12:19:39 [[1;34mINFO[m] -------------------------------------------------------
Oct 09, 2025 12:19:40 PM org.junit.platform.launcher.core.DiscoveryIssueNotifier logIssues
WARNING: TestEngine with ID 'junit-jupiter' encountered a non-critical issue during test discovery:

(1) [WARNING] @AfterEach method 'private void com.microsoft.playwright.TestDefaultBrowserContext2.closePersistentContext()' should not be private. This will be disallowed in a future release.
    Source: MethodSource [className = 'com.microsoft.playwright.TestDefaultBrowserContext2', methodName = 'closePersistentContext', methodParameterTypes = '']
            at com.microsoft.playwright.TestDefaultBrowserContext2.closePersistentContext(SourceFile:0)
12:19:41 [[1;34mINFO[m] Running com.microsoft.playwright.[1mTestLocatorClick[m
12:19:41 [[1;34mINFO[m] Running com.microsoft.playwright.[1mTestPageAutowaitingBasic[m
12:19:41 [[1;34mINFO[m] Running com.microsoft.playwright.[1mTestBrowserContextClearCookies[m
12:19:41 [[1;34mINFO[m] Running com.microsoft.playwright.[1mTestPageLocatorConvenience[m
12:19:41 [[1;34mINFO[m] Running com.microsoft.playwright.[1mTestBrowserContextRoute[m
12:19:41 [[1;34mINFO[m] Running com.microsoft.playwright.[1mTestPageEventRequest[m
12:19:41 [[1;34mINFO[m] Running com.microsoft.playwright.[1mTestPageNavigate[m
12:19:41 [[1;34mINFO[m] Running com.microsoft.playwright.[1mTestNetworkRequest[m
12:19:41 [[1;34mINFO[m] Running com.microsoft.playwright.[1mTestQuerySelector[m
12:19:41 [[1;34mINFO[m] Running com.microsoft.playwright.[1mTestPageEvaluate[m
12:19:41 [[1;34mINFO[m] Running com.microsoft.playwright.[1mTestGlobalFetch[m
12:19:41 [[1;34mINFO[m] Running com.microsoft.playwright.[1mTestWorkers[m
12:19:41 [[1;34mINFO[m] Running com.microsoft.playwright.[1mTestHar[m
12:19:41 [[1;34mINFO[m] Running com.microsoft.playwright.[1mTestRequestGC[m
12:19:41 [[1;34mINFO[m] Running com.microsoft.playwright.[1mTestAssertThatIsInViewport[m
12:19:41 [[1;34mINFO[m] Running com.microsoft.playwright.[1mTestPageWaitForRequest[m
12:19:41 [[1;34mINFO[m] Running com.microsoft.playwright.[1mTestPageSelectOption[m
12:19:41 [[1;34mINFO[m] Running com.microsoft.playwright.[1mTestDialog[m
12:19:41 [[1;34mINFO[m] Running com.microsoft.playwright.[1mTestPageSetInputFiles[m
12:19:41 [[1;34mINFO[m] Running com.microsoft.playwright.[1mTestBrowserContextLocale[m
12:19:41 [[1;34mINFO[m] Running com.microsoft.playwright.[1mTestFrameNavigate[m
12:19:41 [[1;34mINFO[m] Running com.microsoft.playwright.[1mTestVideo[m
12:19:41 [[1;34mINFO[m] Running com.microsoft.playwright.[1mTestPageAddLocatorHandler[m
12:19:41 [[1;34mINFO[m] Running com.microsoft.playwright.[1mTestBrowserContextFetch[m
12:19:41 [[1;34mINFO[m] Running com.microsoft.playwright.[1mTestChromium[m
12:19:41 [[1;34mINFO[m] Running com.microsoft.playwright.[1mTestBrowserContextAddCookies[m
12:19:41 [[1;34mINFO[m] Running com.microsoft.playwright.[1mTestPageRoute[m
12:19:41 [[1;34mINFO[m] Running com.microsoft.playwright.[1mTestPageRequestFulfill[m
12:19:41 [[1;34mINFO[m] Running com.microsoft.playwright.[1mTestElementHandleConvenience[m
12:19:41 [[1;34mINFO[m] Running com.microsoft.playwright.junit.[1mTestFixtureContextOptions[m
12:19:41 [[1;34mINFO[m] Running com.microsoft.playwright.[1mTestBrowserContextViewport[m
12:19:41 [[1;34mINFO[m] Running com.microsoft.playwright.[1mTestBrowserContextCookies[m
12:19:42 [[1;34mINFO[m] [1;32mTests run: [0;1;32m1[m, Failures: 0, Errors: 0, Skipped: 0, Time elapsed: 1.514 s -- in com.microsoft.playwright.[1mTestRequestGC[m
12:19:42 [[1;34mINFO[m] Running com.microsoft.playwright.[1mTestSelectorsRegister[m
12:19:42 [[1;34mINFO[m] [1;32mTests run: [0;1;32m2[m, Failures: 0, Errors: 0, Skipped: 0, Time elapsed: 1.578 s -- in com.microsoft.playwright.junit.[1mTestFixtureContextOptions[m
12:19:42 [[1;34mINFO[m] Running com.microsoft.playwright.junit.[1mTestFixturesWithNestedClass[m
12:19:43 [[1;34mINFO[m] Running com.microsoft.playwright.junit.[1mTestFixturesWithNestedClass$NestedClass[m
12:19:43 [[1;34mINFO[m] Running com.microsoft.playwright.junit.[1mTestFixturesWithNestedClass$NestedClass$DeeplyNestedClass[m
12:19:43 [[1;34mINFO[m] [1;32mTests run: [0;1;32m3[m, Failures: 0, Errors: 0, Skipped: 0, Time elapsed: 0.076 s -- in com.microsoft.playwright.junit.[1mTestFixturesWithNestedClass$NestedClass$DeeplyNestedClass[m
12:19:43 [[1;34mINFO[m] [1mTests run: [0;1m0[m, Failures: 0, Errors: 0, Skipped: 0, Time elapsed: 0.118 s -- in com.microsoft.playwright.junit.[1mTestFixturesWithNestedClass$NestedClass[m
12:19:43 [[1;34mINFO[m] [1mTests run: [0;1m0[m, Failures: 0, Errors: 0, Skipped: 0, Time elapsed: 0.232 s -- in com.microsoft.playwright.junit.[1mTestFixturesWithNestedClass[m
12:19:43 [[1;34mINFO[m] Running com.microsoft.playwright.junit.[1mTestFixtureDeviceOption[m
12:19:43 [[1;34mINFO[m] [1;32mTests run: [0;1;32m4[m, Failures: 0, Errors: 0, Skipped: 0, Time elapsed: 2.087 s -- in com.microsoft.playwright.[1mTestAssertThatIsInViewport[m
12:19:43 [[1;34mINFO[m] [1;32mTests run: [0;1;32m1[m, Failures: 0, Errors: 0, Skipped: 0, Time elapsed: 2.091 s -- in com.microsoft.playwright.[1mTestPageLocatorConvenience[m
12:19:43 [[1;34mINFO[m] Running com.microsoft.playwright.[1mTestPageRequestFallback[m
12:19:43 [[1;34mINFO[m] Running com.microsoft.playwright.[1mTestPageEventNetwork[m
12:19:43 [[1;34mINFO[m] [1;32mTests run: [0;1;32m7[m, Failures: 0, Errors: 0, Skipped: 0, Time elapsed: 2.172 s -- in com.microsoft.playwright.[1mTestBrowserContextClearCookies[m
12:19:43 [[1;34mINFO[m] Running com.microsoft.playwright.[1mTestPageEventPageError[m
12:19:43 [[1;34mINFO[m] [1;32mTests run: [0;1;32m1[m, Failures: 0, Errors: 0, Skipped: 0, Time elapsed: 2.207 s -- in com.microsoft.playwright.[1mTestVideo[m
12:19:43 [[1;34mINFO[m] Running com.microsoft.playwright.[1mTestBrowserContextCDPSession[m
12:19:43 [[1;34mINFO[m] [1;32mTests run: [0;1;32m3[m, Failures: 0, Errors: 0, Skipped: 0, Time elapsed: 2.306 s -- in com.microsoft.playwright.[1mTestPageRequestFulfill[m
12:19:43 [[1;34mINFO[m] Running com.microsoft.playwright.[1mTestRouteWebSocket[m
12:19:43 [[1;34mINFO[m] [1;32mTests run: [0;1;32m3[m, Failures: 0, Errors: 0, Skipped: 0, Time elapsed: 2.464 s -- in com.microsoft.playwright.[1mTestPageAutowaitingBasic[m
12:19:43 [[1;34mINFO[m] Running com.microsoft.playwright.[1mTestSelectorsCss[m
12:19:43 [[1;31mERROR[m] [1;31mTests [0;1mrun: [0;1m1[m, Failures: 0, [1;31mErrors: [0;1;31m1[m, Skipped: 0, Time elapsed: 0.661 s[1;31m <<< FAILURE![m -- in com.microsoft.playwright.junit.[1mTestFixtureDeviceOption[m
12:19:43 [[1;31mERROR[m] com.microsoft.playwright.junit.TestFixtureDeviceOption.testPredefinedDeviceParameters(Server, Page) -- Time elapsed: 0.642 s <<< ERROR!
org.junit.jupiter.api.extension.ParameterResolutionException:
Failed to resolve parameter [com.microsoft.playwright.Page page] in method [public void com.microsoft.playwright.junit.TestFixtureDeviceOption.testPredefinedDeviceParameters(com.microsoft.playwright.Server,com.microsoft.playwright.Page)]: Error {
  message='Target page, context or browser has been closed
Browser logs:

<launching> /root/.cache/ms-playwright/webkit-2215/pw_run.sh --inspector-pipe --headless --no-startup-window
<launched> pid=3065
[pid=3065][err]
[pid=3065][err] (MiniBrowser:3076): GStreamer-WARNING **: 19:19:43.286: External plugin loader failed. This most likely means that the plugin loader helper binary was not found or could not be run. You might need to set the GST_PLUGIN_SCANNER environment variable if your setup is unusual. This should normally not be required though.
[pid=3065][err]
[pid=3065][err] (MiniBrowser:3076): libsoup-ERROR **: 19:19:43.561: libsoup3 symbols detected. Using libsoup2 and libsoup3 in the same process is not supported.
[pid=3065][err] /root/.cache/ms-playwright/webkit-2215/pw_run.sh: line 24:  3076 Trace/breakpoint trap   (core dumped) WEBKIT_FORCE_COMPLEX_TEXT="1" "$MINIBROWSER" "$@"
  name='TargetClosedError
  stack='TargetClosedError: Target page, context or browser has been closed
Browser logs:

<launching> /root/.cache/ms-playwright/webkit-2215/pw_run.sh --inspector-pipe --headless --no-startup-window
<launched> pid=3065
[pid=3065][err]
[pid=3065][err] (MiniBrowser:3076): GStreamer-WARNING **: 19:19:43.286: External plugin loader failed. This most likely means that the plugin loader helper binary was not found or could not be run. You might need to set the GST_PLUGIN_SCANNER environment variable if your setup is unusual. This should normally not be required though.
[pid=3065][err]
[pid=3065][err] (MiniBrowser:3076): libsoup-ERROR **: 19:19:43.561: libsoup3 symbols detected. Using libsoup2 and libsoup3 in the same process is not supported.
[pid=3065][err] /root/.cache/ms-playwright/webkit-2215/pw_run.sh: line 24:  3076 Trace/breakpoint trap   (core dumped) WEBKIT_FORCE_COMPLEX_TEXT="1" "$MINIBROWSER" "$@"
    at DispatcherConnection.dispatch (/tmp/playwright-java-10578194027864912080/package/lib/server/dispatchers/dispatcher.js:340:15)
}
Call log:
-   - <launching> /root/.cache/ms-playwright/webkit-2215/pw_run.sh --inspector-pipe --headless --no-startup-window
-   - <launched> pid=3065
-   - [pid=3065][err]
-   - [pid=3065][err] (MiniBrowser:3076): GStreamer-WARNING **: 19:19:43.286: External plugin loader failed. This most likely means that the plugin loader helper binary was not found or could not be run. You might need to set the GST_PLUGIN_SCANNER environment variable if your setup is unusual. This should normally not be required though.
-   - [pid=3065][err]
-   - [pid=3065][err] (MiniBrowser:3076): libsoup-ERROR **: 19:19:43.561: libsoup3 symbols detected. Using libsoup2 and libsoup3 in the same process is not supported.
-   - [pid=3065][err] /root/.cache/ms-playwright/webkit-2215/pw_run.sh: line 24:  3076 Trace/breakpoint trap   (core dumped) WEBKIT_FORCE_COMPLEX_TEXT="1" "$MINIBROWSER" "$@"
-   - [pid=3065] <gracefully close start>
-   - [pid=3065] <kill>
-   - [pid=3065] <will force kill>
-   - [pid=3065] <process did exit: exitCode=133, signal=null>
-   - [pid=3065] starting temporary directories cleanup
-   - [pid=3065] finished temporary directories cleanup
-   - [pid=3065] <gracefully close end>

	at java.base/java.util.concurrent.ForkJoinTask.doExec(ForkJoinTask.java:373)
	at java.base/java.util.concurrent.ForkJoinTask.awaitDone(ForkJoinTask.java:436)
	at java.base/java.util.concurrent.ForkJoinTask.join(ForkJoinTask.java:670)
	at java.base/java.util.concurrent.ForkJoinTask.doExec(ForkJoinTask.java:373)
	at java.base/java.util.concurrent.ForkJoinPool$WorkQueue.topLevelExec(ForkJoinPool.java:1182)
	at java.base/java.util.concurrent.ForkJoinPool.scan(ForkJoinPool.java:1655)
	at java.base/java.util.concurrent.ForkJoinPool.runWorker(ForkJoinPool.java:1622)
	at java.base/java.util.concurrent.ForkJoinWorkerThread.run(ForkJoinWorkerThread.java:165)
Caused by: com.microsoft.playwright.impl.TargetClosedError: Error {
  message='Target page, context or browser has been closed
Browser logs:

<launching> /root/.cache/ms-playwright/webkit-2215/pw_run.sh --inspector-pipe --headless --no-startup-window
<launched> pid=3065
[pid=3065][err]
[pid=3065][err] (MiniBrowser:3076): GStreamer-WARNING **: 19:19:43.286: External plugin loader failed. This most likely means that the plugin loader helper binary was not found or could not be run. You might need to set the GST_PLUGIN_SCANNER environment variable if your setup is unusual. This should normally not be required though.
[pid=3065][err]
[pid=3065][err] (MiniBrowser:3076): libsoup-ERROR **: 19:19:43.561: libsoup3 symbols detected. Using libsoup2 and libsoup3 in the same process is not supported.
[pid=3065][err] /root/.cache/ms-playwright/webkit-2215/pw_run.sh: line 24:  3076 Trace/breakpoint trap   (core dumped) WEBKIT_FORCE_COMPLEX_TEXT="1" "$MINIBROWSER" "$@"
  name='TargetClosedError
  stack='TargetClosedError: Target page, context or browser has been closed
Browser logs:

<launching> /root/.cache/ms-playwright/webkit-2215/pw_run.sh --inspector-pipe --headless --no-startup-window
<launched> pid=3065
[pid=3065][err]
[pid=3065][err] (MiniBrowser:3076): GStreamer-WARNING **: 19:19:43.286: External plugin loader failed. This most likely means that the plugin loader helper binary was not found or could not be run. You might need to set the GST_PLUGIN_SCANNER environment variable if your setup is unusual. This should normally not be required though.
[pid=3065][err]
[pid=3065][err] (MiniBrowser:3076): libsoup-ERROR **: 19:19:43.561: libsoup3 symbols detected. Using libsoup2 and libsoup3 in the same process is not supported.
[pid=3065][err] /root/.cache/ms-playwright/webkit-2215/pw_run.sh: line 24:  3076 Trace/breakpoint trap   (core dumped) WEBKIT_FORCE_COMPLEX_TEXT="1" "$MINIBROWSER" "$@"
    at DispatcherConnection.dispatch (/tmp/playwright-java-10578194027864912080/package/lib/server/dispatchers/dispatcher.js:340:15)
}
Call log:
-   - <launching> /root/.cache/ms-playwright/webkit-2215/pw_run.sh --inspector-pipe --headless --no-startup-window
-   - <launched> pid=3065
-   - [pid=3065][err]
-   - [pid=3065][err] (MiniBrowser:3076): GStreamer-WARNING **: 19:19:43.286: External plugin loader failed. This most likely means that the plugin loader helper binary was not found or could not be run. You might need to set the GST_PLUGIN_SCANNER environment variable if your setup is unusual. This should normally not be required though.
-   - [pid=3065][err]
-   - [pid=3065][err] (MiniBrowser:3076): libsoup-ERROR **: 19:19:43.561: libsoup3 symbols detected. Using libsoup2 and libsoup3 in the same process is not supported.
-   - [pid=3065][err] /root/.cache/ms-playwright/webkit-2215/pw_run.sh: line 24:  3076 Trace/breakpoint trap   (core dumped) WEBKIT_FORCE_COMPLEX_TEXT="1" "$MINIBROWSER" "$@"
-   - [pid=3065] <gracefully close start>
-   - [pid=3065] <kill>
-   - [pid=3065] <will force kill>
-   - [pid=3065] <process did exit: exitCode=133, signal=null>
-   - [pid=3065] starting temporary directories cleanup
-   - [pid=3065] finished temporary directories cleanup
-   - [pid=3065] <gracefully close end>

	at com.microsoft.playwright.impl.WaitableResult.get(WaitableResult.java:54)
	at com.microsoft.playwright.impl.ChannelOwner.runUntil(ChannelOwner.java:138)
	at com.microsoft.playwright.impl.Connection.sendMessage(Connection.java:131)
	at com.microsoft.playwright.impl.ChannelOwner.sendMessage(ChannelOwner.java:124)
	at com.microsoft.playwright.impl.BrowserTypeImpl.launch(BrowserTypeImpl.java:48)
	at com.microsoft.playwright.impl.BrowserTypeImpl.launch(BrowserTypeImpl.java:35)
	at com.microsoft.playwright.impl.junit.BrowserExtension.getOrCreateBrowser(BrowserExtension.java:82)
	at com.microsoft.playwright.impl.junit.BrowserContextExtension.getOrCreateBrowserContext(BrowserContextExtension.java:61)
	at com.microsoft.playwright.impl.junit.PageExtension.getOrCreatePage(PageExtension.java:51)
	at com.microsoft.playwright.impl.junit.PageExtension.resolveParameter(PageExtension.java:35)
	... 8 more
Caused by: com.microsoft.playwright.impl.TargetClosedError: Error {
  message='Target page, context or browser has been closed
Browser logs:

<launching> /root/.cache/ms-playwright/webkit-2215/pw_run.sh --inspector-pipe --headless --no-startup-window
<launched> pid=3065
[pid=3065][err]
[pid=3065][err] (MiniBrowser:3076): GStreamer-WARNING **: 19:19:43.286: External plugin loader failed. This most likely means that the plugin loader helper binary was not found or could not be run. You might need to set the GST_PLUGIN_SCANNER environment variable if your setup is unusual. This should normally not be required though.
[pid=3065][err]
[pid=3065][err] (MiniBrowser:3076): libsoup-ERROR **: 19:19:43.561: libsoup3 symbols detected. Using libsoup2 and libsoup3 in the same process is not supported.
[pid=3065][err] /root/.cache/ms-playwright/webkit-2215/pw_run.sh: line 24:  3076 Trace/breakpoint trap   (core dumped) WEBKIT_FORCE_COMPLEX_TEXT="1" "$MINIBROWSER" "$@"
  name='TargetClosedError
  stack='TargetClosedError: Target page, context or browser has been closed
Browser logs:

<launching> /root/.cache/ms-playwright/webkit-2215/pw_run.sh --inspector-pipe --headless --no-startup-window
<launched> pid=3065
[pid=3065][err]
[pid=3065][err] (MiniBrowser:3076): GStreamer-WARNING **: 19:19:43.286: External plugin loader failed. This most likely means that the plugin loader helper binary was not found or could not be run. You might need to set the GST_PLUGIN_SCANNER environment variable if your setup is unusual. This should normally not be required though.
[pid=3065][err]
[pid=3065][err] (MiniBrowser:3076): libsoup-ERROR **: 19:19:43.561: libsoup3 symbols detected. Using libsoup2 and libsoup3 in the same process is not supported.
[pid=3065][err] /root/.cache/ms-playwright/webkit-2215/pw_run.sh: line 24:  3076 Trace/breakpoint trap   (core dumped) WEBKIT_FORCE_COMPLEX_TEXT="1" "$MINIBROWSER" "$@"
    at DispatcherConnection.dispatch (/tmp/playwright-java-10578194027864912080/package/lib/server/dispatchers/dispatcher.js:340:15)
}
Call log:
-   - <launching> /root/.cache/ms-playwright/webkit-2215/pw_run.sh --inspector-pipe --headless --no-startup-window
-   - <launched> pid=3065
-   - [pid=3065][err]
-   - [pid=3065][err] (MiniBrowser:3076): GStreamer-WARNING **: 19:19:43.286: External plugin loader failed. This most likely means that the plugin loader helper binary was not found or could not be run. You might need to set the GST_PLUGIN_SCANNER environment variable if your setup is unusual. This should normally not be required though.
-   - [pid=3065][err]
-   - [pid=3065][err] (MiniBrowser:3076): libsoup-ERROR **: 19:19:43.561: libsoup3 symbols detected. Using libsoup2 and libsoup3 in the same process is not supported.
-   - [pid=3065][err] /root/.cache/ms-playwright/webkit-2215/pw_run.sh: line 24:  3076 Trace/breakpoint trap   (core dumped) WEBKIT_FORCE_COMPLEX_TEXT="1" "$MINIBROWSER" "$@"
-   - [pid=3065] <gracefully close start>
-   - [pid=3065] <kill>
-   - [pid=3065] <will force kill>
-   - [pid=3065] <process did exit: exitCode=133, signal=null>
-   - [pid=3065] starting temporary directories cleanup
-   - [pid=3065] finished temporary directories cleanup
-   - [pid=3065] <gracefully close end>

	at com.microsoft.playwright.impl.Connection.dispatch(Connection.java:259)
	at com.microsoft.playwright.impl.Connection.processOneMessage(Connection.java:214)
	at com.microsoft.playwright.impl.ChannelOwner.runUntil(ChannelOwner.java:136)
	... 16 more

12:19:43 [[1;34mINFO[m] Running com.microsoft.playwright.junit.[1mTestFixtureChannelOption[m
12:19:43 [[1;33mWARNING[m] [1;33mTests [0;1mrun: [0;1m1[m, Failures: 0, Errors: 0, [1;33mSkipped: [0;1;33m1[m, Time elapsed: 0.001 s -- in com.microsoft.playwright.junit.[1mTestFixtureChannelOption[m
12:19:43 [[1;34mINFO[m] Running com.microsoft.playwright.junit.[1mTestFixtures[m
12:19:43 [[1;34mINFO[m] [1;32mTests run: [0;1;32m6[m, Failures: 0, Errors: 0, Skipped: 0, Time elapsed: 2.540 s -- in com.microsoft.playwright.[1mTestPageWaitForRequest[m
12:19:43 [[1;34mINFO[m] Running com.microsoft.playwright.[1mTestPageExposeFunction[m
12:19:44 [[1;34mINFO[m] [1;32mTests run: [0;1;32m8[m, Failures: 0, Errors: 0, Skipped: 0, Time elapsed: 2.636 s -- in com.microsoft.playwright.[1mTestBrowserContextCookies[m
12:19:44 [[1;34mINFO[m] Running com.microsoft.playwright.[1mTestElementHandleSelectText[m
12:19:44 [[1;34mINFO[m] [1;32mTests run: [0;1;32m2[m, Failures: 0, Errors: 0, Skipped: 0, Time elapsed: 0.234 s -- in com.microsoft.playwright.junit.[1mTestFixtures[m
12:19:44 [[1;34mINFO[m] Running com.microsoft.playwright.junit.[1mTestFixtureWithBaseClass[m
12:19:44 [[1;34mINFO[m] [1;32mTests run: [0;1;32m7[m, Failures: 0, Errors: 0, Skipped: 0, Time elapsed: 2.728 s -- in com.microsoft.playwright.[1mTestDialog[m
12:19:44 [[1;34mINFO[m] Running com.microsoft.playwright.[1mTestAPIResponseAssertions[m
12:19:44 [[1;34mINFO[m] [1;32mTests run: [0;1;32m9[m, Failures: 0, Errors: 0, Skipped: 0, Time elapsed: 2.774 s -- in com.microsoft.playwright.[1mTestBrowserContextViewport[m
12:19:44 [[1;34mINFO[m] Running com.microsoft.playwright.[1mTestBrowserContextNetworkEvents[m
12:19:44 [[1;34mINFO[m] [1;32mTests run: [0;1;32m4[m, Failures: 0, Errors: 0, Skipped: 0, Time elapsed: 2.804 s -- in com.microsoft.playwright.[1mTestLocatorClick[m
12:19:44 [[1;34mINFO[m] Running com.microsoft.playwright.[1mTestPdf[m
12:19:44 [[1;34mINFO[m] Running com.microsoft.playwright.junit.[1mTestFixtureWithBaseClass$NestedClass[m
12:19:44 [[1;34mINFO[m] [1;32mTests run: [0;1;32m5[m, Failures: 0, Errors: 0, Skipped: 0, Time elapsed: 1.439 s -- in com.microsoft.playwright.[1mTestSelectorsRegister[m
12:19:44 [[1;34mINFO[m] Running com.microsoft.playwright.[1mTestBeforeunload[m
12:19:44 [[1;34mINFO[m] [1;32mTests run: [0;1;32m2[m, Failures: 0, Errors: 0, Skipped: 0, Time elapsed: 0.110 s -- in com.microsoft.playwright.junit.[1mTestFixtureWithBaseClass$NestedClass[m
12:19:44 [[1;34mINFO[m] [1mTests run: [0;1m0[m, Failures: 0, Errors: 0, Skipped: 0, Time elapsed: 0.273 s -- in com.microsoft.playwright.junit.[1mTestFixtureWithBaseClass[m
12:19:44 [[1;34mINFO[m] Running com.microsoft.playwright.junit.[1mTestFixtureOptions[m
12:19:44 [[1;33mWARNING[m] [1;33mTests [0;1mrun: [0;1m12[m, Failures: 0, Errors: 0, [1;33mSkipped: [0;1;33m3[m, Time elapsed: 3.038 s -- in com.microsoft.playwright.[1mTestWorkers[m
12:19:44 [[1;34mINFO[m] Running com.microsoft.playwright.[1mTestUnrouteBehavior[m
12:19:44 [[1;34mINFO[m] [1;32mTests run: [0;1;32m16[m, Failures: 0, Errors: 0, Skipped: 0, Time elapsed: 3.237 s -- in com.microsoft.playwright.[1mTestPageNavigate[m
12:19:44 [[1;34mINFO[m] Running com.microsoft.playwright.[1mTestPageClock[m
12:19:44 [[1;34mINFO[m] [1;32mTests run: [0;1;32m1[m, Failures: 0, Errors: 0, Skipped: 0, Time elapsed: 1.081 s -- in com.microsoft.playwright.[1mTestPageEventPageError[m
12:19:44 [[1;34mINFO[m] Running com.microsoft.playwright.[1mTestBrowserTypeBasic[m
12:19:44 [[1;34mINFO[m] [1;32mTests run: [0;1;32m1[m, Failures: 0, Errors: 0, Skipped: 0, Time elapsed: 0.298 s -- in com.microsoft.playwright.[1mTestBeforeunload[m
12:19:44 [[1;34mINFO[m] Running com.microsoft.playwright.[1mTestWheel[m
12:19:44 [[1;34mINFO[m] [1;32mTests run: [0;1;32m16[m, Failures: 0, Errors: 0, Skipped: 0, Time elapsed: 3.314 s -- in com.microsoft.playwright.[1mTestNetworkRequest[m
12:19:44 [[1;34mINFO[m] Running com.microsoft.playwright.[1mTestElementHandleBoundingBox[m
12:19:44 [[1;34mINFO[m] Running com.microsoft.playwright.[1mTestEvalOnSelectorAll[m
12:19:44 [[1;34mINFO[m] [1;32mTests run: [0;1;32m7[m, Failures: 0, Errors: 0, Skipped: 0, Time elapsed: 1.317 s -- in com.microsoft.playwright.[1mTestPageEventNetwork[m
12:19:44 [[1;34mINFO[m] Running com.microsoft.playwright.[1mTestClientCertificates[m
12:19:44 [[1;33mWARNING[m] [1;33mTests [0;1mrun: [0;1m14[m, Failures: 0, Errors: 0, [1;33mSkipped: [0;1;33m2[m, Time elapsed: 3.457 s -- in com.microsoft.playwright.[1mTestBrowserContextRoute[m
12:19:44 [[1;34mINFO[m] Running com.microsoft.playwright.[1mTestPageAssertions[m
12:19:44 [[1;34mINFO[m] [1;32mTests run: [0;1;32m1[m, Failures: 0, Errors: 0, Skipped: 0, Time elapsed: 3.502 s -- in com.microsoft.playwright.[1mTestPageEventRequest[m
12:19:44 [[1;34mINFO[m] Running com.microsoft.playwright.[1mTestBrowserContextBaseUrl[m
12:19:44 [[1;34mINFO[m] [1;32mTests run: [0;1;32m16[m, Failures: 0, Errors: 0, Skipped: 0, Time elapsed: 3.565 s -- in com.microsoft.playwright.[1mTestQuerySelector[m
12:19:44 [[1;34mINFO[m] Running com.microsoft.playwright.[1mTestPageDialog[m
12:19:44 [[1;34mINFO[m] [1;32mTests run: [0;1;32m5[m, Failures: 0, Errors: 0, Skipped: 0, Time elapsed: 3.572 s -- in com.microsoft.playwright.[1mTestChromium[m
12:19:44 [[1;34mINFO[m] Running com.microsoft.playwright.[1mTestScreencast[m
12:19:45 [[1;34mINFO[m] [1;32mTests run: [0;1;32m5[m, Failures: 0, Errors: 0, Skipped: 0, Time elapsed: 0.936 s -- in com.microsoft.playwright.[1mTestAPIResponseAssertions[m
12:19:45 [[1;34mINFO[m] Running com.microsoft.playwright.[1mTestElementHandleOwnerFrame[m
12:19:45 [[1;33mWARNING[m] [1;33mTests [0;1mrun: [0;1m4[m, Failures: 0, Errors: 0, [1;33mSkipped: [0;1;33m1[m, Time elapsed: 1.007 s -- in com.microsoft.playwright.[1mTestPdf[m
12:19:45 [[1;34mINFO[m] Running com.microsoft.playwright.[1mTestPageWaitForNavigation[m
12:19:45 [[1;34mINFO[m] [1;32mTests run: [0;1;32m10[m, Failures: 0, Errors: 0, Skipped: 0, Time elapsed: 1.613 s -- in com.microsoft.playwright.[1mTestBrowserContextCDPSession[m
12:19:45 [[1;34mINFO[m] Running com.microsoft.playwright.[1mTestPageLocatorQuery[m
12:19:45 [[1;34mINFO[m] [1;32mTests run: [0;1;32m11[m, Failures: 0, Errors: 0, Skipped: 0, Time elapsed: 4.000 s -- in com.microsoft.playwright.[1mTestHar[m
12:19:45 [[1;34mINFO[m] Running com.microsoft.playwright.[1mTestPageWaitForResponse[m
12:19:45 [[1;34mINFO[m] [1;32mTests run: [0;1;32m2[m, Failures: 0, Errors: 0, Skipped: 0, Time elapsed: 0.965 s -- in com.microsoft.playwright.[1mTestUnrouteBehavior[m
12:19:45 [[1;34mINFO[m] Running com.microsoft.playwright.[1mTestPageScreenshot[m
12:19:45 [[1;34mINFO[m] [1;32mTests run: [0;1;32m13[m, Failures: 0, Errors: 0, Skipped: 0, Time elapsed: 2.036 s -- in com.microsoft.playwright.[1mTestPageRequestFallback[m
12:19:45 [[1;34mINFO[m] Running com.microsoft.playwright.[1mTestTap[m
12:19:45 [[1;33mWARNING[m] [1;33mTests [0;1mrun: [0;1m3[m, Failures: 0, Errors: 0, [1;33mSkipped: [0;1;33m1[m, Time elapsed: 0.902 s -- in com.microsoft.playwright.[1mTestBrowserTypeBasic[m
12:19:45 [[1;34mINFO[m] Running com.microsoft.playwright.[1mTestBrowserTypeConnect[m
12:19:45 [[1;34mINFO[m] [1;32mTests run: [0;1;32m5[m, Failures: 0, Errors: 0, Skipped: 0, Time elapsed: 1.434 s -- in com.microsoft.playwright.[1mTestBrowserContextNetworkEvents[m
12:19:45 [[1;34mINFO[m] Running com.microsoft.playwright.[1mTestWebSocket[m
12:19:45 [[1;34mINFO[m] [1;32mTests run: [0;1;32m9[m, Failures: 0, Errors: 0, Skipped: 0, Time elapsed: 4.214 s -- in com.microsoft.playwright.[1mTestBrowserContextLocale[m
12:19:45 [[1;34mINFO[m] Running com.microsoft.playwright.[1mTestElementHandleQuerySelector[m
12:19:45 [[1;34mINFO[m] [1;32mTests run: [0;1;32m16[m, Failures: 0, Errors: 0, Skipped: 0, Time elapsed: 4.281 s -- in com.microsoft.playwright.[1mTestElementHandleConvenience[m
12:19:45 [[1;34mINFO[m] Running com.microsoft.playwright.[1mTestPageBasic[m
12:19:45 [[1;34mINFO[m] [1;32mTests run: [0;1;32m13[m, Failures: 0, Errors: 0, Skipped: 0, Time elapsed: 2.066 s -- in com.microsoft.playwright.[1mTestRouteWebSocket[m
12:19:45 [[1;34mINFO[m] Running com.microsoft.playwright.[1mTestLocatorConvenience[m
12:19:45 [[1;34mINFO[m] [1;32mTests run: [0;1;32m6[m, Failures: 0, Errors: 0, Skipped: 0, Time elapsed: 1.068 s -- in com.microsoft.playwright.[1mTestBrowserContextBaseUrl[m
12:19:45 [[1;34mINFO[m] Running com.microsoft.playwright.[1mTestBrowser1[m
12:19:46 [[1;34mINFO[m] [1;32mTests run: [0;1;32m5[m, Failures: 0, Errors: 0, Skipped: 0, Time elapsed: 1.493 s -- in com.microsoft.playwright.[1mTestWheel[m
12:19:46 [[1;34mINFO[m] Running com.microsoft.playwright.[1mTestPageCheck[m
12:19:46 [[1;31mERROR[m] [1;31mTests [0;1mrun: [0;1m3[m, Failures: 0, [1;31mErrors: [0;1;31m3[m, Skipped: 0, Time elapsed: 1.779 s[1;31m <<< FAILURE![m -- in com.microsoft.playwright.junit.[1mTestFixtureOptions[m
12:19:46 [[1;31mERROR[m] com.microsoft.playwright.junit.TestFixtureOptions.testCustomBrowser(Browser) -- Time elapsed: 0.602 s <<< ERROR!
org.junit.jupiter.api.extension.ParameterResolutionException:
Failed to resolve parameter [com.microsoft.playwright.Browser browser] in method [public void com.microsoft.playwright.junit.TestFixtureOptions.testCustomBrowser(com.microsoft.playwright.Browser)]: Error {
  message='Target page, context or browser has been closed
Browser logs:

<launching> /root/.cache/ms-playwright/webkit-2215/pw_run.sh --inspector-pipe --headless --no-startup-window
<launched> pid=5829
[pid=5829][err]
[pid=5829][err] (MiniBrowser:5863): GStreamer-WARNING **: 19:19:44.509: External plugin loader failed. This most likely means that the plugin loader helper binary was not found or could not be run. You might need to set the GST_PLUGIN_SCANNER environment variable if your setup is unusual. This should normally not be required though.
[pid=5829][err]
[pid=5829][err] (MiniBrowser:5863): libsoup-ERROR **: 19:19:44.763: libsoup3 symbols detected. Using libsoup2 and libsoup3 in the same process is not supported.
[pid=5829][err] /root/.cache/ms-playwright/webkit-2215/pw_run.sh: line 24:  5863 Trace/breakpoint trap   (core dumped) WEBKIT_FORCE_COMPLEX_TEXT="1" "$MINIBROWSER" "$@"
  name='TargetClosedError
  stack='TargetClosedError: Target page, context or browser has been closed
Browser logs:

<launching> /root/.cache/ms-playwright/webkit-2215/pw_run.sh --inspector-pipe --headless --no-startup-window
<launched> pid=5829
[pid=5829][err]
[pid=5829][err] (MiniBrowser:5863): GStreamer-WARNING **: 19:19:44.509: External plugin loader failed. This most likely means that the plugin loader helper binary was not found or could not be run. You might need to set the GST_PLUGIN_SCANNER environment variable if your setup is unusual. This should normally not be required though.
[pid=5829][err]
[pid=5829][err] (MiniBrowser:5863): libsoup-ERROR **: 19:19:44.763: libsoup3 symbols detected. Using libsoup2 and libsoup3 in the same process is not supported.
[pid=5829][err] /root/.cache/ms-playwright/webkit-2215/pw_run.sh: line 24:  5863 Trace/breakpoint trap   (core dumped) WEBKIT_FORCE_COMPLEX_TEXT="1" "$MINIBROWSER" "$@"
    at DispatcherConnection.dispatch (/tmp/playwright-java-10578194027864912080/package/lib/server/dispatchers/dispatcher.js:340:15)
}
Call log:
-   - <launching> /root/.cache/ms-playwright/webkit-2215/pw_run.sh --inspector-pipe --headless --no-startup-window
-   - <launched> pid=5829
-   - [pid=5829][err]
-   - [pid=5829][err] (MiniBrowser:5863): GStreamer-WARNING **: 19:19:44.509: External plugin loader failed. This most likely means that the plugin loader helper binary was not found or could not be run. You might need to set the GST_PLUGIN_SCANNER environment variable if your setup is unusual. This should normally not be required though.
-   - [pid=5829][err]
-   - [pid=5829][err] (MiniBrowser:5863): libsoup-ERROR **: 19:19:44.763: libsoup3 symbols detected. Using libsoup2 and libsoup3 in the same process is not supported.
-   - [pid=5829][err] /root/.cache/ms-playwright/webkit-2215/pw_run.sh: line 24:  5863 Trace/breakpoint trap   (core dumped) WEBKIT_FORCE_COMPLEX_TEXT="1" "$MINIBROWSER" "$@"
-   - [pid=5829] <gracefully close start>
-   - [pid=5829] <kill>
-   - [pid=5829] <will force kill>
-   - [pid=5829] <process did exit: exitCode=133, signal=null>
-   - [pid=5829] starting temporary directories cleanup
-   - [pid=5829] finished temporary directories cleanup
-   - [pid=5829] <gracefully close end>

	at java.base/java.util.concurrent.ForkJoinTask.doExec(ForkJoinTask.java:373)
	at java.base/java.util.concurrent.ForkJoinTask.awaitDone(ForkJoinTask.java:436)
	at java.base/java.util.concurrent.ForkJoinTask.join(ForkJoinTask.java:670)
	at java.base/java.util.concurrent.ForkJoinTask.doExec(ForkJoinTask.java:373)
	at java.base/java.util.concurrent.ForkJoinPool$WorkQueue.topLevelExec(ForkJoinPool.java:1182)
	at java.base/java.util.concurrent.ForkJoinPool.scan(ForkJoinPool.java:1655)
	at java.base/java.util.concurrent.ForkJoinPool.runWorker(ForkJoinPool.java:1622)
	at java.base/java.util.concurrent.ForkJoinWorkerThread.run(ForkJoinWorkerThread.java:165)
Caused by: com.microsoft.playwright.impl.TargetClosedError: Error {
  message='Target page, context or browser has been closed
Browser logs:

<launching> /root/.cache/ms-playwright/webkit-2215/pw_run.sh --inspector-pipe --headless --no-startup-window
<launched> pid=5829
[pid=5829][err]
[pid=5829][err] (MiniBrowser:5863): GStreamer-WARNING **: 19:19:44.509: External plugin loader failed. This most likely means that the plugin loader helper binary was not found or could not be run. You might need to set the GST_PLUGIN_SCANNER environment variable if your setup is unusual. This should normally not be required though.
[pid=5829][err]
[pid=5829][err] (MiniBrowser:5863): libsoup-ERROR **: 19:19:44.763: libsoup3 symbols detected. Using libsoup2 and libsoup3 in the same process is not supported.
[pid=5829][err] /root/.cache/ms-playwright/webkit-2215/pw_run.sh: line 24:  5863 Trace/breakpoint trap   (core dumped) WEBKIT_FORCE_COMPLEX_TEXT="1" "$MINIBROWSER" "$@"
  name='TargetClosedError
  stack='TargetClosedError: Target page, context or browser has been closed
Browser logs:

<launching> /root/.cache/ms-playwright/webkit-2215/pw_run.sh --inspector-pipe --headless --no-startup-window
<launched> pid=5829
[pid=5829][err]
[pid=5829][err] (MiniBrowser:5863): GStreamer-WARNING **: 19:19:44.509: External plugin loader failed. This most likely means that the plugin loader helper binary was not found or could not be run. You might need to set the GST_PLUGIN_SCANNER environment variable if your setup is unusual. This should normally not be required though.
[pid=5829][err]
[pid=5829][err] (MiniBrowser:5863): libsoup-ERROR **: 19:19:44.763: libsoup3 symbols detected. Using libsoup2 and libsoup3 in the same process is not supported.
[pid=5829][err] /root/.cache/ms-playwright/webkit-2215/pw_run.sh: line 24:  5863 Trace/breakpoint trap   (core dumped) WEBKIT_FORCE_COMPLEX_TEXT="1" "$MINIBROWSER" "$@"
    at DispatcherConnection.dispatch (/tmp/playwright-java-10578194027864912080/package/lib/server/dispatchers/dispatcher.js:340:15)
}
Call log:
-   - <launching> /root/.cache/ms-playwright/webkit-2215/pw_run.sh --inspector-pipe --headless --no-startup-window
-   - <launched> pid=5829
-   - [pid=5829][err]
-   - [pid=5829][err] (MiniBrowser:5863): GStreamer-WARNING **: 19:19:44.509: External plugin loader failed. This most likely means that the plugin loader helper binary was not found or could not be run. You might need to set the GST_PLUGIN_SCANNER environment variable if your setup is unusual. This should normally not be required though.
-   - [pid=5829][err]
-   - [pid=5829][err] (MiniBrowser:5863): libsoup-ERROR **: 19:19:44.763: libsoup3 symbols detected. Using libsoup2 and libsoup3 in the same process is not supported.
-   - [pid=5829][err] /root/.cache/ms-playwright/webkit-2215/pw_run.sh: line 24:  5863 Trace/breakpoint trap   (core dumped) WEBKIT_FORCE_COMPLEX_TEXT="1" "$MINIBROWSER" "$@"
-   - [pid=5829] <gracefully close start>
-   - [pid=5829] <kill>
-   - [pid=5829] <will force kill>
-   - [pid=5829] <process did exit: exitCode=133, signal=null>
-   - [pid=5829] starting temporary directories cleanup
-   - [pid=5829] finished temporary directories cleanup
-   - [pid=5829] <gracefully close end>

	at com.microsoft.playwright.impl.WaitableResult.get(WaitableResult.java:54)
	at com.microsoft.playwright.impl.ChannelOwner.runUntil(ChannelOwner.java:138)
	at com.microsoft.playwright.impl.Connection.sendMessage(Connection.java:131)
	at com.microsoft.playwright.impl.ChannelOwner.sendMessage(ChannelOwner.java:124)
	at com.microsoft.playwright.impl.BrowserTypeImpl.launch(BrowserTypeImpl.java:48)
	at com.microsoft.playwright.impl.BrowserTypeImpl.launch(BrowserTypeImpl.java:35)
	at com.microsoft.playwright.impl.junit.BrowserExtension.getOrCreateBrowser(BrowserExtension.java:82)
	at com.microsoft.playwright.impl.junit.BrowserExtension.resolveParameter(BrowserExtension.java:48)
	... 8 more
Caused by: com.microsoft.playwright.impl.TargetClosedError: Error {
  message='Target page, context or browser has been closed
Browser logs:

<launching> /root/.cache/ms-playwright/webkit-2215/pw_run.sh --inspector-pipe --headless --no-startup-window
<launched> pid=5829
[pid=5829][err]
[pid=5829][err] (MiniBrowser:5863): GStreamer-WARNING **: 19:19:44.509: External plugin loader failed. This most likely means that the plugin loader helper binary was not found or could not be run. You might need to set the GST_PLUGIN_SCANNER environment variable if your setup is unusual. This should normally not be required though.
[pid=5829][err]
[pid=5829][err] (MiniBrowser:5863): libsoup-ERROR **: 19:19:44.763: libsoup3 symbols detected. Using libsoup2 and libsoup3 in the same process is not supported.
[pid=5829][err] /root/.cache/ms-playwright/webkit-2215/pw_run.sh: line 24:  5863 Trace/breakpoint trap   (core dumped) WEBKIT_FORCE_COMPLEX_TEXT="1" "$MINIBROWSER" "$@"
  name='TargetClosedError
  stack='TargetClosedError: Target page, context or browser has been closed
Browser logs:

<launching> /root/.cache/ms-playwright/webkit-2215/pw_run.sh --inspector-pipe --headless --no-startup-window
<launched> pid=5829
[pid=5829][err]
[pid=5829][err] (MiniBrowser:5863): GStreamer-WARNING **: 19:19:44.509: External plugin loader failed. This most likely means that the plugin loader helper binary was not found or could not be run. You might need to set the GST_PLUGIN_SCANNER environment variable if your setup is unusual. This should normally not be required though.
[pid=5829][err]
[pid=5829][err] (MiniBrowser:5863): libsoup-ERROR **: 19:19:44.763: libsoup3 symbols detected. Using libsoup2 and libsoup3 in the same process is not supported.
[pid=5829][err] /root/.cache/ms-playwright/webkit-2215/pw_run.sh: line 24:  5863 Trace/breakpoint trap   (core dumped) WEBKIT_FORCE_COMPLEX_TEXT="1" "$MINIBROWSER" "$@"
    at DispatcherConnection.dispatch (/tmp/playwright-java-10578194027864912080/package/lib/server/dispatchers/dispatcher.js:340:15)
}
Call log:
-   - <launching> /root/.cache/ms-playwright/webkit-2215/pw_run.sh --inspector-pipe --headless --no-startup-window
-   - <launched> pid=5829
-   - [pid=5829][err]
-   - [pid=5829][err] (MiniBrowser:5863): GStreamer-WARNING **: 19:19:44.509: External plugin loader failed. This most likely means that the plugin loader helper binary was not found or could not be run. You might need to set the GST_PLUGIN_SCANNER environment variable if your setup is unusual. This should normally not be required though.
-   - [pid=5829][err]
-   - [pid=5829][err] (MiniBrowser:5863): libsoup-ERROR **: 19:19:44.763: libsoup3 symbols detected. Using libsoup2 and libsoup3 in the same process is not supported.
-   - [pid=5829][err] /root/.cache/ms-playwright/webkit-2215/pw_run.sh: line 24:  5863 Trace/breakpoint trap   (core dumped) WEBKIT_FORCE_COMPLEX_TEXT="1" "$MINIBROWSER" "$@"
-   - [pid=5829] <gracefully close start>
-   - [pid=5829] <kill>
-   - [pid=5829] <will force kill>
-   - [pid=5829] <process did exit: exitCode=133, signal=null>
-   - [pid=5829] starting temporary directories cleanup
-   - [pid=5829] finished temporary directories cleanup
-   - [pid=5829] <gracefully close end>

	at com.microsoft.playwright.impl.Connection.dispatch(Connection.java:259)
	at com.microsoft.playwright.impl.Connection.processOneMessage(Connection.java:214)
	at com.microsoft.playwright.impl.ChannelOwner.runUntil(ChannelOwner.java:136)
	... 14 more

12:19:46 [[1;31mERROR[m] com.microsoft.playwright.junit.TestFixtureOptions.testBaseUrl(Page) -- Time elapsed: 0.556 s <<< ERROR!
org.junit.jupiter.api.extension.ParameterResolutionException:
Failed to resolve parameter [com.microsoft.playwright.Page page] in method [public void com.microsoft.playwright.junit.TestFixtureOptions.testBaseUrl(com.microsoft.playwright.Page)]: Error {
  message='Target page, context or browser has been closed
Browser logs:

<launching> /root/.cache/ms-playwright/webkit-2215/pw_run.sh --inspector-pipe --headless --no-startup-window
<launched> pid=7344
[pid=7344][err]
[pid=7344][err] (MiniBrowser:7396): GStreamer-WARNING **: 19:19:45.093: External plugin loader failed. This most likely means that the plugin loader helper binary was not found or could not be run. You might need to set the GST_PLUGIN_SCANNER environment variable if your setup is unusual. This should normally not be required though.
[pid=7344][err]
[pid=7344][err] (MiniBrowser:7396): libsoup-ERROR **: 19:19:45.325: libsoup3 symbols detected. Using libsoup2 and libsoup3 in the same process is not supported.
[pid=7344][err] /root/.cache/ms-playwright/webkit-2215/pw_run.sh: line 24:  7396 Trace/breakpoint trap   (core dumped) WEBKIT_FORCE_COMPLEX_TEXT="1" "$MINIBROWSER" "$@"
  name='TargetClosedError
  stack='TargetClosedError: Target page, context or browser has been closed
Browser logs:

<launching> /root/.cache/ms-playwright/webkit-2215/pw_run.sh --inspector-pipe --headless --no-startup-window
<launched> pid=7344
[pid=7344][err]
[pid=7344][err] (MiniBrowser:7396): GStreamer-WARNING **: 19:19:45.093: External plugin loader failed. This most likely means that the plugin loader helper binary was not found or could not be run. You might need to set the GST_PLUGIN_SCANNER environment variable if your setup is unusual. This should normally not be required though.
[pid=7344][err]
[pid=7344][err] (MiniBrowser:7396): libsoup-ERROR **: 19:19:45.325: libsoup3 symbols detected. Using libsoup2 and libsoup3 in the same process is not supported.
[pid=7344][err] /root/.cache/ms-playwright/webkit-2215/pw_run.sh: line 24:  7396 Trace/breakpoint trap   (core dumped) WEBKIT_FORCE_COMPLEX_TEXT="1" "$MINIBROWSER" "$@"
    at DispatcherConnection.dispatch (/tmp/playwright-java-10578194027864912080/package/lib/server/dispatchers/dispatcher.js:340:15)
}
Call log:
-   - <launching> /root/.cache/ms-playwright/webkit-2215/pw_run.sh --inspector-pipe --headless --no-startup-window
-   - <launched> pid=7344
-   - [pid=7344][err]
-   - [pid=7344][err] (MiniBrowser:7396): GStreamer-WARNING **: 19:19:45.093: External plugin loader failed. This most likely means that the plugin loader helper binary was not found or could not be run. You might need to set the GST_PLUGIN_SCANNER environment variable if your setup is unusual. This should normally not be required though.
-   - [pid=7344][err]
-   - [pid=7344][err] (MiniBrowser:7396): libsoup-ERROR **: 19:19:45.325: libsoup3 symbols detected. Using libsoup2 and libsoup3 in the same process is not supported.
-   - [pid=7344][err] /root/.cache/ms-playwright/webkit-2215/pw_run.sh: line 24:  7396 Trace/breakpoint trap   (core dumped) WEBKIT_FORCE_COMPLEX_TEXT="1" "$MINIBROWSER" "$@"
-   - [pid=7344] <gracefully close start>
-   - [pid=7344] <kill>
-   - [pid=7344] <will force kill>
-   - [pid=7344] <process did exit: exitCode=133, signal=null>
-   - [pid=7344] starting temporary directories cleanup
-   - [pid=7344] finished temporary directories cleanup
-   - [pid=7344] <gracefully close end>

	at java.base/java.util.concurrent.ForkJoinTask.doExec(ForkJoinTask.java:373)
	at java.base/java.util.concurrent.ForkJoinTask.awaitDone(ForkJoinTask.java:436)
	at java.base/java.util.concurrent.ForkJoinTask.join(ForkJoinTask.java:670)
	at java.base/java.util.concurrent.ForkJoinTask.doExec(ForkJoinTask.java:373)
	at java.base/java.util.concurrent.ForkJoinPool$WorkQueue.topLevelExec(ForkJoinPool.java:1182)
	at java.base/java.util.concurrent.ForkJoinPool.scan(ForkJoinPool.java:1655)
	at java.base/java.util.concurrent.ForkJoinPool.runWorker(ForkJoinPool.java:1622)
	at java.base/java.util.concurrent.ForkJoinWorkerThread.run(ForkJoinWorkerThread.java:165)
Caused by: com.microsoft.playwright.impl.TargetClosedError: Error {
  message='Target page, context or browser has been closed
Browser logs:

<launching> /root/.cache/ms-playwright/webkit-2215/pw_run.sh --inspector-pipe --headless --no-startup-window
<launched> pid=7344
[pid=7344][err]
[pid=7344][err] (MiniBrowser:7396): GStreamer-WARNING **: 19:19:45.093: External plugin loader failed. This most likely means that the plugin loader helper binary was not found or could not be run. You might need to set the GST_PLUGIN_SCANNER environment variable if your setup is unusual. This should normally not be required though.
[pid=7344][err]
[pid=7344][err] (MiniBrowser:7396): libsoup-ERROR **: 19:19:45.325: libsoup3 symbols detected. Using libsoup2 and libsoup3 in the same process is not supported.
[pid=7344][err] /root/.cache/ms-playwright/webkit-2215/pw_run.sh: line 24:  7396 Trace/breakpoint trap   (core dumped) WEBKIT_FORCE_COMPLEX_TEXT="1" "$MINIBROWSER" "$@"
  name='TargetClosedError
  stack='TargetClosedError: Target page, context or browser has been closed
Browser logs:

<launching> /root/.cache/ms-playwright/webkit-2215/pw_run.sh --inspector-pipe --headless --no-startup-window
<launched> pid=7344
[pid=7344][err]
[pid=7344][err] (MiniBrowser:7396): GStreamer-WARNING **: 19:19:45.093: External plugin loader failed. This most likely means that the plugin loader helper binary was not found or could not be run. You might need to set the GST_PLUGIN_SCANNER environment variable if your setup is unusual. This should normally not be required though.
[pid=7344][err]
[pid=7344][err] (MiniBrowser:7396): libsoup-ERROR **: 19:19:45.325: libsoup3 symbols detected. Using libsoup2 and libsoup3 in the same process is not supported.
[pid=7344][err] /root/.cache/ms-playwright/webkit-2215/pw_run.sh: line 24:  7396 Trace/breakpoint trap   (core dumped) WEBKIT_FORCE_COMPLEX_TEXT="1" "$MINIBROWSER" "$@"
    at DispatcherConnection.dispatch (/tmp/playwright-java-10578194027864912080/package/lib/server/dispatchers/dispatcher.js:340:15)
}
Call log:
-   - <launching> /root/.cache/ms-playwright/webkit-2215/pw_run.sh --inspector-pipe --headless --no-startup-window
-   - <launched> pid=7344
-   - [pid=7344][err]
-   - [pid=7344][err] (MiniBrowser:7396): GStreamer-WARNING **: 19:19:45.093: External plugin loader failed. This most likely means that the plugin loader helper binary was not found or could not be run. You might need to set the GST_PLUGIN_SCANNER environment variable if your setup is unusual. This should normally not be required though.
-   - [pid=7344][err]
-   - [pid=7344][err] (MiniBrowser:7396): libsoup-ERROR **: 19:19:45.325: libsoup3 symbols detected. Using libsoup2 and libsoup3 in the same process is not supported.
-   - [pid=7344][err] /root/.cache/ms-playwright/webkit-2215/pw_run.sh: line 24:  7396 Trace/breakpoint trap   (core dumped) WEBKIT_FORCE_COMPLEX_TEXT="1" "$MINIBROWSER" "$@"
-   - [pid=7344] <gracefully close start>
-   - [pid=7344] <kill>
-   - [pid=7344] <will force kill>
-   - [pid=7344] <process did exit: exitCode=133, signal=null>
-   - [pid=7344] starting temporary directories cleanup
-   - [pid=7344] finished temporary directories cleanup
-   - [pid=7344] <gracefully close end>

	at com.microsoft.playwright.impl.WaitableResult.get(WaitableResult.java:54)
	at com.microsoft.playwright.impl.ChannelOwner.runUntil(ChannelOwner.java:138)
	at com.microsoft.playwright.impl.Connection.sendMessage(Connection.java:131)
	at com.microsoft.playwright.impl.ChannelOwner.sendMessage(ChannelOwner.java:124)
	at com.microsoft.playwright.impl.BrowserTypeImpl.launch(BrowserTypeImpl.java:48)
	at com.microsoft.playwright.impl.BrowserTypeImpl.launch(BrowserTypeImpl.java:35)
	at com.microsoft.playwright.impl.junit.BrowserExtension.getOrCreateBrowser(BrowserExtension.java:82)
	at com.microsoft.playwright.impl.junit.BrowserContextExtension.getOrCreateBrowserContext(BrowserContextExtension.java:61)
	at com.microsoft.playwright.impl.junit.PageExtension.getOrCreatePage(PageExtension.java:51)
	at com.microsoft.playwright.impl.junit.PageExtension.resolveParameter(PageExtension.java:35)
	... 8 more
Caused by: com.microsoft.playwright.impl.TargetClosedError: Error {
  message='Target page, context or browser has been closed
Browser logs:

<launching> /root/.cache/ms-playwright/webkit-2215/pw_run.sh --inspector-pipe --headless --no-startup-window
<launched> pid=7344
[pid=7344][err]
[pid=7344][err] (MiniBrowser:7396): GStreamer-WARNING **: 19:19:45.093: External plugin loader failed. This most likely means that the plugin loader helper binary was not found or could not be run. You might need to set the GST_PLUGIN_SCANNER environment variable if your setup is unusual. This should normally not be required though.
[pid=7344][err]
[pid=7344][err] (MiniBrowser:7396): libsoup-ERROR **: 19:19:45.325: libsoup3 symbols detected. Using libsoup2 and libsoup3 in the same process is not supported.
[pid=7344][err] /root/.cache/ms-playwright/webkit-2215/pw_run.sh: line 24:  7396 Trace/breakpoint trap   (core dumped) WEBKIT_FORCE_COMPLEX_TEXT="1" "$MINIBROWSER" "$@"
  name='TargetClosedError
  stack='TargetClosedError: Target page, context or browser has been closed
Browser logs:

<launching> /root/.cache/ms-playwright/webkit-2215/pw_run.sh --inspector-pipe --headless --no-startup-window
<launched> pid=7344
[pid=7344][err]
[pid=7344][err] (MiniBrowser:7396): GStreamer-WARNING **: 19:19:45.093: External plugin loader failed. This most likely means that the plugin loader helper binary was not found or could not be run. You might need to set the GST_PLUGIN_SCANNER environment variable if your setup is unusual. This should normally not be required though.
[pid=7344][err]
[pid=7344][err] (MiniBrowser:7396): libsoup-ERROR **: 19:19:45.325: libsoup3 symbols detected. Using libsoup2 and libsoup3 in the same process is not supported.
[pid=7344][err] /root/.cache/ms-playwright/webkit-2215/pw_run.sh: line 24:  7396 Trace/breakpoint trap   (core dumped) WEBKIT_FORCE_COMPLEX_TEXT="1" "$MINIBROWSER" "$@"
    at DispatcherConnection.dispatch (/tmp/playwright-java-10578194027864912080/package/lib/server/dispatchers/dispatcher.js:340:15)
}
Call log:
-   - <launching> /root/.cache/ms-playwright/webkit-2215/pw_run.sh --inspector-pipe --headless --no-startup-window
-   - <launched> pid=7344
-   - [pid=7344][err]
-   - [pid=7344][err] (MiniBrowser:7396): GStreamer-WARNING **: 19:19:45.093: External plugin loader failed. This most likely means that the plugin loader helper binary was not found or could not be run. You might need to set the GST_PLUGIN_SCANNER environment variable if your setup is unusual. This should normally not be required though.
-   - [pid=7344][err]
-   - [pid=7344][err] (MiniBrowser:7396): libsoup-ERROR **: 19:19:45.325: libsoup3 symbols detected. Using libsoup2 and libsoup3 in the same process is not supported.
-   - [pid=7344][err] /root/.cache/ms-playwright/webkit-2215/pw_run.sh: line 24:  7396 Trace/breakpoint trap   (core dumped) WEBKIT_FORCE_COMPLEX_TEXT="1" "$MINIBROWSER" "$@"
-   - [pid=7344] <gracefully close start>
-   - [pid=7344] <kill>
-   - [pid=7344] <will force kill>
-   - [pid=7344] <process did exit: exitCode=133, signal=null>
-   - [pid=7344] starting temporary directories cleanup
-   - [pid=7344] finished temporary directories cleanup
-   - [pid=7344] <gracefully close end>

	at com.microsoft.playwright.impl.Connection.dispatch(Connection.java:259)
	at com.microsoft.playwright.impl.Connection.processOneMessage(Connection.java:214)
	at com.microsoft.playwright.impl.ChannelOwner.runUntil(ChannelOwner.java:136)
	... 16 more

12:19:46 [[1;31mERROR[m] com.microsoft.playwright.junit.TestFixtureOptions.testCustomTestId(Page) -- Time elapsed: 0.605 s <<< ERROR!
org.junit.jupiter.api.extension.ParameterResolutionException:
Failed to resolve parameter [com.microsoft.playwright.Page page] in method [void com.microsoft.playwright.junit.TestFixtureOptions.testCustomTestId(com.microsoft.playwright.Page)]: Error {
  message='Target page, context or browser has been closed
Browser logs:

<launching> /root/.cache/ms-playwright/webkit-2215/pw_run.sh --inspector-pipe --headless --no-startup-window
<launched> pid=8767
[pid=8767][err]
[pid=8767][err] (MiniBrowser:8853): GStreamer-WARNING **: 19:19:45.689: External plugin loader failed. This most likely means that the plugin loader helper binary was not found or could not be run. You might need to set the GST_PLUGIN_SCANNER environment variable if your setup is unusual. This should normally not be required though.
[pid=8767][err]
[pid=8767][err] (MiniBrowser:8853): libsoup-ERROR **: 19:19:45.926: libsoup3 symbols detected. Using libsoup2 and libsoup3 in the same process is not supported.
[pid=8767][err] /root/.cache/ms-playwright/webkit-2215/pw_run.sh: line 24:  8853 Trace/breakpoint trap   (core dumped) WEBKIT_FORCE_COMPLEX_TEXT="1" "$MINIBROWSER" "$@"
  name='TargetClosedError
  stack='TargetClosedError: Target page, context or browser has been closed
Browser logs:

<launching> /root/.cache/ms-playwright/webkit-2215/pw_run.sh --inspector-pipe --headless --no-startup-window
<launched> pid=8767
[pid=8767][err]
[pid=8767][err] (MiniBrowser:8853): GStreamer-WARNING **: 19:19:45.689: External plugin loader failed. This most likely means that the plugin loader helper binary was not found or could not be run. You might need to set the GST_PLUGIN_SCANNER environment variable if your setup is unusual. This should normally not be required though.
[pid=8767][err]
[pid=8767][err] (MiniBrowser:8853): libsoup-ERROR **: 19:19:45.926: libsoup3 symbols detected. Using libsoup2 and libsoup3 in the same process is not supported.
[pid=8767][err] /root/.cache/ms-playwright/webkit-2215/pw_run.sh: line 24:  8853 Trace/breakpoint trap   (core dumped) WEBKIT_FORCE_COMPLEX_TEXT="1" "$MINIBROWSER" "$@"
    at DispatcherConnection.dispatch (/tmp/playwright-java-10578194027864912080/package/lib/server/dispatchers/dispatcher.js:340:15)
}
Call log:
-   - <launching> /root/.cache/ms-playwright/webkit-2215/pw_run.sh --inspector-pipe --headless --no-startup-window
-   - <launched> pid=8767
-   - [pid=8767][err]
-   - [pid=8767][err] (MiniBrowser:8853): GStreamer-WARNING **: 19:19:45.689: External plugin loader failed. This most likely means that the plugin loader helper binary was not found or could not be run. You might need to set the GST_PLUGIN_SCANNER environment variable if your setup is unusual. This should normally not be required though.
-   - [pid=8767][err]
-   - [pid=8767][err] (MiniBrowser:8853): libsoup-ERROR **: 19:19:45.926: libsoup3 symbols detected. Using libsoup2 and libsoup3 in the same process is not supported.
-   - [pid=8767][err] /root/.cache/ms-playwright/webkit-2215/pw_run.sh: line 24:  8853 Trace/breakpoint trap   (core dumped) WEBKIT_FORCE_COMPLEX_TEXT="1" "$MINIBROWSER" "$@"
-   - [pid=8767] <gracefully close start>
-   - [pid=8767] <kill>
-   - [pid=8767] <will force kill>
-   - [pid=8767] <process did exit: exitCode=133, signal=null>
-   - [pid=8767] starting temporary directories cleanup
-   - [pid=8767] finished temporary directories cleanup
-   - [pid=8767] <gracefully close end>

	at java.base/java.util.concurrent.ForkJoinTask.doExec(ForkJoinTask.java:373)
	at java.base/java.util.concurrent.ForkJoinTask.awaitDone(ForkJoinTask.java:436)
	at java.base/java.util.concurrent.ForkJoinTask.join(ForkJoinTask.java:670)
	at java.base/java.util.concurrent.ForkJoinTask.doExec(ForkJoinTask.java:373)
	at java.base/java.util.concurrent.ForkJoinPool$WorkQueue.topLevelExec(ForkJoinPool.java:1182)
	at java.base/java.util.concurrent.ForkJoinPool.scan(ForkJoinPool.java:1655)
	at java.base/java.util.concurrent.ForkJoinPool.runWorker(ForkJoinPool.java:1622)
	at java.base/java.util.concurrent.ForkJoinWorkerThread.run(ForkJoinWorkerThread.java:165)
Caused by: com.microsoft.playwright.impl.TargetClosedError: Error {
  message='Target page, context or browser has been closed
Browser logs:

<launching> /root/.cache/ms-playwright/webkit-2215/pw_run.sh --inspector-pipe --headless --no-startup-window
<launched> pid=8767
[pid=8767][err]
[pid=8767][err] (MiniBrowser:8853): GStreamer-WARNING **: 19:19:45.689: External plugin loader failed. This most likely means that the plugin loader helper binary was not found or could not be run. You might need to set the GST_PLUGIN_SCANNER environment variable if your setup is unusual. This should normally not be required though.
[pid=8767][err]
[pid=8767][err] (MiniBrowser:8853): libsoup-ERROR **: 19:19:45.926: libsoup3 symbols detected. Using libsoup2 and libsoup3 in the same process is not supported.
[pid=8767][err] /root/.cache/ms-playwright/webkit-2215/pw_run.sh: line 24:  8853 Trace/breakpoint trap   (core dumped) WEBKIT_FORCE_COMPLEX_TEXT="1" "$MINIBROWSER" "$@"
  name='TargetClosedError
  stack='TargetClosedError: Target page, context or browser has been closed
Browser logs:

<launching> /root/.cache/ms-playwright/webkit-2215/pw_run.sh --inspector-pipe --headless --no-startup-window
<launched> pid=8767
[pid=8767][err]
[pid=8767][err] (MiniBrowser:8853): GStreamer-WARNING **: 19:19:45.689: External plugin loader failed. This most likely means that the plugin loader helper binary was not found or could not be run. You might need to set the GST_PLUGIN_SCANNER environment variable if your setup is unusual. This should normally not be required though.
[pid=8767][err]
[pid=8767][err] (MiniBrowser:8853): libsoup-ERROR **: 19:19:45.926: libsoup3 symbols detected. Using libsoup2 and libsoup3 in the same process is not supported.
[pid=8767][err] /root/.cache/ms-playwright/webkit-2215/pw_run.sh: line 24:  8853 Trace/breakpoint trap   (core dumped) WEBKIT_FORCE_COMPLEX_TEXT="1" "$MINIBROWSER" "$@"
    at DispatcherConnection.dispatch (/tmp/playwright-java-10578194027864912080/package/lib/server/dispatchers/dispatcher.js:340:15)
}
Call log:
-   - <launching> /root/.cache/ms-playwright/webkit-2215/pw_run.sh --inspector-pipe --headless --no-startup-window
-   - <launched> pid=8767
-   - [pid=8767][err]
-   - [pid=8767][err] (MiniBrowser:8853): GStreamer-WARNING **: 19:19:45.689: External plugin loader failed. This most likely means that the plugin loader helper binary was not found or could not be run. You might need to set the GST_PLUGIN_SCANNER environment variable if your setup is unusual. This should normally not be required though.
-   - [pid=8767][err]
-   - [pid=8767][err] (MiniBrowser:8853): libsoup-ERROR **: 19:19:45.926: libsoup3 symbols detected. Using libsoup2 and libsoup3 in the same process is not supported.
-   - [pid=8767][err] /root/.cache/ms-playwright/webkit-2215/pw_run.sh: line 24:  8853 Trace/breakpoint trap   (core dumped) WEBKIT_FORCE_COMPLEX_TEXT="1" "$MINIBROWSER" "$@"
-   - [pid=8767] <gracefully close start>
-   - [pid=8767] <kill>
-   - [pid=8767] <will force kill>
-   - [pid=8767] <process did exit: exitCode=133, signal=null>
-   - [pid=8767] starting temporary directories cleanup
-   - [pid=8767] finished temporary directories cleanup
-   - [pid=8767] <gracefully close end>

	at com.microsoft.playwright.impl.WaitableResult.get(WaitableResult.java:54)
	at com.microsoft.playwright.impl.ChannelOwner.runUntil(ChannelOwner.java:138)
	at com.microsoft.playwright.impl.Connection.sendMessage(Connection.java:131)
	at com.microsoft.playwright.impl.ChannelOwner.sendMessage(ChannelOwner.java:124)
	at com.microsoft.playwright.impl.BrowserTypeImpl.launch(BrowserTypeImpl.java:48)
	at com.microsoft.playwright.impl.BrowserTypeImpl.launch(BrowserTypeImpl.java:35)
	at com.microsoft.playwright.impl.junit.BrowserExtension.getOrCreateBrowser(BrowserExtension.java:82)
	at com.microsoft.playwright.impl.junit.BrowserContextExtension.getOrCreateBrowserContext(BrowserContextExtension.java:61)
	at com.microsoft.playwright.impl.junit.PageExtension.getOrCreatePage(PageExtension.java:51)
	at com.microsoft.playwright.impl.junit.PageExtension.resolveParameter(PageExtension.java:35)
	... 8 more
Caused by: com.microsoft.playwright.impl.TargetClosedError: Error {
  message='Target page, context or browser has been closed
Browser logs:

<launching> /root/.cache/ms-playwright/webkit-2215/pw_run.sh --inspector-pipe --headless --no-startup-window
<launched> pid=8767
[pid=8767][err]
[pid=8767][err] (MiniBrowser:8853): GStreamer-WARNING **: 19:19:45.689: External plugin loader failed. This most likely means that the plugin loader helper binary was not found or could not be run. You might need to set the GST_PLUGIN_SCANNER environment variable if your setup is unusual. This should normally not be required though.
[pid=8767][err]
[pid=8767][err] (MiniBrowser:8853): libsoup-ERROR **: 19:19:45.926: libsoup3 symbols detected. Using libsoup2 and libsoup3 in the same process is not supported.
[pid=8767][err] /root/.cache/ms-playwright/webkit-2215/pw_run.sh: line 24:  8853 Trace/breakpoint trap   (core dumped) WEBKIT_FORCE_COMPLEX_TEXT="1" "$MINIBROWSER" "$@"
  name='TargetClosedError
  stack='TargetClosedError: Target page, context or browser has been closed
Browser logs:

<launching> /root/.cache/ms-playwright/webkit-2215/pw_run.sh --inspector-pipe --headless --no-startup-window
<launched> pid=8767
[pid=8767][err]
[pid=8767][err] (MiniBrowser:8853): GStreamer-WARNING **: 19:19:45.689: External plugin loader failed. This most likely means that the plugin loader helper binary was not found or could not be run. You might need to set the GST_PLUGIN_SCANNER environment variable if your setup is unusual. This should normally not be required though.
[pid=8767][err]
[pid=8767][err] (MiniBrowser:8853): libsoup-ERROR **: 19:19:45.926: libsoup3 symbols detected. Using libsoup2 and libsoup3 in the same process is not supported.
[pid=8767][err] /root/.cache/ms-playwright/webkit-2215/pw_run.sh: line 24:  8853 Trace/breakpoint trap   (core dumped) WEBKIT_FORCE_COMPLEX_TEXT="1" "$MINIBROWSER" "$@"
    at DispatcherConnection.dispatch (/tmp/playwright-java-10578194027864912080/package/lib/server/dispatchers/dispatcher.js:340:15)
}
Call log:
-   - <launching> /root/.cache/ms-playwright/webkit-2215/pw_run.sh --inspector-pipe --headless --no-startup-window
-   - <launched> pid=8767
-   - [pid=8767][err]
-   - [pid=8767][err] (MiniBrowser:8853): GStreamer-WARNING **: 19:19:45.689: External plugin loader failed. This most likely means that the plugin loader helper binary was not found or could not be run. You might need to set the GST_PLUGIN_SCANNER environment variable if your setup is unusual. This should normally not be required though.
-   - [pid=8767][err]
-   - [pid=8767][err] (MiniBrowser:8853): libsoup-ERROR **: 19:19:45.926: libsoup3 symbols detected. Using libsoup2 and libsoup3 in the same process is not supported.
-   - [pid=8767][err] /root/.cache/ms-playwright/webkit-2215/pw_run.sh: line 24:  8853 Trace/breakpoint trap   (core dumped) WEBKIT_FORCE_COMPLEX_TEXT="1" "$MINIBROWSER" "$@"
-   - [pid=8767] <gracefully close start>
-   - [pid=8767] <kill>
-   - [pid=8767] <will force kill>
-   - [pid=8767] <process did exit: exitCode=133, signal=null>
-   - [pid=8767] starting temporary directories cleanup
-   - [pid=8767] finished temporary directories cleanup
-   - [pid=8767] <gracefully close end>

	at com.microsoft.playwright.impl.Connection.dispatch(Connection.java:259)
	at com.microsoft.playwright.impl.Connection.processOneMessage(Connection.java:214)
	at com.microsoft.playwright.impl.ChannelOwner.runUntil(ChannelOwner.java:136)
	... 16 more

12:19:46 [[1;34mINFO[m] Running com.microsoft.playwright.[1mTestAutoClose[m
12:19:46 [[1;34mINFO[m] [1;32mTests run: [0;1;32m15[m, Failures: 0, Errors: 0, Skipped: 0, Time elapsed: 2.247 s -- in com.microsoft.playwright.[1mTestPageExposeFunction[m
12:19:46 [[1;34mINFO[m] Running com.microsoft.playwright.[1mTestPageNetworkResponse[m
12:19:46 [[1;34mINFO[m] [1;32mTests run: [0;1;32m6[m, Failures: 0, Errors: 0, Skipped: 0, Time elapsed: 0.386 s -- in com.microsoft.playwright.[1mTestBrowser1[m
12:19:46 [[1;34mINFO[m] Running com.microsoft.playwright.[1mTestLocatorAssertions2[m
12:19:46 [[1;34mINFO[m] [1;32mTests run: [0;1;32m8[m, Failures: 0, Errors: 0, Skipped: 0, Time elapsed: 1.635 s -- in com.microsoft.playwright.[1mTestEvalOnSelectorAll[m
12:19:46 [[1;34mINFO[m] Running com.microsoft.playwright.[1mTestClick[m
12:19:46 [[1;34mINFO[m] [1;32mTests run: [0;1;32m5[m, Failures: 0, Errors: 0, Skipped: 0, Time elapsed: 1.158 s -- in com.microsoft.playwright.[1mTestPageWaitForResponse[m
12:19:46 [[1;34mINFO[m] Running com.microsoft.playwright.[1mTestTracing[m
12:19:46 [[1;34mINFO[m] [1;32mTests run: [0;1;32m7[m, Failures: 0, Errors: 0, Skipped: 0, Time elapsed: 1.866 s -- in com.microsoft.playwright.[1mTestElementHandleBoundingBox[m
12:19:46 [[1;34mINFO[m] Running com.microsoft.playwright.[1mTestBrowserContextCredentials[m
12:19:46 [[1;34mINFO[m] [1;32mTests run: [0;1;32m10[m, Failures: 0, Errors: 0, Skipped: 0, Time elapsed: 1.731 s -- in com.microsoft.playwright.[1mTestPageDialog[m
12:19:46 [[1;34mINFO[m] Running com.microsoft.playwright.[1mTestPageFill[m
12:19:46 [[1;34mINFO[m] [1;32mTests run: [0;1;32m19[m, Failures: 0, Errors: 0, Skipped: 0, Time elapsed: 5.388 s -- in com.microsoft.playwright.[1mTestBrowserContextAddCookies[m
12:19:46 [[1;34mINFO[m] Running com.microsoft.playwright.[1mTestPageSetExtraHttpHeaders[m
12:19:46 [[1;34mINFO[m] [1;32mTests run: [0;1;32m7[m, Failures: 0, Errors: 0, Skipped: 0, Time elapsed: 1.743 s -- in com.microsoft.playwright.[1mTestElementHandleOwnerFrame[m
12:19:46 [[1;34mINFO[m] Running com.microsoft.playwright.[1mTestSelectorsRole[m
12:19:46 [[1;34mINFO[m] [1;32mTests run: [0;1;32m1[m, Failures: 0, Errors: 0, Skipped: 0, Time elapsed: 0.724 s -- in com.microsoft.playwright.[1mTestAutoClose[m
12:19:46 [[1;34mINFO[m] Running com.microsoft.playwright.[1mTestSelectorsGetBy[m
12:19:47 [[1;34mINFO[m] [1;32mTests run: [0;1;32m6[m, Failures: 0, Errors: 0, Skipped: 0, Time elapsed: 1.870 s -- in com.microsoft.playwright.[1mTestTap[m
12:19:47 [[1;34mINFO[m] Running com.microsoft.playwright.[1mTestDownload[m
12:19:47 [[1;34mINFO[m] [1;32mTests run: [0;1;32m7[m, Failures: 0, Errors: 0, Skipped: 0, Time elapsed: 1.867 s -- in com.microsoft.playwright.[1mTestElementHandleQuerySelector[m
12:19:47 [[1;34mINFO[m] Running com.microsoft.playwright.[1mTestJavaSourceLocationInConstructor[m
12:19:47 [[1;34mINFO[m] [1;32mTests run: [0;1;32m12[m, Failures: 0, Errors: 0, Skipped: 0, Time elapsed: 1.971 s -- in com.microsoft.playwright.[1mTestWebSocket[m
12:19:47 [[1;34mINFO[m] Running com.microsoft.playwright.[1mTestPageAriaSnapshot[m
12:19:47 [[1;34mINFO[m] [1;32mTests run: [0;1;32m4[m, Failures: 0, Errors: 0, Skipped: 0, Time elapsed: 1.451 s -- in com.microsoft.playwright.[1mTestPageCheck[m
12:19:47 [[1;34mINFO[m] Running com.microsoft.playwright.[1mTestPageNetworkSizes[m
12:19:47 [[1;33mWARNING[m] [1;33mTests [0;1mrun: [0;1m40[m, Failures: 0, Errors: 0, [1;33mSkipped: [0;1;33m2[m, Time elapsed: 6.386 s -- in com.microsoft.playwright.[1mTestGlobalFetch[m
12:19:47 [[1;34mINFO[m] Running com.microsoft.playwright.[1mTestLocatorMisc[m
12:19:48 [[1;34mINFO[m] [1;32mTests run: [0;1;32m5[m, Failures: 0, Errors: 0, Skipped: 0, Time elapsed: 1.289 s -- in com.microsoft.playwright.[1mTestPageSetExtraHttpHeaders[m
12:19:48 [[1;34mINFO[m] Running com.microsoft.playwright.[1mTestFirefoxLauncher[m
12:19:48 [[1;33mWARNING[m] [1;33mTests [0;1mrun: [0;1m2[m, Failures: 0, Errors: 0, [1;33mSkipped: [0;1;33m2[m, Time elapsed: 0 s -- in com.microsoft.playwright.[1mTestFirefoxLauncher[m
12:19:48 [[1;34mINFO[m] Running com.microsoft.playwright.[1mTestPageAddScriptTag[m
12:19:48 [[1;34mINFO[m] [1;32mTests run: [0;1;32m13[m, Failures: 0, Errors: 0, Skipped: 0, Time elapsed: 2.323 s -- in com.microsoft.playwright.[1mTestLocatorConvenience[m
12:19:48 [[1;34mINFO[m] Running com.microsoft.playwright.[1mTestElementHandleMisc[m
12:19:48 [[1;34mINFO[m] [1;32mTests run: [0;1;32m21[m, Failures: 0, Errors: 0, Skipped: 0, Time elapsed: 3.063 s -- in com.microsoft.playwright.[1mTestPageLocatorQuery[m
12:19:48 [[1;34mINFO[m] Running com.microsoft.playwright.[1mTestLocatorList[m
12:19:48 [[1;34mINFO[m] [1;32mTests run: [0;1;32m9[m, Failures: 0, Errors: 0, Skipped: 0, Time elapsed: 1.837 s -- in com.microsoft.playwright.[1mTestBrowserContextCredentials[m
12:19:48 [[1;34mINFO[m] Running com.microsoft.playwright.[1mTestElementHandleWaitForElementState[m
12:19:48 [[1;34mINFO[m] [1;32mTests run: [0;1;32m1[m, Failures: 0, Errors: 0, Skipped: 0, Time elapsed: 0.976 s -- in com.microsoft.playwright.[1mTestJavaSourceLocationInConstructor[m
12:19:48 [[1;34mINFO[m] Running com.microsoft.playwright.[1mTestLocatorEvaluate[m
12:19:48 [[1;34mINFO[m] [1;32mTests run: [0;1;32m4[m, Failures: 0, Errors: 0, Skipped: 0, Time elapsed: 4.463 s -- in com.microsoft.playwright.[1mTestElementHandleSelectText[m
12:19:48 [[1;34mINFO[m] Running com.microsoft.playwright.[1mTestChromiumTracing[m
12:19:48 [[1;34mINFO[m] [1;32mTests run: [0;1;32m2[m, Failures: 0, Errors: 0, Skipped: 0, Time elapsed: 7.128 s -- in com.microsoft.playwright.[1mTestFrameNavigate[m
12:19:48 [[1;34mINFO[m] Running com.microsoft.playwright.[1mTestSelectorsMisc[m
12:19:48 [[1;34mINFO[m] [1;32mTests run: [0;1;32m9[m, Failures: 0, Errors: 0, Skipped: 0, Time elapsed: 3.793 s -- in com.microsoft.playwright.[1mTestClientCertificates[m
12:19:48 [[1;34mINFO[m] Running com.microsoft.playwright.[1mTestBrowserContextEvents[m
12:19:48 [[1;33mWARNING[m] [1;33mTests [0;1mrun: [0;1m40[m, Failures: 0, Errors: 0, [1;33mSkipped: [0;1;33m3[m, Time elapsed: 7.214 s -- in com.microsoft.playwright.[1mTestPageRoute[m
12:19:48 [[1;34mINFO[m] Running com.microsoft.playwright.[1mTestEvalOnSelector[m
12:19:48 [[1;34mINFO[m] [1;32mTests run: [0;1;32m20[m, Failures: 0, Errors: 0, Skipped: 0, Time elapsed: 4.750 s -- in com.microsoft.playwright.[1mTestSelectorsCss[m
12:19:48 [[1;34mINFO[m] Running com.microsoft.playwright.[1mTestElementHandleContentFrame[m
12:19:48 [[1;34mINFO[m] [1;32mTests run: [0;1;32m5[m, Failures: 0, Errors: 0, Skipped: 0, Time elapsed: 1.065 s -- in com.microsoft.playwright.[1mTestPageNetworkSizes[m
12:19:48 [[1;34mINFO[m] Running com.microsoft.playwright.[1mTestRequestContinue[m
12:19:48 [[1;34mINFO[m] [1;32mTests run: [0;1;32m12[m, Failures: 0, Errors: 0, Skipped: 0, Time elapsed: 2.107 s -- in com.microsoft.playwright.[1mTestSelectorsRole[m
12:19:48 [[1;34mINFO[m] Running com.microsoft.playwright.[1mTestBrowserContextServiceWorkerPolicy[m
12:19:48 [[1;34mINFO[m] [1;32mTests run: [0;1;32m1[m, Failures: 0, Errors: 0, Skipped: 0, Time elapsed: 0.852 s -- in com.microsoft.playwright.[1mTestPageAddScriptTag[m
12:19:48 [[1;34mINFO[m] Running com.microsoft.playwright.[1mTestBrowser2[m
12:19:48 [[1;33mWARNING[m] [1;33mTests [0;1mrun: [0;1m1[m, Failures: 0, Errors: 0, [1;33mSkipped: [0;1;33m1[m, Time elapsed: 0.004 s -- in com.microsoft.playwright.[1mTestBrowser2[m
12:19:48 [[1;34mINFO[m] Running com.microsoft.playwright.[1mTestPageSetContent[m
12:19:49 [[1;34mINFO[m] [1;32mTests run: [0;1;32m1[m, Failures: 0, Errors: 0, Skipped: 0, Time elapsed: 0.808 s -- in com.microsoft.playwright.[1mTestLocatorList[m
12:19:49 [[1;34mINFO[m] Running com.microsoft.playwright.[1mTestNetworkResponse[m
12:19:49 [[1;34mINFO[m] [1;32mTests run: [0;1;32m3[m, Failures: 0, Errors: 0, Skipped: 0, Time elapsed: 2.984 s -- in com.microsoft.playwright.[1mTestPageNetworkResponse[m
12:19:49 [[1;34mINFO[m] Running com.microsoft.playwright.[1mTestNetworkPostData[m
12:19:49 [[1;34mINFO[m] [1;32mTests run: [0;1;32m24[m, Failures: 0, Errors: 0, Skipped: 0, Time elapsed: 7.854 s -- in com.microsoft.playwright.[1mTestPageSelectOption[m
12:19:49 [[1;34mINFO[m] Running com.microsoft.playwright.[1mTestLocatorElementHandle[m
12:19:49 [[1;34mINFO[m] [1;32mTests run: [0;1;32m14[m, Failures: 0, Errors: 0, Skipped: 0, Time elapsed: 2.387 s -- in com.microsoft.playwright.[1mTestSelectorsGetBy[m
12:19:49 [[1;34mINFO[m] Running com.microsoft.playwright.[1mTestPageDrag[m
12:19:49 [[1;34mINFO[m] [1;32mTests run: [0;1;32m6[m, Failures: 0, Errors: 0, Skipped: 0, Time elapsed: 4.413 s -- in com.microsoft.playwright.[1mTestScreencast[m
12:19:49 [[1;34mINFO[m] Running com.microsoft.playwright.[1mTestExpectMisc[m
12:19:49 [[1;34mINFO[m] [1;32mTests run: [0;1;32m33[m, Failures: 0, Errors: 0, Skipped: 0, Time elapsed: 3.763 s -- in com.microsoft.playwright.[1mTestPageBasic[m
12:19:49 [[1;34mINFO[m] Running com.microsoft.playwright.[1mTestBrowserContextHar[m
12:19:49 [[1;33mWARNING[m] [1;33mTests [0;1mrun: [0;1m59[m, Failures: 0, Errors: 0, [1;33mSkipped: [0;1;33m2[m, Time elapsed: 8.314 s -- in com.microsoft.playwright.[1mTestBrowserContextFetch[m
12:19:49 [[1;34mINFO[m] Running com.microsoft.playwright.[1mTestLocatorHighlight[m
12:19:49 [[1;34mINFO[m] [1;32mTests run: [0;1;32m5[m, Failures: 0, Errors: 0, Skipped: 0, Time elapsed: 1.243 s -- in com.microsoft.playwright.[1mTestLocatorEvaluate[m
12:19:49 [[1;34mINFO[m] Running com.microsoft.playwright.[1mTestRequestFulfill[m
12:19:49 [[1;34mINFO[m] [1;32mTests run: [0;1;32m2[m, Failures: 0, Errors: 0, Skipped: 0, Time elapsed: 0.976 s -- in com.microsoft.playwright.[1mTestBrowserContextServiceWorkerPolicy[m
12:19:49 [[1;34mINFO[m] Running com.microsoft.playwright.[1mTestBrowserContextExposeFunction[m
12:19:50 [[1;34mINFO[m] [1;32mTests run: [0;1;32m5[m, Failures: 0, Errors: 0, Skipped: 0, Time elapsed: 1.514 s -- in com.microsoft.playwright.[1mTestSelectorsMisc[m
12:19:50 [[1;34mINFO[m] Running com.microsoft.playwright.[1mTestPageEventConsole[m
12:19:50 [[1;33mWARNING[m] [1;33mTests [0;1mrun: [0;1m11[m, Failures: 0, Errors: 0, [1;33mSkipped: [0;1;33m1[m, Time elapsed: 1.453 s -- in com.microsoft.playwright.[1mTestRequestContinue[m
12:19:50 [[1;34mINFO[m] Running com.microsoft.playwright.[1mTestLocatorAssertions[m
12:19:50 [[1;34mINFO[m] [1;32mTests run: [0;1;32m5[m, Failures: 0, Errors: 0, Skipped: 0, Time elapsed: 1.507 s -- in com.microsoft.playwright.[1mTestElementHandleContentFrame[m
12:19:50 [[1;34mINFO[m] Running com.microsoft.playwright.[1mTestBrowserContextStorageState[m
12:19:50 [[1;34mINFO[m] [1;32mTests run: [0;1;32m10[m, Failures: 0, Errors: 0, Skipped: 0, Time elapsed: 1.550 s -- in com.microsoft.playwright.[1mTestBrowserContextEvents[m
12:19:50 [[1;34mINFO[m] Running com.microsoft.playwright.[1mTestPageKeyboard[m
12:19:50 [[1;34mINFO[m] [1;32mTests run: [0;1;32m3[m, Failures: 0, Errors: 0, Skipped: 0, Time elapsed: 1.022 s -- in com.microsoft.playwright.[1mTestNetworkPostData[m
12:19:50 [[1;34mINFO[m] Running com.microsoft.playwright.[1mTestPageEventPopup[m
12:19:50 [[1;34mINFO[m] [1;32mTests run: [0;1;32m2[m, Failures: 0, Errors: 0, Skipped: 0, Time elapsed: 0.984 s -- in com.microsoft.playwright.[1mTestExpectMisc[m
12:19:50 [[1;34mINFO[m] Running com.microsoft.playwright.[1mTestPageStrict[m
12:19:50 [[1;34mINFO[m] [1;32mTests run: [0;1;32m9[m, Failures: 0, Errors: 0, Skipped: 0, Time elapsed: 1.296 s -- in com.microsoft.playwright.[1mTestNetworkResponse[m
12:19:50 [[1;34mINFO[m] Running com.microsoft.playwright.[1mTestPageRequestIntercept[m
12:19:50 [[1;34mINFO[m] [1;32mTests run: [0;1;32m11[m, Failures: 0, Errors: 0, Skipped: 0, Time elapsed: 2.346 s -- in com.microsoft.playwright.[1mTestElementHandleMisc[m
12:19:50 [[1;34mINFO[m] Running com.microsoft.playwright.[1mTestLocatorFrame[m
12:19:50 [[1;33mWARNING[m] [1;33mTests [0;1mrun: [0;1m1[m, Failures: 0, Errors: 0, [1;33mSkipped: [0;1;33m1[m, Time elapsed: 0.815 s -- in com.microsoft.playwright.[1mTestLocatorHighlight[m
12:19:50 [[1;34mINFO[m] Running com.microsoft.playwright.[1mTestPlaywrightCreate[m
12:19:50 [[1;34mINFO[m] [1;32mTests run: [0;1;32m25[m, Failures: 0, Errors: 0, Skipped: 0, Time elapsed: 3.876 s -- in com.microsoft.playwright.[1mTestPageFill[m
12:19:50 [[1;34mINFO[m] Running com.microsoft.playwright.[1mTestPageNetworkRequest[m
12:19:50 [[1;34mINFO[m] [1;32mTests run: [0;1;32m5[m, Failures: 0, Errors: 0, Skipped: 0, Time elapsed: 1.392 s -- in com.microsoft.playwright.[1mTestLocatorElementHandle[m
12:19:50 [[1;34mINFO[m] Running com.microsoft.playwright.[1mTestPopup[m
12:19:50 [[1;34mINFO[m] [1;32mTests run: [0;1;32m12[m, Failures: 0, Errors: 0, Skipped: 0, Time elapsed: 1.960 s -- in com.microsoft.playwright.[1mTestPageSetContent[m
12:19:50 [[1;34mINFO[m] Running com.microsoft.playwright.[1mTestDispatchEvent[m
12:19:50 [[1;34mINFO[m] [1;32mTests run: [0;1;32m7[m, Failures: 0, Errors: 0, Skipped: 0, Time elapsed: 1.278 s -- in com.microsoft.playwright.[1mTestRequestFulfill[m
12:19:50 [[1;34mINFO[m] Running com.microsoft.playwright.[1mTestDefaultBrowserContext2[m
12:19:51 [[1;34mINFO[m] [1;32mTests run: [0;1;32m15[m, Failures: 0, Errors: 0, Skipped: 0, Time elapsed: 6.248 s -- in com.microsoft.playwright.[1mTestPageAssertions[m
12:19:51 [[1;34mINFO[m] Running com.microsoft.playwright.[1mTestPageRequestContinue[m
12:19:51 [[1;34mINFO[m] [1;32mTests run: [0;1;32m1[m, Failures: 0, Errors: 0, Skipped: 0, Time elapsed: 0.916 s -- in com.microsoft.playwright.[1mTestPageEventPopup[m
12:19:51 [[1;34mINFO[m] Running com.microsoft.playwright.[1mTestBrowserContextBasic[m
12:19:51 [[1;34mINFO[m] [1;32mTests run: [0;1;32m5[m, Failures: 0, Errors: 0, Skipped: 0, Time elapsed: 1.392 s -- in com.microsoft.playwright.[1mTestBrowserContextExposeFunction[m
12:19:51 [[1;34mINFO[m] Running com.microsoft.playwright.[1mTestWaitForFunction[m
12:19:51 [[1;34mINFO[m] [1;32mTests run: [0;1;32m1[m, Failures: 0, Errors: 0, Skipped: 0, Time elapsed: 0.760 s -- in com.microsoft.playwright.[1mTestPlaywrightCreate[m
12:19:51 [[1;34mINFO[m] Running com.microsoft.playwright.[1mTestElementHandleClick[m
12:19:51 [[1;34mINFO[m] [1;32mTests run: [0;1;32m6[m, Failures: 0, Errors: 0, Skipped: 0, Time elapsed: 2.043 s -- in com.microsoft.playwright.[1mTestPageDrag[m
12:19:51 [[1;34mINFO[m] Running com.microsoft.playwright.[1mTestBrowserContextStrict[m
12:19:51 [[1;34mINFO[m] [1;32mTests run: [0;1;32m8[m, Failures: 0, Errors: 0, Skipped: 0, Time elapsed: 1.305 s -- in com.microsoft.playwright.[1mTestPageEventConsole[m
12:19:51 [[1;34mINFO[m] Running com.microsoft.playwright.[1mTestCheck[m
12:19:51 [[1;34mINFO[m] [1;32mTests run: [0;1;32m1[m, Failures: 0, Errors: 0, Skipped: 0, Time elapsed: 1.077 s -- in com.microsoft.playwright.[1mTestPageRequestIntercept[m
12:19:51 [[1;34mINFO[m] Running com.microsoft.playwright.[1mTestElementHandleType[m
12:19:51 [[1;34mINFO[m] [1;32mTests run: [0;1;32m9[m, Failures: 0, Errors: 0, Skipped: 0, Time elapsed: 3.749 s -- in com.microsoft.playwright.[1mTestLocatorMisc[m
12:19:51 [[1;34mINFO[m] Running com.microsoft.playwright.[1mTestPageInterception[m
12:19:51 [[1;34mINFO[m] [1;32mTests run: [0;1;32m6[m, Failures: 0, Errors: 0, Skipped: 0, Time elapsed: 1.305 s -- in com.microsoft.playwright.[1mTestPageStrict[m
12:19:51 [[1;34mINFO[m] Running com.microsoft.playwright.[1mTestBrowserContextProxy[m
12:19:51 [[1;34mINFO[m] [1;32mTests run: [0;1;32m6[m, Failures: 0, Errors: 0, Skipped: 0, Time elapsed: 1.244 s -- in com.microsoft.playwright.[1mTestPageNetworkRequest[m
12:19:51 [[1;34mINFO[m] Running com.microsoft.playwright.[1mTestSelectorsText[m
12:19:52 [[1;34mINFO[m] [1;32mTests run: [0;1;32m5[m, Failures: 0, Errors: 0, Skipped: 0, Time elapsed: 1.993 s -- in com.microsoft.playwright.[1mTestBrowserContextStorageState[m
12:19:52 [[1;34mINFO[m] Running com.microsoft.playwright.[1mTestGeolocation[m
12:19:52 [[1;34mINFO[m] [1;32mTests run: [0;1;32m20[m, Failures: 0, Errors: 0, Skipped: 0, Time elapsed: 5.827 s -- in com.microsoft.playwright.[1mTestLocatorAssertions2[m
12:19:52 [[1;34mINFO[m] Running com.microsoft.playwright.[1mTestPageWaitForUrl[m
12:19:52 [[1;34mINFO[m] [1;32mTests run: [0;1;32m26[m, Failures: 0, Errors: 0, Skipped: 0, Time elapsed: 3.627 s -- in com.microsoft.playwright.[1mTestEvalOnSelector[m
12:19:52 [[1;34mINFO[m] Running com.microsoft.playwright.[1mTestElementHandlePress[m
12:19:52 [[1;34mINFO[m] [1;32mTests run: [0;1;32m5[m, Failures: 0, Errors: 0, Skipped: 0, Time elapsed: 1.247 s -- in com.microsoft.playwright.[1mTestPageRequestContinue[m
12:19:52 [[1;34mINFO[m] Running com.microsoft.playwright.[1mTestPageEmulateMedia[m
12:19:52 [[1;34mINFO[m] [1;32mTests run: [0;1;32m3[m, Failures: 0, Errors: 0, Skipped: 0, Time elapsed: 1.168 s -- in com.microsoft.playwright.[1mTestBrowserContextStrict[m
12:19:52 [[1;34mINFO[m] [1;32mTests run: [0;1;32m7[m, Failures: 0, Errors: 0, Skipped: 0, Time elapsed: 4.023 s -- in com.microsoft.playwright.[1mTestChromiumTracing[m
12:19:52 [[1;34mINFO[m] [1;32mTests run: [0;1;32m73[m, Failures: 0, Errors: 0, Skipped: 0, Time elapsed: 11.19 s -- in com.microsoft.playwright.[1mTestPageEvaluate[m
12:19:52 [[1;34mINFO[m] [1;32mTests run: [0;1;32m22[m, Failures: 0, Errors: 0, Skipped: 0, Time elapsed: 5.198 s -- in com.microsoft.playwright.[1mTestDownload[m
12:19:52 [[1;34mINFO[m] [1;32mTests run: [0;1;32m2[m, Failures: 0, Errors: 0, Skipped: 0, Time elapsed: 1.032 s -- in com.microsoft.playwright.[1mTestSelectorsText[m
12:19:52 [[1;34mINFO[m] [1;32mTests run: [0;1;32m5[m, Failures: 0, Errors: 0, Skipped: 0, Time elapsed: 1.464 s -- in com.microsoft.playwright.[1mTestElementHandleType[m
12:19:53 [[1;34mINFO[m] [1;32mTests run: [0;1;32m22[m, Failures: 0, Errors: 0, Skipped: 0, Time elapsed: 1.925 s -- in com.microsoft.playwright.[1mTestBrowserContextBasic[m
12:19:53 [[1;34mINFO[m] [1;32mTests run: [0;1;32m11[m, Failures: 0, Errors: 0, Skipped: 0, Time elapsed: 2.141 s -- in com.microsoft.playwright.[1mTestDispatchEvent[m
12:19:53 [[1;34mINFO[m] [1;32mTests run: [0;1;32m9[m, Failures: 0, Errors: 0, Skipped: 0, Time elapsed: 1.774 s -- in com.microsoft.playwright.[1mTestCheck[m
12:19:53 [[1;34mINFO[m] [1;32mTests run: [0;1;32m12[m, Failures: 0, Errors: 0, Skipped: 0, Time elapsed: 2.490 s -- in com.microsoft.playwright.[1mTestPopup[m
12:19:53 [[1;34mINFO[m] [1;32mTests run: [0;1;32m9[m, Failures: 0, Errors: 0, Skipped: 0, Time elapsed: 2.108 s -- in com.microsoft.playwright.[1mTestElementHandleClick[m
12:19:53 [[1;34mINFO[m] [1;32mTests run: [0;1;32m30[m, Failures: 0, Errors: 0, Skipped: 0, Time elapsed: 12.08 s -- in com.microsoft.playwright.[1mTestPageSetInputFiles[m
12:19:53 [[1;34mINFO[m] [1;32mTests run: [0;1;32m7[m, Failures: 0, Errors: 0, Skipped: 0, Time elapsed: 1.376 s -- in com.microsoft.playwright.[1mTestGeolocation[m
12:19:53 [[1;34mINFO[m] [1;32mTests run: [0;1;32m7[m, Failures: 0, Errors: 0, Skipped: 0, Time elapsed: 1.919 s -- in com.microsoft.playwright.[1mTestBrowserContextProxy[m
12:19:53 [[1;34mINFO[m] [1;32mTests run: [0;1;32m5[m, Failures: 0, Errors: 0, Skipped: 0, Time elapsed: 1.421 s -- in com.microsoft.playwright.[1mTestElementHandlePress[m
12:19:53 [[1;34mINFO[m] [1;32mTests run: [0;1;32m9[m, Failures: 0, Errors: 0, Skipped: 0, Time elapsed: 1.584 s -- in com.microsoft.playwright.[1mTestPageEmulateMedia[m
12:19:53 [[1;34mINFO[m] [1;32mTests run: [0;1;32m16[m, Failures: 0, Errors: 0, Skipped: 0, Time elapsed: 8.749 s -- in com.microsoft.playwright.[1mTestPageWaitForNavigation[m
12:19:54 [[1;33mWARNING[m] [1;33mTests [0;1mrun: [0;1m29[m, Failures: 0, Errors: 0, [1;33mSkipped: [0;1;33m2[m, Time elapsed: 3.967 s -- in com.microsoft.playwright.[1mTestPageKeyboard[m
12:19:54 [[1;34mINFO[m] [1;32mTests run: [0;1;32m10[m, Failures: 0, Errors: 0, Skipped: 0, Time elapsed: 6.587 s -- in com.microsoft.playwright.[1mTestPageAriaSnapshot[m
12:19:54 [[1;33mWARNING[m] [1;33mTests [0;1mrun: [0;1m42[m, Failures: 0, Errors: 0, [1;33mSkipped: [0;1;33m1[m, Time elapsed: 8.339 s -- in com.microsoft.playwright.[1mTestClick[m
12:19:54 [[1;34mINFO[m] [1;32mTests run: [0;1;32m8[m, Failures: 0, Errors: 0, Skipped: 0, Time elapsed: 3.419 s -- in com.microsoft.playwright.[1mTestPageInterception[m
12:19:56 [[1;34mINFO[m] [1;32mTests run: [0;1;32m26[m, Failures: 0, Errors: 0, Skipped: 0, Time elapsed: 6.666 s -- in com.microsoft.playwright.[1mTestBrowserContextHar[m
12:19:56 [[1;33mWARNING[m] [1;33mTests [0;1mrun: [0;1m11[m, Failures: 0, Errors: 0, [1;33mSkipped: [0;1;33m1[m, Time elapsed: 9.834 s -- in com.microsoft.playwright.[1mTestTracing[m
12:19:56 [[1;34mINFO[m] [1;32mTests run: [0;1;32m10[m, Failures: 0, Errors: 0, Skipped: 0, Time elapsed: 4.434 s -- in com.microsoft.playwright.[1mTestPageWaitForUrl[m
12:19:56 [[1;33mWARNING[m] [1;33mTests [0;1mrun: [0;1m17[m, Failures: 0, Errors: 0, [1;33mSkipped: [0;1;33m2[m, Time elapsed: 11.22 s -- in com.microsoft.playwright.[1mTestPageScreenshot[m
12:19:57 [[1;34mINFO[m] [1;32mTests run: [0;1;32m23[m, Failures: 0, Errors: 0, Skipped: 0, Time elapsed: 6.351 s -- in com.microsoft.playwright.[1mTestWaitForFunction[m
12:19:58 [[1;34mINFO[m] [1;32mTests run: [0;1;32m44[m, Failures: 0, Errors: 0, Skipped: 0, Time elapsed: 13.91 s -- in com.microsoft.playwright.[1mTestPageClock[m
12:20:00 [[1;34mINFO[m] [1;32mTests run: [0;1;32m19[m, Failures: 0, Errors: 0, Skipped: 0, Time elapsed: 9.654 s -- in com.microsoft.playwright.[1mTestLocatorFrame[m
12:20:02 [[1;34mINFO[m] [1;32mTests run: [0;1;32m18[m, Failures: 0, Errors: 0, Skipped: 0, Time elapsed: 11.44 s -- in com.microsoft.playwright.[1mTestDefaultBrowserContext2[m
12:20:02 [[1;34mINFO[m] [1;32mTests run: [0;1;32m11[m, Failures: 0, Errors: 0, Skipped: 0, Time elapsed: 14.12 s -- in com.microsoft.playwright.[1mTestElementHandleWaitForElementState[m
12:20:03 [[1;34mINFO[m] [1;32mTests run: [0;1;32m12[m, Failures: 0, Errors: 0, Skipped: 0, Time elapsed: 22.28 s -- in com.microsoft.playwright.[1mTestPageAddLocatorHandler[m
12:20:37 [[1;33mWARNING[m] [1;33mTests [0;1mrun: [0;1m21[m, Failures: 0, Errors: 0, [1;33mSkipped: [0;1;33m1[m, Time elapsed: 52.07 s -- in com.microsoft.playwright.[1mTestBrowserTypeConnect[m
12:20:52 [[1;34mINFO[m] [1;32mTests run: [0;1;32m112[m, Failures: 0, Errors: 0, Skipped: 0, Time elapsed: 62.49 s -- in com.microsoft.playwright.[1mTestLocatorAssertions[m
Oct 09, 2025 12:20:52 PM org.junit.jupiter.engine.descriptor.AbstractExtensionContext lambda$createCloseAction$1
WARNING: Type implements CloseableResource but not AutoCloseable: com.microsoft.playwright.impl.junit.PlaywrightExtension$PlaywrightRegistry
Oct 09, 2025 12:20:52 PM org.junit.platform.launcher.core.DiscoveryIssueNotifier logIssues
WARNING: TestEngine with ID 'junit-jupiter' encountered a non-critical issue during test discovery:

(1) [WARNING] @AfterEach method 'private void com.microsoft.playwright.TestDefaultBrowserContext2.closePersistentContext()' should not be private. This will be disallowed in a future release.
    Source: MethodSource [className = 'com.microsoft.playwright.TestDefaultBrowserContext2', methodName = 'closePersistentContext', methodParameterTypes = '']
            at com.microsoft.playwright.TestDefaultBrowserContext2.closePersistentContext(SourceFile:0)
12:20:53 [[1;34mINFO[m]
12:20:53 [[1;34mINFO[m] Results:
12:20:53 [[1;34mINFO[m]
12:20:53 [[1;31mERROR[m] [1;31mErrors: [m
12:20:53 [[1;31mERROR[m] [1;31m  TestFixtureDeviceOption.testPredefinedDeviceParameters(Server, Page) ? ParameterResolution Failed to resolve parameter [com.microsoft.playwright.Page page] in method [public void com.microsoft.playwright.junit.TestFixtureDeviceOption.testPredefinedDeviceParameters(com.microsoft.playwright.Server,com.microsoft.playwright.Page)]: Error {
  message='Target page, context or browser has been closed
Browser logs:

<launching> /root/.cache/ms-playwright/webkit-2215/pw_run.sh --inspector-pipe --headless --no-startup-window
<launched> pid=3065
[pid=3065][err]
[pid=3065][err] (MiniBrowser:3076): GStreamer-WARNING **: 19:19:43.286: External plugin loader failed. This most likely means that the plugin loader helper binary was not found or could not be run. You might need to set the GST_PLUGIN_SCANNER environment variable if your setup is unusual. This should normally not be required though.
[pid=3065][err]
[pid=3065][err] (MiniBrowser:3076): libsoup-ERROR **: 19:19:43.561: libsoup3 symbols detected. Using libsoup2 and libsoup3 in the same process is not supported.
[pid=3065][err] /root/.cache/ms-playwright/webkit-2215/pw_run.sh: line 24:  3076 Trace/breakpoint trap   (core dumped) WEBKIT_FORCE_COMPLEX_TEXT="1" "$MINIBROWSER" "$@"
  name='TargetClosedError
  stack='TargetClosedError: Target page, context or browser has been closed
Browser logs:

<launching> /root/.cache/ms-playwright/webkit-2215/pw_run.sh --inspector-pipe --headless --no-startup-window
<launched> pid=3065
[pid=3065][err]
[pid=3065][err] (MiniBrowser:3076): GStreamer-WARNING **: 19:19:43.286: External plugin loader failed. This most likely means that the plugin loader helper binary was not found or could not be run. You might need to set the GST_PLUGIN_SCANNER environment variable if your setup is unusual. This should normally not be required though.
[pid=3065][err]
[pid=3065][err] (MiniBrowser:3076): libsoup-ERROR **: 19:19:43.561: libsoup3 symbols detected. Using libsoup2 and libsoup3 in the same process is not supported.
[pid=3065][err] /root/.cache/ms-playwright/webkit-2215/pw_run.sh: line 24:  3076 Trace/breakpoint trap   (core dumped) WEBKIT_FORCE_COMPLEX_TEXT="1" "$MINIBROWSER" "$@"
    at DispatcherConnection.dispatch (/tmp/playwright-java-10578194027864912080/package/lib/server/dispatchers/dispatcher.js:340:15)
}
Call log:
-   - <launching> /root/.cache/ms-playwright/webkit-2215/pw_run.sh --inspector-pipe --headless --no-startup-window
-   - <launched> pid=3065
-   - [pid=3065][err]
-   - [pid=3065][err] (MiniBrowser:3076): GStreamer-WARNING **: 19:19:43.286: External plugin loader failed. This most likely means that the plugin loader helper binary was not found or could not be run. You might need to set the GST_PLUGIN_SCANNER environment variable if your setup is unusual. This should normally not be required though.
-   - [pid=3065][err]
-   - [pid=3065][err] (MiniBrowser:3076): libsoup-ERROR **: 19:19:43.561: libsoup3 symbols detected. Using libsoup2 and libsoup3 in the same process is not supported.
-   - [pid=3065][err] /root/.cache/ms-playwright/webkit-2215/pw_run.sh: line 24:  3076 Trace/breakpoint trap   (core dumped) WEBKIT_FORCE_COMPLEX_TEXT="1" "$MINIBROWSER" "$@"
-   - [pid=3065] <gracefully close start>
-   - [pid=3065] <kill>
-   - [pid=3065] <will force kill>
-   - [pid=3065] <process did exit: exitCode=133, signal=null>
-   - [pid=3065] starting temporary directories cleanup
-   - [pid=3065] finished temporary directories cleanup
-   - [pid=3065] <gracefully close end>
[m
12:20:53 [[1;31mERROR[m] [1;31m  TestFixtureOptions.testBaseUrl(Page) ? ParameterResolution Failed to resolve parameter [com.microsoft.playwright.Page page] in method [public void com.microsoft.playwright.junit.TestFixtureOptions.testBaseUrl(com.microsoft.playwright.Page)]: Error {
  message='Target page, context or browser has been closed
Browser logs:

<launching> /root/.cache/ms-playwright/webkit-2215/pw_run.sh --inspector-pipe --headless --no-startup-window
<launched> pid=7344
[pid=7344][err]
[pid=7344][err] (MiniBrowser:7396): GStreamer-WARNING **: 19:19:45.093: External plugin loader failed. This most likely means that the plugin loader helper binary was not found or could not be run. You might need to set the GST_PLUGIN_SCANNER environment variable if your setup is unusual. This should normally not be required though.
[pid=7344][err]
[pid=7344][err] (MiniBrowser:7396): libsoup-ERROR **: 19:19:45.325: libsoup3 symbols detected. Using libsoup2 and libsoup3 in the same process is not supported.
[pid=7344][err] /root/.cache/ms-playwright/webkit-2215/pw_run.sh: line 24:  7396 Trace/breakpoint trap   (core dumped) WEBKIT_FORCE_COMPLEX_TEXT="1" "$MINIBROWSER" "$@"
  name='TargetClosedError
  stack='TargetClosedError: Target page, context or browser has been closed
Browser logs:

<launching> /root/.cache/ms-playwright/webkit-2215/pw_run.sh --inspector-pipe --headless --no-startup-window
<launched> pid=7344
[pid=7344][err]
[pid=7344][err] (MiniBrowser:7396): GStreamer-WARNING **: 19:19:45.093: External plugin loader failed. This most likely means that the plugin loader helper binary was not found or could not be run. You might need to set the GST_PLUGIN_SCANNER environment variable if your setup is unusual. This should normally not be required though.
[pid=7344][err]
[pid=7344][err] (MiniBrowser:7396): libsoup-ERROR **: 19:19:45.325: libsoup3 symbols detected. Using libsoup2 and libsoup3 in the same process is not supported.
[pid=7344][err] /root/.cache/ms-playwright/webkit-2215/pw_run.sh: line 24:  7396 Trace/breakpoint trap   (core dumped) WEBKIT_FORCE_COMPLEX_TEXT="1" "$MINIBROWSER" "$@"
    at DispatcherConnection.dispatch (/tmp/playwright-java-10578194027864912080/package/lib/server/dispatchers/dispatcher.js:340:15)
}
Call log:
-   - <launching> /root/.cache/ms-playwright/webkit-2215/pw_run.sh --inspector-pipe --headless --no-startup-window
-   - <launched> pid=7344
-   - [pid=7344][err]
-   - [pid=7344][err] (MiniBrowser:7396): GStreamer-WARNING **: 19:19:45.093: External plugin loader failed. This most likely means that the plugin loader helper binary was not found or could not be run. You might need to set the GST_PLUGIN_SCANNER environment variable if your setup is unusual. This should normally not be required though.
-   - [pid=7344][err]
-   - [pid=7344][err] (MiniBrowser:7396): libsoup-ERROR **: 19:19:45.325: libsoup3 symbols detected. Using libsoup2 and libsoup3 in the same process is not supported.
-   - [pid=7344][err] /root/.cache/ms-playwright/webkit-2215/pw_run.sh: line 24:  7396 Trace/breakpoint trap   (core dumped) WEBKIT_FORCE_COMPLEX_TEXT="1" "$MINIBROWSER" "$@"
-   - [pid=7344] <gracefully close start>
-   - [pid=7344] <kill>
-   - [pid=7344] <will force kill>
-   - [pid=7344] <process did exit: exitCode=133, signal=null>
-   - [pid=7344] starting temporary directories cleanup
-   - [pid=7344] finished temporary directories cleanup
-   - [pid=7344] <gracefully close end>
[m
12:20:53 [[1;31mERROR[m] [1;31m  TestFixtureOptions.testCustomBrowser(Browser) ? ParameterResolution Failed to resolve parameter [com.microsoft.playwright.Browser browser] in method [public void com.microsoft.playwright.junit.TestFixtureOptions.testCustomBrowser(com.microsoft.playwright.Browser)]: Error {
  message='Target page, context or browser has been closed
Browser logs:

<launching> /root/.cache/ms-playwright/webkit-2215/pw_run.sh --inspector-pipe --headless --no-startup-window
<launched> pid=5829
[pid=5829][err]
[pid=5829][err] (MiniBrowser:5863): GStreamer-WARNING **: 19:19:44.509: External plugin loader failed. This most likely means that the plugin loader helper binary was not found or could not be run. You might need to set the GST_PLUGIN_SCANNER environment variable if your setup is unusual. This should normally not be required though.
[pid=5829][err]
[pid=5829][err] (MiniBrowser:5863): libsoup-ERROR **: 19:19:44.763: libsoup3 symbols detected. Using libsoup2 and libsoup3 in the same process is not supported.
[pid=5829][err] /root/.cache/ms-playwright/webkit-2215/pw_run.sh: line 24:  5863 Trace/breakpoint trap   (core dumped) WEBKIT_FORCE_COMPLEX_TEXT="1" "$MINIBROWSER" "$@"
  name='TargetClosedError
  stack='TargetClosedError: Target page, context or browser has been closed
Browser logs:

<launching> /root/.cache/ms-playwright/webkit-2215/pw_run.sh --inspector-pipe --headless --no-startup-window
<launched> pid=5829
[pid=5829][err]
[pid=5829][err] (MiniBrowser:5863): GStreamer-WARNING **: 19:19:44.509: External plugin loader failed. This most likely means that the plugin loader helper binary was not found or could not be run. You might need to set the GST_PLUGIN_SCANNER environment variable if your setup is unusual. This should normally not be required though.
[pid=5829][err]
[pid=5829][err] (MiniBrowser:5863): libsoup-ERROR **: 19:19:44.763: libsoup3 symbols detected. Using libsoup2 and libsoup3 in the same process is not supported.
[pid=5829][err] /root/.cache/ms-playwright/webkit-2215/pw_run.sh: line 24:  5863 Trace/breakpoint trap   (core dumped) WEBKIT_FORCE_COMPLEX_TEXT="1" "$MINIBROWSER" "$@"
    at DispatcherConnection.dispatch (/tmp/playwright-java-10578194027864912080/package/lib/server/dispatchers/dispatcher.js:340:15)
}
Call log:
-   - <launching> /root/.cache/ms-playwright/webkit-2215/pw_run.sh --inspector-pipe --headless --no-startup-window
-   - <launched> pid=5829
-   - [pid=5829][err]
-   - [pid=5829][err] (MiniBrowser:5863): GStreamer-WARNING **: 19:19:44.509: External plugin loader failed. This most likely means that the plugin loader helper binary was not found or could not be run. You might need to set the GST_PLUGIN_SCANNER environment variable if your setup is unusual. This should normally not be required though.
-   - [pid=5829][err]
-   - [pid=5829][err] (MiniBrowser:5863): libsoup-ERROR **: 19:19:44.763: libsoup3 symbols detected. Using libsoup2 and libsoup3 in the same process is not supported.
-   - [pid=5829][err] /root/.cache/ms-playwright/webkit-2215/pw_run.sh: line 24:  5863 Trace/breakpoint trap   (core dumped) WEBKIT_FORCE_COMPLEX_TEXT="1" "$MINIBROWSER" "$@"
-   - [pid=5829] <gracefully close start>
-   - [pid=5829] <kill>
-   - [pid=5829] <will force kill>
-   - [pid=5829] <process did exit: exitCode=133, signal=null>
-   - [pid=5829] starting temporary directories cleanup
-   - [pid=5829] finished temporary directories cleanup
-   - [pid=5829] <gracefully close end>
[m
12:20:53 [[1;31mERROR[m] [1;31m  TestFixtureOptions.testCustomTestId(Page) ? ParameterResolution Failed to resolve parameter [com.microsoft.playwright.Page page] in method [void com.microsoft.playwright.junit.TestFixtureOptions.testCustomTestId(com.microsoft.playwright.Page)]: Error {
  message='Target page, context or browser has been closed
Browser logs:

<launching> /root/.cache/ms-playwright/webkit-2215/pw_run.sh --inspector-pipe --headless --no-startup-window
<launched> pid=8767
[pid=8767][err]
[pid=8767][err] (MiniBrowser:8853): GStreamer-WARNING **: 19:19:45.689: External plugin loader failed. This most likely means that the plugin loader helper binary was not found or could not be run. You might need to set the GST_PLUGIN_SCANNER environment variable if your setup is unusual. This should normally not be required though.
[pid=8767][err]
[pid=8767][err] (MiniBrowser:8853): libsoup-ERROR **: 19:19:45.926: libsoup3 symbols detected. Using libsoup2 and libsoup3 in the same process is not supported.
[pid=8767][err] /root/.cache/ms-playwright/webkit-2215/pw_run.sh: line 24:  8853 Trace/breakpoint trap   (core dumped) WEBKIT_FORCE_COMPLEX_TEXT="1" "$MINIBROWSER" "$@"
  name='TargetClosedError
  stack='TargetClosedError: Target page, context or browser has been closed
Browser logs:

<launching> /root/.cache/ms-playwright/webkit-2215/pw_run.sh --inspector-pipe --headless --no-startup-window
<launched> pid=8767
[pid=8767][err]
[pid=8767][err] (MiniBrowser:8853): GStreamer-WARNING **: 19:19:45.689: External plugin loader failed. This most likely means that the plugin loader helper binary was not found or could not be run. You might need to set the GST_PLUGIN_SCANNER environment variable if your setup is unusual. This should normally not be required though.
[pid=8767][err]
[pid=8767][err] (MiniBrowser:8853): libsoup-ERROR **: 19:19:45.926: libsoup3 symbols detected. Using libsoup2 and libsoup3 in the same process is not supported.
[pid=8767][err] /root/.cache/ms-playwright/webkit-2215/pw_run.sh: line 24:  8853 Trace/breakpoint trap   (core dumped) WEBKIT_FORCE_COMPLEX_TEXT="1" "$MINIBROWSER" "$@"
    at DispatcherConnection.dispatch (/tmp/playwright-java-10578194027864912080/package/lib/server/dispatchers/dispatcher.js:340:15)
}
Call log:
-   - <launching> /root/.cache/ms-playwright/webkit-2215/pw_run.sh --inspector-pipe --headless --no-startup-window
-   - <launched> pid=8767
-   - [pid=8767][err]
-   - [pid=8767][err] (MiniBrowser:8853): GStreamer-WARNING **: 19:19:45.689: External plugin loader failed. This most likely means that the plugin loader helper binary was not found or could not be run. You might need to set the GST_PLUGIN_SCANNER environment variable if your setup is unusual. This should normally not be required though.
-   - [pid=8767][err]
-   - [pid=8767][err] (MiniBrowser:8853): libsoup-ERROR **: 19:19:45.926: libsoup3 symbols detected. Using libsoup2 and libsoup3 in the same process is not supported.
-   - [pid=8767][err] /root/.cache/ms-playwright/webkit-2215/pw_run.sh: line 24:  8853 Trace/breakpoint trap   (core dumped) WEBKIT_FORCE_COMPLEX_TEXT="1" "$MINIBROWSER" "$@"
-   - [pid=8767] <gracefully close start>
-   - [pid=8767] <kill>
-   - [pid=8767] <will force kill>
-   - [pid=8767] <process did exit: exitCode=133, signal=null>
-   - [pid=8767] starting temporary directories cleanup
-   - [pid=8767] finished temporary directories cleanup
-   - [pid=8767] <gracefully close end>
[m
12:20:53 [[1;34mINFO[m]
12:20:53 [[1;31mERROR[m] [1;31mTests run: 1585, Failures: 0, Errors: 4, Skipped: 27[m
12:20:53 [[1;34mINFO[m]
12:20:53 [[1;34mINFO[m] [1m------------------------------------------------------------------------[m
12:20:53 [[1;34mINFO[m] [1mReactor Summary for Playwright Parent Project 1.50.0-SNAPSHOT:[m
12:20:53 [[1;34mINFO[m]
12:20:53 [[1;34mINFO[m] Playwright Parent Project .......................... [1;32mSUCCESS[m [  0.116 s]
12:20:53 [[1;34mINFO[m] Playwright - Driver ................................ [1;32mSUCCESS[m [  0.421 s]
12:20:53 [[1;34mINFO[m] Playwright - Drivers For All Platforms ............. [1;32mSUCCESS[m [ 19.831 s]
12:20:53 [[1;34mINFO[m] Playwright - Main Library .......................... [1;31mFAILURE[m [01:20 min]
12:20:53 [[1;34mINFO[m] [1m------------------------------------------------------------------------[m
12:20:53 [[1;34mINFO[m] [1;31mBUILD FAILURE[m
12:20:53 [[1;34mINFO[m] [1m------------------------------------------------------------------------[m
12:20:53 [[1;34mINFO[m] Total time:  01:40 min
12:20:53 [[1;34mINFO[m] Finished at: 2025-10-09T12:20:53-07:00
12:20:53 [[1;34mINFO[m] [1m------------------------------------------------------------------------[m
12:20:53 [[1;31mERROR[m] Failed to execute goal [32morg.apache.maven.plugins:maven-surefire-plugin:3.5.4:test[m [1m(default-test)[m on project [36mplaywright[m: [1;31m[m
12:20:53 [[1;31mERROR[m] [1;31m[m
12:20:53 [[1;31mERROR[m] [1;31mSee /app/playwright/target/surefire-reports for the individual test results.[m
12:20:53 [[1;31mERROR[m] [1;31mSee dump files (if any exist) [date].dump, [date]-jvmRun[N].dump and [date].dumpstream.[m
12:20:53 [[1;31mERROR[m] -> [1m[Help 1][m
12:20:53 [[1;31mERROR[m]
12:20:53 [[1;31mERROR[m] To see the full stack trace of the errors, re-run Maven with the [1m-e[m switch.
12:20:53 [[1;31mERROR[m] Re-run Maven using the [1m-X[m switch to enable full debug logging.
12:20:53 [[1;31mERROR[m]
12:20:53 [[1;31mERROR[m] For more information about the errors and possible solutions, please read the following articles:
12:20:53 [[1;31mERROR[m] [1m[Help 1][m http://cwiki.apache.org/confluence/display/MAVEN/MojoFailureException
12:20:53 [[1;31mERROR[m]
12:20:53 [[1;31mERROR[m] After correcting the problems, you can resume the build with the command
12:20:53 [[1;31mERROR[m]   [1mmvn <args> -rf :playwright[m
[[1;34mINFO[m] Scanning for projects...
[[1;34mINFO[m]
[[1;34mINFO[m] [1m---------< [0;36mcom.microsoft.playwright:test-spring-boot-starter[0;1m >----------[m
[[1;34mINFO[m] [1mBuilding Test Playwright With Spring Boot 1.50.0-SNAPSHOT[m
[[1;34mINFO[m] [1m--------------------------------[ jar ]---------------------------------[m
[[1;34mINFO[m]
[[1;34mINFO[m] [1m--- [0;32mmaven-resources-plugin:3.2.0:resources[m [1m(default-resources)[m @ [36mtest-spring-boot-starter[0;1m ---[m
[[1;34mINFO[m] Using 'UTF-8' encoding to copy filtered resources.
[[1;34mINFO[m] Using 'UTF-8' encoding to copy filtered properties files.
[[1;34mINFO[m] skip non existing resourceDirectory /app/tools/test-spring-boot-starter/src/main/resources
[[1;34mINFO[m] skip non existing resourceDirectory /app/tools/test-spring-boot-starter/src/main/resources
[[1;34mINFO[m]
[[1;34mINFO[m] [1m--- [0;32mmaven-compiler-plugin:3.8.1:compile[m [1m(default-compile)[m @ [36mtest-spring-boot-starter[0;1m ---[m
[[1;34mINFO[m] Changes detected - recompiling the module!
[[1;34mINFO[m] Compiling 1 source file to /app/tools/test-spring-boot-starter/target/classes
[[1;34mINFO[m]
[[1;34mINFO[m] [1m--- [0;32mmaven-resources-plugin:3.2.0:testResources[m [1m(default-testResources)[m @ [36mtest-spring-boot-starter[0;1m ---[m
[[1;34mINFO[m] Using 'UTF-8' encoding to copy filtered resources.
[[1;34mINFO[m] Using 'UTF-8' encoding to copy filtered properties files.
[[1;34mINFO[m] skip non existing resourceDirectory /app/tools/test-spring-boot-starter/src/test/resources
[[1;34mINFO[m]
[[1;34mINFO[m] [1m--- [0;32mmaven-compiler-plugin:3.8.1:testCompile[m [1m(default-testCompile)[m @ [36mtest-spring-boot-starter[0;1m ---[m
[[1;34mINFO[m] No sources to compile
[[1;34mINFO[m]
[[1;34mINFO[m] [1m--- [0;32mmaven-surefire-plugin:2.22.2:test[m [1m(default-test)[m @ [36mtest-spring-boot-starter[0;1m ---[m
[[1;34mINFO[m] Tests are skipped.
[[1;34mINFO[m]
[[1;34mINFO[m] [1m--- [0;32mmaven-jar-plugin:3.2.0:jar[m [1m(default-jar)[m @ [36mtest-spring-boot-starter[0;1m ---[m
[[1;34mINFO[m] Building jar: /app/tools/test-spring-boot-starter/target/test-spring-boot-starter-1.50.0-SNAPSHOT.jar
[[1;34mINFO[m]
[[1;34mINFO[m] [1m--- [0;32mspring-boot-maven-plugin:2.4.3:repackage[m [1m(repackage)[m @ [36mtest-spring-boot-starter[0;1m ---[m
[[1;34mINFO[m] Replacing main artifact with repackaged archive
[[1;34mINFO[m] [1m------------------------------------------------------------------------[m
[[1;34mINFO[m] [1;32mBUILD SUCCESS[m
[[1;34mINFO[m] [1m------------------------------------------------------------------------[m
[[1;34mINFO[m] Total time:  51.846 s
[[1;34mINFO[m] Finished at: 2025-10-09T12:21:46-07:00
[[1;34mINFO[m] [1m------------------------------------------------------------------------[m

  .   ____          _            __ _ _
 /\\ / ___'_ __ _ _(_)_ __  __ _ \ \ \ \
( ( )\___ | '_ | '_| | '_ \/ _` | \ \ \ \
 \\/  ___)| |_)| | | | | || (_| |  ) ) ) )
  '  |____| .__|_| |_|_| |_\__, | / / / /
 =========|_|==============|___/=/_/_/_/
 :: Spring Boot ::                (v2.4.3)

2025-10-09 12:21:47.455  INFO 29745 --- [           main] c.m.playwright.springboottest.TestApp    : Starting TestApp v1.50.0-SNAPSHOT using Java 17.0.16 on c81584d9c59a with PID 29745 (/app/tools/test-spring-boot-starter/target/test-spring-boot-starter-1.50.0-SNAPSHOT.jar started by root in /app/tools/test-spring-boot-starter)
2025-10-09 12:21:47.457  INFO 29745 --- [           main] c.m.playwright.springboottest.TestApp    : No active profile set, falling back to default profiles: default
2025-10-09 12:21:47.985  INFO 29745 --- [           main] c.m.playwright.springboottest.TestApp    : Started TestApp in 0.859 seconds (JVM running for 1.246)
Running test with chromium
SUCCESS: did evaluate in page
