-- The C compiler identification is GNU 11.4.0
-- The CXX compiler identification is GNU 11.4.0
-- The ASM compiler identification is GNU
-- Found assembler: /usr/bin/gcc-11
-- The ASM_MASM compiler identification is unknown
-- Found assembler: ml
-- Detecting C compiler ABI info
-- Detecting C compiler ABI info - done
-- Check for working C compiler: /usr/bin/gcc-11 - skipped
-- Detecting C compile features
-- Detecting C compile features - done
-- Detecting CXX compiler ABI info
-- Detecting CXX compiler ABI info - done
-- Check for working CXX compiler: /usr/bin/g++-11 - skipped
-- Detecting CXX compile features
-- Detecting CXX compile features - done
-- Ccache version: b69965b1
-- Ccache dev mode: OFF
-- Performing Test std_atomic_without_libatomic
-- Performing Test std_atomic_without_libatomic - Success
-- Performing Test std_filesystem_without_libfs
-- Performing Test std_filesystem_without_libfs - Success
-- Looking for cpuid.h
-- Looking for cpuid.h - found
-- Looking for dirent.h
-- Looking for dirent.h - found
-- Looking for linux/fs.h
-- Looking for linux/fs.h - found
-- Looking for pwd.h
-- Looking for pwd.h - found
-- Looking for spawn.h
-- Looking for spawn.h - found
-- Looking for sys/clonefile.h
-- Looking for sys/clonefile.h - not found
-- Looking for sys/file.h
-- Looking for sys/file.h - found
-- Looking for sys/ioctl.h
-- Looking for sys/ioctl.h - found
-- Looking for sys/mman.h
-- Looking for sys/mman.h - found
-- Looking for sys/sendfile.h
-- Looking for sys/sendfile.h - found
-- Looking for sys/utime.h
-- Looking for sys/utime.h - not found
-- Looking for sys/wait.h
-- Looking for sys/wait.h - found
-- Looking for syslog.h
-- Looking for syslog.h - found
-- Looking for unistd.h
-- Looking for unistd.h - found
-- Looking for utime.h
-- Looking for utime.h - found
-- Looking for getopt_long
-- Looking for getopt_long - found
-- Looking for getpwuid
-- Looking for getpwuid - found
-- Looking for localtime_r
-- Looking for localtime_r - found
-- Looking for posix_fallocate
-- Looking for posix_fallocate - found
-- Looking for setenv
-- Looking for setenv - found
-- Looking for syslog
-- Looking for syslog - found
-- Looking for unsetenv
-- Looking for unsetenv - found
-- Looking for utimensat
-- Looking for utimensat - found
-- Looking for utimes
-- Looking for utimes - found
-- Performing Test HAVE_STRUCT_STAT_ST_ATIM
-- Performing Test HAVE_STRUCT_STAT_ST_ATIM - Success
-- Performing Test HAVE_STRUCT_STAT_ST_ATIMENSEC
-- Performing Test HAVE_STRUCT_STAT_ST_ATIMENSEC - Failed
-- Performing Test HAVE_STRUCT_STAT_ST_ATIMESPEC
-- Performing Test HAVE_STRUCT_STAT_ST_ATIMESPEC - Failed
-- Performing Test HAVE_STRUCT_STAT_ST_CTIM
-- Performing Test HAVE_STRUCT_STAT_ST_CTIM - Success
-- Performing Test HAVE_STRUCT_STAT_ST_CTIMENSEC
-- Performing Test HAVE_STRUCT_STAT_ST_CTIMENSEC - Failed
-- Performing Test HAVE_STRUCT_STAT_ST_CTIMESPEC
-- Performing Test HAVE_STRUCT_STAT_ST_CTIMESPEC - Failed
-- Performing Test HAVE_STRUCT_STAT_ST_MTIM
-- Performing Test HAVE_STRUCT_STAT_ST_MTIM - Success
-- Performing Test HAVE_STRUCT_STAT_ST_MTIMENSEC
-- Performing Test HAVE_STRUCT_STAT_ST_MTIMENSEC - Failed
-- Performing Test HAVE_STRUCT_STAT_ST_MTIMESPEC
-- Performing Test HAVE_STRUCT_STAT_ST_MTIMESPEC - Failed
-- Performing Test HAVE_STRUCT_STATFS_F_FSTYPENAME
-- Performing Test HAVE_STRUCT_STATFS_F_FSTYPENAME - Failed
-- Performing Test HAVE_AVX2
-- Performing Test HAVE_AVX2 - Success
-- Using bundled Blake3 since Blake3>=1.4.0 was not found locally
-- Using bundled CppHttplib since CppHttplib>=0.10.6 was not found locally
-- Using system Fmt (/usr/lib/x86_64-linux-gnu/libfmt.so)
-- Using bundled NonstdSpan since NonstdSpan>=0.10.3 was not found locally
-- Using bundled TlExpected since TlExpected>=1.1.0 was not found locally
-- Using system Xxhash (/usr/lib/x86_64-linux-gnu/libxxhash.so)
-- Using system Zstd (/usr/lib/x86_64-linux-gnu/libzstd.so)
-- Using system doctest (/usr/include/doctest/doctest.h)
-- Using system Hiredis (/usr/lib/x86_64-linux-gnu/libhiredis.so)
-- Performing Test HAVE_ASM_SSE2
-- Performing Test HAVE_ASM_SSE2 - Success
-- Performing Test HAVE_ASM_SSE41
-- Performing Test HAVE_ASM_SSE41 - Success
-- Performing Test HAVE_ASM_AVX2
-- Performing Test HAVE_ASM_AVX2 - Success
-- Performing Test HAVE_ASM_AVX512
-- Performing Test HAVE_ASM_AVX512 - Success
-- Performing Test HAVE_NEON
-- Performing Test HAVE_NEON - Failed
-- Looking for pthread.h
-- Looking for pthread.h - found
-- Performing Test CMAKE_HAVE_LIBC_PTHREAD
-- Performing Test CMAKE_HAVE_LIBC_PTHREAD - Success
-- Found Threads: TRUE
CMake Warning at doc/CMakeLists.txt:5 (message):
  Could not find asciidoctor; documentation will not be generated


--
-- Configuration summary:
--   Storage backends:
--     file  ON
--     http  ON
--     redis ON
--   Dependencies:
--     Blake3     1.8.2  BUNDLED
--     CppHttplib 0.20.0 BUNDLED
--     Doctest    2.4.8  SYSTEM (/usr/include/doctest/doctest.h)
--     Fmt        8.1.1  SYSTEM (/usr/lib/x86_64-linux-gnu/libfmt.so)
--     Hiredis    0.14.1 SYSTEM (/usr/lib/x86_64-linux-gnu/libhiredis.so)
--     NonstdSpan 0.11.0 BUNDLED
--     TlExpected 1.1.0  BUNDLED
--     Xxhash     0.8.1  SYSTEM (/usr/lib/x86_64-linux-gnu/libxxhash.so)
--     Zstd       1.4.8  SYSTEM (/usr/lib/x86_64-linux-gnu/libzstd.so)
--
-- Configuring done
-- Generating done
-- Build files have been written to: /app/build
[1/119] Building CXX object CMakeFiles/ccache.dir/src/ccache/main.cpp.o
[2/119] Building ASM object src/third_party/blake3/CMakeFiles/dep_blake3.dir/blake3/blake3_sse2_x86-64_unix.S.o
[3/119] Building ASM object src/third_party/blake3/CMakeFiles/dep_blake3.dir/blake3/blake3_sse41_x86-64_unix.S.o
[4/119] Building ASM object src/third_party/blake3/CMakeFiles/dep_blake3.dir/blake3/blake3_avx2_x86-64_unix.S.o
[5/119] Building CXX object src/ccache/CMakeFiles/ccache_framework.dir/version.cpp.o
[6/119] Building ASM object src/third_party/blake3/CMakeFiles/dep_blake3.dir/blake3/blake3_avx512_x86-64_unix.S.o
[7/119] Building CXX object src/ccache/CMakeFiles/ccache_framework.dir/util/error.cpp.o
[8/119] Building CXX object src/ccache/CMakeFiles/ccache_framework.dir/util/cpu.cpp.o
[9/119] Building CXX object src/ccache/CMakeFiles/ccache_framework.dir/util/process.cpp.o
[10/119] Building CXX object src/ccache/CMakeFiles/ccache_framework.dir/util/filelock.cpp.o
[11/119] Building CXX object src/ccache/CMakeFiles/ccache_framework.dir/util/umaskscope.cpp.o
[12/119] Building CXX object src/ccache/CMakeFiles/ccache_framework.dir/util/time.cpp.o
[13/119] Building CXX object src/ccache/CMakeFiles/ccache_framework.dir/util/timepoint.cpp.o
[14/119] Building C object src/third_party/blake3/CMakeFiles/dep_blake3.dir/blake3/blake3_portable.c.o
[15/119] Building C object src/third_party/blake3/CMakeFiles/dep_blake3.dir/blake3/blake3_dispatch.c.o
[16/119] Building C object src/third_party/blake3/CMakeFiles/dep_blake3.dir/blake3/blake3.c.o
[17/119] Linking C static library src/third_party/blake3/libdep_blake3.a
[18/119] Building CXX object src/ccache/CMakeFiles/ccache_framework.dir/util/tokenizer.cpp.o
[19/119] Building CXX object src/ccache/CMakeFiles/ccache_framework.dir/util/zstd.cpp.o
[20/119] Building CXX object src/ccache/CMakeFiles/ccache_framework.dir/util/filesystem.cpp.o
[21/119] Building CXX object src/ccache/CMakeFiles/ccache_framework.dir/util/bytes.cpp.o
[22/119] Building CXX object src/ccache/CMakeFiles/ccache_framework.dir/util/threadpool.cpp.o
[23/119] Building CXX object unittest/CMakeFiles/unittest.dir/test_compopt.cpp.o
[24/119] Building CXX object src/ccache/CMakeFiles/ccache_framework.dir/core/statisticscounters.cpp.o
[25/119] Building CXX object src/ccache/CMakeFiles/ccache_framework.dir/util/memorymap.cpp.o
[26/119] Building CXX object src/ccache/CMakeFiles/ccache_framework.dir/storage/remote/remotestorage.cpp.o
[27/119] Building CXX object src/ccache/CMakeFiles/ccache_framework.dir/language.cpp.o
[28/119] Building CXX object src/ccache/CMakeFiles/ccache_framework.dir/core/types.cpp.o
[29/119] Building CXX object src/ccache/CMakeFiles/ccache_framework.dir/progressbar.cpp.o
[30/119] Building CXX object src/ccache/CMakeFiles/ccache_framework.dir/compopt.cpp.o
[31/119] Building CXX object src/ccache/CMakeFiles/ccache_framework.dir/util/longlivedlockfilemanager.cpp.o
[32/119] Building CXX object src/ccache/CMakeFiles/ccache_framework.dir/core/msvcshowincludesoutput.cpp.o
[33/119] Building CXX object src/ccache/CMakeFiles/ccache_framework.dir/signalhandler.cpp.o
[34/119] Building CXX object src/ccache/CMakeFiles/ccache_framework.dir/util/texttable.cpp.o
[35/119] Building CXX object src/ccache/CMakeFiles/ccache_framework.dir/util/direntry.cpp.o
[36/119] Building CXX object src/ccache/CMakeFiles/ccache_framework.dir/util/environment.cpp.o
[37/119] Building CXX object src/ccache/CMakeFiles/ccache_framework.dir/util/exec.cpp.o
[38/119] Building CXX object src/ccache/CMakeFiles/ccache_framework.dir/util/assertions.cpp.o
[39/119] Building CXX object src/ccache/CMakeFiles/ccache_framework.dir/core/resultinspector.cpp.o
[40/119] Building CXX object unittest/CMakeFiles/unittest.dir/test_core_atomicfile.cpp.o
[41/119] Building CXX object unittest/CMakeFiles/unittest.dir/test_compression_types.cpp.o
[42/119] Building CXX object src/ccache/CMakeFiles/ccache_framework.dir/util/clang.cpp.o
[43/119] Building CXX object src/ccache/CMakeFiles/ccache_framework.dir/hash.cpp.o
[44/119] Building CXX object src/ccache/CMakeFiles/test-lockfile.dir/test_lockfile.cpp.o
[45/119] Building CXX object src/ccache/CMakeFiles/ccache_framework.dir/core/atomicfile.cpp.o
[46/119] Building CXX object unittest/CMakeFiles/unittest.dir/test_core_statistics.cpp.o
[47/119] Building CXX object src/ccache/CMakeFiles/ccache_framework.dir/storage/local/statsfile.cpp.o
[48/119] Building CXX object src/ccache/CMakeFiles/ccache_framework.dir/util/logging.cpp.o
[49/119] Building CXX object unittest/CMakeFiles/unittest.dir/test_core_statisticscounters.cpp.o
[50/119] Building CXX object src/ccache/CMakeFiles/ccache_framework.dir/core/resultextractor.cpp.o
[51/119] Building CXX object src/ccache/CMakeFiles/ccache_framework.dir/core/filerecompressor.cpp.o
[52/119] Building CXX object src/ccache/CMakeFiles/ccache_framework.dir/util/temporaryfile.cpp.o
[53/119] Building CXX object src/ccache/CMakeFiles/ccache_framework.dir/storage/local/util.cpp.o
[54/119] Building CXX object unittest/CMakeFiles/unittest.dir/test_util_xxh3_64.cpp.o
[55/119] Building CXX object src/ccache/CMakeFiles/ccache_framework.dir/core/statslog.cpp.o
[56/119] Building CXX object src/ccache/CMakeFiles/ccache_framework.dir/execute.cpp.o
[57/119] Building CXX object src/ccache/CMakeFiles/ccache_framework.dir/core/cacheentry.cpp.o
[58/119] Building CXX object src/ccache/CMakeFiles/ccache_framework.dir/util/path.cpp.o
[59/119] Building CXX object unittest/CMakeFiles/unittest.dir/test_hash.cpp.o
[60/119] Building CXX object unittest/CMakeFiles/unittest.dir/test_util_duration.cpp.o
[61/119] Building CXX object unittest/CMakeFiles/unittest.dir/test_core_statslog.cpp.o
[62/119] Building CXX object unittest/CMakeFiles/unittest.dir/test_util_bitset.cpp.o
[63/119] Building CXX object src/ccache/CMakeFiles/ccache_framework.dir/core/common.cpp.o
[64/119] Building CXX object unittest/CMakeFiles/unittest.dir/test_util_timepoint.cpp.o
[65/119] Building CXX object src/ccache/CMakeFiles/ccache_framework.dir/storage/remote/filestorage.cpp.o
[66/119] Building CXX object src/ccache/CMakeFiles/ccache_framework.dir/context.cpp.o
[67/119] Building CXX object src/third_party/cxxurl/CMakeFiles/dep_cxxurl.dir/cxxurl/url.cpp.o
[68/119] Linking CXX static library src/third_party/cxxurl/libdep_cxxurl.a
[69/119] Building CXX object src/ccache/CMakeFiles/ccache_framework.dir/depfile.cpp.o
[70/119] Building CXX object src/ccache/CMakeFiles/ccache_framework.dir/storage/remote/redisstorage.cpp.o
[71/119] Building CXX object unittest/CMakeFiles/unittest.dir/test_util_clang.cpp.o
[72/119] Building CXX object src/ccache/CMakeFiles/ccache_framework.dir/core/result.cpp.o
[73/119] Building CXX object unittest/CMakeFiles/unittest.dir/test_core_msvcshowincludesoutput.cpp.o
[74/119] Building CXX object unittest/CMakeFiles/unittest.dir/test_util_exec.cpp.o
[75/119] Building CXX object src/ccache/CMakeFiles/ccache_framework.dir/core/resultretriever.cpp.o
[76/119] Building CXX object src/ccache/CMakeFiles/ccache_framework.dir/inodecache.cpp.o
[77/119] Building CXX object unittest/CMakeFiles/unittest.dir/test_core_common.cpp.o
[78/119] Building CXX object unittest/CMakeFiles/unittest.dir/test_storage_local_statsfile.cpp.o
[79/119] Building CXX object unittest/CMakeFiles/unittest.dir/test_util_zstd.cpp.o
[80/119] Building CXX object src/ccache/CMakeFiles/ccache_framework.dir/util/lockfile.cpp.o
[81/119] Building CXX object unittest/CMakeFiles/unittest.dir/test_util_expected.cpp.o
[82/119] Building CXX object src/ccache/CMakeFiles/ccache_framework.dir/util/string.cpp.o
[83/119] Building CXX object src/ccache/CMakeFiles/ccache_framework.dir/hashutil.cpp.o
[84/119] Building CXX object unittest/CMakeFiles/unittest.dir/test_util_xxh3_128.cpp.o
[85/119] Building CXX object src/ccache/CMakeFiles/ccache_framework.dir/util/args.cpp.o
[86/119] Building CXX object unittest/CMakeFiles/unittest.dir/test_util_tokenizer.cpp.o
[87/119] Building CXX object unittest/CMakeFiles/unittest.dir/test_util_conversion.cpp.o
[88/119] Building CXX object unittest/CMakeFiles/unittest.dir/test_util_texttable.cpp.o
[89/119] Building CXX object unittest/CMakeFiles/unittest.dir/test_util_lockfile.cpp.o
[90/119] Building CXX object unittest/CMakeFiles/unittest.dir/test_util_environment.cpp.o
[91/119] Building CXX object unittest/CMakeFiles/unittest.dir/test_storage_local_util.cpp.o
[92/119] Building CXX object src/ccache/CMakeFiles/ccache_framework.dir/util/file.cpp.o
[93/119] Building CXX object unittest/CMakeFiles/unittest.dir/test_hashutil.cpp.o
[94/119] Building CXX object unittest/CMakeFiles/unittest.dir/testutil.cpp.o
[95/119] Building CXX object src/ccache/CMakeFiles/ccache_framework.dir/core/manifest.cpp.o
[96/119] Building CXX object src/ccache/CMakeFiles/ccache_framework.dir/core/statistics.cpp.o
[97/119] Building CXX object unittest/CMakeFiles/unittest.dir/test_inodecache.cpp.o
[98/119] Building CXX object unittest/CMakeFiles/unittest.dir/test_util_path.cpp.o
[99/119] Building CXX object unittest/CMakeFiles/unittest.dir/test_util_bytes.cpp.o
[100/119] Building CXX object src/ccache/CMakeFiles/ccache_framework.dir/storage/storage.cpp.o
[101/119] Building CXX object unittest/CMakeFiles/unittest.dir/test_util_direntry.cpp.o
[102/119] Building CXX object unittest/CMakeFiles/unittest.dir/test_ccache.cpp.o
[103/119] Building CXX object src/ccache/CMakeFiles/ccache_framework.dir/config.cpp.o
[104/119] Building CXX object unittest/CMakeFiles/unittest.dir/test_config.cpp.o
[105/119] Building CXX object src/ccache/CMakeFiles/ccache_framework.dir/core/mainoptions.cpp.o
[106/119] Building CXX object unittest/CMakeFiles/unittest.dir/test_util_args.cpp.o
[107/119] Building CXX object unittest/CMakeFiles/unittest.dir/test_depfile.cpp.o
[108/119] Building CXX object unittest/CMakeFiles/unittest.dir/test_util_file.cpp.o
[109/119] Building CXX object src/ccache/CMakeFiles/ccache_framework.dir/argprocessing.cpp.o
[110/119] Building CXX object src/ccache/CMakeFiles/ccache_framework.dir/storage/local/localstorage.cpp.o
[111/119] Building CXX object unittest/CMakeFiles/unittest.dir/main.cpp.o
[112/119] Building CXX object src/ccache/CMakeFiles/ccache_framework.dir/ccache.cpp.o
[113/119] Building CXX object unittest/CMakeFiles/unittest.dir/test_argprocessing.cpp.o
[114/119] Building CXX object unittest/CMakeFiles/unittest.dir/test_util_string.cpp.o
[115/119] Building CXX object src/ccache/CMakeFiles/ccache_framework.dir/storage/remote/httpstorage.cpp.o
[116/119] Linking CXX static library src/ccache/libccache_framework.a
[117/119] Linking CXX executable src/ccache/test-lockfile
[118/119] Linking CXX executable ccache
[119/119] Linking CXX executable unittest/unittest
Test project /app/build
      Start  1: unittest
 1/48 Test  #1: unittest .........................***Failed    0.14 sec
type (TOO_HARD | TAKES_CONCAT_ARG) not allowed, used by -fdiagnostics-add-output
[doctest] doctest version is "2.4.8"
[doctest] run with "--help" for options
===============================================================================
/app/unittest/test_compopt.cpp:29:
TEST SUITE: compopt
TEST CASE:  option_table_should_be_sorted

/app/unittest/test_compopt.cpp:31: ERROR: CHECK( compopt_verify_sortedness_and_flags() ) is NOT correct!
  values: CHECK( false )

===============================================================================
[doctest] test cases:  203 |  202 passed | 1 failed | 5 skipped
[doctest] assertions: 2466 | 2465 passed | 1 failed |
[doctest] Status: FAILURE!
Note: Test data has been left in testdir/1023

      Start  2: test.base
 2/48 Test  #2: test.base ........................***Failed   17.35 sec
Compiler:         gcc-11 (/usr/bin/gcc-11)
Compiler version: gcc-11 (Ubuntu 11.4.0-1ubuntu1~22.04.2) 11.4.0
CUDA compiler:    not available

Running test suite base........................................................................................ccache: error: execute_noreturn of /app/test/fake-compilers/gcc-march-native.sh failed: Permission denied

FAILED

Test suite:     base (line 1640)
Test case:      -march=native, GCC
Failure reason: Expected cache_miss to be 1, actual 0

Actual statistics counters
==========================
autoconf_test                    0
bad_compiler_arguments           0
bad_input_file                   0
bad_output_file                  0
cache_miss                       0
cache_size_kibibyte              0
called_for_link                  0
called_for_preprocessing         0
cleanups_performed               0
compile_failed                   0
compiler_check_failed            0
compiler_produced_empty_output   0
compiler_produced_no_output      0
compiler_produced_stdout         0
could_not_find_compiler          0
could_not_use_modules            0
could_not_use_precompiled_header 0
direct_cache_hit                 0
direct_cache_miss                0
disabled                         0
error_hashing_extra_file         0
files_in_cache                   0
internal_error                   1
local_storage_hit                0
local_storage_miss               0
local_storage_read_hit           0
local_storage_read_miss          0
local_storage_write              0
max_cache_size_kibibyte          5242880
max_files_in_cache               0
missing_cache_file               0
modified_input_file              0
multiple_source_files            0
no_input_file                    0
output_to_stdout                 0
preprocessed_cache_hit           0
preprocessed_cache_miss          0
preprocessor_error               0
recache                          0
remote_storage_error             0
remote_storage_hit               0
remote_storage_miss              0
remote_storage_read_hit          0
remote_storage_read_miss         0
remote_storage_timeout           0
remote_storage_write             0
unsupported_code_directive       0
unsupported_compiler_option      0
unsupported_environment_variable 0
unsupported_source_encoding      0
unsupported_source_language      0

Test data and log file have been left in testdir/1043 / testdir/failed

      Start  3: test.basedir
 3/48 Test  #3: test.basedir .....................   Passed    5.00 sec
      Start  4: test.cache_levels
 4/48 Test  #4: test.cache_levels ................   Passed    1.40 sec
      Start  5: test.clang_cu
 5/48 Test  #5: test.clang_cu ....................***Skipped   0.16 sec
      Start  6: test.clang_cu_alias
 6/48 Test  #6: test.clang_cu_alias ..............***Skipped   0.16 sec
      Start  7: test.clang_cu_direct
 7/48 Test  #7: test.clang_cu_direct .............***Skipped   0.16 sec
      Start  8: test.cleanup
 8/48 Test  #8: test.cleanup .....................   Passed    6.45 sec
      Start  9: test.color_diagnostics
 9/48 Test  #9: test.color_diagnostics ...........   Passed    6.69 sec
      Start 10: test.config
10/48 Test #10: test.config ......................   Passed    0.28 sec
      Start 11: test.debug_compilation_dir
11/48 Test #11: test.debug_compilation_dir .......***Skipped   0.20 sec
      Start 12: test.debug_prefix_map
12/48 Test #12: test.debug_prefix_map ............   Passed    0.68 sec
      Start 13: test.depend
13/48 Test #13: test.depend ......................   Passed    2.85 sec
      Start 14: test.direct
14/48 Test #14: test.direct ......................   Passed   22.03 sec
      Start 15: test.fileclone
15/48 Test #15: test.fileclone ...................***Skipped   0.17 sec
      Start 16: test.hardlink
16/48 Test #16: test.hardlink ....................   Passed    1.19 sec
      Start 17: test.inode_cache
17/48 Test #17: test.inode_cache .................***Skipped   0.23 sec
      Start 18: test.input_charset
18/48 Test #18: test.input_charset ...............   Passed    0.35 sec
      Start 19: test.ivfsoverlay
19/48 Test #19: test.ivfsoverlay .................***Skipped   0.16 sec
      Start 20: test.masquerading
20/48 Test #20: test.masquerading ................   Passed    0.83 sec
      Start 21: test.modules
21/48 Test #21: test.modules .....................***Skipped   0.16 sec
      Start 22: test.multi_arch
22/48 Test #22: test.multi_arch ..................***Skipped   0.17 sec
      Start 23: test.namespace
23/48 Test #23: test.namespace ...................   Passed    1.14 sec
      Start 24: test.no_compression
24/48 Test #24: test.no_compression ..............   Passed    0.93 sec
      Start 25: test.nvcc
25/48 Test #25: test.nvcc ........................***Skipped   0.16 sec
      Start 26: test.nvcc_direct
26/48 Test #26: test.nvcc_direct .................***Skipped   0.16 sec
      Start 27: test.nvcc_ldir
27/48 Test #27: test.nvcc_ldir ...................***Skipped   0.17 sec
      Start 28: test.pch
28/48 Test #28: test.pch .........................   Passed    9.95 sec
      Start 29: test.profiling
29/48 Test #29: test.profiling ...................   Passed    3.59 sec
      Start 30: test.profiling_clang
30/48 Test #30: test.profiling_clang .............***Skipped   0.17 sec
      Start 31: test.profiling_gcc
31/48 Test #31: test.profiling_gcc ...............   Passed    2.45 sec
      Start 32: test.profiling_gcc_10+
32/48 Test #32: test.profiling_gcc_10+ ...........   Passed    1.04 sec
      Start 33: test.profiling_hip_clang
33/48 Test #33: test.profiling_hip_clang .........***Skipped   0.16 sec
      Start 34: test.readonly
34/48 Test #34: test.readonly ....................***Skipped   0.17 sec
      Start 35: test.readonly_direct
35/48 Test #35: test.readonly_direct .............***Skipped   0.16 sec
      Start 36: test.remote_file
36/48 Test #36: test.remote_file .................   Passed    6.31 sec
      Start 37: test.remote_http
37/48 Test #37: test.remote_http .................***Skipped   0.17 sec
      Start 38: test.remote_only
38/48 Test #38: test.remote_only .................   Passed    0.54 sec
      Start 39: test.remote_redis
39/48 Test #39: test.remote_redis ................   Passed    1.30 sec
      Start 40: test.remote_redis_unix
40/48 Test #40: test.remote_redis_unix ...........   Passed    1.32 sec
      Start 41: test.remote_url
41/48 Test #41: test.remote_url ..................   Passed    0.34 sec
      Start 42: test.sanitize_blacklist
42/48 Test #42: test.sanitize_blacklist ..........***Skipped   0.21 sec
      Start 43: test.serialize_diagnostics
43/48 Test #43: test.serialize_diagnostics .......***Skipped   0.20 sec
      Start 44: test.source_date_epoch
44/48 Test #44: test.source_date_epoch ...........   Passed    1.02 sec
      Start 45: test.split_dwarf
45/48 Test #45: test.split_dwarf .................   Passed    1.73 sec
      Start 46: test.stats_log
46/48 Test #46: test.stats_log ...................   Passed    0.35 sec
      Start 47: test.trim_dir
47/48 Test #47: test.trim_dir ....................   Passed    0.26 sec
      Start 48: test.upgrade
48/48 Test #48: test.upgrade .....................   Passed    0.33 sec

96% tests passed, 2 tests failed out of 48

Total Test time (real) = 101.22 sec

The following tests did not run:
	  5 - test.clang_cu (Skipped)
	  6 - test.clang_cu_alias (Skipped)
	  7 - test.clang_cu_direct (Skipped)
	 11 - test.debug_compilation_dir (Skipped)
	 15 - test.fileclone (Skipped)
	 17 - test.inode_cache (Skipped)
	 19 - test.ivfsoverlay (Skipped)
	 21 - test.modules (Skipped)
	 22 - test.multi_arch (Skipped)
	 25 - test.nvcc (Skipped)
	 26 - test.nvcc_direct (Skipped)
	 27 - test.nvcc_ldir (Skipped)
	 30 - test.profiling_clang (Skipped)
	 33 - test.profiling_hip_clang (Skipped)
	 34 - test.readonly (Skipped)
	 35 - test.readonly_direct (Skipped)
	 37 - test.remote_http (Skipped)
	 42 - test.sanitize_blacklist (Skipped)
	 43 - test.serialize_diagnostics (Skipped)

The following tests FAILED:
	  1 - unittest (Failed)
	  2 - test.base (Failed)
Errors while running CTest
