[1mApache Maven 3.6.3[m
Maven home: /usr/share/maven
Java version: 21.0.8, vendor: Ubuntu, runtime: /usr/lib/jvm/java-21-openjdk-amd64
Default locale: en_US, platform encoding: UTF-8
OS name: "linux", version: "5.4.0-196-generic", arch: "amd64", family: "unix"
[INFO] Error stacktraces are turned on.
[INFO] Scanning for projects...
[INFO] ------------------------------------------------------------------------
[INFO] Detecting the operating system and CPU architecture
[INFO] ------------------------------------------------------------------------
[INFO] os.detected.name: linux
[INFO] os.detected.arch: x86_64
[INFO] os.detected.version: 5.4
[INFO] os.detected.version.major: 5
[INFO] os.detected.version.minor: 4
[INFO] os.detected.release: ubuntu
[INFO] os.detected.release.version: 22.04
[INFO] os.detected.release.like.ubuntu: true
[INFO] os.detected.release.like.debian: true
[INFO] os.detected.classifier: linux-x86_64
[INFO] ------------------------------------------------------------------------
[INFO] Reactor Build Order:
[INFO]
[INFO] Seata Build 2.6.0-SNAPSHOT                                         [pom]
[INFO] Seata Parent POM 2.6.0-SNAPSHOT                                    [pom]
[INFO] seata-common 2.6.0-SNAPSHOT                                        [jar]
[INFO] seata-config 2.6.0-SNAPSHOT                                        [pom]
[INFO] seata-config-core 2.6.0-SNAPSHOT                                   [jar]
[INFO] seata-config-custom 2.6.0-SNAPSHOT                                 [jar]
[INFO] seata-config-apollo 2.6.0-SNAPSHOT                                 [jar]
[INFO] seata-config-nacos 2.6.0-SNAPSHOT                                  [jar]
[INFO] seata-config-zk 2.6.0-SNAPSHOT                                     [jar]
[INFO] seata-config-consul 2.6.0-SNAPSHOT                                 [jar]
[INFO] seata-config-etcd3 2.6.0-SNAPSHOT                                  [jar]
[INFO] seata-config-spring-cloud 2.6.0-SNAPSHOT                           [jar]
[INFO] seata-discovery 2.6.0-SNAPSHOT                                     [pom]
[INFO] seata-discovery-core 2.6.0-SNAPSHOT                                [jar]
[INFO] seata-core 2.6.0-SNAPSHOT                                          [jar]
[INFO] seata-discovery-custom 2.6.0-SNAPSHOT                              [jar]
[INFO] seata-discovery-consul 2.6.0-SNAPSHOT                              [jar]
[INFO] seata-discovery-eureka 2.6.0-SNAPSHOT                              [jar]
[INFO] seata-discovery-nacos 2.6.0-SNAPSHOT                               [jar]
[INFO] seata-discovery-redis 2.6.0-SNAPSHOT                               [jar]
[INFO] seata-discovery-sofa 2.6.0-SNAPSHOT                                [jar]
[INFO] seata-discovery-raft 2.6.0-SNAPSHOT                                [jar]
[INFO] seata-discovery-zk 2.6.0-SNAPSHOT                                  [jar]
[INFO] seata-discovery-etcd3 2.6.0-SNAPSHOT                               [jar]
[INFO] seata-discovery-namingserver 2.6.0-SNAPSHOT                        [jar]
[INFO] seata-tm 2.6.0-SNAPSHOT                                            [jar]
[INFO] seata-rpc-core 2.6.0-SNAPSHOT                                      [jar]
[INFO] seata-brpc 2.6.0-SNAPSHOT                                          [jar]
[INFO] seata-http 2.6.0-SNAPSHOT                                          [jar]
[INFO] seata-http-jakarta 2.6.0-SNAPSHOT                                  [jar]
[INFO] seata-dubbo-alibaba 2.6.0-SNAPSHOT                                 [jar]
[INFO] seata-sofa-rpc 2.6.0-SNAPSHOT                                      [jar]
[INFO] seata-motan 2.6.0-SNAPSHOT                                         [jar]
[INFO] seata-rm 2.6.0-SNAPSHOT                                            [jar]
[INFO] seata-sqlparser 2.6.0-SNAPSHOT                                     [pom]
[INFO] seata-sqlparser-core 2.6.0-SNAPSHOT                                [jar]
[INFO] seata-compressor 2.6.0-SNAPSHOT                                    [pom]
[INFO] seata-compressor-gzip 2.6.0-SNAPSHOT                               [jar]
[INFO] seata-compressor-bzip2 2.6.0-SNAPSHOT                              [jar]
[INFO] seata-compressor-zip 2.6.0-SNAPSHOT                                [jar]
[INFO] seata-compressor-lz4 2.6.0-SNAPSHOT                                [jar]
[INFO] seata-compressor-deflater 2.6.0-SNAPSHOT                           [jar]
[INFO] seata-compressor-zstd 2.6.0-SNAPSHOT                               [jar]
[INFO] seata-compressor-all 2.6.0-SNAPSHOT                                [jar]
[INFO] seata-sqlparser-druid 2.6.0-SNAPSHOT                               [jar]
[INFO] seata-rm-datasource 2.6.0-SNAPSHOT                                 [jar]
[INFO] seata-serializer 2.6.0-SNAPSHOT                                    [pom]
[INFO] seata-serializer-seata 2.6.0-SNAPSHOT                              [jar]
[INFO] seata-serializer-protobuf 2.6.0-SNAPSHOT                           [jar]
[INFO] seata-serializer-kryo 2.6.0-SNAPSHOT                               [jar]
[INFO] seata-serializer-hessian 2.6.0-SNAPSHOT                            [jar]
[INFO] seata-serializer-fastjson2 2.6.0-SNAPSHOT                          [jar]
[INFO] seata-serializer-fury 2.6.0-SNAPSHOT                               [jar]
[INFO] seata-serializer-all 2.6.0-SNAPSHOT                                [jar]
[INFO] seata-integration-tx-api 2.6.0-SNAPSHOT                            [jar]
[INFO] seata-tcc 2.6.0-SNAPSHOT                                           [jar]
[INFO] seata-rocketmq 2.6.0-SNAPSHOT                                      [jar]
[INFO] seata-sqlparser-antlr 2.6.0-SNAPSHOT                               [jar]
[INFO] seata-spring 2.6.0-SNAPSHOT                                        [jar]
[INFO] seata-grpc 2.6.0-SNAPSHOT                                          [jar]
[INFO] seata-hsf 2.6.0-SNAPSHOT                                           [jar]
[INFO] seata-saga 2.6.0-SNAPSHOT                                          [pom]
[INFO] seata-saga-processctrl 2.6.0-SNAPSHOT                              [jar]
[INFO] seata-saga-statelang 2.6.0-SNAPSHOT                                [jar]
[INFO] seata-saga-engine-store 2.6.0-SNAPSHOT                             [jar]
[INFO] seata-saga-engine 2.6.0-SNAPSHOT                                   [jar]
[INFO] seata-saga-rm 2.6.0-SNAPSHOT                                       [jar]
[INFO] seata-saga-spring 2.6.0-SNAPSHOT                                   [jar]
[INFO] seata-saga-annotation 2.6.0-SNAPSHOT                               [jar]
[INFO] seata-metrics 2.6.0-SNAPSHOT                                       [pom]
[INFO] seata-metrics-api 2.6.0-SNAPSHOT                                   [jar]
[INFO] seata-all 2.6.0-SNAPSHOT                                           [jar]
[INFO] Seata All-in-one 2.6.0-SNAPSHOT                                    [jar]
[INFO] Seata bom 2.6.0-SNAPSHOT                                           [pom]
[INFO] seata-config-all 2.6.0-SNAPSHOT                                    [jar]
[INFO] seata-console 2.6.0-SNAPSHOT                                       [jar]
[INFO] Seata dependencies 2.6.0-SNAPSHOT                                  [pom]
[INFO] seata-discovery-all 2.6.0-SNAPSHOT                                 [jar]
[INFO] seata-dubbo 2.6.0-SNAPSHOT                                         [pom]
[INFO] seata-mock-server 2.6.0-SNAPSHOT                                   [jar]
[INFO] seata-metrics-core 2.6.0-SNAPSHOT                                  [jar]
[INFO] seata-metrics-registry-compact 2.6.0-SNAPSHOT                      [jar]
[INFO] seata-metrics-exporter-prometheus 2.6.0-SNAPSHOT                   [jar]
[INFO] seata-metrics-all 2.6.0-SNAPSHOT                                   [jar]
[INFO] seata-spring-autoconfigure 2.6.0-SNAPSHOT                          [pom]
[INFO] seata-spring-autoconfigure-core 2.6.0-SNAPSHOT                     [jar]
[INFO] seata-spring-autoconfigure-client 2.6.0-SNAPSHOT                   [jar]
[INFO] seata-spring-boot-starter 2.6.0-SNAPSHOT                           [jar]
[INFO] seata-spring-autoconfigure-server 2.6.0-SNAPSHOT                   [jar]
[INFO] seata-server 2.6.0-SNAPSHOT                                        [jar]
[INFO] apm-seata-skywalking-plugin 2.6.0-SNAPSHOT                         [jar]
[INFO] seata-namingserver 2.6.0-SNAPSHOT                                  [jar]
[INFO] seata-distribution 2.6.0-SNAPSHOT                                  [pom]
[INFO] seata-test 2.6.0-SNAPSHOT                                          [jar]
[INFO] seata-test-old-version                                             [jar]
[INFO]
[INFO] Using the MultiThreadedBuilder implementation with a thread count of 352
[INFO]
[INFO] --------------------< org.apache.seata:seata-build >--------------------
[INFO] Building Seata Build 2.6.0-SNAPSHOT 2.6.0-SNAPSHOT                [1/95]
[INFO] --------------------------------[ pom ]---------------------------------
[INFO]
[INFO] --- maven-clean-plugin:3.1.0:clean (default-clean) @ seata-build ---
[INFO] Deleting /app/build (includes = [*-pom.xml, **/db_store/**, **/sessionStore/**, **/root.data], excludes = [])
[INFO]
[INFO] --- maven-enforcer-plugin:3.0.0-M3:enforce (enforce-maven-version) @ seata-build ---
[INFO]
[INFO] --- maven-enforcer-plugin:3.0.0-M3:enforce (enforce-maven) @ seata-build ---
[INFO]
[INFO] --- git-commit-id-plugin:4.9.10:revision (get-the-git-infos) @ seata-build ---
[INFO] skip is enabled, skipping execution!
[INFO]
[INFO] --- maven-remote-resources-plugin:1.5:process (process-resource-bundles) @ seata-build ---
[INFO]
[INFO] -------------------< org.apache.seata:seata-parent >--------------------
[INFO]
[INFO] Building Seata Parent POM 2.6.0-SNAPSHOT 2.6.0-SNAPSHOT           [2/95]
[INFO] ---------------------< org.apache.seata:seata-bom >---------------------
[INFO] Building Seata bom 2.6.0-SNAPSHOT 2.6.0-SNAPSHOT                  [3/95]
[INFO]
[INFO] --------------------------------[ pom ]---------------------------------
[INFO] --------------------------------[ pom ]---------------------------------
[INFO] ----------------< org.apache.seata:seata-dependencies >-----------------
[INFO] Building Seata dependencies 2.6.0-SNAPSHOT 2.6.0-SNAPSHOT         [4/95]
[INFO] --------------------------------[ pom ]---------------------------------
[INFO]
[INFO] --- maven-clean-plugin:3.1.0:clean (default-clean) @ seata-bom ---
[INFO] Deleting /app/bom (includes = [*-pom.xml, **/db_store/**, **/sessionStore/**, **/root.data], excludes = [])
[INFO]
[INFO] --- maven-enforcer-plugin:3.0.0-M3:enforce (enforce-maven-version) @ seata-bom ---
[INFO]
[INFO] --- maven-clean-plugin:3.1.0:clean (default-clean) @ seata-dependencies ---
[INFO]
[INFO] --- maven-enforcer-plugin:3.0.0-M3:enforce (enforce-maven) @ seata-bom ---
[INFO] Deleting /app/dependencies (includes = [*-pom.xml, **/db_store/**, **/sessionStore/**, **/root.data], excludes = [])
[INFO]
[INFO] --- maven-enforcer-plugin:3.0.0-M3:enforce (enforce-maven-version) @ seata-dependencies ---
[INFO]
[INFO] --- git-commit-id-plugin:4.9.10:revision (get-the-git-infos) @ seata-bom ---
[INFO]
[INFO] --- maven-enforcer-plugin:3.0.0-M3:enforce (enforce-maven) @ seata-dependencies ---
[INFO]
[INFO] --- git-commit-id-plugin:4.9.10:revision (get-the-git-infos) @ seata-dependencies ---
[INFO] skip is enabled, skipping execution!
[INFO]
[INFO] --- maven-remote-resources-plugin:1.5:process (process-resource-bundles) @ seata-bom ---
[INFO] skip is enabled, skipping execution!
[INFO]
[INFO] --- maven-remote-resources-plugin:1.5:process (process-resource-bundles) @ seata-dependencies ---
[INFO]
[INFO] --- maven-clean-plugin:3.1.0:clean (default-clean) @ seata-parent ---
[INFO] Deleting /app (includes = [*-pom.xml, **/db_store/**, **/sessionStore/**, **/root.data], excludes = [])
[INFO]
[INFO] --- maven-enforcer-plugin:3.0.0-M3:enforce (enforce-maven-version) @ seata-parent ---
[INFO]
[INFO] --- maven-enforcer-plugin:3.0.0-M3:enforce (enforce-maven) @ seata-parent ---
[INFO]
[INFO] >>> maven-pmd-plugin:3.8:check (pmd-check) > :pmd @ seata-parent >>>
[INFO]
[INFO] --- maven-pmd-plugin:3.8:pmd (pmd) @ seata-parent ---
[INFO]
[INFO] <<< maven-pmd-plugin:3.8:check (pmd-check) < :pmd @ seata-parent <<<
[INFO]
[INFO]
[INFO] --- maven-pmd-plugin:3.8:check (pmd-check) @ seata-parent ---
[INFO]
[INFO] --- git-commit-id-plugin:4.9.10:revision (get-the-git-infos) @ seata-parent ---
[INFO] skip is enabled, skipping execution!
[INFO]
[INFO] --- jacoco-maven-plugin:0.8.7:prepare-agent (default) @ seata-parent ---
[INFO] argLine set to -javaagent:/root/.m2/repository/org/jacoco/org.jacoco.agent/0.8.7/org.jacoco.agent-0.8.7-runtime.jar=destfile=/app/target/jacoco.exec,excludes=**/test/**
[INFO]
[INFO] --- spotless-maven-plugin:2.44.3:apply (default) @ seata-parent ---
[INFO] Index file does not exist. Fallback to an empty index
[INFO]
[INFO] --- maven-remote-resources-plugin:1.5:process (process-resource-bundles) @ seata-parent ---
[INFO]
[INFO] --- jacoco-maven-plugin:0.8.7:report (report) @ seata-parent ---
[INFO] Skipping JaCoCo execution due to missing execution data file.
[INFO]
[INFO] --- jacoco-maven-plugin:0.8.7:report (report-aggregate) @ seata-parent ---
[INFO] Skipping JaCoCo execution due to missing execution data file.
[INFO]
[INFO] --- jacoco-maven-plugin:0.8.7:report-aggregate (report-aggregate) @ seata-parent ---
[INFO]
[INFO] -------------------< org.apache.seata:seata-common >--------------------
[INFO]
[INFO] Building seata-common 2.6.0-SNAPSHOT 2.6.0-SNAPSHOT               [5/95]
[INFO]
[INFO] -------------------< org.apache.seata:seata-config >--------------------
[INFO]
[INFO] --------------------------------[ jar ]---------------------------------
[INFO] ------------------< org.apache.seata:seata-discovery >------------------
[INFO]
[INFO] ------------------< org.apache.seata:seata-sqlparser >------------------
[INFO]
[INFO] Building seata-sqlparser 2.6.0-SNAPSHOT 2.6.0-SNAPSHOT            [8/95]
[INFO] Building seata-config 2.6.0-SNAPSHOT 2.6.0-SNAPSHOT               [6/95]
[INFO]
[INFO] --------------------------------[ pom ]---------------------------------
[INFO]
[INFO] -----------------< org.apache.seata:seata-compressor >------------------
[INFO] Building seata-compressor 2.6.0-SNAPSHOT 2.6.0-SNAPSHOT           [9/95]
[INFO]
[INFO] -------------------< org.apache.seata:seata-metrics >-------------------
[INFO] -----------------< org.apache.seata:seata-serializer >------------------
[INFO] Building seata-serializer 2.6.0-SNAPSHOT 2.6.0-SNAPSHOT          [11/95]
[INFO] Building seata-discovery 2.6.0-SNAPSHOT 2.6.0-SNAPSHOT            [7/95]
[INFO] --------------------------------[ pom ]---------------------------------
[INFO] Building seata-metrics 2.6.0-SNAPSHOT 2.6.0-SNAPSHOT             [10/95]
[INFO] --------------------------------[ pom ]---------------------------------
[INFO] --------------------------------[ pom ]---------------------------------
[INFO] --------------------< org.apache.seata:seata-dubbo >--------------------
[INFO] ----------------< org.apache.seata:seata-distribution >-----------------
[INFO] --------------------------------[ pom ]---------------------------------
[INFO] Building seata-distribution 2.6.0-SNAPSHOT 2.6.0-SNAPSHOT        [13/95]
[INFO] Building seata-dubbo 2.6.0-SNAPSHOT 2.6.0-SNAPSHOT               [12/95]
[INFO] --------------------------------[ pom ]---------------------------------
[INFO] --------------------------------[ pom ]---------------------------------
[INFO] --------------------------------[ pom ]---------------------------------
[INFO]
[INFO] --- maven-clean-plugin:3.1.0:clean (default-clean) @ seata-sqlparser ---
[INFO] Deleting /app/sqlparser (includes = [*-pom.xml, **/db_store/**, **/sessionStore/**, **/root.data], excludes = [])
[INFO]
[INFO] --- maven-clean-plugin:3.1.0:clean (default-clean) @ seata-compressor ---
[INFO] Deleting /app/compressor (includes = [*-pom.xml, **/db_store/**, **/sessionStore/**, **/root.data], excludes = [])
[INFO]
[INFO] --- maven-enforcer-plugin:3.0.0-M3:enforce (enforce-maven-version) @ seata-sqlparser ---
[INFO]
[INFO] --- maven-enforcer-plugin:3.0.0-M3:enforce (enforce-maven) @ seata-sqlparser ---
[INFO]
[INFO] >>> maven-pmd-plugin:3.8:check (pmd-check) > :pmd @ seata-sqlparser >>>
[INFO]
[INFO] --- maven-clean-plugin:3.1.0:clean (default-clean) @ seata-metrics ---
[INFO]
[INFO] --- maven-enforcer-plugin:3.0.0-M3:enforce (enforce-maven-version) @ seata-compressor ---
[INFO]
[INFO] --- maven-enforcer-plugin:3.0.0-M3:enforce (enforce-maven) @ seata-compressor ---
[INFO] Deleting /app/metrics (includes = [*-pom.xml, **/db_store/**, **/sessionStore/**, **/root.data], excludes = [])
[INFO]
[INFO] >>> maven-pmd-plugin:3.8:check (pmd-check) > :pmd @ seata-compressor >>>
[INFO]
[INFO] --- maven-enforcer-plugin:3.0.0-M3:enforce (enforce-maven-version) @ seata-metrics ---
[INFO]
[INFO] --- maven-enforcer-plugin:3.0.0-M3:enforce (enforce-maven) @ seata-metrics ---
[INFO]
[INFO] >>> maven-pmd-plugin:3.8:check (pmd-check) > :pmd @ seata-metrics >>>
[INFO]
[INFO] --- maven-clean-plugin:3.1.0:clean (default-clean) @ seata-serializer ---
[INFO]
[INFO] --- maven-clean-plugin:3.1.0:clean (default-clean) @ seata-discovery ---
[INFO] Deleting /app/serializer (includes = [*-pom.xml, **/db_store/**, **/sessionStore/**, **/root.data], excludes = [])
[INFO]
[INFO]
[INFO] --- maven-clean-plugin:3.1.0:clean (default-clean) @ seata-config ---
[INFO] Deleting /app/discovery (includes = [*-pom.xml, **/db_store/**, **/sessionStore/**, **/root.data], excludes = [])
[INFO] --- maven-clean-plugin:3.1.0:clean (default-clean) @ seata-distribution ---
[INFO] Deleting /app/config (includes = [*-pom.xml, **/db_store/**, **/sessionStore/**, **/root.data], excludes = [])
[INFO] Deleting /app/distribution (includes = [*-pom.xml, **/db_store/**, **/sessionStore/**, **/root.data], excludes = [])
[INFO]
[INFO] --- maven-pmd-plugin:3.8:pmd (pmd) @ seata-sqlparser ---
[INFO]
[INFO] --- maven-pmd-plugin:3.8:pmd (pmd) @ seata-compressor ---
[INFO]
[INFO] --- maven-pmd-plugin:3.8:pmd (pmd) @ seata-metrics ---
[INFO]
[INFO] --- maven-enforcer-plugin:3.0.0-M3:enforce (enforce-maven-version) @ seata-distribution ---
[INFO]
[INFO] <<< maven-pmd-plugin:3.8:check (pmd-check) < :pmd @ seata-sqlparser <<<
[INFO]
[INFO]
[INFO]
[INFO] --- maven-enforcer-plugin:3.0.0-M3:enforce (enforce-maven) @ seata-distribution ---
[INFO] --- maven-pmd-plugin:3.8:check (pmd-check) @ seata-sqlparser ---
[INFO]
[INFO] <<< maven-pmd-plugin:3.8:check (pmd-check) < :pmd @ seata-compressor <<<
[INFO]
[INFO]
[INFO] --- maven-pmd-plugin:3.8:check (pmd-check) @ seata-compressor ---
[INFO]
[INFO] >>> maven-pmd-plugin:3.8:check (pmd-check) > :pmd @ seata-distribution >>>
[INFO]
[INFO]
[INFO] <<< maven-pmd-plugin:3.8:check (pmd-check) < :pmd @ seata-metrics <<<
[INFO] --- git-commit-id-plugin:4.9.10:revision (get-the-git-infos) @ seata-sqlparser ---
[INFO]
[INFO]
[INFO] --- git-commit-id-plugin:4.9.10:revision (get-the-git-infos) @ seata-compressor ---
[INFO]
[INFO] --- maven-pmd-plugin:3.8:check (pmd-check) @ seata-metrics ---
[INFO]
[INFO] --- git-commit-id-plugin:4.9.10:revision (get-the-git-infos) @ seata-metrics ---
[INFO]
[INFO] --- maven-enforcer-plugin:3.0.0-M3:enforce (enforce-maven-version) @ seata-serializer ---
[INFO] skip is enabled, skipping execution!
[INFO]
[INFO] --- jacoco-maven-plugin:0.8.7:prepare-agent (default) @ seata-sqlparser ---
[INFO] skip is enabled, skipping execution!
[INFO]
[INFO] --- maven-enforcer-plugin:3.0.0-M3:enforce (enforce-maven) @ seata-serializer ---
[INFO]
[INFO] skip is enabled, skipping execution!
[INFO] --- jacoco-maven-plugin:0.8.7:prepare-agent (default) @ seata-compressor ---
[INFO]
[INFO] --- jacoco-maven-plugin:0.8.7:prepare-agent (default) @ seata-metrics ---
[INFO]
[INFO] >>> maven-pmd-plugin:3.8:check (pmd-check) > :pmd @ seata-serializer >>>
[INFO] argLine set to -javaagent:/root/.m2/repository/org/jacoco/org.jacoco.agent/0.8.7/org.jacoco.agent-0.8.7-runtime.jar=destfile=/app/sqlparser/target/jacoco.exec,excludes=**/test/**
[INFO]
[INFO] --- spotless-maven-plugin:2.44.3:apply (default) @ seata-sqlparser ---
[INFO] argLine set to -javaagent:/root/.m2/repository/org/jacoco/org.jacoco.agent/0.8.7/org.jacoco.agent-0.8.7-runtime.jar=destfile=/app/compressor/target/jacoco.exec,excludes=**/test/**
[INFO] argLine set to -javaagent:/root/.m2/repository/org/jacoco/org.jacoco.agent/0.8.7/org.jacoco.agent-0.8.7-runtime.jar=destfile=/app/metrics/target/jacoco.exec,excludes=**/test/**
[INFO]
[INFO] --- spotless-maven-plugin:2.44.3:apply (default) @ seata-compressor ---
[INFO]
[INFO] --- spotless-maven-plugin:2.44.3:apply (default) @ seata-metrics ---
[INFO]
[INFO] --- maven-enforcer-plugin:3.0.0-M3:enforce (enforce-maven-version) @ seata-config ---
[INFO]
[INFO] --- maven-enforcer-plugin:3.0.0-M3:enforce (enforce-maven-version) @ seata-discovery ---
[INFO]
[INFO] --- maven-enforcer-plugin:3.0.0-M3:enforce (enforce-maven) @ seata-config ---
[INFO]
[INFO] --- maven-enforcer-plugin:3.0.0-M3:enforce (enforce-maven) @ seata-discovery ---
[INFO]
[INFO] >>> maven-pmd-plugin:3.8:check (pmd-check) > :pmd @ seata-config >>>
[INFO]
[INFO] >>> maven-pmd-plugin:3.8:check (pmd-check) > :pmd @ seata-discovery >>>
[INFO]
[INFO] --- maven-pmd-plugin:3.8:pmd (pmd) @ seata-distribution ---
[INFO]
[INFO] --- maven-pmd-plugin:3.8:pmd (pmd) @ seata-serializer ---
[INFO]
[INFO] <<< maven-pmd-plugin:3.8:check (pmd-check) < :pmd @ seata-distribution <<<
[INFO]
[INFO]
[INFO] --- maven-pmd-plugin:3.8:check (pmd-check) @ seata-distribution ---
[INFO]
[INFO] --- git-commit-id-plugin:4.9.10:revision (get-the-git-infos) @ seata-distribution ---
[INFO] skip is enabled, skipping execution!
[INFO]
[INFO]
[INFO] --- jacoco-maven-plugin:0.8.7:prepare-agent (default) @ seata-distribution ---
[INFO] Index file does not exist. Fallback to an empty index
[INFO] <<< maven-pmd-plugin:3.8:check (pmd-check) < :pmd @ seata-serializer <<<
[INFO]
[INFO]
[INFO] --- maven-pmd-plugin:3.8:check (pmd-check) @ seata-serializer ---
[INFO] Index file does not exist. Fallback to an empty index
[INFO] Index file does not exist. Fallback to an empty index
[INFO] argLine set to -javaagent:/root/.m2/repository/org/jacoco/org.jacoco.agent/0.8.7/org.jacoco.agent-0.8.7-runtime.jar=destfile=/app/distribution/target/jacoco.exec,excludes=**/test/**
[INFO]
[INFO] --- git-commit-id-plugin:4.9.10:revision (get-the-git-infos) @ seata-serializer ---
[INFO]
[INFO]
[INFO] --- maven-remote-resources-plugin:1.5:process (process-resource-bundles) @ seata-sqlparser ---
[INFO]
[INFO] --- spotless-maven-plugin:2.44.3:apply (default) @ seata-distribution ---
[INFO] --- maven-remote-resources-plugin:1.5:process (process-resource-bundles) @ seata-compressor ---
[INFO]
[INFO] --- maven-remote-resources-plugin:1.5:process (process-resource-bundles) @ seata-metrics ---
[INFO] skip is enabled, skipping execution!
[INFO]
[INFO] --- jacoco-maven-plugin:0.8.7:prepare-agent (default) @ seata-serializer ---
[INFO]
[INFO] --- maven-pmd-plugin:3.8:pmd (pmd) @ seata-discovery ---
[INFO] argLine set to -javaagent:/root/.m2/repository/org/jacoco/org.jacoco.agent/0.8.7/org.jacoco.agent-0.8.7-runtime.jar=destfile=/app/serializer/target/jacoco.exec,excludes=**/test/**
[INFO]
[INFO] --- spotless-maven-plugin:2.44.3:apply (default) @ seata-serializer ---
[INFO]
[INFO] --- maven-pmd-plugin:3.8:pmd (pmd) @ seata-config ---
[INFO]
[INFO] <<< maven-pmd-plugin:3.8:check (pmd-check) < :pmd @ seata-discovery <<<
[INFO]
[INFO]
[INFO] --- maven-pmd-plugin:3.8:check (pmd-check) @ seata-discovery ---
[INFO]
[INFO] --- git-commit-id-plugin:4.9.10:revision (get-the-git-infos) @ seata-discovery ---
[INFO] skip is enabled, skipping execution!
[INFO]
[INFO] --- jacoco-maven-plugin:0.8.7:prepare-agent (default) @ seata-discovery ---
[INFO]
[INFO] argLine set to -javaagent:/root/.m2/repository/org/jacoco/org.jacoco.agent/0.8.7/org.jacoco.agent-0.8.7-runtime.jar=destfile=/app/discovery/target/jacoco.exec,excludes=**/test/**
[INFO] <<< maven-pmd-plugin:3.8:check (pmd-check) < :pmd @ seata-config <<<
[INFO]
[INFO]
[INFO]
[INFO] --- spotless-maven-plugin:2.44.3:apply (default) @ seata-discovery ---
[INFO] --- maven-pmd-plugin:3.8:check (pmd-check) @ seata-config ---
[INFO] Index file does not exist. Fallback to an empty index
[INFO]
[INFO]
[INFO] --- git-commit-id-plugin:4.9.10:revision (get-the-git-infos) @ seata-config ---
[INFO] --- maven-remote-resources-plugin:1.5:process (process-resource-bundles) @ seata-distribution ---
[INFO] Index file does not exist. Fallback to an empty index
[INFO]
[INFO] --- maven-remote-resources-plugin:1.5:process (process-resource-bundles) @ seata-serializer ---
[INFO] skip is enabled, skipping execution!
[INFO]
[INFO] --- jacoco-maven-plugin:0.8.7:prepare-agent (default) @ seata-config ---
[INFO] argLine set to -javaagent:/root/.m2/repository/org/jacoco/org.jacoco.agent/0.8.7/org.jacoco.agent-0.8.7-runtime.jar=destfile=/app/config/target/jacoco.exec,excludes=**/test/**
[INFO]
[INFO] --- spotless-maven-plugin:2.44.3:apply (default) @ seata-config ---
[INFO] Index file does not exist. Fallback to an empty index
[INFO]
[INFO] --- maven-remote-resources-plugin:1.5:process (process-resource-bundles) @ seata-discovery ---
[INFO]
[INFO] --- jacoco-maven-plugin:0.8.7:report (report) @ seata-metrics ---
[INFO]
[INFO] --- jacoco-maven-plugin:0.8.7:report (report) @ seata-sqlparser ---
[INFO] Skipping JaCoCo execution due to missing execution data file.
[INFO] Skipping JaCoCo execution due to missing execution data file.
[INFO]
[INFO]
[INFO]
[INFO] --- jacoco-maven-plugin:0.8.7:report (report-aggregate) @ seata-metrics ---
[INFO] --- jacoco-maven-plugin:0.8.7:report (report) @ seata-compressor ---
[INFO] --- jacoco-maven-plugin:0.8.7:report (report-aggregate) @ seata-sqlparser ---
[INFO] Skipping JaCoCo execution due to missing execution data file.
[INFO]
[INFO] Skipping JaCoCo execution due to missing execution data file.
[INFO] Skipping JaCoCo execution due to missing execution data file.
[INFO] --- jacoco-maven-plugin:0.8.7:report-aggregate (report-aggregate) @ seata-metrics ---
[INFO]
[INFO]
[INFO] --- jacoco-maven-plugin:0.8.7:report-aggregate (report-aggregate) @ seata-sqlparser ---
[INFO] --- jacoco-maven-plugin:0.8.7:report (report-aggregate) @ seata-compressor ---
[INFO] Index file does not exist. Fallback to an empty index
[INFO] Skipping JaCoCo execution due to missing execution data file.
[INFO]
[INFO] --- jacoco-maven-plugin:0.8.7:report-aggregate (report-aggregate) @ seata-compressor ---
[INFO]
[INFO] --- maven-remote-resources-plugin:1.5:process (process-resource-bundles) @ seata-config ---
[INFO]
[INFO] --- jacoco-maven-plugin:0.8.7:report (report) @ seata-distribution ---
[INFO]
[INFO] --- jacoco-maven-plugin:0.8.7:report (report) @ seata-serializer ---
[INFO] Skipping JaCoCo execution due to missing execution data file.
[INFO] Skipping JaCoCo execution due to missing execution data file.
[INFO]
[INFO] --- jacoco-maven-plugin:0.8.7:report (report-aggregate) @ seata-distribution ---
[INFO]
[INFO] --- jacoco-maven-plugin:0.8.7:report (report-aggregate) @ seata-serializer ---
[INFO]
[INFO] --- jacoco-maven-plugin:0.8.7:report (report) @ seata-discovery ---
[INFO] Skipping JaCoCo execution due to missing execution data file.
[INFO] Skipping JaCoCo execution due to missing execution data file.
[INFO]
[INFO] --- jacoco-maven-plugin:0.8.7:report-aggregate (report-aggregate) @ seata-serializer ---
[INFO]
[INFO] --- jacoco-maven-plugin:0.8.7:report-aggregate (report-aggregate) @ seata-distribution ---
[INFO] Skipping JaCoCo execution due to missing execution data file.
[INFO]
[INFO] --- jacoco-maven-plugin:0.8.7:report (report-aggregate) @ seata-discovery ---
[INFO] Skipping JaCoCo execution due to missing execution data file.
[INFO]
[INFO] --- jacoco-maven-plugin:0.8.7:report-aggregate (report-aggregate) @ seata-discovery ---
[INFO]
[INFO] -----------------< org.apache.seata:seata-metrics-api >-----------------
[INFO] Building seata-metrics-api 2.6.0-SNAPSHOT 2.6.0-SNAPSHOT         [14/95]
[INFO] --------------------------------[ jar ]---------------------------------
[INFO]
[INFO] --- jacoco-maven-plugin:0.8.7:report (report) @ seata-config ---
[INFO] Skipping JaCoCo execution due to missing execution data file.
[INFO]
[INFO] --- jacoco-maven-plugin:0.8.7:report (report-aggregate) @ seata-config ---
[INFO] Skipping JaCoCo execution due to missing execution data file.
[INFO]
[INFO] --- jacoco-maven-plugin:0.8.7:report-aggregate (report-aggregate) @ seata-config ---
[INFO]
[INFO] --- maven-clean-plugin:3.1.0:clean (default-clean) @ seata-metrics-api ---
[INFO] Deleting /app/metrics/seata-metrics-api (includes = [*-pom.xml, **/db_store/**, **/sessionStore/**, **/root.data], excludes = [])
[INFO]
[INFO] --- maven-enforcer-plugin:3.0.0-M3:enforce (enforce-maven-version) @ seata-metrics-api ---
[INFO]
[INFO] --- maven-enforcer-plugin:3.0.0-M3:enforce (enforce-maven) @ seata-metrics-api ---
[INFO]
[INFO] >>> maven-pmd-plugin:3.8:check (pmd-check) > :pmd @ seata-metrics-api >>>
[INFO]
[INFO] --- maven-pmd-plugin:3.8:pmd (pmd) @ seata-metrics-api ---
[INFO]
[INFO] <<< maven-pmd-plugin:3.8:check (pmd-check) < :pmd @ seata-metrics-api <<<
[INFO]
[INFO]
[INFO] --- maven-pmd-plugin:3.8:check (pmd-check) @ seata-metrics-api ---
[INFO]
[INFO] --- git-commit-id-plugin:4.9.10:revision (get-the-git-infos) @ seata-metrics-api ---
[INFO] skip is enabled, skipping execution!
[INFO]
[INFO] --- jacoco-maven-plugin:0.8.7:prepare-agent (default) @ seata-metrics-api ---
[INFO] argLine set to -javaagent:/root/.m2/repository/org/jacoco/org.jacoco.agent/0.8.7/org.jacoco.agent-0.8.7-runtime.jar=destfile=/app/metrics/seata-metrics-api/target/jacoco.exec,excludes=**/test/**
[INFO]
[INFO] --- spotless-maven-plugin:2.44.3:apply (default) @ seata-metrics-api ---
[INFO]
[INFO] --- maven-clean-plugin:3.1.0:clean (default-clean) @ seata-dubbo ---
[INFO] Deleting /app/integration/dubbo (includes = [*-pom.xml, **/db_store/**, **/sessionStore/**, **/root.data], excludes = [])
[INFO]
[INFO] --- maven-enforcer-plugin:3.0.0-M3:enforce (enforce-maven-version) @ seata-dubbo ---
[INFO]
[INFO] --- maven-enforcer-plugin:3.0.0-M3:enforce (enforce-maven) @ seata-dubbo ---
[INFO]
[INFO] >>> maven-pmd-plugin:3.8:check (pmd-check) > :pmd @ seata-dubbo >>>
[INFO]
[INFO] --- maven-pmd-plugin:3.8:pmd (pmd) @ seata-dubbo ---
[INFO]
[INFO] <<< maven-pmd-plugin:3.8:check (pmd-check) < :pmd @ seata-dubbo <<<
[INFO]
[INFO] Index file does not exist. Fallback to an empty index
[INFO]
[INFO] --- maven-pmd-plugin:3.8:check (pmd-check) @ seata-dubbo ---
[INFO]
[INFO] --- git-commit-id-plugin:4.9.10:revision (get-the-git-infos) @ seata-dubbo ---
[INFO] skip is enabled, skipping execution!
[INFO]
[INFO] --- jacoco-maven-plugin:0.8.7:prepare-agent (default) @ seata-dubbo ---
[INFO] argLine set to -javaagent:/root/.m2/repository/org/jacoco/org.jacoco.agent/0.8.7/org.jacoco.agent-0.8.7-runtime.jar=destfile=/app/integration/dubbo/target/jacoco.exec,excludes=**/test/**
[INFO]
[INFO] --- spotless-maven-plugin:2.44.3:apply (default) @ seata-dubbo ---
[INFO] Index file does not exist. Fallback to an empty index
[INFO]
[INFO] --- maven-remote-resources-plugin:1.5:process (process-resource-bundles) @ seata-dubbo ---
[INFO]
[INFO] --- jacoco-maven-plugin:0.8.7:report (report) @ seata-dubbo ---
[INFO] Skipping JaCoCo execution due to missing execution data file.
[INFO]
[INFO] --- jacoco-maven-plugin:0.8.7:report (report-aggregate) @ seata-dubbo ---
[INFO] Skipping JaCoCo execution due to missing execution data file.
[INFO]
[INFO] --- jacoco-maven-plugin:0.8.7:report-aggregate (report-aggregate) @ seata-dubbo ---
[INFO] Spotless.Java is keeping 13 files clean - 0 were changed to be clean, 13 were already clean, 0 were skipped because caching determined they were already clean
[INFO]
[INFO] --- maven-remote-resources-plugin:1.5:process (process-resource-bundles) @ seata-metrics-api ---
[INFO]
[INFO] --- maven-resources-plugin:3.2.0:resources (default-resources) @ seata-metrics-api ---
[INFO]
[INFO] --- maven-clean-plugin:3.1.0:clean (default-clean) @ seata-common ---
[INFO] Deleting /app/common (includes = [*-pom.xml, **/db_store/**, **/sessionStore/**, **/root.data], excludes = [])
[INFO] Using 'UTF-8' encoding to copy filtered resources.
[INFO] Using 'UTF-8' encoding to copy filtered properties files.
[INFO] skip non existing resourceDirectory /app/metrics/seata-metrics-api/src/main/resources
[INFO]
[INFO] --- maven-enforcer-plugin:3.0.0-M3:enforce (enforce-maven-version) @ seata-common ---
[INFO]
[INFO] --- maven-enforcer-plugin:3.0.0-M3:enforce (enforce-maven) @ seata-common ---
[INFO]
[INFO] >>> maven-pmd-plugin:3.8:check (pmd-check) > :pmd @ seata-common >>>
[INFO] Copying 3 resources
[INFO]
[INFO] --- maven-compiler-plugin:3.8.1:compile (default-compile) @ seata-metrics-api ---
[INFO]
[INFO] --- maven-pmd-plugin:3.8:pmd (pmd) @ seata-common ---
[INFO]
[INFO] <<< maven-pmd-plugin:3.8:check (pmd-check) < :pmd @ seata-common <<<
[INFO]
[INFO]
[INFO] --- maven-pmd-plugin:3.8:check (pmd-check) @ seata-common ---
[INFO]
[INFO] --- git-commit-id-plugin:4.9.10:revision (get-the-git-infos) @ seata-common ---
[INFO] skip is enabled, skipping execution!
[INFO]
[INFO] --- jacoco-maven-plugin:0.8.7:prepare-agent (default) @ seata-common ---
[INFO] argLine set to -javaagent:/root/.m2/repository/org/jacoco/org.jacoco.agent/0.8.7/org.jacoco.agent-0.8.7-runtime.jar=destfile=/app/common/target/jacoco.exec,excludes=**/test/**
[INFO]
[INFO] --- spotless-maven-plugin:2.44.3:apply (default) @ seata-common ---
[INFO] Changes detected - recompiling the module!
[INFO] Compiling 12 source files to /app/metrics/seata-metrics-api/target/classes
[INFO] Index file does not exist. Fallback to an empty index
[INFO]
[INFO] --- maven-resources-plugin:3.2.0:testResources (default-testResources) @ seata-metrics-api ---
[INFO] Using 'UTF-8' encoding to copy filtered resources.
[INFO] Using 'UTF-8' encoding to copy filtered properties files.
[INFO] skip non existing resourceDirectory /app/metrics/seata-metrics-api/src/test/resources
[INFO] Copying 3 resources
[INFO]
[INFO] --- maven-compiler-plugin:3.8.1:testCompile (default-testCompile) @ seata-metrics-api ---
[INFO] Changes detected - recompiling the module!
[INFO] Compiling 1 source file to /app/metrics/seata-metrics-api/target/test-classes
[INFO]
[INFO] --- maven-surefire-plugin:3.0.0-M5:test (default-test) @ seata-metrics-api ---
[INFO] Surefire report directory: /app/metrics/seata-metrics-api/target/surefire-reports
[INFO]
[INFO] -------------------------------------------------------
[INFO]  T E S T S
[INFO] -------------------------------------------------------
[INFO] Spotless.Java is keeping 155 files clean - 0 were changed to be clean, 155 were already clean, 0 were skipped because caching determined they were already clean
[INFO]
[INFO] --- maven-remote-resources-plugin:1.5:process (process-resource-bundles) @ seata-common ---
[INFO] Running org.apache.seata.metrics.IdTest
[INFO] Tests run: 7, Failures: 0, Errors: 0, Skipped: 0, Time elapsed: 0.068 s - in org.apache.seata.metrics.IdTest
[INFO]
[INFO] Results:
[INFO]
[INFO] Tests run: 7, Failures: 0, Errors: 0, Skipped: 0
[INFO]
[INFO]
[INFO] --- jacoco-maven-plugin:0.8.7:report (report) @ seata-metrics-api ---
[INFO] Skipping JaCoCo execution due to missing execution data file.
[INFO]
[INFO] --- jacoco-maven-plugin:0.8.7:report (report-aggregate) @ seata-metrics-api ---
[INFO] Skipping JaCoCo execution due to missing execution data file.
[INFO]
[INFO] --- jacoco-maven-plugin:0.8.7:report-aggregate (report-aggregate) @ seata-metrics-api ---
[INFO]
[INFO] --- maven-resources-plugin:3.2.0:resources (default-resources) @ seata-common ---
[INFO] Using 'UTF-8' encoding to copy filtered resources.
[INFO] Using 'UTF-8' encoding to copy filtered properties files.
[INFO] Copying 1 resource
[INFO] Copying 3 resources
[INFO]
[INFO] --- maven-compiler-plugin:3.8.1:compile (default-compile) @ seata-common ---
[INFO] Changes detected - recompiling the module!
[INFO] Compiling 84 source files to /app/common/target/classes
[INFO] /app/common/src/main/java/org/apache/seata/common/loader/EnhancedServiceLoader.java: Some input files use or override a deprecated API.
[INFO] /app/common/src/main/java/org/apache/seata/common/loader/EnhancedServiceLoader.java: Recompile with -Xlint:deprecation for details.
[INFO] /app/common/src/main/java/org/apache/seata/common/thread/NamedThreadFactory.java: /app/common/src/main/java/org/apache/seata/common/thread/NamedThreadFactory.java uses or overrides a deprecated API that is marked for removal.
[INFO] /app/common/src/main/java/org/apache/seata/common/thread/NamedThreadFactory.java: Recompile with -Xlint:removal for details.
[INFO] /app/common/src/main/java/org/apache/seata/common/metadata/Node.java: Some input files use unchecked or unsafe operations.
[INFO] /app/common/src/main/java/org/apache/seata/common/metadata/Node.java: Recompile with -Xlint:unchecked for details.
[INFO]
[INFO] --- maven-resources-plugin:3.2.0:testResources (default-testResources) @ seata-common ---
[INFO] Using 'UTF-8' encoding to copy filtered resources.
[INFO] Using 'UTF-8' encoding to copy filtered properties files.
[INFO] Copying 7 resources
[INFO] Copying 3 resources
[INFO]
[INFO] --- maven-compiler-plugin:3.8.1:testCompile (default-testCompile) @ seata-common ---
[INFO] Changes detected - recompiling the module!
[INFO] Compiling 71 source files to /app/common/target/test-classes
[INFO] /app/common/src/test/java/org/apache/seata/common/util/PageUtilTest.java: Some input files use or override a deprecated API.
[INFO] /app/common/src/test/java/org/apache/seata/common/util/PageUtilTest.java: Recompile with -Xlint:deprecation for details.
[INFO] /app/common/src/test/java/org/apache/seata/common/loader/EnhancedServiceLoaderTest.java: Some input files use unchecked or unsafe operations.
[INFO] /app/common/src/test/java/org/apache/seata/common/loader/EnhancedServiceLoaderTest.java: Recompile with -Xlint:unchecked for details.
[INFO]
[INFO] --- maven-surefire-plugin:3.0.0-M5:test (default-test) @ seata-common ---
[INFO] Surefire report directory: /app/common/target/surefire-reports
[INFO]
[INFO] -------------------------------------------------------
[INFO]  T E S T S
[INFO] -------------------------------------------------------
[INFO] Running org.apache.seata.common.lock.ResourceLockTest
[ERROR] OpenJDK 64-Bit Server VM warning: Sharing is only supported for boot loader classes because bootstrap classpath has been appended
WARNING: A Java agent has been loaded dynamically (/root/.m2/repository/net/bytebuddy/byte-buddy-agent/1.12.23/byte-buddy-agent-1.12.23.jar)
WARNING: If a serviceability tool is in use, please run with -XX:+EnableDynamicAgentLoading to hide this warning
WARNING: If a serviceability tool is not in use, please run with -Djdk.instrument.traceUsage for more information
WARNING: Dynamic loading of agents will be disallowed by default in a future release
[INFO] Tests run: 5, Failures: 0, Errors: 0, Skipped: 0, Time elapsed: 1.898 s - in org.apache.seata.common.lock.ResourceLockTest
[INFO] Running org.apache.seata.common.metadata.namingserver.NamingServerNodeTest
[INFO] Tests run: 5, Failures: 0, Errors: 0, Skipped: 0, Time elapsed: 0.259 s - in org.apache.seata.common.metadata.namingserver.NamingServerNodeTest
[INFO] Running org.apache.seata.common.metadata.namingserver.MetaResponseTest
[INFO] Tests run: 2, Failures: 0, Errors: 0, Skipped: 0, Time elapsed: 0.002 s - in org.apache.seata.common.metadata.namingserver.MetaResponseTest
[INFO] Running org.apache.seata.common.metadata.namingserver.UnitTest
[INFO] Tests run: 3, Failures: 0, Errors: 0, Skipped: 0, Time elapsed: 0.004 s - in org.apache.seata.common.metadata.namingserver.UnitTest
[INFO] Running org.apache.seata.common.metadata.namingserver.InstanceTest
[INFO] Tests run: 10, Failures: 0, Errors: 0, Skipped: 0, Time elapsed: 0.053 s - in org.apache.seata.common.metadata.namingserver.InstanceTest
[INFO] Running org.apache.seata.common.metadata.MetadataTest
SLF4J(W): No SLF4J providers were found.
SLF4J(W): Defaulting to no-operation (NOP) logger implementation
SLF4J(W): See https://www.slf4j.org/codes.html#noProviders for further details.
SLF4J(W): Class path contains SLF4J bindings targeting slf4j-api versions 1.7.x or earlier.
SLF4J(W): Ignoring binding found at [jar:file:/root/.m2/repository/org/slf4j/slf4j-simple/1.7.36/slf4j-simple-1.7.36.jar!/org/slf4j/impl/StaticLoggerBinder.class]
SLF4J(W): See https://www.slf4j.org/codes.html#ignoredBindings for an explanation.
[INFO] Tests run: 11, Failures: 0, Errors: 0, Skipped: 0, Time elapsed: 0.023 s - in org.apache.seata.common.metadata.MetadataTest
[INFO] Running org.apache.seata.common.metadata.ClusterRoleTest
[INFO] Tests run: 1, Failures: 0, Errors: 0, Skipped: 0, Time elapsed: 0.001 s - in org.apache.seata.common.metadata.ClusterRoleTest
[INFO] Running org.apache.seata.common.metadata.NodeTest
[INFO] Tests run: 1, Failures: 0, Errors: 0, Skipped: 0, Time elapsed: 0.001 s - in org.apache.seata.common.metadata.NodeTest
[INFO] Running org.apache.seata.common.util.IdWorkerTest
[INFO] Tests run: 3, Failures: 0, Errors: 0, Skipped: 0, Time elapsed: 0.005 s - in org.apache.seata.common.util.IdWorkerTest
[INFO] Running org.apache.seata.common.util.PageUtilTest
[INFO] Tests run: 13, Failures: 0, Errors: 0, Skipped: 0, Time elapsed: 0.395 s - in org.apache.seata.common.util.PageUtilTest
[INFO] Running org.apache.seata.common.util.SizeUtilTest
[INFO] Tests run: 1, Failures: 0, Errors: 0, Skipped: 0, Time elapsed: 0.041 s - in org.apache.seata.common.util.SizeUtilTest
[INFO] Running org.apache.seata.common.util.BeanUtilsTest
[INFO] Tests run: 4, Failures: 0, Errors: 0, Skipped: 0, Time elapsed: 0.017 s - in org.apache.seata.common.util.BeanUtilsTest
[INFO] Running org.apache.seata.common.util.StringUtilsTest
[INFO] Tests run: 33, Failures: 0, Errors: 0, Skipped: 0, Time elapsed: 0.107 s - in org.apache.seata.common.util.StringUtilsTest
[INFO] Running org.apache.seata.common.util.ArrayUtilsTest
[INFO] Tests run: 3, Failures: 0, Errors: 0, Skipped: 0, Time elapsed: 0.003 s - in org.apache.seata.common.util.ArrayUtilsTest
[INFO] Running org.apache.seata.common.util.MapUtilTest
[INFO] Tests run: 2, Failures: 0, Errors: 0, Skipped: 0, Time elapsed: 0.002 s - in org.apache.seata.common.util.MapUtilTest
[INFO] Running org.apache.seata.common.util.CompressUtilTest
[WARNING] Tests run: 5, Failures: 0, Errors: 0, Skipped: 1, Time elapsed: 0.007 s - in org.apache.seata.common.util.CompressUtilTest
[INFO] Running org.apache.seata.common.util.DateUtilTest
[INFO] Tests run: 4, Failures: 0, Errors: 0, Skipped: 0, Time elapsed: 0.005 s - in org.apache.seata.common.util.DateUtilTest
[INFO] Running org.apache.seata.common.util.BlobUtilsTest
[INFO] Tests run: 4, Failures: 0, Errors: 0, Skipped: 0, Time elapsed: 0.005 s - in org.apache.seata.common.util.BlobUtilsTest
[INFO] Running org.apache.seata.common.util.NetUtilTest
[INFO] Tests run: 16, Failures: 0, Errors: 0, Skipped: 0, Time elapsed: 1.831 s - in org.apache.seata.common.util.NetUtilTest
[INFO] Running org.apache.seata.common.util.NumberUtilsTest
[INFO] Tests run: 3, Failures: 0, Errors: 0, Skipped: 0, Time elapsed: 0.003 s - in org.apache.seata.common.util.NumberUtilsTest
[INFO] Running org.apache.seata.common.util.CycleDependencyHandlerTest
[INFO] Tests run: 1, Failures: 0, Errors: 0, Skipped: 0, Time elapsed: 0.001 s - in org.apache.seata.common.util.CycleDependencyHandlerTest
[INFO] Running org.apache.seata.common.util.DurationUtilTest
[INFO] Tests run: 27, Failures: 0, Errors: 0, Skipped: 0, Time elapsed: 0.035 s - in org.apache.seata.common.util.DurationUtilTest
[INFO] Running org.apache.seata.common.util.HttpClientUtilTest
[INFO] Tests run: 1, Failures: 0, Errors: 0, Skipped: 0, Time elapsed: 0.181 s - in org.apache.seata.common.util.HttpClientUtilTest
[INFO] Running org.apache.seata.common.util.Http5ClientUtilTest
Exception in thread "OkHttp Dispatcher" org.opentest4j.AssertionFailedError: Should not fail
	at org.junit.jupiter.api.AssertionUtils.fail(AssertionUtils.java:39)
	at org.junit.jupiter.api.Assertions.fail(Assertions.java:134)
	at org.apache.seata.common.util.Http5ClientUtilTest$5.onFailure(Http5ClientUtilTest.java:174)
	at org.apache.seata.common.util.Http5ClientUtil$1.onFailure(Http5ClientUtil.java:150)
	at okhttp3.internal.connection.RealCall$AsyncCall.run(RealCall.kt:525)
	at java.base/java.util.concurrent.ThreadPoolExecutor.runWorker(ThreadPoolExecutor.java:1144)
	at java.base/java.util.concurrent.ThreadPoolExecutor$Worker.run(ThreadPoolExecutor.java:642)
	at java.base/java.lang.Thread.run(Thread.java:1583)
[ERROR] Tests run: 7, Failures: 1, Errors: 0, Skipped: 0, Time elapsed: 20.08 s <<< FAILURE! - in org.apache.seata.common.util.Http5ClientUtilTest
[ERROR] org.apache.seata.common.util.Http5ClientUtilTest.testDoPostHttp_param_onSuccess_forceHttp1  Time elapsed: 10.005 s  <<< FAILURE!
org.opentest4j.AssertionFailedError: expected: <true> but was: <false>
	at org.apache.seata.common.util.Http5ClientUtilTest.testDoPostHttp_param_onSuccess_forceHttp1(Http5ClientUtilTest.java:190)

[INFO] Running org.apache.seata.common.util.StringFormatUtilsTest
[INFO] Tests run: 4, Failures: 0, Errors: 0, Skipped: 0, Time elapsed: 0.007 s - in org.apache.seata.common.util.StringFormatUtilsTest
[INFO] Running org.apache.seata.common.util.LowerCaseLinkHashMapTest
[INFO] Tests run: 23, Failures: 0, Errors: 0, Skipped: 0, Time elapsed: 0.063 s - in org.apache.seata.common.util.LowerCaseLinkHashMapTest
[INFO] Running org.apache.seata.common.util.ReflectionUtilTest
[WARNING] Tests run: 14, Failures: 0, Errors: 0, Skipped: 2, Time elapsed: 0.015 s - in org.apache.seata.common.util.ReflectionUtilTest
[INFO] Running org.apache.seata.common.util.ConfigToolsTest
publicKeyStr:MIIBIjANBgkqhkiG9w0BAQEFAAOCAQ8AMIIBCgKCAQEAvQgX/EncAHcOPQ0XG4WEhB634wIvHxh0evFTAaaAIbT2rS40jIKm6dbUHwlRKSY+A4kKqHKL7Y5nt9BDGLuo869/plzlxWUZ4sCH0BwKdN/TFv6RMiJ//tG6SvRPsAZB3quughhvQwN14AjOqBXi5vMqE/60020idNnIHHCriuHOVXGmYGRkNjuoJi2FIaZ0OpKM2/KUQw2jzH4x/YteEOMcL1AFUD3+ZmcFY84WEIWx6pes88LnBf4T6eGQFj0EGHikw+6YX8RsUusqGqRN+EP4TZ4FW4zTZPx8Qdwo9Ni3tP79NsERfyDn6zeIpjslrhsFu7WfuSHDcj8ERLjkKQIDAQAB
privateKeyStr:MIIEvgIBADANBgkqhkiG9w0BAQEFAASCBKgwggSkAgEAAoIBAQC9CBf8SdwAdw49DRcbhYSEHrfjAi8fGHR68VMBpoAhtPatLjSMgqbp1tQfCVEpJj4DiQqocovtjme30EMYu6jzr3+mXOXFZRniwIfQHAp039MW/pEyIn/+0bpK9E+wBkHeq66CGG9DA3XgCM6oFeLm8yoT/rTTbSJ02cgccKuK4c5VcaZgZGQ2O6gmLYUhpnQ6kozb8pRDDaPMfjH9i14Q4xwvUAVQPf5mZwVjzhYQhbHql6zzwucF/hPp4ZAWPQQYeKTD7phfxGxS6yoapE34Q/hNngVbjNNk/HxB3Cj02Le0/v02wRF/IOfrN4imOyWuGwW7tZ+5IcNyPwREuOQpAgMBAAECggEAWma6gc8YxagqSQwvltvdqgm+y3PJ8UcSvZEXr1xfPr96kQvd2azKAl7ZBxa/l7xQQAST8kcFoFBQTdntnLBydkfh9j/LKwHUxVpqGR6v6YD5RK/t5FoXeFf4jcwVKAt2CPV1+YWSACxxfPj5S+1bnDOCVhmjhNFWfyd/ygogH8RXFCy2w/IbWNz+cbBwNPzW5IRXeZRVPYwztn5bBNv6Md8jlCvViRs5eSeIUC3TwLdgSbAkqVKn2l9AGPKTXLYtP3dKso1PWEYs2bgbDDuNDR5413qh4xaQbuKcxv1IdlomOfvypK5ZjAEEGdf6Pr1q+2/0P1lUqfxDVB4JfnT3uQKBgQDVOhIuv3Xxj998k6IKxWz1+gfScvGwTf/WqcCsXRSv431E+15UUtly6iq7eQnUN1V5gOmvn7oC/vOyDdZyzxSMe9ATOJIDAisfMC4psfOqzzxZ2sI4IHhnvF5LPxBCV+GVH8u51hYqrv48yv0rs4c6AfqZKEpdgO/+UwEryCffawKBgQDi84PW9aieHJzmEuvo4JoriEd0+7OVDkf2kwAHiU620fzOJGF6+cKNo3dUwAffQbqcJrLrjyTEOrwUls5sh34d4bjnMd+dV0ffvChF8rk4NCAwPz3OU9uPJQ5sAM2SUqX5PEx/PlqkNWnX2Lmee1r9fORTr4Uq1QL094BijbtTuwKBgQC4UovXR4EggbuzCDhC0WmgtTQ/00dknfi0S2gYWBqC9cebcySXBkudUBoCl95MSk0kTLE2NYBqCJUHbXjdJG/iBUHY68UkvqIiQtcVChTWqnDESBwuwrrzCd4FdA2NHEUQUT0ed5gP69gxG1SBi58xIPbNoQuwCr7r/jr76vm04wKBgGqkOIAqoNfi5ArsOzQLTgZEnCcpGsJgmooPmwTvjTA0zdDjoXaSo8vAUxNcxJYwoYo8WPh9I66dVsFp94dhx24tIaBpfATH/XrxRA9SNZxmSfXB0b4BA3to0zUGz5IBCgJqRhvIZfkhLCIDsXz5w9C2/ecg47czrpcDMa2dobd/AoGBAIFwVDS9G8RHqhottddUM8+VNfZrcyB/QBnsZaWp+ogqg8o7RlG0aTs1dJyaFCVQpzcCXqnafkQ3VhwRp6L/5S4rvOMhjya5aaGKR7VzobwzD8QvRCK6lkEbfW0LsjbNJEe12VNvQPyI1vEsuNRdcdYYEnJf6sQwuxmANOoRdSCn
byte2Base64?k0Jyhn114q0H2Tu4buSKcbM3ZPIDvhAQrolGp4/SzVxNHVO2wHguiuXQgAyoHxAuOzkniwXi5LmrCV+6vqAdgutt4uqiXUhUE3WryDFKR1h8tqwgWZzWBiTkI9XI8sNJm5yqWr0kaYiVnR/WfUm7WIx/sQKS/sFVo/U/T2vW2YnoLYlt4q119HOWsFXhOSMFqnAUYDthrRpKUmjsc5geEsfvpHzqweh1baz6apeHvVhOVackXANN8NSe8ib5AfaujCxeLDOiPo2arZJkV+3qZ2lP9AO6OEoT92LI+ObCl8nesgJp64RaATi7Tqq7+hf/5smPArHIiGnvqSXhXzHqLA==
publicKeyStr:MIIBIjANBgkqhkiG9w0BAQEFAAOCAQ8AMIIBCgKCAQEApQl/YHTJRqt1y0rqNPtvE7JbRikz0T0G/JBfave2bVToP0a/7q4nsgQkUky3DMvM8vhxzbjEDg076WzW45iIwtM/QbRuntsf/Hz430f3QNFQCXOgU0rQ8JCfUF8IJERRVrycX8rHRowYqux3W/2PVH0xf4UaqdweKV1IbrXwxc69ih8pnc00s+uAzreJUB0Ia0/IPd0VtGm2L2hvL19Z8w8eEBX6ezXi88SkPaJaobCRxvQfSpyEZUoVuEqRiJyWFtpsoT5SMlVNVUN2PnrEVDVdb7gdEy3Zzr9EmUZfXUuwq110poxJP+jB6zkyETqnQSDefAVy/+WJCjP3WZ4DuQIDAQAB
privateKeyStr:MIIEvwIBADANBgkqhkiG9w0BAQEFAASCBKkwggSlAgEAAoIBAQClCX9gdMlGq3XLSuo0+28TsltGKTPRPQb8kF9q97ZtVOg/Rr/urieyBCRSTLcMy8zy+HHNuMQODTvpbNbjmIjC0z9BtG6e2x/8fPjfR/dA0VAJc6BTStDwkJ9QXwgkRFFWvJxfysdGjBiq7Hdb/Y9UfTF/hRqp3B4pXUhutfDFzr2KHymdzTSz64DOt4lQHQhrT8g93RW0abYvaG8vX1nzDx4QFfp7NeLzxKQ9olqhsJHG9B9KnIRlShW4SpGInJYW2myhPlIyVU1VQ3Y+esRUNV1vuB0TLdnOv0SZRl9dS7CrXXSmjEk/6MHrOTIROqdBIN58BXL/5YkKM/dZngO5AgMBAAECggEALAf9qPFfpfAm7Ecfd2VBvGKQgYaKoZ+Dlqy6GGLglAjcMc2hdX+XbaI3QpHfIJXbJ1ProPRTsmALhPqZ1n0it7/+l3wZK17RCN8a0w9zQyLVFMB5nN9QIW6kYqAIHwzvGpIVsmT6h7Lm/es66RscO3FvXFNZysnEbkrKAWefRla1ZIi3IaJxfGcvYz2MVr6iFpNtzrahHEOe7MPUr0yhlg4OubJ0yrrdi8fx0mbq8Ty/T67BlxtyJZG3kfZryn6IIEprtjIasrP0HcwDYhzKI1PjJAFXqBDW/wax/MogR+m9sCkmWN9bq4Sty3eWI5UQi/va+2rqhASCi9NwNb2OlQKBgQDEMjbpV2tsUDanuUbCiZr6Y5Eyr93VV8pPRUlAUxkfvqvKxuJn972uUbH2yh8egvGvY9Ruf2UYHfYy45PJdQ5AM6pyqPoPbdzcz+bDA76fC30aQ3KJoGQpDY7DlkCaLeA0VWfOFXeAIMo1ZMl+1kr3NQ7eOJOGq5isd2HXJ+xqOwKBgQDXV9jaf9cG8EfZEBjzVrV2VJ4Phxv+mG+CFTMWoKLsBpEGA4HOq9NT8OTBELQaE8TzzciK61LuDqslJS6FLq5ntVLLAbZ+DVvr2MVLLFNXQKMznGprAO5lE5+dfw957eaJFvJR1pY/xmdXCfsxHLMK0kai6F00+sE4ksqwAt/2mwKBgQCpwASQqalxIonXXk+hu6tSXtle8JjPoNCS+5CgTgWb2L4MiT2U1N3RuC9xJnn8TTFNHePL4v+V+T5t00en81ZsKAeegyMwPE7u4hZ3voKsWyVXlum/t/1RI8DU6uhkPbMRtJ9GyH4HZtdtkRFhY4mjD84YaP0DdO54siX+ITXExwKBgQC+5l+Vg9MpkYUABmc4AVwopGbiuRG2J4hit0xs+Ma1mjSiMiW3A1f6iAkiph4jJ/dncrwfevIvm81Yxpdw9asiwPm+gaw4HruoXqi4NXlEVkbXkAg/B7pO3JCZXHRp0N6YFUGID0VvEAG4hV6rcRe/th1sebV3K/xynJ8WXdYRlQKBgQCHR2ri5kyG4nhjKZJmQ20IdCFoZWaVFG7hmyEucCdk7HABoUEINQojr1d0S5n+OQ3kuHg0fAihLcI/t6Qc1WfU/aBZrT17ET6ZCp3TmZn0YigbyLgLcqo5WKNIo6CGFTz67IYZ0ehCfxL683Ne4gBtesqLgtPfG2A25Cf5FKDp7g==
byte2Base64?hArshEimGUFHCra44L/N7toESQ9EnAQwS6j0Tu6c9VE+SKct3hBMfc4kfAG70ByVZ2OO0rAwenJAOecJJ/drLQpouNhTUYKOpir4wngFlMH9SnTlXuQDmKcg20FwpEFxVF5Ub6xLGMN+Wc4taSO8OgiYC0QwvUt9KetQFz5okYq+n3lMZnJZ3xDvkASwMGroTN3Ug0Q14aAfZmwrxF4L6UEz46VKEqgBxy0G3BUC8mlZ7lYyAKsuhlJtGCTzw6Pqha59WmC8w6a7/wYby/jSD50XYyT1SuvOTaGS4ivWTKXX5ckxldRn2bLsCq2QzRHxb9RCvzqboosE+dAI2Mp84w==
[INFO] Tests run: 3, Failures: 0, Errors: 0, Skipped: 0, Time elapsed: 0.308 s - in org.apache.seata.common.util.ConfigToolsTest
[INFO] Running org.apache.seata.common.util.CollectionUtilsTest
[INFO] Tests run: 12, Failures: 0, Errors: 0, Skipped: 0, Time elapsed: 0.007 s - in org.apache.seata.common.util.CollectionUtilsTest
[INFO] Running org.apache.seata.common.util.UUIDGeneratorTest
[INFO] Tests run: 1, Failures: 0, Errors: 0, Skipped: 0, Time elapsed: 0.007 s - in org.apache.seata.common.util.UUIDGeneratorTest
[INFO] Running org.apache.seata.common.util.NetAddressValidatorUtilTest
[INFO] Tests run: 5, Failures: 0, Errors: 0, Skipped: 0, Time elapsed: 0.004 s - in org.apache.seata.common.util.NetAddressValidatorUtilTest
[INFO] Running org.apache.seata.common.util.LambdaUtilsTest
[INFO] Tests run: 1, Failures: 0, Errors: 0, Skipped: 0, Time elapsed: 0.003 s - in org.apache.seata.common.util.LambdaUtilsTest
[INFO] Running org.apache.seata.common.util.IOUtilTest
[INFO] Tests run: 3, Failures: 0, Errors: 0, Skipped: 0, Time elapsed: 0.002 s - in org.apache.seata.common.util.IOUtilTest
[INFO] Running org.apache.seata.common.util.BufferUtilsTest
[INFO] Tests run: 7, Failures: 0, Errors: 0, Skipped: 0, Time elapsed: 0.005 s - in org.apache.seata.common.util.BufferUtilsTest
[INFO] Running org.apache.seata.common.thread.NamedThreadFactoryTest
[INFO] Tests run: 4, Failures: 0, Errors: 0, Skipped: 0, Time elapsed: 0.01 s - in org.apache.seata.common.thread.NamedThreadFactoryTest
[INFO] Running org.apache.seata.common.thread.PositiveAtomicCounterTest
[INFO] Tests run: 4, Failures: 0, Errors: 0, Skipped: 0, Time elapsed: 0.003 s - in org.apache.seata.common.thread.PositiveAtomicCounterTest
[INFO] Running org.apache.seata.common.thread.RejectedPoliciesTest
[INFO] Tests run: 1, Failures: 0, Errors: 0, Skipped: 0, Time elapsed: 0.002 s - in org.apache.seata.common.thread.RejectedPoliciesTest
[INFO] Running org.apache.seata.common.exception.RepeatRegistrationExceptionTest
[INFO] Tests run: 1, Failures: 0, Errors: 0, Skipped: 0, Time elapsed: 0.003 s - in org.apache.seata.common.exception.RepeatRegistrationExceptionTest
[INFO] Running org.apache.seata.common.exception.FrameworkExceptionTest
[INFO] Tests run: 10, Failures: 0, Errors: 0, Skipped: 0, Time elapsed: 0.012 s - in org.apache.seata.common.exception.FrameworkExceptionTest
[INFO] Running org.apache.seata.common.exception.DataAccessExceptionTest
[INFO] Tests run: 5, Failures: 0, Errors: 0, Skipped: 0, Time elapsed: 0.003 s - in org.apache.seata.common.exception.DataAccessExceptionTest
[INFO] Running org.apache.seata.common.exception.SkipCallbackWrapperExceptionTest
[INFO] Tests run: 2, Failures: 0, Errors: 0, Skipped: 0, Time elapsed: 0.002 s - in org.apache.seata.common.exception.SkipCallbackWrapperExceptionTest
[INFO] Running org.apache.seata.common.exception.SeataRuntimeExceptionTest
[INFO] Tests run: 6, Failures: 0, Errors: 0, Skipped: 0, Time elapsed: 0.023 s - in org.apache.seata.common.exception.SeataRuntimeExceptionTest
[INFO] Running org.apache.seata.common.exception.StoreExceptionTest
[INFO] Tests run: 6, Failures: 0, Errors: 0, Skipped: 0, Time elapsed: 0.002 s - in org.apache.seata.common.exception.StoreExceptionTest
[INFO] Running org.apache.seata.common.exception.ResourceBundleUtilTest
[INFO] Tests run: 5, Failures: 0, Errors: 0, Skipped: 0, Time elapsed: 0.004 s - in org.apache.seata.common.exception.ResourceBundleUtilTest
[INFO] Running org.apache.seata.common.exception.JsonParseExceptionTest
[INFO] Tests run: 1, Failures: 0, Errors: 0, Skipped: 0, Time elapsed: 0.001 s - in org.apache.seata.common.exception.JsonParseExceptionTest
[INFO] Running org.apache.seata.common.exception.RetryableExceptionTest
[INFO] Tests run: 1, Failures: 0, Errors: 0, Skipped: 0, Time elapsed: 0.001 s - in org.apache.seata.common.exception.RetryableExceptionTest
[INFO] Running org.apache.seata.common.exception.RedisExceptionTest
[INFO] Tests run: 1, Failures: 0, Errors: 0, Skipped: 0, Time elapsed: 0.001 s - in org.apache.seata.common.exception.RedisExceptionTest
[INFO] Running org.apache.seata.common.exception.ExceptionUtilTest
[INFO] Tests run: 5, Failures: 0, Errors: 0, Skipped: 0, Time elapsed: 0.003 s - in org.apache.seata.common.exception.ExceptionUtilTest
[INFO] Running org.apache.seata.common.exception.EurekaRegistryExceptionTest
[INFO] Tests run: 3, Failures: 0, Errors: 0, Skipped: 0, Time elapsed: 0.002 s - in org.apache.seata.common.exception.EurekaRegistryExceptionTest
[INFO] Running org.apache.seata.common.exception.AuthenticationFailedExceptionTest
[INFO] Tests run: 1, Failures: 0, Errors: 0, Skipped: 0, Time elapsed: 0.001 s - in org.apache.seata.common.exception.AuthenticationFailedExceptionTest
[INFO] Running org.apache.seata.common.exception.NotSupportYetExceptionTest
[INFO] Tests run: 4, Failures: 0, Errors: 0, Skipped: 0, Time elapsed: 0.002 s - in org.apache.seata.common.exception.NotSupportYetExceptionTest
[INFO] Running org.apache.seata.common.exception.ShouldNeverHappenExceptionTest
[INFO] Tests run: 4, Failures: 0, Errors: 0, Skipped: 0, Time elapsed: 0.001 s - in org.apache.seata.common.exception.ShouldNeverHappenExceptionTest
[INFO] Running org.apache.seata.common.rpc.RpcStatusTest
[INFO] Tests run: 4, Failures: 0, Errors: 0, Skipped: 0, Time elapsed: 0.002 s - in org.apache.seata.common.rpc.RpcStatusTest
[INFO] Running org.apache.seata.common.loader.EnhancedServiceLoaderTest
[INFO] Tests run: 16, Failures: 0, Errors: 0, Skipped: 0, Time elapsed: 0.022 s - in org.apache.seata.common.loader.EnhancedServiceLoaderTest
[INFO] Running org.apache.seata.common.loader.ExtensionDefinitionTest
[INFO] Tests run: 3, Failures: 0, Errors: 0, Skipped: 0, Time elapsed: 0.002 s - in org.apache.seata.common.loader.ExtensionDefinitionTest
[INFO] Running org.apache.seata.common.code.CodeTest
[INFO] Tests run: 5, Failures: 0, Errors: 0, Skipped: 0, Time elapsed: 0.008 s - in org.apache.seata.common.code.CodeTest
[INFO] Running org.apache.seata.common.XIDTest
[INFO] Tests run: 5, Failures: 0, Errors: 0, Skipped: 0, Time elapsed: 0.002 s - in org.apache.seata.common.XIDTest
[INFO] Running org.apache.seata.common.result.PageResultTest
[INFO] Tests run: 12, Failures: 0, Errors: 0, Skipped: 0, Time elapsed: 0.022 s - in org.apache.seata.common.result.PageResultTest
[INFO] Running org.apache.seata.common.result.SingleResultTest
[INFO] Tests run: 5, Failures: 0, Errors: 0, Skipped: 0, Time elapsed: 0.002 s - in org.apache.seata.common.result.SingleResultTest
[INFO] Running org.apache.seata.common.holder.ObjectHolderTest
[INFO] Tests run: 2, Failures: 0, Errors: 0, Skipped: 0, Time elapsed: 0.002 s - in org.apache.seata.common.holder.ObjectHolderTest
[INFO] Running org.apache.seata.common.io.FileLoaderTest
[INFO] Tests run: 3, Failures: 0, Errors: 0, Skipped: 0, Time elapsed: 0.003 s - in org.apache.seata.common.io.FileLoaderTest
[INFO]
[INFO] Results:
[INFO]
[ERROR] Failures:
[ERROR]   Http5ClientUtilTest.testDoPostHttp_param_onSuccess_forceHttp1:190 expected: <true> but was: <false>
[INFO]
[ERROR] Tests run: 357, Failures: 1, Errors: 0, Skipped: 3
[INFO]
[INFO] ------------------------------------------------------------------------
[INFO] Reactor Summary for Seata Parent POM 2.6.0-SNAPSHOT 2.6.0-SNAPSHOT:
[INFO]
[INFO] Seata Build 2.6.0-SNAPSHOT ......................... SUCCESS [  5.930 s]
[INFO] Seata Parent POM 2.6.0-SNAPSHOT .................... SUCCESS [  7.791 s]
[INFO] seata-common 2.6.0-SNAPSHOT ........................ FAILURE [ 36.282 s]
[INFO] seata-config 2.6.0-SNAPSHOT ........................ SUCCESS [  0.426 s]
[INFO] seata-config-core 2.6.0-SNAPSHOT ................... SKIPPED
[INFO] seata-config-custom 2.6.0-SNAPSHOT ................. SKIPPED
[INFO] seata-config-apollo 2.6.0-SNAPSHOT ................. SKIPPED
[INFO] seata-config-nacos 2.6.0-SNAPSHOT .................. SKIPPED
[INFO] seata-config-zk 2.6.0-SNAPSHOT ..................... SKIPPED
[INFO] seata-config-consul 2.6.0-SNAPSHOT ................. SKIPPED
[INFO] seata-config-etcd3 2.6.0-SNAPSHOT .................. SKIPPED
[INFO] seata-config-spring-cloud 2.6.0-SNAPSHOT ........... SKIPPED
[INFO] seata-discovery 2.6.0-SNAPSHOT ..................... SUCCESS [  0.425 s]
[INFO] seata-discovery-core 2.6.0-SNAPSHOT ................ SKIPPED
[INFO] seata-core 2.6.0-SNAPSHOT .......................... SKIPPED
[INFO] seata-discovery-custom 2.6.0-SNAPSHOT .............. SKIPPED
[INFO] seata-discovery-consul 2.6.0-SNAPSHOT .............. SKIPPED
[INFO] seata-discovery-eureka 2.6.0-SNAPSHOT .............. SKIPPED
[INFO] seata-discovery-nacos 2.6.0-SNAPSHOT ............... SKIPPED
[INFO] seata-discovery-redis 2.6.0-SNAPSHOT ............... SKIPPED
[INFO] seata-discovery-sofa 2.6.0-SNAPSHOT ................ SKIPPED
[INFO] seata-discovery-raft 2.6.0-SNAPSHOT ................ SKIPPED
[INFO] seata-discovery-zk 2.6.0-SNAPSHOT .................. SKIPPED
[INFO] seata-discovery-etcd3 2.6.0-SNAPSHOT ............... SKIPPED
[INFO] seata-discovery-namingserver 2.6.0-SNAPSHOT ........ SKIPPED
[INFO] seata-tm 2.6.0-SNAPSHOT ............................ SKIPPED
[INFO] seata-rpc-core 2.6.0-SNAPSHOT ...................... SKIPPED
[INFO] seata-brpc 2.6.0-SNAPSHOT .......................... SKIPPED
[INFO] seata-http 2.6.0-SNAPSHOT .......................... SKIPPED
[INFO] seata-http-jakarta 2.6.0-SNAPSHOT .................. SKIPPED
[INFO] seata-dubbo-alibaba 2.6.0-SNAPSHOT ................. SKIPPED
[INFO] seata-sofa-rpc 2.6.0-SNAPSHOT ...................... SKIPPED
[INFO] seata-motan 2.6.0-SNAPSHOT ......................... SKIPPED
[INFO] seata-rm 2.6.0-SNAPSHOT ............................ SKIPPED
[INFO] seata-sqlparser 2.6.0-SNAPSHOT ..................... SUCCESS [  0.407 s]
[INFO] seata-sqlparser-core 2.6.0-SNAPSHOT ................ SKIPPED
[INFO] seata-compressor 2.6.0-SNAPSHOT .................... SUCCESS [  0.406 s]
[INFO] seata-compressor-gzip 2.6.0-SNAPSHOT ............... SKIPPED
[INFO] seata-compressor-bzip2 2.6.0-SNAPSHOT .............. SKIPPED
[INFO] seata-compressor-zip 2.6.0-SNAPSHOT ................ SKIPPED
[INFO] seata-compressor-lz4 2.6.0-SNAPSHOT ................ SKIPPED
[INFO] seata-compressor-deflater 2.6.0-SNAPSHOT ........... SKIPPED
[INFO] seata-compressor-zstd 2.6.0-SNAPSHOT ............... SKIPPED
[INFO] seata-compressor-all 2.6.0-SNAPSHOT ................ SKIPPED
[INFO] seata-sqlparser-druid 2.6.0-SNAPSHOT ............... SKIPPED
[INFO] seata-rm-datasource 2.6.0-SNAPSHOT ................. SKIPPED
[INFO] seata-serializer 2.6.0-SNAPSHOT .................... SUCCESS [  0.423 s]
[INFO] seata-serializer-seata 2.6.0-SNAPSHOT .............. SKIPPED
[INFO] seata-serializer-protobuf 2.6.0-SNAPSHOT ........... SKIPPED
[INFO] seata-serializer-kryo 2.6.0-SNAPSHOT ............... SKIPPED
[INFO] seata-serializer-hessian 2.6.0-SNAPSHOT ............ SKIPPED
[INFO] seata-serializer-fastjson2 2.6.0-SNAPSHOT .......... SKIPPED
[INFO] seata-serializer-fury 2.6.0-SNAPSHOT ............... SKIPPED
[INFO] seata-serializer-all 2.6.0-SNAPSHOT ................ SKIPPED
[INFO] seata-integration-tx-api 2.6.0-SNAPSHOT ............ SKIPPED
[INFO] seata-tcc 2.6.0-SNAPSHOT ........................... SKIPPED
[INFO] seata-rocketmq 2.6.0-SNAPSHOT ...................... SKIPPED
[INFO] seata-sqlparser-antlr 2.6.0-SNAPSHOT ............... SKIPPED
[INFO] seata-spring 2.6.0-SNAPSHOT ........................ SKIPPED
[INFO] seata-grpc 2.6.0-SNAPSHOT .......................... SKIPPED
[INFO] seata-hsf 2.6.0-SNAPSHOT ........................... SKIPPED
[INFO] seata-saga 2.6.0-SNAPSHOT .......................... SKIPPED
[INFO] seata-saga-processctrl 2.6.0-SNAPSHOT .............. SKIPPED
[INFO] seata-saga-statelang 2.6.0-SNAPSHOT ................ SKIPPED
[INFO] seata-saga-engine-store 2.6.0-SNAPSHOT ............. SKIPPED
[INFO] seata-saga-engine 2.6.0-SNAPSHOT ................... SKIPPED
[INFO] seata-saga-rm 2.6.0-SNAPSHOT ....................... SKIPPED
[INFO] seata-saga-spring 2.6.0-SNAPSHOT ................... SKIPPED
[INFO] seata-saga-annotation 2.6.0-SNAPSHOT ............... SKIPPED
[INFO] seata-metrics 2.6.0-SNAPSHOT ....................... SUCCESS [  0.373 s]
[INFO] seata-metrics-api 2.6.0-SNAPSHOT ................... SUCCESS [  4.451 s]
[INFO] seata-all 2.6.0-SNAPSHOT ........................... SKIPPED
[INFO] Seata All-in-one 2.6.0-SNAPSHOT .................... SKIPPED
[INFO] Seata bom 2.6.0-SNAPSHOT ........................... SUCCESS [  0.235 s]
[INFO] seata-config-all 2.6.0-SNAPSHOT .................... SKIPPED
[INFO] seata-console 2.6.0-SNAPSHOT ....................... SKIPPED
[INFO] Seata dependencies 2.6.0-SNAPSHOT .................. SUCCESS [  0.235 s]
[INFO] seata-discovery-all 2.6.0-SNAPSHOT ................. SKIPPED
[INFO] seata-dubbo 2.6.0-SNAPSHOT ......................... SUCCESS [  0.709 s]
[INFO] seata-mock-server 2.6.0-SNAPSHOT ................... SKIPPED
[INFO] seata-metrics-core 2.6.0-SNAPSHOT .................. SKIPPED
[INFO] seata-metrics-registry-compact 2.6.0-SNAPSHOT ...... SKIPPED
[INFO] seata-metrics-exporter-prometheus 2.6.0-SNAPSHOT ... SKIPPED
[INFO] seata-metrics-all 2.6.0-SNAPSHOT ................... SKIPPED
[INFO] seata-spring-autoconfigure 2.6.0-SNAPSHOT .......... SKIPPED
[INFO] seata-spring-autoconfigure-core 2.6.0-SNAPSHOT ..... SKIPPED
[INFO] seata-spring-autoconfigure-client 2.6.0-SNAPSHOT ... SKIPPED
[INFO] seata-spring-boot-starter 2.6.0-SNAPSHOT ........... SKIPPED
[INFO] seata-spring-autoconfigure-server 2.6.0-SNAPSHOT ... SKIPPED
[INFO] seata-server 2.6.0-SNAPSHOT ........................ SKIPPED
[INFO] apm-seata-skywalking-plugin 2.6.0-SNAPSHOT ......... SKIPPED
[INFO] seata-namingserver 2.6.0-SNAPSHOT .................. SKIPPED
[INFO] seata-distribution 2.6.0-SNAPSHOT .................. SUCCESS [  0.422 s]
[INFO] seata-test 2.6.0-SNAPSHOT .......................... SKIPPED
[INFO] seata-test-old-version ............................. SKIPPED
[INFO] ------------------------------------------------------------------------
[INFO] BUILD FAILURE
[INFO] ------------------------------------------------------------------------
[INFO] Total time:  53.360 s (Wall Clock)
[INFO] Finished at: 2025-09-04T02:15:30-07:00
[INFO] ------------------------------------------------------------------------
[ERROR] Failed to execute goal org.apache.maven.plugins:maven-surefire-plugin:3.0.0-M5:test (default-test) on project seata-common: There are test failures.
[ERROR]
[ERROR] Please refer to /app/common/target/surefire-reports for the individual test results.
[ERROR] Please refer to dump files (if any exist) [date].dump, [date]-jvmRun[N].dump and [date].dumpstream.
[ERROR] -> [Help 1]
org.apache.maven.lifecycle.LifecycleExecutionException: Failed to execute goal org.apache.maven.plugins:maven-surefire-plugin:3.0.0-M5:test (default-test) on project seata-common: There are test failures.

Please refer to /app/common/target/surefire-reports for the individual test results.
Please refer to dump files (if any exist) [date].dump, [date]-jvmRun[N].dump and [date].dumpstream.
    at org.apache.maven.lifecycle.internal.MojoExecutor.execute (MojoExecutor.java:215)
    at org.apache.maven.lifecycle.internal.MojoExecutor.execute (MojoExecutor.java:156)
    at org.apache.maven.lifecycle.internal.MojoExecutor.execute (MojoExecutor.java:148)
    at org.apache.maven.lifecycle.internal.LifecycleModuleBuilder.buildProject (LifecycleModuleBuilder.java:117)
    at org.apache.maven.lifecycle.internal.builder.multithreaded.MultiThreadedBuilder$1.call (MultiThreadedBuilder.java:190)
    at org.apache.maven.lifecycle.internal.builder.multithreaded.MultiThreadedBuilder$1.call (MultiThreadedBuilder.java:186)
    at java.util.concurrent.FutureTask.run (FutureTask.java:317)
    at java.util.concurrent.Executors$RunnableAdapter.call (Executors.java:572)
    at java.util.concurrent.FutureTask.run (FutureTask.java:317)
    at java.util.concurrent.ThreadPoolExecutor.runWorker (ThreadPoolExecutor.java:1144)
    at java.util.concurrent.ThreadPoolExecutor$Worker.run (ThreadPoolExecutor.java:642)
    at java.lang.Thread.run (Thread.java:1583)
Caused by: org.apache.maven.plugin.MojoFailureException: There are test failures.

Please refer to /app/common/target/surefire-reports for the individual test results.
Please refer to dump files (if any exist) [date].dump, [date]-jvmRun[N].dump and [date].dumpstream.
    at org.apache.maven.plugin.surefire.SurefireHelper.throwException (SurefireHelper.java:271)
    at org.apache.maven.plugin.surefire.SurefireHelper.reportExecution (SurefireHelper.java:159)
    at org.apache.maven.plugin.surefire.SurefirePlugin.handleSummary (SurefirePlugin.java:453)
    at org.apache.maven.plugin.surefire.AbstractSurefireMojo.executeAfterPreconditionsChecked (AbstractSurefireMojo.java:1175)
    at org.apache.maven.plugin.surefire.AbstractSurefireMojo.execute (AbstractSurefireMojo.java:932)
    at org.apache.maven.plugin.DefaultBuildPluginManager.executeMojo (DefaultBuildPluginManager.java:137)
    at org.apache.maven.lifecycle.internal.MojoExecutor.execute (MojoExecutor.java:210)
    at org.apache.maven.lifecycle.internal.MojoExecutor.execute (MojoExecutor.java:156)
    at org.apache.maven.lifecycle.internal.MojoExecutor.execute (MojoExecutor.java:148)
    at org.apache.maven.lifecycle.internal.LifecycleModuleBuilder.buildProject (LifecycleModuleBuilder.java:117)
    at org.apache.maven.lifecycle.internal.builder.multithreaded.MultiThreadedBuilder$1.call (MultiThreadedBuilder.java:190)
    at org.apache.maven.lifecycle.internal.builder.multithreaded.MultiThreadedBuilder$1.call (MultiThreadedBuilder.java:186)
    at java.util.concurrent.FutureTask.run (FutureTask.java:317)
    at java.util.concurrent.Executors$RunnableAdapter.call (Executors.java:572)
    at java.util.concurrent.FutureTask.run (FutureTask.java:317)
    at java.util.concurrent.ThreadPoolExecutor.runWorker (ThreadPoolExecutor.java:1144)
    at java.util.concurrent.ThreadPoolExecutor$Worker.run (ThreadPoolExecutor.java:642)
    at java.lang.Thread.run (Thread.java:1583)
[ERROR]
[ERROR] Re-run Maven using the -X switch to enable full debug logging.
[ERROR]
[ERROR] For more information about the errors and possible solutions, please read the following articles:
[ERROR] [Help 1] http://cwiki.apache.org/confluence/display/MAVEN/MojoFailureException
[ERROR]
[ERROR] After correcting the problems, you can resume the build with the command
[ERROR]   mvn <args> -rf :seata-common
